#
# There is insufficient memory for the Java Runtime Environment to continue.
# Native memory allocation (malloc) failed to allocate 671056 bytes. Error detail: Chunk::new
# Possible reasons:
#   The system is out of physical RAM or swap space
#   This process is running with CompressedOops enabled, and the Java Heap may be blocking the growth of the native heap
# Possible solutions:
#   Reduce memory load on the system
#   Increase physical memory or swap space
#   Check if swap backing store is full
#   Decrease Java heap size (-Xmx/-Xms)
#   Decrease number of Java threads
#   Decrease Java thread stack sizes (-Xss)
#   Set larger code cache with -XX:ReservedCodeCacheSize=
#   JVM is running with Unscaled Compressed Oops mode in which the Java heap is
#     placed in the first 4GB address space. The Java Heap base address is the
#     maximum limit for the native heap growth. Please use -XX:HeapBaseMinAddress
#     to set the Java Heap base and to place the Java Heap above 4GB virtual address.
# This output file may be truncated or incomplete.
#
#  Out of Memory Error (arena.cpp:191), pid=12460, tid=30932
#
# JRE version: OpenJDK Runtime Environment Temurin-17.0.11+9 (17.0.11+9) (build 17.0.11+9)
# Java VM: OpenJDK 64-Bit Server VM Temurin-17.0.11+9 (17.0.11+9, mixed mode, tiered, compressed oops, compressed class ptrs, parallel gc, windows-amd64)
# No core dump will be written. Minidumps are not enabled by default on client versions of Windows
#

---------------  S U M M A R Y ------------

Command Line: --add-modules=ALL-SYSTEM --add-opens=java.base/java.util=ALL-UNNAMED --add-opens=java.base/java.lang=ALL-UNNAMED --add-opens=java.base/sun.nio.fs=ALL-UNNAMED -Declipse.application=org.eclipse.jdt.ls.core.id1 -Dosgi.bundles.defaultStartLevel=4 -Declipse.product=org.eclipse.jdt.ls.core.product -Djava.import.generatesMetadataFilesAtProjectRoot=false -DDetectVMInstallationsJob.disabled=true -Dfile.encoding=utf8 -XX:+UseParallelGC -XX:GCTimeRatio=4 -XX:AdaptiveSizePolicyWeight=90 -Dsun.zip.disableMemoryMapping=true -Xmx1G -Xms100m -Xlog:disable -javaagent:c:\Users\Tassandro\.vscode\extensions\redhat.java-1.33.0-win32-x64\lombok\lombok-1.18.33.jar c:\Users\Tassandro\.vscode\extensions\redhat.java-1.33.0-win32-x64\server\plugins\org.eclipse.equinox.launcher_1.6.900.v20240613-2009.jar -configuration c:\Users\Tassandro\AppData\Roaming\Code\User\globalStorage\redhat.java\1.33.0\config_ss_win -data c:\Users\Tassandro\AppData\Roaming\Code\User\workspaceStorage\dba2eb551ce987f1c3fd3a22b7243941\redhat.java\ss_ws --pipe=\\.\pipe\lsp-e2c463af49159c49852de1c9126c6349-sock

Host: AMD Ryzen 7 5700U with Radeon Graphics         , 16 cores, 5G,  Windows 11 , 64 bit Build 22621 (10.0.22621.3958)
Time: Mon Aug 26 12:39:28 2024 Hora oficial do Brasil elapsed time: 19.754692 seconds (0d 0h 0m 19s)

---------------  T H R E A D  ---------------

Current thread (0x0000022d9b15a5f0):  JavaThread "C2 CompilerThread0" daemon [_thread_in_native, id=30932, stack(0x000000b5f6900000,0x000000b5f6a00000)]


Current CompileTask:
C2:  19754 4035       4       jdk.internal.jimage.ImageLocation::getFullName (109 bytes)

Stack: [0x000000b5f6900000,0x000000b5f6a00000]
Native frames: (J=compiled Java code, j=interpreted, Vv=VM code, C=native code)
V  [jvm.dll+0x67d429]
V  [jvm.dll+0x834b7a]
V  [jvm.dll+0x83663e]
V  [jvm.dll+0x836ca3]
V  [jvm.dll+0x247dbf]
V  [jvm.dll+0xac534]
V  [jvm.dll+0xacb7c]
V  [jvm.dll+0x3665f2]
V  [jvm.dll+0x330bba]
V  [jvm.dll+0x33005a]
V  [jvm.dll+0x21a471]
V  [jvm.dll+0x2198b1]
V  [jvm.dll+0x1a534d]
V  [jvm.dll+0x2295cd]
V  [jvm.dll+0x22779c]
V  [jvm.dll+0x7e9d07]
V  [jvm.dll+0x7e410a]
V  [jvm.dll+0x67c315]
C  [ucrtbase.dll+0x29333]
C  [KERNEL32.DLL+0x1257d]
C  [ntdll.dll+0x5af28]


---------------  P R O C E S S  ---------------

Threads class SMR info:
_java_thread_list=0x0000022d9d5b6100, length=46, elements={
0x0000022d82267280, 0x0000022d960a9030, 0x0000022d960aad00, 0x0000022d9b149f20,
0x0000022d9b14abb0, 0x0000022d9b14e790, 0x0000022d9b151ad0, 0x0000022d9b15a5f0,
0x0000022d9b15eba0, 0x0000022d9b15fc90, 0x0000022dffec1180, 0x0000022dffec1690,
0x0000022dffec20b0, 0x0000022dffec0760, 0x0000022dffec0c70, 0x0000022dffec2ad0,
0x0000022dffec2fe0, 0x0000022d9d8c20b0, 0x0000022d9d8c1690, 0x0000022d9d8c0250,
0x0000022d9d8c0760, 0x0000022d9d8be900, 0x0000022d9d8c2ad0, 0x0000022d9d8c0c70,
0x0000022d9d8bcfb0, 0x0000022d9d8c25c0, 0x0000022d9d8bf830, 0x0000022d9d8be3f0,
0x0000022d9d8c1ba0, 0x0000022d9d8c4930, 0x0000022d9d8bdee0, 0x0000022d9d8c2fe0,
0x0000022d9d8bee10, 0x0000022d9d8c34f0, 0x0000022d9d8c1180, 0x0000022d9d8c3a00,
0x0000022d9d8bd4c0, 0x0000022d9d8c3f10, 0x0000022d9d8c4420, 0x0000022d9d8bfd40,
0x0000022d9f79d2e0, 0x0000022d9f79af70, 0x0000022d9f79b480, 0x0000022d9f79d7f0,
0x0000022d9f79a040, 0x0000022d9f79cdd0
}

Java Threads: ( => current thread )
  0x0000022d82267280 JavaThread "main" [_thread_blocked, id=65772, stack(0x000000b5f6000000,0x000000b5f6100000)]
  0x0000022d960a9030 JavaThread "Reference Handler" daemon [_thread_blocked, id=68376, stack(0x000000b5f6300000,0x000000b5f6400000)]
  0x0000022d960aad00 JavaThread "Finalizer" daemon [_thread_blocked, id=69324, stack(0x000000b5f6400000,0x000000b5f6500000)]
  0x0000022d9b149f20 JavaThread "Signal Dispatcher" daemon [_thread_blocked, id=19280, stack(0x000000b5f6500000,0x000000b5f6600000)]
  0x0000022d9b14abb0 JavaThread "Attach Listener" daemon [_thread_blocked, id=66784, stack(0x000000b5f6600000,0x000000b5f6700000)]
  0x0000022d9b14e790 JavaThread "Service Thread" daemon [_thread_blocked, id=60348, stack(0x000000b5f6700000,0x000000b5f6800000)]
  0x0000022d9b151ad0 JavaThread "Monitor Deflation Thread" daemon [_thread_blocked, id=18444, stack(0x000000b5f6800000,0x000000b5f6900000)]
=>0x0000022d9b15a5f0 JavaThread "C2 CompilerThread0" daemon [_thread_in_native, id=30932, stack(0x000000b5f6900000,0x000000b5f6a00000)]
  0x0000022d9b15eba0 JavaThread "C1 CompilerThread0" daemon [_thread_blocked, id=64940, stack(0x000000b5f6a00000,0x000000b5f6b00000)]
  0x0000022d9b15fc90 JavaThread "Sweeper thread" daemon [_thread_blocked, id=22808, stack(0x000000b5f6b00000,0x000000b5f6c00000)]
  0x0000022dffec1180 JavaThread "Common-Cleaner" daemon [_thread_blocked, id=53496, stack(0x000000b5f6c00000,0x000000b5f6d00000)]
  0x0000022dffec1690 JavaThread "Notification Thread" daemon [_thread_blocked, id=19152, stack(0x000000b5f6e00000,0x000000b5f6f00000)]
  0x0000022dffec20b0 JavaThread "Active Thread: Equinox Container: 1ed1126c-8f74-4dd0-8020-cde3dc8e13dc" [_thread_blocked, id=70748, stack(0x000000b5f7500000,0x000000b5f7600000)]
  0x0000022dffec0760 JavaThread "Framework Event Dispatcher: Equinox Container: 1ed1126c-8f74-4dd0-8020-cde3dc8e13dc" daemon [_thread_blocked, id=71560, stack(0x000000b5f6d00000,0x000000b5f6e00000)]
  0x0000022dffec0c70 JavaThread "Start Level: Equinox Container: 1ed1126c-8f74-4dd0-8020-cde3dc8e13dc" daemon [_thread_blocked, id=71564, stack(0x000000b5f7600000,0x000000b5f7700000)]
  0x0000022dffec2ad0 JavaThread "SCR Component Actor" daemon [_thread_blocked, id=71568, stack(0x000000b5f7700000,0x000000b5f7800000)]
  0x0000022dffec2fe0 JavaThread "Worker-JM" [_thread_blocked, id=70776, stack(0x000000b5f7b00000,0x000000b5f7c00000)]
  0x0000022d9d8c20b0 JavaThread "JNA Cleaner" daemon [_thread_blocked, id=70924, stack(0x000000b5f7f00000,0x000000b5f8000000)]
  0x0000022d9d8c1690 JavaThread "Worker-0" [_thread_blocked, id=70960, stack(0x000000b5f8000000,0x000000b5f8100000)]
  0x0000022d9d8c0250 JavaThread "Worker-1" [_thread_blocked, id=70952, stack(0x000000b5f8100000,0x000000b5f8200000)]
  0x0000022d9d8c0760 JavaThread "Thread-2" daemon [_thread_in_native, id=71356, stack(0x000000b5f8400000,0x000000b5f8500000)]
  0x0000022d9d8be900 JavaThread "Thread-3" daemon [_thread_in_native, id=71420, stack(0x000000b5f8500000,0x000000b5f8600000)]
  0x0000022d9d8c2ad0 JavaThread "Thread-4" daemon [_thread_in_native, id=71424, stack(0x000000b5f8600000,0x000000b5f8700000)]
  0x0000022d9d8c0c70 JavaThread "Thread-5" daemon [_thread_in_native, id=71428, stack(0x000000b5f8700000,0x000000b5f8800000)]
  0x0000022d9d8bcfb0 JavaThread "Thread-6" daemon [_thread_in_native, id=71432, stack(0x000000b5f8800000,0x000000b5f8900000)]
  0x0000022d9d8c25c0 JavaThread "Thread-7" daemon [_thread_in_native, id=71436, stack(0x000000b5f8900000,0x000000b5f8a00000)]
  0x0000022d9d8bf830 JavaThread "Thread-8" daemon [_thread_in_native, id=71440, stack(0x000000b5f8a00000,0x000000b5f8b00000)]
  0x0000022d9d8be3f0 JavaThread "Thread-9" daemon [_thread_in_native, id=71444, stack(0x000000b5f8b00000,0x000000b5f8c00000)]
  0x0000022d9d8c1ba0 JavaThread "Thread-10" daemon [_thread_in_native, id=71448, stack(0x000000b5f8c00000,0x000000b5f8d00000)]
  0x0000022d9d8c4930 JavaThread "Thread-11" daemon [_thread_in_native, id=71452, stack(0x000000b5f8d00000,0x000000b5f8e00000)]
  0x0000022d9d8bdee0 JavaThread "Thread-12" daemon [_thread_in_native, id=71456, stack(0x000000b5f8e00000,0x000000b5f8f00000)]
  0x0000022d9d8c2fe0 JavaThread "Thread-13" daemon [_thread_in_native, id=71460, stack(0x000000b5f8f00000,0x000000b5f9000000)]
  0x0000022d9d8bee10 JavaThread "Thread-14" daemon [_thread_in_native, id=71464, stack(0x000000b5f9000000,0x000000b5f9100000)]
  0x0000022d9d8c34f0 JavaThread "Thread-15" daemon [_thread_in_native, id=71416, stack(0x000000b5f9100000,0x000000b5f9200000)]
  0x0000022d9d8c1180 JavaThread "Thread-16" daemon [_thread_in_native, id=71328, stack(0x000000b5f9200000,0x000000b5f9300000)]
  0x0000022d9d8c3a00 JavaThread "Thread-17" daemon [_thread_in_native, id=71324, stack(0x000000b5f9300000,0x000000b5f9400000)]
  0x0000022d9d8bd4c0 JavaThread "Thread-18" daemon [_thread_in_native, id=71380, stack(0x000000b5f9400000,0x000000b5f9500000)]
  0x0000022d9d8c3f10 JavaThread "pool-2-thread-1" [_thread_blocked, id=71400, stack(0x000000b5f9500000,0x000000b5f9600000)]
  0x0000022d9d8c4420 JavaThread "WorkspaceEventsHandler" [_thread_blocked, id=41764, stack(0x000000b5f9600000,0x000000b5f9700000)]
  0x0000022d9d8bfd40 JavaThread "pool-1-thread-1" [_thread_blocked, id=70244, stack(0x000000b5f9700000,0x000000b5f9800000)]
  0x0000022d9f79d2e0 JavaThread "ForkJoinPool.commonPool-worker-1" daemon [_thread_blocked, id=69104, stack(0x000000b5f9800000,0x000000b5f9900000)]
  0x0000022d9f79af70 JavaThread "ForkJoinPool.commonPool-worker-2" daemon [_thread_blocked, id=41028, stack(0x000000b5f9900000,0x000000b5f9a00000)]
  0x0000022d9f79b480 JavaThread "ForkJoinPool.commonPool-worker-3" daemon [_thread_blocked, id=23192, stack(0x000000b5f9a00000,0x000000b5f9b00000)]
  0x0000022d9f79d7f0 JavaThread "ForkJoinPool.commonPool-worker-4" daemon [_thread_blocked, id=27812, stack(0x000000b5f9b00000,0x000000b5f9c00000)]
  0x0000022d9f79a040 JavaThread "ForkJoinPool.commonPool-worker-5" daemon [_thread_in_vm, id=71080, stack(0x000000b5f9c00000,0x000000b5f9d00000)]
  0x0000022d9f79cdd0 JavaThread "ForkJoinPool.commonPool-worker-6" daemon [_thread_blocked, id=71004, stack(0x000000b5f9d00000,0x000000b5f9e00000)]

Other Threads:
  0x0000022d960937d0 VMThread "VM Thread" [stack: 0x000000b5f6200000,0x000000b5f6300000] [id=8236]
  0x0000022d9d53dfe0 WatcherThread [stack: 0x000000b5f6f00000,0x000000b5f7000000] [id=69228]
  0x0000022d8227ba30 GCTaskThread "GC Thread#0" [stack: 0x000000b5f6100000,0x000000b5f6200000] [id=69256]
  0x0000022d9dac9310 GCTaskThread "GC Thread#1" [stack: 0x000000b5f7000000,0x000000b5f7100000] [id=36684]
  0x0000022d9ded9b50 GCTaskThread "GC Thread#2" [stack: 0x000000b5f7100000,0x000000b5f7200000] [id=50668]
  0x0000022d9daa1b30 GCTaskThread "GC Thread#3" [stack: 0x000000b5f7200000,0x000000b5f7300000] [id=60508]
  0x0000022d9daaa070 GCTaskThread "GC Thread#4" [stack: 0x000000b5f7300000,0x000000b5f7400000] [id=60488]
  0x0000022d9daaa330 GCTaskThread "GC Thread#5" [stack: 0x000000b5f7400000,0x000000b5f7500000] [id=56576]
  0x0000022d9da0a2a0 GCTaskThread "GC Thread#6" [stack: 0x000000b5f7800000,0x000000b5f7900000] [id=71580]
  0x0000022d9d8a76b0 GCTaskThread "GC Thread#7" [stack: 0x000000b5f7900000,0x000000b5f7a00000] [id=71584]
  0x0000022d9dbeccf0 GCTaskThread "GC Thread#8" [stack: 0x000000b5f7c00000,0x000000b5f7d00000] [id=70940]
  0x0000022d9d5ba200 GCTaskThread "GC Thread#9" [stack: 0x000000b5f7d00000,0x000000b5f7e00000] [id=70948]
  0x0000022d9d846d70 GCTaskThread "GC Thread#10" [stack: 0x000000b5f7e00000,0x000000b5f7f00000] [id=70816]
  0x0000022d9e233720 GCTaskThread "GC Thread#11" [stack: 0x000000b5f8200000,0x000000b5f8300000] [id=71072]
  0x0000022d9e24ef80 GCTaskThread "GC Thread#12" [stack: 0x000000b5f8300000,0x000000b5f8400000] [id=71104]

Threads with active compile tasks:
C2 CompilerThread0    19853 4035       4       jdk.internal.jimage.ImageLocation::getFullName (109 bytes)

VM state: not at safepoint (normal execution)

VM Mutex/Monitor currently owned by a thread: None

Heap address: 0x00000000c0000000, size: 1024 MB, Compressed Oops mode: 32-bit

CDS archive(s) not mapped
Compressed class space mapped at: 0x0000000100000000-0x0000000140000000, reserved size: 1073741824
Narrow klass base: 0x0000000000000000, Narrow klass shift: 3, Narrow klass range: 0x140000000

GC Precious Log:
 CPUs: 16 total, 16 available
 Memory: 5989M
 Large Page Support: Disabled
 NUMA Support: Disabled
 Compressed Oops: Enabled (32-bit)
 Alignments: Space 512K, Generation 512K, Heap 2M
 Heap Min Capacity: 100M
 Heap Initial Capacity: 100M
 Heap Max Capacity: 1G
 Pre-touch: Disabled
 Parallel Workers: 13

Heap:
 PSYoungGen      total 24064K, used 3066K [0x00000000eab00000, 0x00000000ec480000, 0x0000000100000000)
  eden space 22016K, 7% used [0x00000000eab00000,0x00000000eac895f0,0x00000000ec080000)
  from space 2048K, 72% used [0x00000000ec080000,0x00000000ec1f5448,0x00000000ec280000)
  to   space 2048K, 0% used [0x00000000ec280000,0x00000000ec280000,0x00000000ec480000)
 ParOldGen       total 68608K, used 23692K [0x00000000c0000000, 0x00000000c4300000, 0x00000000eab00000)
  object space 68608K, 34% used [0x00000000c0000000,0x00000000c17232a8,0x00000000c4300000)
 Metaspace       used 39681K, committed 40448K, reserved 1114112K
  class space    used 4029K, committed 4352K, reserved 1048576K

Card table byte_map: [0x0000022d81be0000,0x0000022d81df0000] _byte_map_base: 0x0000022d815e0000

Marking Bits: (ParMarkBitMap*) 0x00007fff4eaad820
 Begin Bits: [0x0000022d93eb0000, 0x0000022d94eb0000)
 End Bits:   [0x0000022d94eb0000, 0x0000022d95eb0000)

Polling page: 0x0000022d819d0000

Metaspace:

Usage:
  Non-class:     34.82 MB used.
      Class:      3.94 MB used.
       Both:     38.75 MB used.

Virtual space:
  Non-class space:       64.00 MB reserved,      35.25 MB ( 55%) committed,  1 nodes.
      Class space:        1.00 GB reserved,       4.25 MB ( <1%) committed,  1 nodes.
             Both:        1.06 GB reserved,      39.50 MB (  4%) committed. 

Chunk freelists:
   Non-Class:  12.47 MB
       Class:  11.78 MB
        Both:  24.25 MB

MaxMetaspaceSize: unlimited
CompressedClassSpaceSize: 1.00 GB
Initial GC threshold: 21.00 MB
Current GC threshold: 58.38 MB
CDS: off
MetaspaceReclaimPolicy: balanced
 - commit_granule_bytes: 65536.
 - commit_granule_words: 8192.
 - virtual_space_node_default_size: 8388608.
 - enlarge_chunks_in_place: 1.
 - new_chunks_are_fully_committed: 0.
 - uncommit_free_chunks: 1.
 - use_allocation_guard: 0.
 - handle_deallocations: 1.


Internal statistics:

num_allocs_failed_limit: 6.
num_arena_births: 388.
num_arena_deaths: 14.
num_vsnodes_births: 2.
num_vsnodes_deaths: 0.
num_space_committed: 632.
num_space_uncommitted: 0.
num_chunks_returned_to_freelist: 20.
num_chunks_taken_from_freelist: 1665.
num_chunk_merges: 8.
num_chunk_splits: 1056.
num_chunks_enlarged: 706.
num_inconsistent_stats: 0.

CodeHeap 'non-profiled nmethods': size=119168Kb used=1925Kb max_used=1925Kb free=117243Kb
 bounds [0x0000022d8ca50000, 0x0000022d8ccc0000, 0x0000022d93eb0000]
CodeHeap 'profiled nmethods': size=119104Kb used=8698Kb max_used=8698Kb free=110405Kb
 bounds [0x0000022d84eb0000, 0x0000022d85730000, 0x0000022d8c300000]
CodeHeap 'non-nmethods': size=7488Kb used=1293Kb max_used=1734Kb free=6194Kb
 bounds [0x0000022d8c300000, 0x0000022d8c570000, 0x0000022d8ca50000]
 total_blobs=4898 nmethods=4273 adapters=538
 compilation: enabled
              stopped_count=0, restarted_count=0
 full_count=0

Compilation events (20 events):
Event: 19.557 Thread 0x0000022d9b15a5f0 nmethod 3974 0x0000022d8cc24390 code [0x0000022d8cc245e0, 0x0000022d8cc25c00]
Event: 19.557 Thread 0x0000022d9b15a5f0 3975       4       jdk.internal.jrtfs.JrtPath::subpath (129 bytes)
Event: 19.577 Thread 0x0000022d9b15a5f0 nmethod 3975 0x0000022d8cc26b10 code [0x0000022d8cc26d60, 0x0000022d8cc28380]
Event: 19.577 Thread 0x0000022d9b15a5f0 3979       4       org.eclipse.jdt.internal.compiler.util.JrtFileSystem$2::visitFile (72 bytes)
Event: 19.667 Thread 0x0000022d9b15a5f0 nmethod 3979 0x0000022d8cc29290 code [0x0000022d8cc29740, 0x0000022d8cc2d588]
Event: 19.669 Thread 0x0000022d9b15a5f0 3989       4       org.eclipse.jdt.internal.core.JrtPackageFragmentRoot$1::visitFile (14 bytes)
Event: 19.672 Thread 0x0000022d9b15a5f0 nmethod 3989 0x0000022d8cc2fc90 code [0x0000022d8cc2fe20, 0x0000022d8cc2ff88]
Event: 19.672 Thread 0x0000022d9b15a5f0 3990       4       org.eclipse.jdt.internal.compiler.util.JrtFileSystem$2::visitFile (10 bytes)
Event: 19.673 Thread 0x0000022d9b15a5f0 nmethod 3990 0x0000022d8cc30190 code [0x0000022d8cc30320, 0x0000022d8cc30408]
Event: 19.673 Thread 0x0000022d9b15a5f0 3991       4       org.eclipse.jdt.internal.core.JrtPackageFragmentRoot$1::visitFile (24 bytes)
Event: 19.675 Thread 0x0000022d9b15a5f0 nmethod 3991 0x0000022d8cc30510 code [0x0000022d8cc306a0, 0x0000022d8cc307a8]
Event: 19.675 Thread 0x0000022d9b15a5f0 4004       4       org.eclipse.jdt.internal.core.util.HashtableOfArrayToObject::hashCode (8 bytes)
Event: 19.683 Thread 0x0000022d9b15a5f0 nmethod 4004 0x0000022d8cc30910 code [0x0000022d8cc30aa0, 0x0000022d8cc30d38]
Event: 19.683 Thread 0x0000022d9b15a5f0 3910       4       java.util.stream.AbstractPipeline::<init> (91 bytes)
Event: 19.685 Thread 0x0000022d9b15a5f0 nmethod 3910 0x0000022d8cc30f10 code [0x0000022d8cc310a0, 0x0000022d8cc31258]
Event: 19.685 Thread 0x0000022d9b15a5f0 4035       4       jdk.internal.jimage.ImageLocation::getFullName (109 bytes)
Event: 19.735 Thread 0x0000022d9b15eba0 4323       3       org.lombokweb.asm.ByteVector::enlarge (73 bytes)
Event: 19.736 Thread 0x0000022d9b15eba0 nmethod 4323 0x0000022d8572de90 code [0x0000022d8572e060, 0x0000022d8572e458]
Event: 19.736 Thread 0x0000022d9b15eba0 4324       3       org.lombokweb.asm.MethodVisitor::visitLocalVariable (24 bytes)
Event: 19.736 Thread 0x0000022d9b15eba0 nmethod 4324 0x0000022d8572e610 code [0x0000022d8572e7c0, 0x0000022d8572e9c8]

GC Heap History (20 events):
Event: 15.930 GC heap before
{Heap before GC invocations=9 (full 1):
 PSYoungGen      total 27648K, used 27632K [0x00000000eab00000, 0x00000000ecb80000, 0x0000000100000000)
  eden space 24064K, 100% used [0x00000000eab00000,0x00000000ec280000,0x00000000ec280000)
  from space 3584K, 99% used [0x00000000ec300000,0x00000000ec67c3d8,0x00000000ec680000)
  to   space 4608K, 0% used [0x00000000ec700000,0x00000000ec700000,0x00000000ecb80000)
 ParOldGen       total 68608K, used 7594K [0x00000000c0000000, 0x00000000c4300000, 0x00000000eab00000)
  object space 68608K, 11% used [0x00000000c0000000,0x00000000c076aa00,0x00000000c4300000)
 Metaspace       used 33926K, committed 34560K, reserved 1114112K
  class space    used 3371K, committed 3648K, reserved 1048576K
}
Event: 15.934 GC heap after
{Heap after GC invocations=9 (full 1):
 PSYoungGen      total 28160K, used 4580K [0x00000000eab00000, 0x00000000ecc00000, 0x0000000100000000)
  eden space 23552K, 0% used [0x00000000eab00000,0x00000000eab00000,0x00000000ec200000)
  from space 4608K, 99% used [0x00000000ec700000,0x00000000ecb79068,0x00000000ecb80000)
  to   space 5120K, 0% used [0x00000000ec200000,0x00000000ec200000,0x00000000ec700000)
 ParOldGen       total 68608K, used 7666K [0x00000000c0000000, 0x00000000c4300000, 0x00000000eab00000)
  object space 68608K, 11% used [0x00000000c0000000,0x00000000c077ca00,0x00000000c4300000)
 Metaspace       used 33926K, committed 34560K, reserved 1114112K
  class space    used 3371K, committed 3648K, reserved 1048576K
}
Event: 16.378 GC heap before
{Heap before GC invocations=10 (full 1):
 PSYoungGen      total 28160K, used 13014K [0x00000000eab00000, 0x00000000ecc00000, 0x0000000100000000)
  eden space 23552K, 35% used [0x00000000eab00000,0x00000000eb33c7d0,0x00000000ec200000)
  from space 4608K, 99% used [0x00000000ec700000,0x00000000ecb79068,0x00000000ecb80000)
  to   space 5120K, 0% used [0x00000000ec200000,0x00000000ec200000,0x00000000ec700000)
 ParOldGen       total 68608K, used 7666K [0x00000000c0000000, 0x00000000c4300000, 0x00000000eab00000)
  object space 68608K, 11% used [0x00000000c0000000,0x00000000c077ca00,0x00000000c4300000)
 Metaspace       used 35260K, committed 35840K, reserved 1114112K
  class space    used 3519K, committed 3776K, reserved 1048576K
}
Event: 16.384 GC heap after
{Heap after GC invocations=10 (full 1):
 PSYoungGen      total 26624K, used 2937K [0x00000000eab00000, 0x00000000ec900000, 0x0000000100000000)
  eden space 23552K, 0% used [0x00000000eab00000,0x00000000eab00000,0x00000000ec200000)
  from space 3072K, 95% used [0x00000000ec200000,0x00000000ec4de648,0x00000000ec500000)
  to   space 3584K, 0% used [0x00000000ec580000,0x00000000ec580000,0x00000000ec900000)
 ParOldGen       total 68608K, used 10166K [0x00000000c0000000, 0x00000000c4300000, 0x00000000eab00000)
  object space 68608K, 14% used [0x00000000c0000000,0x00000000c09eda58,0x00000000c4300000)
 Metaspace       used 35260K, committed 35840K, reserved 1114112K
  class space    used 3519K, committed 3776K, reserved 1048576K
}
Event: 16.384 GC heap before
{Heap before GC invocations=11 (full 2):
 PSYoungGen      total 26624K, used 2937K [0x00000000eab00000, 0x00000000ec900000, 0x0000000100000000)
  eden space 23552K, 0% used [0x00000000eab00000,0x00000000eab00000,0x00000000ec200000)
  from space 3072K, 95% used [0x00000000ec200000,0x00000000ec4de648,0x00000000ec500000)
  to   space 3584K, 0% used [0x00000000ec580000,0x00000000ec580000,0x00000000ec900000)
 ParOldGen       total 68608K, used 10166K [0x00000000c0000000, 0x00000000c4300000, 0x00000000eab00000)
  object space 68608K, 14% used [0x00000000c0000000,0x00000000c09eda58,0x00000000c4300000)
 Metaspace       used 35260K, committed 35840K, reserved 1114112K
  class space    used 3519K, committed 3776K, reserved 1048576K
}
Event: 16.413 GC heap after
{Heap after GC invocations=11 (full 2):
 PSYoungGen      total 26624K, used 0K [0x00000000eab00000, 0x00000000ec900000, 0x0000000100000000)
  eden space 23552K, 0% used [0x00000000eab00000,0x00000000eab00000,0x00000000ec200000)
  from space 3072K, 0% used [0x00000000ec200000,0x00000000ec200000,0x00000000ec500000)
  to   space 3584K, 0% used [0x00000000ec580000,0x00000000ec580000,0x00000000ec900000)
 ParOldGen       total 68608K, used 12710K [0x00000000c0000000, 0x00000000c4300000, 0x00000000eab00000)
  object space 68608K, 18% used [0x00000000c0000000,0x00000000c0c69810,0x00000000c4300000)
 Metaspace       used 35260K, committed 35840K, reserved 1114112K
  class space    used 3519K, committed 3776K, reserved 1048576K
}
Event: 17.564 GC heap before
{Heap before GC invocations=12 (full 2):
 PSYoungGen      total 26624K, used 23552K [0x00000000eab00000, 0x00000000ec900000, 0x0000000100000000)
  eden space 23552K, 100% used [0x00000000eab00000,0x00000000ec200000,0x00000000ec200000)
  from space 3072K, 0% used [0x00000000ec200000,0x00000000ec200000,0x00000000ec500000)
  to   space 3584K, 0% used [0x00000000ec580000,0x00000000ec580000,0x00000000ec900000)
 ParOldGen       total 68608K, used 12710K [0x00000000c0000000, 0x00000000c4300000, 0x00000000eab00000)
  object space 68608K, 18% used [0x00000000c0000000,0x00000000c0c69810,0x00000000c4300000)
 Metaspace       used 37731K, committed 38528K, reserved 1114112K
  class space    used 3800K, committed 4160K, reserved 1048576K
}
Event: 17.568 GC heap after
{Heap after GC invocations=12 (full 2):
 PSYoungGen      total 25088K, used 1887K [0x00000000eab00000, 0x00000000ec780000, 0x0000000100000000)
  eden space 23040K, 0% used [0x00000000eab00000,0x00000000eab00000,0x00000000ec180000)
  from space 2048K, 92% used [0x00000000ec580000,0x00000000ec757ce0,0x00000000ec780000)
  to   space 2560K, 0% used [0x00000000ec280000,0x00000000ec280000,0x00000000ec500000)
 ParOldGen       total 68608K, used 12718K [0x00000000c0000000, 0x00000000c4300000, 0x00000000eab00000)
  object space 68608K, 18% used [0x00000000c0000000,0x00000000c0c6b810,0x00000000c4300000)
 Metaspace       used 37731K, committed 38528K, reserved 1114112K
  class space    used 3800K, committed 4160K, reserved 1048576K
}
Event: 18.461 GC heap before
{Heap before GC invocations=13 (full 2):
 PSYoungGen      total 25088K, used 24927K [0x00000000eab00000, 0x00000000ec780000, 0x0000000100000000)
  eden space 23040K, 100% used [0x00000000eab00000,0x00000000ec180000,0x00000000ec180000)
  from space 2048K, 92% used [0x00000000ec580000,0x00000000ec757ce0,0x00000000ec780000)
  to   space 2560K, 0% used [0x00000000ec280000,0x00000000ec280000,0x00000000ec500000)
 ParOldGen       total 68608K, used 12718K [0x00000000c0000000, 0x00000000c4300000, 0x00000000eab00000)
  object space 68608K, 18% used [0x00000000c0000000,0x00000000c0c6b810,0x00000000c4300000)
 Metaspace       used 38123K, committed 38912K, reserved 1114112K
  class space    used 3857K, committed 4224K, reserved 1048576K
}
Event: 18.464 GC heap after
{Heap after GC invocations=13 (full 2):
 PSYoungGen      total 25088K, used 2080K [0x00000000eab00000, 0x00000000ec600000, 0x0000000100000000)
  eden space 22528K, 0% used [0x00000000eab00000,0x00000000eab00000,0x00000000ec100000)
  from space 2560K, 81% used [0x00000000ec280000,0x00000000ec4880e0,0x00000000ec500000)
  to   space 1024K, 0% used [0x00000000ec500000,0x00000000ec500000,0x00000000ec600000)
 ParOldGen       total 68608K, used 14330K [0x00000000c0000000, 0x00000000c4300000, 0x00000000eab00000)
  object space 68608K, 20% used [0x00000000c0000000,0x00000000c0dfeb08,0x00000000c4300000)
 Metaspace       used 38123K, committed 38912K, reserved 1114112K
  class space    used 3857K, committed 4224K, reserved 1048576K
}
Event: 18.520 GC heap before
{Heap before GC invocations=14 (full 2):
 PSYoungGen      total 25088K, used 24608K [0x00000000eab00000, 0x00000000ec600000, 0x0000000100000000)
  eden space 22528K, 100% used [0x00000000eab00000,0x00000000ec100000,0x00000000ec100000)
  from space 2560K, 81% used [0x00000000ec280000,0x00000000ec4880e0,0x00000000ec500000)
  to   space 1024K, 0% used [0x00000000ec500000,0x00000000ec500000,0x00000000ec600000)
 ParOldGen       total 68608K, used 14330K [0x00000000c0000000, 0x00000000c4300000, 0x00000000eab00000)
  object space 68608K, 20% used [0x00000000c0000000,0x00000000c0dfeb08,0x00000000c4300000)
 Metaspace       used 38151K, committed 38912K, reserved 1114112K
  class space    used 3859K, committed 4224K, reserved 1048576K
}
Event: 18.524 GC heap after
{Heap after GC invocations=14 (full 2):
 PSYoungGen      total 23040K, used 1024K [0x00000000eab00000, 0x00000000ec880000, 0x0000000100000000)
  eden space 22016K, 0% used [0x00000000eab00000,0x00000000eab00000,0x00000000ec080000)
  from space 1024K, 100% used [0x00000000ec500000,0x00000000ec600000,0x00000000ec600000)
  to   space 4096K, 0% used [0x00000000ec080000,0x00000000ec080000,0x00000000ec480000)
 ParOldGen       total 68608K, used 16810K [0x00000000c0000000, 0x00000000c4300000, 0x00000000eab00000)
  object space 68608K, 24% used [0x00000000c0000000,0x00000000c106abe8,0x00000000c4300000)
 Metaspace       used 38151K, committed 38912K, reserved 1114112K
  class space    used 3859K, committed 4224K, reserved 1048576K
}
Event: 18.602 GC heap before
{Heap before GC invocations=15 (full 2):
 PSYoungGen      total 23040K, used 23040K [0x00000000eab00000, 0x00000000ec880000, 0x0000000100000000)
  eden space 22016K, 100% used [0x00000000eab00000,0x00000000ec080000,0x00000000ec080000)
  from space 1024K, 100% used [0x00000000ec500000,0x00000000ec600000,0x00000000ec600000)
  to   space 4096K, 0% used [0x00000000ec080000,0x00000000ec080000,0x00000000ec480000)
 ParOldGen       total 68608K, used 16810K [0x00000000c0000000, 0x00000000c4300000, 0x00000000eab00000)
  object space 68608K, 24% used [0x00000000c0000000,0x00000000c106abe8,0x00000000c4300000)
 Metaspace       used 38225K, committed 38976K, reserved 1114112K
  class space    used 3863K, committed 4224K, reserved 1048576K
}
Event: 18.604 GC heap after
{Heap after GC invocations=15 (full 2):
 PSYoungGen      total 24064K, used 1632K [0x00000000eab00000, 0x00000000ec580000, 0x0000000100000000)
  eden space 22016K, 0% used [0x00000000eab00000,0x00000000eab00000,0x00000000ec080000)
  from space 2048K, 79% used [0x00000000ec080000,0x00000000ec218000,0x00000000ec280000)
  to   space 2560K, 0% used [0x00000000ec300000,0x00000000ec300000,0x00000000ec580000)
 ParOldGen       total 68608K, used 17850K [0x00000000c0000000, 0x00000000c4300000, 0x00000000eab00000)
  object space 68608K, 26% used [0x00000000c0000000,0x00000000c116ebe8,0x00000000c4300000)
 Metaspace       used 38225K, committed 38976K, reserved 1114112K
  class space    used 3863K, committed 4224K, reserved 1048576K
}
Event: 18.681 GC heap before
{Heap before GC invocations=16 (full 2):
 PSYoungGen      total 24064K, used 23647K [0x00000000eab00000, 0x00000000ec580000, 0x0000000100000000)
  eden space 22016K, 99% used [0x00000000eab00000,0x00000000ec07fff8,0x00000000ec080000)
  from space 2048K, 79% used [0x00000000ec080000,0x00000000ec218000,0x00000000ec280000)
  to   space 2560K, 0% used [0x00000000ec300000,0x00000000ec300000,0x00000000ec580000)
 ParOldGen       total 68608K, used 17850K [0x00000000c0000000, 0x00000000c4300000, 0x00000000eab00000)
  object space 68608K, 26% used [0x00000000c0000000,0x00000000c116ebe8,0x00000000c4300000)
 Metaspace       used 38296K, committed 39040K, reserved 1114112K
  class space    used 3863K, committed 4224K, reserved 1048576K
}
Event: 18.684 GC heap after
{Heap after GC invocations=16 (full 2):
 PSYoungGen      total 24064K, used 1664K [0x00000000eab00000, 0x00000000ec500000, 0x0000000100000000)
  eden space 22016K, 0% used [0x00000000eab00000,0x00000000eab00000,0x00000000ec080000)
  from space 2048K, 81% used [0x00000000ec300000,0x00000000ec4a0000,0x00000000ec500000)
  to   space 2048K, 0% used [0x00000000ec080000,0x00000000ec080000,0x00000000ec280000)
 ParOldGen       total 68608K, used 19322K [0x00000000c0000000, 0x00000000c4300000, 0x00000000eab00000)
  object space 68608K, 28% used [0x00000000c0000000,0x00000000c12debe8,0x00000000c4300000)
 Metaspace       used 38296K, committed 39040K, reserved 1114112K
  class space    used 3863K, committed 4224K, reserved 1048576K
}
Event: 18.751 GC heap before
{Heap before GC invocations=17 (full 2):
 PSYoungGen      total 24064K, used 23680K [0x00000000eab00000, 0x00000000ec500000, 0x0000000100000000)
  eden space 22016K, 100% used [0x00000000eab00000,0x00000000ec080000,0x00000000ec080000)
  from space 2048K, 81% used [0x00000000ec300000,0x00000000ec4a0000,0x00000000ec500000)
  to   space 2048K, 0% used [0x00000000ec080000,0x00000000ec080000,0x00000000ec280000)
 ParOldGen       total 68608K, used 19322K [0x00000000c0000000, 0x00000000c4300000, 0x00000000eab00000)
  object space 68608K, 28% used [0x00000000c0000000,0x00000000c12debe8,0x00000000c4300000)
 Metaspace       used 38314K, committed 39040K, reserved 1114112K
  class space    used 3863K, committed 4224K, reserved 1048576K
}
Event: 18.754 GC heap after
{Heap after GC invocations=17 (full 2):
 PSYoungGen      total 24064K, used 1568K [0x00000000eab00000, 0x00000000ec480000, 0x0000000100000000)
  eden space 22016K, 0% used [0x00000000eab00000,0x00000000eab00000,0x00000000ec080000)
  from space 2048K, 76% used [0x00000000ec080000,0x00000000ec208000,0x00000000ec280000)
  to   space 2048K, 0% used [0x00000000ec280000,0x00000000ec280000,0x00000000ec480000)
 ParOldGen       total 68608K, used 20826K [0x00000000c0000000, 0x00000000c4300000, 0x00000000eab00000)
  object space 68608K, 30% used [0x00000000c0000000,0x00000000c1456be8,0x00000000c4300000)
 Metaspace       used 38314K, committed 39040K, reserved 1114112K
  class space    used 3863K, committed 4224K, reserved 1048576K
}
Event: 18.808 GC heap before
{Heap before GC invocations=18 (full 2):
 PSYoungGen      total 24064K, used 23584K [0x00000000eab00000, 0x00000000ec480000, 0x0000000100000000)
  eden space 22016K, 100% used [0x00000000eab00000,0x00000000ec080000,0x00000000ec080000)
  from space 2048K, 76% used [0x00000000ec080000,0x00000000ec208000,0x00000000ec280000)
  to   space 2048K, 0% used [0x00000000ec280000,0x00000000ec280000,0x00000000ec480000)
 ParOldGen       total 68608K, used 20826K [0x00000000c0000000, 0x00000000c4300000, 0x00000000eab00000)
  object space 68608K, 30% used [0x00000000c0000000,0x00000000c1456be8,0x00000000c4300000)
 Metaspace       used 38390K, committed 39104K, reserved 1114112K
  class space    used 3864K, committed 4224K, reserved 1048576K
}
Event: 18.810 GC heap after
{Heap after GC invocations=18 (full 2):
 PSYoungGen      total 24064K, used 1632K [0x00000000eab00000, 0x00000000ec480000, 0x0000000100000000)
  eden space 22016K, 0% used [0x00000000eab00000,0x00000000eab00000,0x00000000ec080000)
  from space 2048K, 79% used [0x00000000ec280000,0x00000000ec418010,0x00000000ec480000)
  to   space 2048K, 0% used [0x00000000ec080000,0x00000000ec080000,0x00000000ec280000)
 ParOldGen       total 68608K, used 22266K [0x00000000c0000000, 0x00000000c4300000, 0x00000000eab00000)
  object space 68608K, 32% used [0x00000000c0000000,0x00000000c15bebe8,0x00000000c4300000)
 Metaspace       used 38390K, committed 39104K, reserved 1114112K
  class space    used 3864K, committed 4224K, reserved 1048576K
}

Dll operation events (10 events):
Event: 0.034 Loaded shared library c:\Users\Tassandro\.vscode\extensions\redhat.java-1.33.0-win32-x64\jre\17.0.11-win32-x86_64\bin\java.dll
Event: 0.286 Loaded shared library c:\Users\Tassandro\.vscode\extensions\redhat.java-1.33.0-win32-x64\jre\17.0.11-win32-x86_64\bin\zip.dll
Event: 0.294 Loaded shared library C:\Users\Tassandro\.vscode\extensions\redhat.java-1.33.0-win32-x64\jre\17.0.11-win32-x86_64\bin\instrument.dll
Event: 0.325 Loaded shared library C:\Users\Tassandro\.vscode\extensions\redhat.java-1.33.0-win32-x64\jre\17.0.11-win32-x86_64\bin\net.dll
Event: 0.335 Loaded shared library C:\Users\Tassandro\.vscode\extensions\redhat.java-1.33.0-win32-x64\jre\17.0.11-win32-x86_64\bin\nio.dll
Event: 0.359 Loaded shared library C:\Users\Tassandro\.vscode\extensions\redhat.java-1.33.0-win32-x64\jre\17.0.11-win32-x86_64\bin\zip.dll
Event: 0.414 Loaded shared library C:\Users\Tassandro\.vscode\extensions\redhat.java-1.33.0-win32-x64\jre\17.0.11-win32-x86_64\bin\jimage.dll
Event: 0.569 Loaded shared library c:\Users\Tassandro\.vscode\extensions\redhat.java-1.33.0-win32-x64\jre\17.0.11-win32-x86_64\bin\verify.dll
Event: 10.134 Loaded shared library C:\Users\Tassandro\AppData\Roaming\Code\User\globalStorage\redhat.java\1.33.0\config_ss_win\org.eclipse.equinox.launcher\org.eclipse.equinox.launcher.win32.win32.x86_64_1.2.1100.v20240722-2106\eclipse_11904.dll
Event: 12.818 Loaded shared library C:\Users\Tassandro\AppData\Local\Temp\jna--1879390009\jna7885550420069582865.dll

Deoptimization events (20 events):
Event: 18.857 Thread 0x0000022d9f79cdd0 DEOPT PACKING pc=0x0000022d856b92b8 sp=0x000000b5f9dfdbf0
Event: 18.857 Thread 0x0000022d9f79cdd0 DEOPT UNPACKING pc=0x0000022d8c356e43 sp=0x000000b5f9dfd1b0 mode 0
Event: 19.367 Thread 0x0000022d9f79a040 DEOPT PACKING pc=0x0000022d853bbe6f sp=0x000000b5f9cfd7c0
Event: 19.367 Thread 0x0000022d9f79a040 DEOPT UNPACKING pc=0x0000022d8c356e43 sp=0x000000b5f9cfccd0 mode 0
Event: 19.370 Thread 0x0000022d9f79d7f0 DEOPT PACKING pc=0x0000022d853bbe4e sp=0x000000b5f9bfd7f0
Event: 19.370 Thread 0x0000022d9f79d7f0 DEOPT UNPACKING pc=0x0000022d8c356e43 sp=0x000000b5f9bfcd00 mode 0
Event: 19.372 Thread 0x0000022d9f79d2e0 DEOPT PACKING pc=0x0000022d853bbe4e sp=0x000000b5f98fd7c0
Event: 19.372 Thread 0x0000022d9f79cdd0 DEOPT PACKING pc=0x0000022d853bbe6f sp=0x000000b5f9dfd8a0
Event: 19.372 Thread 0x0000022d9f79d2e0 DEOPT UNPACKING pc=0x0000022d8c356e43 sp=0x000000b5f98fccd0 mode 0
Event: 19.372 Thread 0x0000022d9f79cdd0 DEOPT UNPACKING pc=0x0000022d8c356e43 sp=0x000000b5f9dfcdb0 mode 0
Event: 19.372 Thread 0x0000022d9f79af70 DEOPT PACKING pc=0x0000022d853bbe4e sp=0x000000b5f99fd830
Event: 19.372 Thread 0x0000022d9f79af70 DEOPT UNPACKING pc=0x0000022d8c356e43 sp=0x000000b5f99fcd40 mode 0
Event: 19.374 Thread 0x0000022d9f79b480 DEOPT PACKING pc=0x0000022d853bbe6f sp=0x000000b5f9afdbf0
Event: 19.374 Thread 0x0000022d9f79b480 DEOPT UNPACKING pc=0x0000022d8c356e43 sp=0x000000b5f9afd100 mode 0
Event: 19.376 Thread 0x0000022d9f79d2e0 DEOPT PACKING pc=0x0000022d853bbe4e sp=0x000000b5f98fd7c0
Event: 19.376 Thread 0x0000022d9f79d2e0 DEOPT UNPACKING pc=0x0000022d8c356e43 sp=0x000000b5f98fccd0 mode 0
Event: 19.379 Thread 0x0000022d9f79d2e0 DEOPT PACKING pc=0x0000022d853bbe4e sp=0x000000b5f98fd7c0
Event: 19.379 Thread 0x0000022d9f79d2e0 DEOPT UNPACKING pc=0x0000022d8c356e43 sp=0x000000b5f98fccd0 mode 0
Event: 19.379 Thread 0x0000022d9d8bfd40 DEOPT PACKING pc=0x0000022d853bbe4e sp=0x000000b5f97fcc10
Event: 19.379 Thread 0x0000022d9d8bfd40 DEOPT UNPACKING pc=0x0000022d8c356e43 sp=0x000000b5f97fc120 mode 0

Classes unloaded (7 events):
Event: 12.620 Thread 0x0000022d960937d0 Unloading class 0x0000000100219400 'java/lang/invoke/LambdaForm$MH+0x0000000100219400'
Event: 12.620 Thread 0x0000022d960937d0 Unloading class 0x0000000100219000 'java/lang/invoke/LambdaForm$MH+0x0000000100219000'
Event: 12.620 Thread 0x0000022d960937d0 Unloading class 0x0000000100218c00 'java/lang/invoke/LambdaForm$MH+0x0000000100218c00'
Event: 12.620 Thread 0x0000022d960937d0 Unloading class 0x0000000100218800 'java/lang/invoke/LambdaForm$MH+0x0000000100218800'
Event: 12.620 Thread 0x0000022d960937d0 Unloading class 0x0000000100218400 'java/lang/invoke/LambdaForm$BMH+0x0000000100218400'
Event: 12.620 Thread 0x0000022d960937d0 Unloading class 0x0000000100218000 'java/lang/invoke/LambdaForm$DMH+0x0000000100218000'
Event: 12.620 Thread 0x0000022d960937d0 Unloading class 0x0000000100214400 'java/lang/invoke/LambdaForm$DMH+0x0000000100214400'

Classes redefined (0 events):
No events

Internal exceptions (20 events):
Event: 16.806 Thread 0x0000022d9f79a040 Exception <a 'java/lang/NoSuchMethodError'{0x00000000eb326828}: 'void java.lang.invoke.DirectMethodHandle$Holder.invokeStaticInit(java.lang.Object, java.lang.Object, java.lang.Object)'> (0x00000000eb326828) 
thrown [s\src\hotspot\share\interpreter\linkResolver.cpp, line 759]
Event: 16.886 Thread 0x0000022d9d8c0250 Exception <a 'sun/nio/fs/WindowsException'{0x00000000eb5a6ac0}> (0x00000000eb5a6ac0) 
thrown [s\src\hotspot\share\prims\jni.cpp, line 516]
Event: 16.893 Thread 0x0000022d9d8c0250 Exception <a 'sun/nio/fs/WindowsException'{0x00000000eb5a7600}> (0x00000000eb5a7600) 
thrown [s\src\hotspot\share\prims\jni.cpp, line 516]
Event: 16.894 Thread 0x0000022d9d8c0250 Exception <a 'sun/nio/fs/WindowsException'{0x00000000eb5a8750}> (0x00000000eb5a8750) 
thrown [s\src\hotspot\share\prims\jni.cpp, line 516]
Event: 16.894 Thread 0x0000022d9d8c0250 Exception <a 'sun/nio/fs/WindowsException'{0x00000000eb5a9290}> (0x00000000eb5a9290) 
thrown [s\src\hotspot\share\prims\jni.cpp, line 516]
Event: 16.903 Thread 0x0000022d9d8c0250 Exception <a 'sun/nio/fs/WindowsException'{0x00000000eb5befb8}> (0x00000000eb5befb8) 
thrown [s\src\hotspot\share\prims\jni.cpp, line 516]
Event: 16.904 Thread 0x0000022d9d8c0250 Exception <a 'sun/nio/fs/WindowsException'{0x00000000eb5bfd40}> (0x00000000eb5bfd40) 
thrown [s\src\hotspot\share\prims\jni.cpp, line 516]
Event: 16.916 Thread 0x0000022d9d8c0250 Exception <a 'sun/nio/fs/WindowsException'{0x00000000eb5d2aa0}> (0x00000000eb5d2aa0) 
thrown [s\src\hotspot\share\prims\jni.cpp, line 516]
Event: 16.916 Thread 0x0000022d9d8c0250 Exception <a 'sun/nio/fs/WindowsException'{0x00000000eb5d3838}> (0x00000000eb5d3838) 
thrown [s\src\hotspot\share\prims\jni.cpp, line 516]
Event: 16.918 Thread 0x0000022d9d8c0250 Exception <a 'sun/nio/fs/WindowsException'{0x00000000eb5d50e0}> (0x00000000eb5d50e0) 
thrown [s\src\hotspot\share\prims\jni.cpp, line 516]
Event: 16.919 Thread 0x0000022d9d8c0250 Exception <a 'sun/nio/fs/WindowsException'{0x00000000eb5d59c0}> (0x00000000eb5d59c0) 
thrown [s\src\hotspot\share\prims\jni.cpp, line 516]
Event: 16.919 Thread 0x0000022d9d8c0250 Exception <a 'sun/nio/fs/WindowsException'{0x00000000eb5d65a0}> (0x00000000eb5d65a0) 
thrown [s\src\hotspot\share\prims\jni.cpp, line 516]
Event: 16.919 Thread 0x0000022d9d8c0250 Exception <a 'sun/nio/fs/WindowsException'{0x00000000eb5d6e80}> (0x00000000eb5d6e80) 
thrown [s\src\hotspot\share\prims\jni.cpp, line 516]
Event: 16.920 Thread 0x0000022d9d8c0250 Exception <a 'sun/nio/fs/WindowsException'{0x00000000eb5d7ac0}> (0x00000000eb5d7ac0) 
thrown [s\src\hotspot\share\prims\jni.cpp, line 516]
Event: 16.920 Thread 0x0000022d9d8c0250 Exception <a 'sun/nio/fs/WindowsException'{0x00000000eb5d83a0}> (0x00000000eb5d83a0) 
thrown [s\src\hotspot\share\prims\jni.cpp, line 516]
Event: 16.923 Thread 0x0000022d9d8c0250 Exception <a 'sun/nio/fs/WindowsException'{0x00000000eb5d9d88}> (0x00000000eb5d9d88) 
thrown [s\src\hotspot\share\prims\jni.cpp, line 516]
Event: 16.923 Thread 0x0000022d9d8c0250 Exception <a 'sun/nio/fs/WindowsException'{0x00000000eb5da668}> (0x00000000eb5da668) 
thrown [s\src\hotspot\share\prims\jni.cpp, line 516]
Event: 16.930 Thread 0x0000022d9d8c0250 Exception <a 'java/lang/NoSuchMethodError'{0x00000000eb5ee830}: 'void java.lang.invoke.DirectMethodHandle$Holder.invokeVirtual(java.lang.Object, java.lang.Object, java.lang.Object, java.lang.Object)'> (0x00000000eb5ee830) 
thrown [s\src\hotspot\share\interpreter\linkResolver.cpp, line 759]
Event: 16.989 Thread 0x0000022d9d8c0250 Exception <a 'java/lang/NoSuchMethodError'{0x00000000eb7021a8}: 'java.lang.Object java.lang.invoke.DirectMethodHandle$Holder.newInvokeSpecial(java.lang.Object, java.lang.Object, java.lang.Object, java.lang.Object, java.lang.Object, java.lang.Object)'> (0x00000000eb7021a8) 
thrown [s\src\hotspot\share\interpreter\linkResolver.cpp, line 759]
Event: 17.210 Thread 0x0000022d9f79d2e0 Exception <a 'java/lang/NoSuchMethodError'{0x00000000eb8a1640}: 'java.lang.Object java.lang.invoke.Invokers$Holder.invoke_MT(java.lang.Object, java.lang.Object, java.lang.Object)'> (0x00000000eb8a1640) 
thrown [s\src\hotspot\share\interpreter\linkResolver.cpp, line 759]

VM Operations (20 events):
Event: 17.543 Executing VM operation: Cleanup
Event: 17.547 Executing VM operation: Cleanup done
Event: 17.564 Executing VM operation: ParallelGCFailedAllocation
Event: 17.569 Executing VM operation: ParallelGCFailedAllocation done
Event: 18.354 Executing VM operation: HandshakeAllThreads
Event: 18.354 Executing VM operation: HandshakeAllThreads done
Event: 18.460 Executing VM operation: ParallelGCFailedAllocation
Event: 18.464 Executing VM operation: ParallelGCFailedAllocation done
Event: 18.520 Executing VM operation: ParallelGCFailedAllocation
Event: 18.524 Executing VM operation: ParallelGCFailedAllocation done
Event: 18.601 Executing VM operation: ParallelGCFailedAllocation
Event: 18.605 Executing VM operation: ParallelGCFailedAllocation done
Event: 18.681 Executing VM operation: ParallelGCFailedAllocation
Event: 18.685 Executing VM operation: ParallelGCFailedAllocation done
Event: 18.749 Executing VM operation: ParallelGCFailedAllocation
Event: 18.754 Executing VM operation: ParallelGCFailedAllocation done
Event: 18.808 Executing VM operation: ParallelGCFailedAllocation
Event: 18.810 Executing VM operation: ParallelGCFailedAllocation done
Event: 18.932 Executing VM operation: HandshakeAllThreads
Event: 18.932 Executing VM operation: HandshakeAllThreads done

Events (20 events):
Event: 17.324 loading class java/nio/file/Files$3 done
Event: 17.324 loading class java/nio/file/FileVisitResult
Event: 17.324 loading class java/nio/file/FileVisitResult done
Event: 18.065 Thread 0x0000022dffec25c0 Thread exited: 0x0000022dffec25c0
Event: 18.263 loading class java/util/concurrent/locks/ReentrantReadWriteLock$Sync$HoldCounter
Event: 18.263 loading class java/util/concurrent/locks/ReentrantReadWriteLock$Sync$HoldCounter done
Event: 18.352 loading class java/nio/channels/Channels$ReadableByteChannelImpl
Event: 18.353 loading class java/nio/channels/Channels$ReadableByteChannelImpl done
Event: 18.356 loading class java/nio/channels/NonWritableChannelException
Event: 18.356 loading class java/nio/channels/NonWritableChannelException done
Event: 18.872 loading class sun/nio/cs/ThreadLocalCoders
Event: 18.872 loading class sun/nio/cs/ThreadLocalCoders done
Event: 18.873 loading class sun/nio/cs/ThreadLocalCoders$1
Event: 18.873 loading class sun/nio/cs/ThreadLocalCoders$Cache
Event: 18.873 loading class sun/nio/cs/ThreadLocalCoders$Cache done
Event: 18.873 loading class sun/nio/cs/ThreadLocalCoders$1 done
Event: 18.874 loading class sun/nio/cs/ThreadLocalCoders$2
Event: 18.874 loading class sun/nio/cs/ThreadLocalCoders$2 done
Event: 19.378 loading class java/lang/ExceptionInInitializerError
Event: 19.498 loading class java/lang/ExceptionInInitializerError done


Dynamic libraries:
0x00007ff7838e0000 - 0x00007ff7838ee000 	c:\Users\Tassandro\.vscode\extensions\redhat.java-1.33.0-win32-x64\jre\17.0.11-win32-x86_64\bin\java.exe
0x00007ff8083d0000 - 0x00007ff8085e7000 	C:\WINDOWS\SYSTEM32\ntdll.dll
0x00007fffdc5d0000 - 0x00007fffdc5ea000 	C:\Program Files\Avast Software\Avast\aswhook.dll
0x00007ff807080000 - 0x00007ff807144000 	C:\WINDOWS\System32\KERNEL32.DLL
0x00007ff805c00000 - 0x00007ff805fad000 	C:\WINDOWS\System32\KERNELBASE.dll
0x00007ff805fe0000 - 0x00007ff8060f1000 	C:\WINDOWS\System32\ucrtbase.dll
0x00007fff8b480000 - 0x00007fff8b497000 	c:\Users\Tassandro\.vscode\extensions\redhat.java-1.33.0-win32-x64\jre\17.0.11-win32-x86_64\bin\jli.dll
0x00007ff806200000 - 0x00007ff8063ae000 	C:\WINDOWS\System32\USER32.dll
0x00007ff805ab0000 - 0x00007ff805ad6000 	C:\WINDOWS\System32\win32u.dll
0x00007ff807750000 - 0x00007ff807779000 	C:\WINDOWS\System32\GDI32.dll
0x00007ff805ae0000 - 0x00007ff805bf9000 	C:\WINDOWS\System32\gdi32full.dll
0x00007ff805860000 - 0x00007ff8058fa000 	C:\WINDOWS\System32\msvcp_win.dll
0x00007fff8daa0000 - 0x00007fff8dabb000 	c:\Users\Tassandro\.vscode\extensions\redhat.java-1.33.0-win32-x64\jre\17.0.11-win32-x86_64\bin\VCRUNTIME140.dll
0x00007fffdf910000 - 0x00007fffdfba3000 	C:\WINDOWS\WinSxS\amd64_microsoft.windows.common-controls_6595b64144ccf1df_6.0.22621.3672_none_2713b9d173822955\COMCTL32.dll
0x00007ff806480000 - 0x00007ff806527000 	C:\WINDOWS\System32\msvcrt.dll
0x00007ff8063b0000 - 0x00007ff8063e1000 	C:\WINDOWS\System32\IMM32.DLL
0x00007fff7d600000 - 0x00007fff7d71a000 	C:\Program Files\Topaz OFD\Warsaw\wslbscr64.dll
0x00007ff806530000 - 0x00007ff8065e2000 	C:\WINDOWS\System32\ADVAPI32.dll
0x00007ff807150000 - 0x00007ff8071f9000 	C:\WINDOWS\System32\sechost.dll
0x00007ff805fb0000 - 0x00007ff805fd8000 	C:\WINDOWS\System32\bcrypt.dll
0x00007ff8068f0000 - 0x00007ff806a04000 	C:\WINDOWS\System32\RPCRT4.dll
0x00007ff807790000 - 0x00007ff807ff8000 	C:\WINDOWS\System32\SHELL32.dll
0x00007ff804710000 - 0x00007ff804744000 	C:\WINDOWS\SYSTEM32\ntmarta.dll
0x00007fff7b630000 - 0x00007fff7b72a000 	C:\Program Files\Topaz OFD\Warsaw\wslbscrwh64.dll
0x00007fffcc9d0000 - 0x00007fffcc9dc000 	c:\Users\Tassandro\.vscode\extensions\redhat.java-1.33.0-win32-x64\jre\17.0.11-win32-x86_64\bin\vcruntime140_1.dll
0x00007fff7b760000 - 0x00007fff7b7ed000 	c:\Users\Tassandro\.vscode\extensions\redhat.java-1.33.0-win32-x64\jre\17.0.11-win32-x86_64\bin\msvcp140.dll
0x00007fff4df10000 - 0x00007fff4eb72000 	c:\Users\Tassandro\.vscode\extensions\redhat.java-1.33.0-win32-x64\jre\17.0.11-win32-x86_64\bin\server\jvm.dll
0x00007ff8055b0000 - 0x00007ff8055fd000 	C:\WINDOWS\SYSTEM32\POWRPROF.dll
0x00007ffff8b70000 - 0x00007ffff8b79000 	C:\WINDOWS\SYSTEM32\WSOCK32.dll
0x00007ff806a20000 - 0x00007ff806a91000 	C:\WINDOWS\System32\WS2_32.dll
0x00007fffffd10000 - 0x00007fffffd44000 	C:\WINDOWS\SYSTEM32\WINMM.dll
0x00007ffffbb40000 - 0x00007ffffbb4a000 	C:\WINDOWS\SYSTEM32\VERSION.dll
0x00007ff8054e0000 - 0x00007ff8054f3000 	C:\WINDOWS\SYSTEM32\UMPDC.dll
0x00007ff8046f0000 - 0x00007ff804708000 	C:\WINDOWS\SYSTEM32\kernel.appcore.dll
0x00007fffc5810000 - 0x00007fffc581a000 	c:\Users\Tassandro\.vscode\extensions\redhat.java-1.33.0-win32-x64\jre\17.0.11-win32-x86_64\bin\jimage.dll
0x00007ff803250000 - 0x00007ff803482000 	C:\WINDOWS\SYSTEM32\DBGHELP.DLL
0x00007ff806cf0000 - 0x00007ff80707d000 	C:\WINDOWS\System32\combase.dll
0x00007ff806c10000 - 0x00007ff806ce7000 	C:\WINDOWS\System32\OLEAUT32.dll
0x00007ffffb740000 - 0x00007ffffb772000 	C:\WINDOWS\SYSTEM32\dbgcore.DLL
0x00007ff805970000 - 0x00007ff8059eb000 	C:\WINDOWS\System32\bcryptPrimitives.dll
0x00007ff801720000 - 0x00007ff80172e000 	c:\Users\Tassandro\.vscode\extensions\redhat.java-1.33.0-win32-x64\jre\17.0.11-win32-x86_64\bin\instrument.dll
0x00007fff8b140000 - 0x00007fff8b165000 	c:\Users\Tassandro\.vscode\extensions\redhat.java-1.33.0-win32-x64\jre\17.0.11-win32-x86_64\bin\java.dll
0x00007fff898f0000 - 0x00007fff89908000 	c:\Users\Tassandro\.vscode\extensions\redhat.java-1.33.0-win32-x64\jre\17.0.11-win32-x86_64\bin\zip.dll
0x00007ff8035f0000 - 0x00007ff803eee000 	C:\WINDOWS\SYSTEM32\windows.storage.dll
0x00007ff8034b0000 - 0x00007ff8035ef000 	C:\WINDOWS\SYSTEM32\wintypes.dll
0x0000022d9d2f0000 - 0x0000022d9d3e9000 	C:\WINDOWS\System32\SHCORE.dll
0x00007ff807250000 - 0x00007ff8072ae000 	C:\WINDOWS\System32\shlwapi.dll
0x00007ff805620000 - 0x00007ff805641000 	C:\WINDOWS\SYSTEM32\profapi.dll
0x00007fff80c00000 - 0x00007fff80c19000 	C:\Users\Tassandro\.vscode\extensions\redhat.java-1.33.0-win32-x64\jre\17.0.11-win32-x86_64\bin\net.dll
0x00007ff800680000 - 0x00007ff8007b6000 	C:\WINDOWS\SYSTEM32\WINHTTP.dll
0x00007ff804b60000 - 0x00007ff804bc9000 	C:\WINDOWS\system32\mswsock.dll
0x00007fff80be0000 - 0x00007fff80bf6000 	C:\Users\Tassandro\.vscode\extensions\redhat.java-1.33.0-win32-x64\jre\17.0.11-win32-x86_64\bin\nio.dll
0x00007fffc0920000 - 0x00007fffc0930000 	c:\Users\Tassandro\.vscode\extensions\redhat.java-1.33.0-win32-x64\jre\17.0.11-win32-x86_64\bin\verify.dll
0x00007fffcca60000 - 0x00007fffccaa5000 	C:\Users\Tassandro\AppData\Roaming\Code\User\globalStorage\redhat.java\1.33.0\config_ss_win\org.eclipse.equinox.launcher\org.eclipse.equinox.launcher.win32.win32.x86_64_1.2.1100.v20240722-2106\eclipse_11904.dll
0x0000022d9ed30000 - 0x0000022d9eed5000 	C:\WINDOWS\System32\ole32.dll
0x00007ff804e00000 - 0x00007ff804e1b000 	C:\WINDOWS\SYSTEM32\CRYPTSP.dll
0x00007ff804650000 - 0x00007ff804685000 	C:\WINDOWS\system32\rsaenh.dll
0x00007ff804c70000 - 0x00007ff804c98000 	C:\WINDOWS\SYSTEM32\USERENV.dll
0x00007ff804df0000 - 0x00007ff804dfc000 	C:\WINDOWS\SYSTEM32\CRYPTBASE.dll
0x00007ff804190000 - 0x00007ff8041bd000 	C:\WINDOWS\SYSTEM32\IPHLPAPI.DLL
0x00007ff806a10000 - 0x00007ff806a19000 	C:\WINDOWS\System32\NSI.dll
0x00007ff8005e0000 - 0x00007ff8005f9000 	C:\WINDOWS\SYSTEM32\dhcpcsvc6.DLL
0x00007ff800520000 - 0x00007ff80053f000 	C:\WINDOWS\SYSTEM32\dhcpcsvc.DLL
0x00007ff8041c0000 - 0x00007ff8042b8000 	C:\WINDOWS\SYSTEM32\DNSAPI.dll
0x00007fffbd0a0000 - 0x00007fffbd0e5000 	C:\Users\Tassandro\AppData\Local\Temp\jna--1879390009\jna7885550420069582865.dll
0x00007ff8068e0000 - 0x00007ff8068e8000 	C:\WINDOWS\System32\PSAPI.DLL

dbghelp: loaded successfully - version: 4.0.5 - missing functions: none
symbol engine: initialized successfully - sym options: 0x614 - pdb path: .;c:\Users\Tassandro\.vscode\extensions\redhat.java-1.33.0-win32-x64\jre\17.0.11-win32-x86_64\bin;C:\WINDOWS\SYSTEM32;C:\Program Files\Avast Software\Avast;C:\WINDOWS\WinSxS\amd64_microsoft.windows.common-controls_6595b64144ccf1df_6.0.22621.3672_none_2713b9d173822955;C:\Program Files\Topaz OFD\Warsaw;c:\Users\Tassandro\.vscode\extensions\redhat.java-1.33.0-win32-x64\jre\17.0.11-win32-x86_64\bin\server;C:\Users\Tassandro\AppData\Roaming\Code\User\globalStorage\redhat.java\1.33.0\config_ss_win\org.eclipse.equinox.launcher\org.eclipse.equinox.launcher.win32.win32.x86_64_1.2.1100.v20240722-2106;C:\Users\Tassandro\AppData\Local\Temp\jna--1879390009

VM Arguments:
jvm_args: --add-modules=ALL-SYSTEM --add-opens=java.base/java.util=ALL-UNNAMED --add-opens=java.base/java.lang=ALL-UNNAMED --add-opens=java.base/sun.nio.fs=ALL-UNNAMED -Declipse.application=org.eclipse.jdt.ls.core.id1 -Dosgi.bundles.defaultStartLevel=4 -Declipse.product=org.eclipse.jdt.ls.core.product -Djava.import.generatesMetadataFilesAtProjectRoot=false -DDetectVMInstallationsJob.disabled=true -Dfile.encoding=utf8 -XX:+UseParallelGC -XX:GCTimeRatio=4 -XX:AdaptiveSizePolicyWeight=90 -Dsun.zip.disableMemoryMapping=true -Xmx1G -Xms100m -Xlog:disable -javaagent:c:\Users\Tassandro\.vscode\extensions\redhat.java-1.33.0-win32-x64\lombok\lombok-1.18.33.jar 
java_command: c:\Users\Tassandro\.vscode\extensions\redhat.java-1.33.0-win32-x64\server\plugins\org.eclipse.equinox.launcher_1.6.900.v20240613-2009.jar -configuration c:\Users\Tassandro\AppData\Roaming\Code\User\globalStorage\redhat.java\1.33.0\config_ss_win -data c:\Users\Tassandro\AppData\Roaming\Code\User\workspaceStorage\dba2eb551ce987f1c3fd3a22b7243941\redhat.java\ss_ws --pipe=\\.\pipe\lsp-e2c463af49159c49852de1c9126c6349-sock
java_class_path (initial): c:\Users\Tassandro\.vscode\extensions\redhat.java-1.33.0-win32-x64\server\plugins\org.eclipse.equinox.launcher_1.6.900.v20240613-2009.jar
Launcher Type: SUN_STANDARD

[Global flags]
    uintx AdaptiveSizePolicyWeight                 = 90                                        {product} {command line}
     intx CICompilerCount                          = 12                                        {product} {ergonomic}
    uintx GCTimeRatio                              = 4                                         {product} {command line}
   size_t InitialHeapSize                          = 104857600                                 {product} {command line}
   size_t MaxHeapSize                              = 1073741824                                {product} {command line}
   size_t MaxNewSize                               = 357564416                                 {product} {ergonomic}
   size_t MinHeapDeltaBytes                        = 524288                                    {product} {ergonomic}
   size_t MinHeapSize                              = 104857600                                 {product} {command line}
   size_t NewSize                                  = 34603008                                  {product} {ergonomic}
    uintx NonNMethodCodeHeapSize                   = 7602480                                {pd product} {ergonomic}
    uintx NonProfiledCodeHeapSize                  = 122027880                              {pd product} {ergonomic}
   size_t OldSize                                  = 70254592                                  {product} {ergonomic}
    uintx ProfiledCodeHeapSize                     = 122027880                              {pd product} {ergonomic}
    uintx ReservedCodeCacheSize                    = 251658240                              {pd product} {ergonomic}
     bool SegmentedCodeCache                       = true                                      {product} {ergonomic}
   size_t SoftMaxHeapSize                          = 1073741824                             {manageable} {ergonomic}
     bool UseCompressedClassPointers               = true                           {product lp64_product} {ergonomic}
     bool UseCompressedOops                        = true                           {product lp64_product} {ergonomic}
     bool UseLargePagesIndividualAllocation        = false                                  {pd product} {ergonomic}
     bool UseParallelGC                            = true                                      {product} {command line}

Logging:
Log output configuration:
 #0: stdout all=off uptime,level,tags
 #1: stderr all=off uptime,level,tags

Environment Variables:
JAVA_HOME=C:\Program Files\Java\jdk-22
PATH=C:\Users\Tassandro\Desktop\Gradle\gradle-8.10-bin\gradle-8.10\bin
USERNAME=Tassandro
OS=Windows_NT
PROCESSOR_IDENTIFIER=AMD64 Family 23 Model 104 Stepping 1, AuthenticAMD
TMP=C:\Users\TASSAN~1\AppData\Local\Temp
TEMP=C:\Users\TASSAN~1\AppData\Local\Temp



Periodic native trim disabled


---------------  S Y S T E M  ---------------

OS:
 Windows 11 , 64 bit Build 22621 (10.0.22621.3958)
OS uptime: 2 days 14:45 hours
Hyper-V role detected

CPU: total 16 (initial active 16) (16 cores per cpu, 2 threads per core) family 23 model 104 stepping 1 microcode 0x0, cx8, cmov, fxsr, ht, mmx, 3dnowpref, sse, sse2, sse3, ssse3, sse4a, sse4.1, sse4.2, popcnt, lzcnt, tsc, tscinvbit, avx, avx2, aes, clmul, bmi1, bmi2, adx, sha, fma, vzeroupper, clflush, clflushopt, hv
Processor Information for all 16 processors :
  Max Mhz: 1801, Current Mhz: 1801, Mhz Limit: 1801

Memory: 4k page, system-wide physical 5989M (79M free)
TotalPageFile size 24421M (AvailPageFile size 5M)
current process WorkingSet (physical memory assigned to process): 160M, peak: 163M
current process commit charge ("private bytes"): 269M, peak: 278M

vm_info: OpenJDK 64-Bit Server VM (17.0.11+9) for windows-amd64 JRE (17.0.11+9), built on Apr 17 2024 06:07:48 by "admin" with MS VC++ 16.10 / 16.11 (VS2019)

END.
