#
# There is insufficient memory for the Java Runtime Environment to continue.
# Native memory allocation (malloc) failed to allocate 1836176 bytes. Error detail: Chunk::new
# Possible reasons:
#   The system is out of physical RAM or swap space
#   This process is running with CompressedOops enabled, and the Java Heap may be blocking the growth of the native heap
# Possible solutions:
#   Reduce memory load on the system
#   Increase physical memory or swap space
#   Check if swap backing store is full
#   Decrease Java heap size (-Xmx/-Xms)
#   Decrease number of Java threads
#   Decrease Java thread stack sizes (-Xss)
#   Set larger code cache with -XX:ReservedCodeCacheSize=
#   JVM is running with Unscaled Compressed Oops mode in which the Java heap is
#     placed in the first 4GB address space. The Java Heap base address is the
#     maximum limit for the native heap growth. Please use -XX:HeapBaseMinAddress
#     to set the Java Heap base and to place the Java Heap above 4GB virtual address.
# This output file may be truncated or incomplete.
#
#  Out of Memory Error (arena.cpp:191), pid=68984, tid=65804
#
# JRE version: OpenJDK Runtime Environment Temurin-17.0.11+9 (17.0.11+9) (build 17.0.11+9)
# Java VM: OpenJDK 64-Bit Server VM Temurin-17.0.11+9 (17.0.11+9, mixed mode, tiered, compressed oops, compressed class ptrs, parallel gc, windows-amd64)
# No core dump will be written. Minidumps are not enabled by default on client versions of Windows
#

---------------  S U M M A R Y ------------

Command Line: --add-modules=ALL-SYSTEM --add-opens=java.base/java.util=ALL-UNNAMED --add-opens=java.base/java.lang=ALL-UNNAMED --add-opens=java.base/sun.nio.fs=ALL-UNNAMED -Declipse.application=org.eclipse.jdt.ls.core.id1 -Dosgi.bundles.defaultStartLevel=4 -Declipse.product=org.eclipse.jdt.ls.core.product -Djava.import.generatesMetadataFilesAtProjectRoot=false -DDetectVMInstallationsJob.disabled=true -Dfile.encoding=utf8 -XX:+UseParallelGC -XX:GCTimeRatio=4 -XX:AdaptiveSizePolicyWeight=90 -Dsun.zip.disableMemoryMapping=true -Xmx1G -Xms100m -Xlog:disable -javaagent:c:\Users\Tassandro\.vscode\extensions\redhat.java-1.33.0-win32-x64\lombok\lombok-1.18.33.jar -XX:+HeapDumpOnOutOfMemoryError -XX:HeapDumpPath=c:\Users\Tassandro\AppData\Roaming\Code\User\workspaceStorage\dba2eb551ce987f1c3fd3a22b7243941\redhat.java -Daether.dependencyCollector.impl=bf c:\Users\Tassandro\.vscode\extensions\redhat.java-1.33.0-win32-x64\server\plugins\org.eclipse.equinox.launcher_1.6.900.v20240613-2009.jar -configuration c:\Users\Tassandro\AppData\Roaming\Code\User\globalStorage\redhat.java\1.33.0\config_win -data c:\Users\Tassandro\AppData\Roaming\Code\User\workspaceStorage\dba2eb551ce987f1c3fd3a22b7243941\redhat.java\jdt_ws --pipe=\\.\pipe\lsp-7c28809185e564c604de69b14ddc8a95-sock

Host: AMD Ryzen 7 5700U with Radeon Graphics         , 16 cores, 5G,  Windows 11 , 64 bit Build 22621 (10.0.22621.3958)
Time: Mon Aug 26 13:02:00 2024 Hora oficial do Brasil elapsed time: 89.324283 seconds (0d 0h 1m 29s)

---------------  T H R E A D  ---------------

Current thread (0x000001ef1e164c60):  JavaThread "C2 CompilerThread0" daemon [_thread_in_native, id=65804, stack(0x00000018fc700000,0x00000018fc800000)]


Current CompileTask:
C2:  89324 8820       4       org.eclipse.jdt.internal.core.search.indexing.AbstractIndexer::addMethodDeclaration (105 bytes)

Stack: [0x00000018fc700000,0x00000018fc800000]
Native frames: (J=compiled Java code, j=interpreted, Vv=VM code, C=native code)
V  [jvm.dll+0x67d429]
V  [jvm.dll+0x834b7a]
V  [jvm.dll+0x83663e]
V  [jvm.dll+0x836ca3]
V  [jvm.dll+0x247dbf]
V  [jvm.dll+0xac534]
V  [jvm.dll+0xacb7c]
V  [jvm.dll+0x3665f2]
V  [jvm.dll+0x1bd272]
V  [jvm.dll+0x21a5c9]
V  [jvm.dll+0x2198b1]
V  [jvm.dll+0x1a534d]
V  [jvm.dll+0x2295cd]
V  [jvm.dll+0x22779c]
V  [jvm.dll+0x7e9d07]
V  [jvm.dll+0x7e410a]
V  [jvm.dll+0x67c315]
C  [ucrtbase.dll+0x29333]
C  [KERNEL32.DLL+0x1257d]
C  [ntdll.dll+0x5af28]


---------------  P R O C E S S  ---------------

Threads class SMR info:
_java_thread_list=0x000001ef22891940, length=63, elements={
0x000001ef053c74d0, 0x000001ef0542bd70, 0x000001ef0542d570, 0x000001ef1920ea50,
0x000001ef1e156500, 0x000001ef1e157f10, 0x000001ef1e15b830, 0x000001ef1e164c60,
0x000001ef1e166d20, 0x000001ef1e171e10, 0x000001ef1e25e0e0, 0x000001ef205bdf70,
0x000001ef2090a3e0, 0x000001ef20c6fa70, 0x000001ef212bb860, 0x000001ef213e7310,
0x000001ef21251440, 0x000001ef031839a0, 0x000001ef03183eb0, 0x000001ef031843c0,
0x000001ef031848d0, 0x000001ef03181b40, 0x000001ef031852f0, 0x000001ef03182560,
0x000001ef03182f80, 0x000001ef21d83f00, 0x000001ef21d880d0, 0x000001ef21d87bc0,
0x000001ef21d89000, 0x000001ef21d89a20, 0x000001ef21d885e0, 0x000001ef21d8a440,
0x000001ef21d839f0, 0x000001ef21d86270, 0x000001ef21d84920, 0x000001ef21d88af0,
0x000001ef21d82fd0, 0x000001ef21d84410, 0x000001ef21d871a0, 0x000001ef21d89510,
0x000001ef21d8a950, 0x000001ef21d834e0, 0x000001ef21d876b0, 0x000001ef21d89f30,
0x000001ef21d85850, 0x000001ef21d85d60, 0x000001ef21d86c90, 0x000001ef21d86780,
0x000001ef22423170, 0x000001ef22423b90, 0x000001ef22421820, 0x000001ef22424ac0,
0x000001ef22422750, 0x000001ef224259f0, 0x000001ef22423680, 0x000001ef22425f00,
0x000001ef224245b0, 0x000001ef224240a0, 0x000001ef22422240, 0x000001ef22421d30,
0x000001ef224254e0, 0x000001ef22426410, 0x000001ef22426920
}

Java Threads: ( => current thread )
  0x000001ef053c74d0 JavaThread "main" [_thread_blocked, id=2556, stack(0x00000018fbe00000,0x00000018fbf00000)]
  0x000001ef0542bd70 JavaThread "Reference Handler" daemon [_thread_blocked, id=66924, stack(0x00000018fc100000,0x00000018fc200000)]
  0x000001ef0542d570 JavaThread "Finalizer" daemon [_thread_blocked, id=72444, stack(0x00000018fc200000,0x00000018fc300000)]
  0x000001ef1920ea50 JavaThread "Signal Dispatcher" daemon [_thread_blocked, id=9316, stack(0x00000018fc300000,0x00000018fc400000)]
  0x000001ef1e156500 JavaThread "Attach Listener" daemon [_thread_blocked, id=70648, stack(0x00000018fc400000,0x00000018fc500000)]
  0x000001ef1e157f10 JavaThread "Service Thread" daemon [_thread_blocked, id=9680, stack(0x00000018fc500000,0x00000018fc600000)]
  0x000001ef1e15b830 JavaThread "Monitor Deflation Thread" daemon [_thread_blocked, id=65560, stack(0x00000018fc600000,0x00000018fc700000)]
=>0x000001ef1e164c60 JavaThread "C2 CompilerThread0" daemon [_thread_in_native, id=65804, stack(0x00000018fc700000,0x00000018fc800000)]
  0x000001ef1e166d20 JavaThread "C1 CompilerThread0" daemon [_thread_blocked, id=69748, stack(0x00000018fc800000,0x00000018fc900000)]
  0x000001ef1e171e10 JavaThread "Sweeper thread" daemon [_thread_blocked, id=53408, stack(0x00000018fc900000,0x00000018fca00000)]
  0x000001ef1e25e0e0 JavaThread "Common-Cleaner" daemon [_thread_blocked, id=65820, stack(0x00000018fca00000,0x00000018fcb00000)]
  0x000001ef205bdf70 JavaThread "Notification Thread" daemon [_thread_blocked, id=69192, stack(0x00000018fcb00000,0x00000018fcc00000)]
  0x000001ef2090a3e0 JavaThread "Active Thread: Equinox Container: 72facfc3-4d97-4930-a6a5-9209b223452c" [_thread_blocked, id=68552, stack(0x00000018fd300000,0x00000018fd400000)]
  0x000001ef20c6fa70 JavaThread "Framework Event Dispatcher: Equinox Container: 72facfc3-4d97-4930-a6a5-9209b223452c" daemon [_thread_blocked, id=72480, stack(0x00000018fd400000,0x00000018fd500000)]
  0x000001ef212bb860 JavaThread "Start Level: Equinox Container: 72facfc3-4d97-4930-a6a5-9209b223452c" daemon [_thread_blocked, id=67024, stack(0x00000018fd500000,0x00000018fd600000)]
  0x000001ef213e7310 JavaThread "Bundle File Closer" daemon [_thread_blocked, id=71380, stack(0x00000018fd800000,0x00000018fd900000)]
  0x000001ef21251440 JavaThread "SCR Component Actor" daemon [_thread_blocked, id=60204, stack(0x00000018fda00000,0x00000018fdb00000)]
  0x000001ef031839a0 JavaThread "Worker-JM" [_thread_blocked, id=65876, stack(0x00000018fdf00000,0x00000018fe000000)]
  0x000001ef03183eb0 JavaThread "JNA Cleaner" daemon [_thread_blocked, id=72520, stack(0x00000018fe100000,0x00000018fe200000)]
  0x000001ef031843c0 JavaThread "Worker-0" [_thread_blocked, id=51644, stack(0x00000018fe200000,0x00000018fe300000)]
  0x000001ef031848d0 JavaThread "Worker-1" [_thread_blocked, id=71972, stack(0x00000018fe300000,0x00000018fe400000)]
  0x000001ef03181b40 JavaThread "Java indexing" daemon [_thread_in_Java, id=70820, stack(0x00000018fe400000,0x00000018fe500000)]
  0x000001ef031852f0 JavaThread "Worker-2: Synchronize Gradle projects with workspace" [_thread_blocked, id=60456, stack(0x00000018fe500000,0x00000018fe600000)]
  0x000001ef03182560 JavaThread "Worker-3: Java indexing... " [_thread_blocked, id=70828, stack(0x00000018fe600000,0x00000018fe700000)]
  0x000001ef03182f80 JavaThread "Thread-2" daemon [_thread_in_native, id=71092, stack(0x00000018fe700000,0x00000018fe800000)]
  0x000001ef21d83f00 JavaThread "Thread-3" daemon [_thread_in_native, id=54784, stack(0x00000018fe800000,0x00000018fe900000)]
  0x000001ef21d880d0 JavaThread "Thread-4" daemon [_thread_in_native, id=15316, stack(0x00000018fe900000,0x00000018fea00000)]
  0x000001ef21d87bc0 JavaThread "Thread-5" daemon [_thread_in_native, id=47252, stack(0x00000018fea00000,0x00000018feb00000)]
  0x000001ef21d89000 JavaThread "Thread-6" daemon [_thread_in_native, id=70520, stack(0x00000018feb00000,0x00000018fec00000)]
  0x000001ef21d89a20 JavaThread "Thread-7" daemon [_thread_in_native, id=70588, stack(0x00000018fec00000,0x00000018fed00000)]
  0x000001ef21d885e0 JavaThread "Thread-8" daemon [_thread_in_native, id=8800, stack(0x00000018fed00000,0x00000018fee00000)]
  0x000001ef21d8a440 JavaThread "Thread-9" daemon [_thread_in_native, id=71512, stack(0x00000018fee00000,0x00000018fef00000)]
  0x000001ef21d839f0 JavaThread "Thread-10" daemon [_thread_in_native, id=53704, stack(0x00000018fef00000,0x00000018ff000000)]
  0x000001ef21d86270 JavaThread "Thread-11" daemon [_thread_in_native, id=67420, stack(0x00000018ff000000,0x00000018ff100000)]
  0x000001ef21d84920 JavaThread "Thread-12" daemon [_thread_in_native, id=65596, stack(0x00000018ff100000,0x00000018ff200000)]
  0x000001ef21d88af0 JavaThread "Thread-13" daemon [_thread_in_native, id=38872, stack(0x00000018ff200000,0x00000018ff300000)]
  0x000001ef21d82fd0 JavaThread "Thread-14" daemon [_thread_in_native, id=65248, stack(0x00000018ff300000,0x00000018ff400000)]
  0x000001ef21d84410 JavaThread "Thread-15" daemon [_thread_in_native, id=46380, stack(0x00000018ff400000,0x00000018ff500000)]
  0x000001ef21d871a0 JavaThread "Thread-16" daemon [_thread_in_native, id=60364, stack(0x00000018ff500000,0x00000018ff600000)]
  0x000001ef21d89510 JavaThread "Thread-17" daemon [_thread_in_native, id=11292, stack(0x00000018ff600000,0x00000018ff700000)]
  0x000001ef21d8a950 JavaThread "Thread-18" daemon [_thread_in_native, id=58660, stack(0x00000018ff700000,0x00000018ff800000)]
  0x000001ef21d834e0 JavaThread "pool-2-thread-1" [_thread_blocked, id=65592, stack(0x00000018ff800000,0x00000018ff900000)]
  0x000001ef21d876b0 JavaThread "WorkspaceEventsHandler" [_thread_blocked, id=71848, stack(0x00000018ff900000,0x00000018ffa00000)]
  0x000001ef21d89f30 JavaThread "pool-1-thread-1" [_thread_blocked, id=72204, stack(0x00000018ffa00000,0x00000018ffb00000)]
  0x000001ef21d85850 JavaThread "Timer-0" [_thread_blocked, id=26656, stack(0x00000018ffb00000,0x00000018ffc00000)]
  0x000001ef21d85d60 JavaThread "Timer-1" [_thread_blocked, id=40268, stack(0x00000018ffc00000,0x00000018ffd00000)]
  0x000001ef21d86c90 JavaThread "pool-3-thread-1" [_thread_blocked, id=67796, stack(0x00000018fdb00000,0x00000018fdc00000)]
  0x000001ef21d86780 JavaThread "Timer-2" [_thread_blocked, id=44924, stack(0x00000018ffd00000,0x00000018ffe00000)]
  0x000001ef22423170 JavaThread "ForkJoinPool.commonPool-worker-1" daemon [_thread_blocked, id=67144, stack(0x0000001880000000,0x0000001880100000)]
  0x000001ef22423b90 JavaThread "ForkJoinPool.commonPool-worker-2" daemon [_thread_blocked, id=49692, stack(0x0000001880100000,0x0000001880200000)]
  0x000001ef22421820 JavaThread "ForkJoinPool.commonPool-worker-3" daemon [_thread_blocked, id=52624, stack(0x0000001880200000,0x0000001880300000)]
  0x000001ef22424ac0 JavaThread "ForkJoinPool.commonPool-worker-4" daemon [_thread_blocked, id=31076, stack(0x0000001880300000,0x0000001880400000)]
  0x000001ef22422750 JavaThread "ForkJoinPool.commonPool-worker-5" daemon [_thread_blocked, id=37240, stack(0x0000001880400000,0x0000001880500000)]
  0x000001ef224259f0 JavaThread "ForkJoinPool.commonPool-worker-6" daemon [_thread_blocked, id=65868, stack(0x0000001880500000,0x0000001880600000)]
  0x000001ef22423680 JavaThread "ForkJoinPool.commonPool-worker-7" daemon [_thread_blocked, id=17136, stack(0x0000001880600000,0x0000001880700000)]
  0x000001ef22425f00 JavaThread "Worker-4" [_thread_blocked, id=71756, stack(0x0000001880700000,0x0000001880800000)]
  0x000001ef224245b0 JavaThread "Worker-5" [_thread_blocked, id=68360, stack(0x0000001880800000,0x0000001880900000)]
  0x000001ef224240a0 JavaThread "Timer-3" [_thread_blocked, id=25448, stack(0x0000001880900000,0x0000001880a00000)]
  0x000001ef22422240 JavaThread "Timer-4" [_thread_blocked, id=67276, stack(0x0000001880a00000,0x0000001880b00000)]
  0x000001ef22421d30 JavaThread "Connection worker" [_thread_blocked, id=72036, stack(0x0000001880b00000,0x0000001880c00000)]
  0x000001ef224254e0 JavaThread "pool-4-thread-1" [_thread_blocked, id=72336, stack(0x0000001880c00000,0x0000001880d00000)]
  0x000001ef22426410 JavaThread "Exec process" [_thread_in_native, id=36612, stack(0x0000001880d00000,0x0000001880e00000)]
  0x000001ef22426920 JavaThread "Exec process Thread 2" [_thread_blocked, id=19544, stack(0x0000001880f00000,0x0000001881000000)]

Other Threads:
  0x000001ef05428940 VMThread "VM Thread" [stack: 0x00000018fc000000,0x00000018fc100000] [id=54396]
  0x000001ef2054c920 WatcherThread [stack: 0x00000018fcc00000,0x00000018fcd00000] [id=68368]
  0x000001ef053dbba0 GCTaskThread "GC Thread#0" [stack: 0x00000018fbf00000,0x00000018fc000000] [id=72648]
  0x000001ef20eaa150 GCTaskThread "GC Thread#1" [stack: 0x00000018fce00000,0x00000018fcf00000] [id=70116]
  0x000001ef20eaacb0 GCTaskThread "GC Thread#2" [stack: 0x00000018fcf00000,0x00000018fd000000] [id=69488]
  0x000001ef20eaaf70 GCTaskThread "GC Thread#3" [stack: 0x00000018fd000000,0x00000018fd100000] [id=70084]
  0x000001ef20f85010 GCTaskThread "GC Thread#4" [stack: 0x00000018fd100000,0x00000018fd200000] [id=63396]
  0x000001ef20f852d0 GCTaskThread "GC Thread#5" [stack: 0x00000018fd200000,0x00000018fd300000] [id=71628]
  0x000001ef20c0eb40 GCTaskThread "GC Thread#6" [stack: 0x00000018fd600000,0x00000018fd700000] [id=51584]
  0x000001ef0324a200 GCTaskThread "GC Thread#7" [stack: 0x00000018fd700000,0x00000018fd800000] [id=71024]
  0x000001ef2168cf70 GCTaskThread "GC Thread#8" [stack: 0x00000018fd900000,0x00000018fda00000] [id=4532]
  0x000001ef21354d60 GCTaskThread "GC Thread#9" [stack: 0x00000018fdc00000,0x00000018fdd00000] [id=65352]
  0x000001ef2134f250 GCTaskThread "GC Thread#10" [stack: 0x00000018fdd00000,0x00000018fde00000] [id=35044]
  0x000001ef2134f510 GCTaskThread "GC Thread#11" [stack: 0x00000018fde00000,0x00000018fdf00000] [id=71824]
  0x000001ef21226a20 GCTaskThread "GC Thread#12" [stack: 0x00000018fe000000,0x00000018fe100000] [id=61188]

Threads with active compile tasks:
C2 CompilerThread0    89435 8820       4       org.eclipse.jdt.internal.core.search.indexing.AbstractIndexer::addMethodDeclaration (105 bytes)

VM state: not at safepoint (normal execution)

VM Mutex/Monitor currently owned by a thread: None

Heap address: 0x00000000c0000000, size: 1024 MB, Compressed Oops mode: 32-bit

CDS archive(s) not mapped
Compressed class space mapped at: 0x0000000100000000-0x0000000140000000, reserved size: 1073741824
Narrow klass base: 0x0000000000000000, Narrow klass shift: 3, Narrow klass range: 0x140000000

GC Precious Log:
 CPUs: 16 total, 16 available
 Memory: 5989M
 Large Page Support: Disabled
 NUMA Support: Disabled
 Compressed Oops: Enabled (32-bit)
 Alignments: Space 512K, Generation 512K, Heap 2M
 Heap Min Capacity: 100M
 Heap Initial Capacity: 100M
 Heap Max Capacity: 1G
 Pre-touch: Disabled
 Parallel Workers: 13

Heap:
 PSYoungGen      total 32256K, used 19238K [0x00000000eab00000, 0x00000000ed800000, 0x0000000100000000)
  eden space 22528K, 43% used [0x00000000eab00000,0x00000000eb4a2b78,0x00000000ec100000)
  from space 9728K, 96% used [0x00000000ece80000,0x00000000ed7a6d30,0x00000000ed800000)
  to   space 10752K, 0% used [0x00000000ec300000,0x00000000ec300000,0x00000000ecd80000)
 ParOldGen       total 306176K, used 288024K [0x00000000c0000000, 0x00000000d2b00000, 0x00000000eab00000)
  object space 306176K, 94% used [0x00000000c0000000,0x00000000d1946248,0x00000000d2b00000)
 Metaspace       used 73156K, committed 74368K, reserved 1114112K
  class space    used 8875K, committed 9408K, reserved 1048576K

Card table byte_map: [0x000001ef04d40000,0x000001ef04f50000] _byte_map_base: 0x000001ef04740000

Marking Bits: (ParMarkBitMap*) 0x00007fff4eaad820
 Begin Bits: [0x000001ef17010000, 0x000001ef18010000)
 End Bits:   [0x000001ef18010000, 0x000001ef19010000)

Polling page: 0x000001ef04b30000

Metaspace:

Usage:
  Non-class:     62.77 MB used.
      Class:      8.67 MB used.
       Both:     71.44 MB used.

Virtual space:
  Non-class space:       64.00 MB reserved,      63.44 MB (>99%) committed,  1 nodes.
      Class space:        1.00 GB reserved,       9.19 MB ( <1%) committed,  1 nodes.
             Both:        1.06 GB reserved,      72.62 MB (  7%) committed. 

Chunk freelists:
   Non-Class:  164.00 KB
       Class:  6.86 MB
        Both:  7.02 MB

MaxMetaspaceSize: unlimited
CompressedClassSpaceSize: 1.00 GB
Initial GC threshold: 21.00 MB
Current GC threshold: 121.06 MB
CDS: off
MetaspaceReclaimPolicy: balanced
 - commit_granule_bytes: 65536.
 - commit_granule_words: 8192.
 - virtual_space_node_default_size: 8388608.
 - enlarge_chunks_in_place: 1.
 - new_chunks_are_fully_committed: 0.
 - uncommit_free_chunks: 1.
 - use_allocation_guard: 0.
 - handle_deallocations: 1.


Internal statistics:

num_allocs_failed_limit: 9.
num_arena_births: 712.
num_arena_deaths: 28.
num_vsnodes_births: 2.
num_vsnodes_deaths: 0.
num_space_committed: 1162.
num_space_uncommitted: 0.
num_chunks_returned_to_freelist: 43.
num_chunks_taken_from_freelist: 3574.
num_chunk_merges: 12.
num_chunk_splits: 2319.
num_chunks_enlarged: 1491.
num_inconsistent_stats: 0.

CodeHeap 'non-profiled nmethods': size=119168Kb used=4073Kb max_used=4103Kb free=115094Kb
 bounds [0x000001ef0fbb0000, 0x000001ef0fff0000, 0x000001ef17010000]
CodeHeap 'profiled nmethods': size=119104Kb used=15117Kb max_used=15875Kb free=103986Kb
 bounds [0x000001ef08010000, 0x000001ef08fa0000, 0x000001ef0f460000]
CodeHeap 'non-nmethods': size=7488Kb used=1342Kb max_used=1951Kb free=6145Kb
 bounds [0x000001ef0f460000, 0x000001ef0f6d0000, 0x000001ef0fbb0000]
 total_blobs=8035 nmethods=7353 adapters=596
 compilation: enabled
              stopped_count=0, restarted_count=0
 full_count=0

Compilation events (20 events):
Event: 88.682 Thread 0x000001ef1e166d20 9019       2       sun.nio.fs.WindowsUriSupport::fromUri (312 bytes)
Event: 88.684 Thread 0x000001ef1e164c60 nmethod 8821 0x000001ef0fef5f10 code [0x000001ef0fef60a0, 0x000001ef0fef6478]
Event: 88.684 Thread 0x000001ef1e164c60 8813  s    4       org.eclipse.jdt.internal.compiler.classfmt.MethodInfo::readModifierRelatedAttributes (216 bytes)
Event: 88.685 Thread 0x000001ef1e166d20 nmethod 9019 0x000001ef08afca90 code [0x000001ef08afce20, 0x000001ef08afdd68]
Event: 88.685 Thread 0x000001ef1e166d20 9020       2       org.eclipse.core.internal.filesystem.InternalFileSystemCore::getInstance (4 bytes)
Event: 88.685 Thread 0x000001ef1e166d20 nmethod 9020 0x000001ef08442090 code [0x000001ef08442220, 0x000001ef08442318]
Event: 88.685 Thread 0x000001ef1e166d20 9021   !   2       org.eclipse.core.internal.filesystem.InternalFileSystemCore::getFileSystem (141 bytes)
Event: 88.687 Thread 0x000001ef1e166d20 nmethod 9021 0x000001ef08183f90 code [0x000001ef08184220, 0x000001ef08184be8]
Event: 88.687 Thread 0x000001ef1e166d20 9023       2       org.eclipse.jdt.ls.core.internal.filesystem.JLSFileSystem::getStore (76 bytes)
Event: 88.688 Thread 0x000001ef1e166d20 nmethod 9023 0x000001ef08d39c90 code [0x000001ef08d39f40, 0x000001ef08d3a7b8]
Event: 88.695 Thread 0x000001ef1e164c60 nmethod 8813 0x000001ef0fe85a90 code [0x000001ef0fe85c40, 0x000001ef0fe869d8]
Event: 88.695 Thread 0x000001ef1e164c60 8799       4       org.eclipse.jdt.internal.core.search.indexing.BinaryIndexer::decodeReturnType (407 bytes)
Event: 88.721 Thread 0x000001ef1e164c60 nmethod 8799 0x000001ef0ff45210 code [0x000001ef0ff45460, 0x000001ef0ff46ba0]
Event: 88.722 Thread 0x000001ef1e164c60 8820       4       org.eclipse.jdt.internal.core.search.indexing.AbstractIndexer::addMethodDeclaration (105 bytes)
Event: 88.857 Thread 0x000001ef1e166d20 9027       3       org.eclipse.jdt.internal.compiler.classfmt.AnnotationInfo::scanElementValue (256 bytes)
Event: 88.857 Thread 0x000001ef1e166d20 nmethod 9027 0x000001ef08d70890 code [0x000001ef08d70aa0, 0x000001ef08d714f8]
Event: 89.032 Thread 0x000001ef1e166d20 9029       2       java.util.concurrent.ThreadPoolExecutor::runStateAtLeast (11 bytes)
Event: 89.032 Thread 0x000001ef1e166d20 nmethod 9029 0x000001ef0876ee10 code [0x000001ef0876efa0, 0x000001ef0876f098]
Event: 89.155 Thread 0x000001ef1e166d20 9032       3       org.eclipse.jdt.internal.core.search.indexing.BinaryIndexer::addBinaryStandardAnnotations (238 bytes)
Event: 89.160 Thread 0x000001ef1e166d20 nmethod 9032 0x000001ef08234f90 code [0x000001ef08235640, 0x000001ef08239c98]

GC Heap History (20 events):
Event: 88.063 GC heap before
{Heap before GC invocations=345 (full 12):
 PSYoungGen      total 21504K, used 21211K [0x00000000eab00000, 0x00000000ec600000, 0x0000000100000000)
  eden space 16896K, 100% used [0x00000000eab00000,0x00000000ebb80000,0x00000000ebb80000)
  from space 4608K, 93% used [0x00000000ebb80000,0x00000000ebfb6d38,0x00000000ec000000)
  to   space 4608K, 0% used [0x00000000ec180000,0x00000000ec180000,0x00000000ec600000)
 ParOldGen       total 263680K, used 251140K [0x00000000c0000000, 0x00000000d0180000, 0x00000000eab00000)
  object space 263680K, 95% used [0x00000000c0000000,0x00000000cf541058,0x00000000d0180000)
 Metaspace       used 73113K, committed 74368K, reserved 1114112K
  class space    used 8872K, committed 9408K, reserved 1048576K
}
Event: 88.068 GC heap after
{Heap after GC invocations=345 (full 12):
 PSYoungGen      total 23040K, used 3946K [0x00000000eab00000, 0x00000000ec580000, 0x0000000100000000)
  eden space 18944K, 0% used [0x00000000eab00000,0x00000000eab00000,0x00000000ebd80000)
  from space 4096K, 96% used [0x00000000ec180000,0x00000000ec55aa00,0x00000000ec580000)
  to   space 4096K, 0% used [0x00000000ebd80000,0x00000000ebd80000,0x00000000ec180000)
 ParOldGen       total 263680K, used 255167K [0x00000000c0000000, 0x00000000d0180000, 0x00000000eab00000)
  object space 263680K, 96% used [0x00000000c0000000,0x00000000cf92fde0,0x00000000d0180000)
 Metaspace       used 73113K, committed 74368K, reserved 1114112K
  class space    used 8872K, committed 9408K, reserved 1048576K
}
Event: 88.171 GC heap before
{Heap before GC invocations=346 (full 12):
 PSYoungGen      total 23040K, used 22890K [0x00000000eab00000, 0x00000000ec580000, 0x0000000100000000)
  eden space 18944K, 100% used [0x00000000eab00000,0x00000000ebd80000,0x00000000ebd80000)
  from space 4096K, 96% used [0x00000000ec180000,0x00000000ec55aa00,0x00000000ec580000)
  to   space 4096K, 0% used [0x00000000ebd80000,0x00000000ebd80000,0x00000000ec180000)
 ParOldGen       total 263680K, used 255167K [0x00000000c0000000, 0x00000000d0180000, 0x00000000eab00000)
  object space 263680K, 96% used [0x00000000c0000000,0x00000000cf92fde0,0x00000000d0180000)
 Metaspace       used 73113K, committed 74368K, reserved 1114112K
  class space    used 8872K, committed 9408K, reserved 1048576K
}
Event: 88.177 GC heap after
{Heap after GC invocations=346 (full 12):
 PSYoungGen      total 23040K, used 4078K [0x00000000eab00000, 0x00000000ed080000, 0x0000000100000000)
  eden space 18944K, 0% used [0x00000000eab00000,0x00000000eab00000,0x00000000ebd80000)
  from space 4096K, 99% used [0x00000000ebd80000,0x00000000ec17b830,0x00000000ec180000)
  to   space 8704K, 0% used [0x00000000ec800000,0x00000000ec800000,0x00000000ed080000)
 ParOldGen       total 263680K, used 259004K [0x00000000c0000000, 0x00000000d0180000, 0x00000000eab00000)
  object space 263680K, 98% used [0x00000000c0000000,0x00000000cfcef120,0x00000000d0180000)
 Metaspace       used 73113K, committed 74368K, reserved 1114112K
  class space    used 8872K, committed 9408K, reserved 1048576K
}
Event: 88.269 GC heap before
{Heap before GC invocations=347 (full 12):
 PSYoungGen      total 23040K, used 23022K [0x00000000eab00000, 0x00000000ed080000, 0x0000000100000000)
  eden space 18944K, 100% used [0x00000000eab00000,0x00000000ebd80000,0x00000000ebd80000)
  from space 4096K, 99% used [0x00000000ebd80000,0x00000000ec17b830,0x00000000ec180000)
  to   space 8704K, 0% used [0x00000000ec800000,0x00000000ec800000,0x00000000ed080000)
 ParOldGen       total 263680K, used 259004K [0x00000000c0000000, 0x00000000d0180000, 0x00000000eab00000)
  object space 263680K, 98% used [0x00000000c0000000,0x00000000cfcef120,0x00000000d0180000)
 Metaspace       used 73113K, committed 74368K, reserved 1114112K
  class space    used 8872K, committed 9408K, reserved 1048576K
}
Event: 88.277 GC heap after
{Heap after GC invocations=347 (full 12):
 PSYoungGen      total 25600K, used 4317K [0x00000000eab00000, 0x00000000ecc80000, 0x0000000100000000)
  eden space 20992K, 0% used [0x00000000eab00000,0x00000000eab00000,0x00000000ebf80000)
  from space 4608K, 93% used [0x00000000ec800000,0x00000000ecc37680,0x00000000ecc80000)
  to   space 5632K, 0% used [0x00000000ec180000,0x00000000ec180000,0x00000000ec700000)
 ParOldGen       total 263680K, used 262955K [0x00000000c0000000, 0x00000000d0180000, 0x00000000eab00000)
  object space 263680K, 99% used [0x00000000c0000000,0x00000000d00cac80,0x00000000d0180000)
 Metaspace       used 73113K, committed 74368K, reserved 1114112K
  class space    used 8872K, committed 9408K, reserved 1048576K
}
Event: 88.277 GC heap before
{Heap before GC invocations=348 (full 13):
 PSYoungGen      total 25600K, used 4317K [0x00000000eab00000, 0x00000000ecc80000, 0x0000000100000000)
  eden space 20992K, 0% used [0x00000000eab00000,0x00000000eab00000,0x00000000ebf80000)
  from space 4608K, 93% used [0x00000000ec800000,0x00000000ecc37680,0x00000000ecc80000)
  to   space 5632K, 0% used [0x00000000ec180000,0x00000000ec180000,0x00000000ec700000)
 ParOldGen       total 263680K, used 262955K [0x00000000c0000000, 0x00000000d0180000, 0x00000000eab00000)
  object space 263680K, 99% used [0x00000000c0000000,0x00000000d00cac80,0x00000000d0180000)
 Metaspace       used 73113K, committed 74368K, reserved 1114112K
  class space    used 8872K, committed 9408K, reserved 1048576K
}
Event: 88.548 GC heap after
{Heap after GC invocations=348 (full 13):
 PSYoungGen      total 28672K, used 0K [0x00000000eab00000, 0x00000000ecc80000, 0x0000000100000000)
  eden space 23040K, 0% used [0x00000000eab00000,0x00000000eab00000,0x00000000ec180000)
  from space 5632K, 0% used [0x00000000ec180000,0x00000000ec180000,0x00000000ec700000)
  to   space 5632K, 0% used [0x00000000ec700000,0x00000000ec700000,0x00000000ecc80000)
 ParOldGen       total 306176K, used 262664K [0x00000000c0000000, 0x00000000d2b00000, 0x00000000eab00000)
  object space 306176K, 85% used [0x00000000c0000000,0x00000000d0082300,0x00000000d2b00000)
 Metaspace       used 73113K, committed 74368K, reserved 1114112K
  class space    used 8872K, committed 9408K, reserved 1048576K
}
Event: 88.657 GC heap before
{Heap before GC invocations=349 (full 13):
 PSYoungGen      total 28672K, used 23040K [0x00000000eab00000, 0x00000000ecc80000, 0x0000000100000000)
  eden space 23040K, 100% used [0x00000000eab00000,0x00000000ec180000,0x00000000ec180000)
  from space 5632K, 0% used [0x00000000ec180000,0x00000000ec180000,0x00000000ec700000)
  to   space 5632K, 0% used [0x00000000ec700000,0x00000000ec700000,0x00000000ecc80000)
 ParOldGen       total 306176K, used 262664K [0x00000000c0000000, 0x00000000d2b00000, 0x00000000eab00000)
  object space 306176K, 85% used [0x00000000c0000000,0x00000000d0082300,0x00000000d2b00000)
 Metaspace       used 73129K, committed 74368K, reserved 1114112K
  class space    used 8874K, committed 9408K, reserved 1048576K
}
Event: 88.664 GC heap after
{Heap after GC invocations=349 (full 13):
 PSYoungGen      total 28160K, used 5529K [0x00000000eab00000, 0x00000000ecf80000, 0x0000000100000000)
  eden space 22528K, 0% used [0x00000000eab00000,0x00000000eab00000,0x00000000ec100000)
  from space 5632K, 98% used [0x00000000ec700000,0x00000000ecc66538,0x00000000ecc80000)
  to   space 6144K, 0% used [0x00000000ec100000,0x00000000ec100000,0x00000000ec700000)
 ParOldGen       total 306176K, used 262664K [0x00000000c0000000, 0x00000000d2b00000, 0x00000000eab00000)
  object space 306176K, 85% used [0x00000000c0000000,0x00000000d0082300,0x00000000d2b00000)
 Metaspace       used 73129K, committed 74368K, reserved 1114112K
  class space    used 8874K, committed 9408K, reserved 1048576K
}
Event: 88.796 GC heap before
{Heap before GC invocations=350 (full 13):
 PSYoungGen      total 28160K, used 28057K [0x00000000eab00000, 0x00000000ecf80000, 0x0000000100000000)
  eden space 22528K, 100% used [0x00000000eab00000,0x00000000ec100000,0x00000000ec100000)
  from space 5632K, 98% used [0x00000000ec700000,0x00000000ecc66538,0x00000000ecc80000)
  to   space 6144K, 0% used [0x00000000ec100000,0x00000000ec100000,0x00000000ec700000)
 ParOldGen       total 306176K, used 262664K [0x00000000c0000000, 0x00000000d2b00000, 0x00000000eab00000)
  object space 306176K, 85% used [0x00000000c0000000,0x00000000d0082300,0x00000000d2b00000)
 Metaspace       used 73150K, committed 74368K, reserved 1114112K
  class space    used 8874K, committed 9408K, reserved 1048576K
}
Event: 88.801 GC heap after
{Heap after GC invocations=350 (full 13):
 PSYoungGen      total 28672K, used 6122K [0x00000000eab00000, 0x00000000ed700000, 0x0000000100000000)
  eden space 22528K, 0% used [0x00000000eab00000,0x00000000eab00000,0x00000000ec100000)
  from space 6144K, 99% used [0x00000000ec100000,0x00000000ec6fab90,0x00000000ec700000)
  to   space 11264K, 0% used [0x00000000ecc00000,0x00000000ecc00000,0x00000000ed700000)
 ParOldGen       total 306176K, used 266888K [0x00000000c0000000, 0x00000000d2b00000, 0x00000000eab00000)
  object space 306176K, 87% used [0x00000000c0000000,0x00000000d04a2240,0x00000000d2b00000)
 Metaspace       used 73150K, committed 74368K, reserved 1114112K
  class space    used 8874K, committed 9408K, reserved 1048576K
}
Event: 88.915 GC heap before
{Heap before GC invocations=351 (full 13):
 PSYoungGen      total 28672K, used 28650K [0x00000000eab00000, 0x00000000ed700000, 0x0000000100000000)
  eden space 22528K, 100% used [0x00000000eab00000,0x00000000ec100000,0x00000000ec100000)
  from space 6144K, 99% used [0x00000000ec100000,0x00000000ec6fab90,0x00000000ec700000)
  to   space 11264K, 0% used [0x00000000ecc00000,0x00000000ecc00000,0x00000000ed700000)
 ParOldGen       total 306176K, used 266888K [0x00000000c0000000, 0x00000000d2b00000, 0x00000000eab00000)
  object space 306176K, 87% used [0x00000000c0000000,0x00000000d04a2240,0x00000000d2b00000)
 Metaspace       used 73150K, committed 74368K, reserved 1114112K
  class space    used 8874K, committed 9408K, reserved 1048576K
}
Event: 88.923 GC heap after
{Heap after GC invocations=351 (full 13):
 PSYoungGen      total 30720K, used 8115K [0x00000000eab00000, 0x00000000ed400000, 0x0000000100000000)
  eden space 22528K, 0% used [0x00000000eab00000,0x00000000eab00000,0x00000000ec100000)
  from space 8192K, 99% used [0x00000000ecc00000,0x00000000ed3eccb0,0x00000000ed400000)
  to   space 9216K, 0% used [0x00000000ec200000,0x00000000ec200000,0x00000000ecb00000)
 ParOldGen       total 306176K, used 269995K [0x00000000c0000000, 0x00000000d2b00000, 0x00000000eab00000)
  object space 306176K, 88% used [0x00000000c0000000,0x00000000d07aad38,0x00000000d2b00000)
 Metaspace       used 73150K, committed 74368K, reserved 1114112K
  class space    used 8874K, committed 9408K, reserved 1048576K
}
Event: 89.037 GC heap before
{Heap before GC invocations=352 (full 13):
 PSYoungGen      total 30720K, used 30643K [0x00000000eab00000, 0x00000000ed400000, 0x0000000100000000)
  eden space 22528K, 100% used [0x00000000eab00000,0x00000000ec100000,0x00000000ec100000)
  from space 8192K, 99% used [0x00000000ecc00000,0x00000000ed3eccb0,0x00000000ed400000)
  to   space 9216K, 0% used [0x00000000ec200000,0x00000000ec200000,0x00000000ecb00000)
 ParOldGen       total 306176K, used 269995K [0x00000000c0000000, 0x00000000d2b00000, 0x00000000eab00000)
  object space 306176K, 88% used [0x00000000c0000000,0x00000000d07aad38,0x00000000d2b00000)
 Metaspace       used 73150K, committed 74368K, reserved 1114112K
  class space    used 8874K, committed 9408K, reserved 1048576K
}
Event: 89.043 GC heap after
{Heap after GC invocations=352 (full 13):
 PSYoungGen      total 31744K, used 9196K [0x00000000eab00000, 0x00000000ed400000, 0x0000000100000000)
  eden space 22528K, 0% used [0x00000000eab00000,0x00000000eab00000,0x00000000ec100000)
  from space 9216K, 99% used [0x00000000ec200000,0x00000000ecafb170,0x00000000ecb00000)
  to   space 8192K, 0% used [0x00000000ecc00000,0x00000000ecc00000,0x00000000ed400000)
 ParOldGen       total 306176K, used 273629K [0x00000000c0000000, 0x00000000d2b00000, 0x00000000eab00000)
  object space 306176K, 89% used [0x00000000c0000000,0x00000000d0b37518,0x00000000d2b00000)
 Metaspace       used 73150K, committed 74368K, reserved 1114112K
  class space    used 8874K, committed 9408K, reserved 1048576K
}
Event: 89.128 GC heap before
{Heap before GC invocations=353 (full 13):
 PSYoungGen      total 31744K, used 31724K [0x00000000eab00000, 0x00000000ed400000, 0x0000000100000000)
  eden space 22528K, 100% used [0x00000000eab00000,0x00000000ec100000,0x00000000ec100000)
  from space 9216K, 99% used [0x00000000ec200000,0x00000000ecafb170,0x00000000ecb00000)
  to   space 8192K, 0% used [0x00000000ecc00000,0x00000000ecc00000,0x00000000ed400000)
 ParOldGen       total 306176K, used 273629K [0x00000000c0000000, 0x00000000d2b00000, 0x00000000eab00000)
  object space 306176K, 89% used [0x00000000c0000000,0x00000000d0b37518,0x00000000d2b00000)
 Metaspace       used 73150K, committed 74368K, reserved 1114112K
  class space    used 8874K, committed 9408K, reserved 1048576K
}
Event: 89.136 GC heap after
{Heap after GC invocations=353 (full 13):
 PSYoungGen      total 30720K, used 7987K [0x00000000eab00000, 0x00000000ed500000, 0x0000000100000000)
  eden space 22528K, 0% used [0x00000000eab00000,0x00000000eab00000,0x00000000ec100000)
  from space 8192K, 97% used [0x00000000ecc00000,0x00000000ed3ccdb0,0x00000000ed400000)
  to   space 10240K, 0% used [0x00000000ec100000,0x00000000ec100000,0x00000000ecb00000)
 ParOldGen       total 306176K, used 279451K [0x00000000c0000000, 0x00000000d2b00000, 0x00000000eab00000)
  object space 306176K, 91% used [0x00000000c0000000,0x00000000d10e6ff8,0x00000000d2b00000)
 Metaspace       used 73150K, committed 74368K, reserved 1114112K
  class space    used 8874K, committed 9408K, reserved 1048576K
}
Event: 89.246 GC heap before
{Heap before GC invocations=354 (full 13):
 PSYoungGen      total 30720K, used 30515K [0x00000000eab00000, 0x00000000ed500000, 0x0000000100000000)
  eden space 22528K, 100% used [0x00000000eab00000,0x00000000ec100000,0x00000000ec100000)
  from space 8192K, 97% used [0x00000000ecc00000,0x00000000ed3ccdb0,0x00000000ed400000)
  to   space 10240K, 0% used [0x00000000ec100000,0x00000000ec100000,0x00000000ecb00000)
 ParOldGen       total 306176K, used 279451K [0x00000000c0000000, 0x00000000d2b00000, 0x00000000eab00000)
  object space 306176K, 91% used [0x00000000c0000000,0x00000000d10e6ff8,0x00000000d2b00000)
 Metaspace       used 73150K, committed 74368K, reserved 1114112K
  class space    used 8874K, committed 9408K, reserved 1048576K
}
Event: 89.253 GC heap after
{Heap after GC invocations=354 (full 13):
 PSYoungGen      total 32768K, used 10229K [0x00000000eab00000, 0x00000000edc00000, 0x0000000100000000)
  eden space 22528K, 0% used [0x00000000eab00000,0x00000000eab00000,0x00000000ec100000)
  from space 10240K, 99% used [0x00000000ec100000,0x00000000ecafd5d0,0x00000000ecb00000)
  to   space 13824K, 0% used [0x00000000ece80000,0x00000000ece80000,0x00000000edc00000)
 ParOldGen       total 306176K, used 281944K [0x00000000c0000000, 0x00000000d2b00000, 0x00000000eab00000)
  object space 306176K, 92% used [0x00000000c0000000,0x00000000d1356110,0x00000000d2b00000)
 Metaspace       used 73150K, committed 74368K, reserved 1114112K
  class space    used 8874K, committed 9408K, reserved 1048576K
}

Dll operation events (14 events):
Event: 0.018 Loaded shared library c:\Users\Tassandro\.vscode\extensions\redhat.java-1.33.0-win32-x64\jre\17.0.11-win32-x86_64\bin\java.dll
Event: 0.220 Loaded shared library c:\Users\Tassandro\.vscode\extensions\redhat.java-1.33.0-win32-x64\jre\17.0.11-win32-x86_64\bin\zip.dll
Event: 0.226 Loaded shared library C:\Users\Tassandro\.vscode\extensions\redhat.java-1.33.0-win32-x64\jre\17.0.11-win32-x86_64\bin\instrument.dll
Event: 0.245 Loaded shared library C:\Users\Tassandro\.vscode\extensions\redhat.java-1.33.0-win32-x64\jre\17.0.11-win32-x86_64\bin\net.dll
Event: 0.250 Loaded shared library C:\Users\Tassandro\.vscode\extensions\redhat.java-1.33.0-win32-x64\jre\17.0.11-win32-x86_64\bin\nio.dll
Event: 0.261 Loaded shared library C:\Users\Tassandro\.vscode\extensions\redhat.java-1.33.0-win32-x64\jre\17.0.11-win32-x86_64\bin\zip.dll
Event: 0.283 Loaded shared library C:\Users\Tassandro\.vscode\extensions\redhat.java-1.33.0-win32-x64\jre\17.0.11-win32-x86_64\bin\jimage.dll
Event: 0.393 Loaded shared library c:\Users\Tassandro\.vscode\extensions\redhat.java-1.33.0-win32-x64\jre\17.0.11-win32-x86_64\bin\verify.dll
Event: 1.962 Loaded shared library C:\Users\Tassandro\AppData\Roaming\Code\User\globalStorage\redhat.java\1.33.0\config_win\org.eclipse.equinox.launcher\org.eclipse.equinox.launcher.win32.win32.x86_64_1.2.1100.v20240722-2106\eclipse_11904.dll
Event: 4.200 Loaded shared library C:\Users\Tassandro\AppData\Local\Temp\jna--1879390009\jna9928178040632334042.dll
Event: 10.501 Loaded shared library C:\Users\Tassandro\.gradle\native\c067742578af261105cb4f569cf0c3c89f3d7b1fecec35dd04571415982c5e48\windows-amd64\native-platform.dll
Event: 12.344 Loaded shared library C:\Users\Tassandro\.vscode\extensions\redhat.java-1.33.0-win32-x64\jre\17.0.11-win32-x86_64\bin\management.dll
Event: 12.350 Loaded shared library C:\Users\Tassandro\.vscode\extensions\redhat.java-1.33.0-win32-x64\jre\17.0.11-win32-x86_64\bin\management_ext.dll
Event: 86.956 Loaded shared library C:\Users\Tassandro\.vscode\extensions\redhat.java-1.33.0-win32-x64\jre\17.0.11-win32-x86_64\bin\extnet.dll

Deoptimization events (20 events):
Event: 87.863 Thread 0x000001ef03181b40 DEOPT PACKING pc=0x000001ef08f3153d sp=0x00000018fe4fe580
Event: 87.863 Thread 0x000001ef03181b40 DEOPT UNPACKING pc=0x000001ef0f4b6e43 sp=0x00000018fe4fdb20 mode 0
Event: 87.884 Thread 0x000001ef03181b40 DEOPT PACKING pc=0x000001ef08f3153d sp=0x00000018fe4fe580
Event: 87.884 Thread 0x000001ef03181b40 DEOPT UNPACKING pc=0x000001ef0f4b6e43 sp=0x00000018fe4fdb20 mode 0
Event: 87.903 Thread 0x000001ef03181b40 DEOPT PACKING pc=0x000001ef08f3153d sp=0x00000018fe4fe580
Event: 87.903 Thread 0x000001ef03181b40 DEOPT UNPACKING pc=0x000001ef0f4b6e43 sp=0x00000018fe4fdb20 mode 0
Event: 87.910 Thread 0x000001ef03181b40 DEOPT PACKING pc=0x000001ef08f3153d sp=0x00000018fe4fe580
Event: 87.910 Thread 0x000001ef03181b40 DEOPT UNPACKING pc=0x000001ef0f4b6e43 sp=0x00000018fe4fdb20 mode 0
Event: 87.987 Thread 0x000001ef03181b40 DEOPT PACKING pc=0x000001ef08f3153d sp=0x00000018fe4fe580
Event: 87.987 Thread 0x000001ef03181b40 DEOPT UNPACKING pc=0x000001ef0f4b6e43 sp=0x00000018fe4fdb20 mode 0
Event: 88.001 Thread 0x000001ef03181b40 DEOPT PACKING pc=0x000001ef08f3153d sp=0x00000018fe4fe580
Event: 88.001 Thread 0x000001ef03181b40 DEOPT UNPACKING pc=0x000001ef0f4b6e43 sp=0x00000018fe4fdb20 mode 0
Event: 88.013 Thread 0x000001ef03181b40 DEOPT PACKING pc=0x000001ef08f3153d sp=0x00000018fe4fe580
Event: 88.013 Thread 0x000001ef03181b40 DEOPT UNPACKING pc=0x000001ef0f4b6e43 sp=0x00000018fe4fdb20 mode 0
Event: 88.028 Thread 0x000001ef03181b40 DEOPT PACKING pc=0x000001ef08f3153d sp=0x00000018fe4fe580
Event: 88.028 Thread 0x000001ef03181b40 DEOPT UNPACKING pc=0x000001ef0f4b6e43 sp=0x00000018fe4fdb20 mode 0
Event: 88.041 Thread 0x000001ef03181b40 DEOPT PACKING pc=0x000001ef08f3153d sp=0x00000018fe4fe580
Event: 88.041 Thread 0x000001ef03181b40 DEOPT UNPACKING pc=0x000001ef0f4b6e43 sp=0x00000018fe4fdb20 mode 0
Event: 89.155 Thread 0x000001ef03181b40 DEOPT PACKING pc=0x000001ef08bb8c85 sp=0x00000018fe4fe5a0
Event: 89.155 Thread 0x000001ef03181b40 DEOPT UNPACKING pc=0x000001ef0f4b6e43 sp=0x00000018fe4fda48 mode 0

Classes unloaded (14 events):
Event: 6.198 Thread 0x000001ef05428940 Unloading class 0x000000010024a400 'java/lang/invoke/LambdaForm$MH+0x000000010024a400'
Event: 6.198 Thread 0x000001ef05428940 Unloading class 0x000000010024a000 'java/lang/invoke/LambdaForm$MH+0x000000010024a000'
Event: 6.198 Thread 0x000001ef05428940 Unloading class 0x0000000100249c00 'java/lang/invoke/LambdaForm$MH+0x0000000100249c00'
Event: 6.198 Thread 0x000001ef05428940 Unloading class 0x0000000100249800 'java/lang/invoke/LambdaForm$MH+0x0000000100249800'
Event: 6.198 Thread 0x000001ef05428940 Unloading class 0x0000000100249400 'java/lang/invoke/LambdaForm$BMH+0x0000000100249400'
Event: 6.198 Thread 0x000001ef05428940 Unloading class 0x0000000100249000 'java/lang/invoke/LambdaForm$DMH+0x0000000100249000'
Event: 6.198 Thread 0x000001ef05428940 Unloading class 0x0000000100244400 'java/lang/invoke/LambdaForm$DMH+0x0000000100244400'
Event: 12.443 Thread 0x000001ef05428940 Unloading class 0x00000001003a4800 'java/lang/invoke/LambdaForm$MH+0x00000001003a4800'
Event: 12.443 Thread 0x000001ef05428940 Unloading class 0x00000001003a3c00 'java/lang/invoke/LambdaForm$MH+0x00000001003a3c00'
Event: 12.443 Thread 0x000001ef05428940 Unloading class 0x00000001003a3400 'java/lang/invoke/LambdaForm$MH+0x00000001003a3400'
Event: 12.443 Thread 0x000001ef05428940 Unloading class 0x00000001003a2c00 'java/lang/invoke/LambdaForm$MH+0x00000001003a2c00'
Event: 12.443 Thread 0x000001ef05428940 Unloading class 0x00000001003a2800 'java/lang/invoke/LambdaForm$DMH+0x00000001003a2800'
Event: 12.443 Thread 0x000001ef05428940 Unloading class 0x00000001003a1c00 'java/lang/invoke/LambdaForm$MH+0x00000001003a1c00'
Event: 12.443 Thread 0x000001ef05428940 Unloading class 0x00000001003a1400 'java/lang/invoke/LambdaForm$MH+0x00000001003a1400'

Classes redefined (0 events):
No events

Internal exceptions (20 events):
Event: 79.035 Thread 0x000001ef21d89f30 Exception <a 'sun/nio/fs/WindowsException'{0x00000000eaea4898}> (0x00000000eaea4898) 
thrown [s\src\hotspot\share\prims\jni.cpp, line 516]
Event: 79.037 Thread 0x000001ef21d89f30 Exception <a 'sun/nio/fs/WindowsException'{0x00000000eaea53d8}> (0x00000000eaea53d8) 
thrown [s\src\hotspot\share\prims\jni.cpp, line 516]
Event: 79.039 Thread 0x000001ef21d89f30 Exception <a 'sun/nio/fs/WindowsException'{0x00000000eaec2160}> (0x00000000eaec2160) 
thrown [s\src\hotspot\share\prims\jni.cpp, line 516]
Event: 79.040 Thread 0x000001ef21d89f30 Exception <a 'sun/nio/fs/WindowsException'{0x00000000eaec2a40}> (0x00000000eaec2a40) 
thrown [s\src\hotspot\share\prims\jni.cpp, line 516]
Event: 79.058 Thread 0x000001ef21d89f30 Implicit null exception at 0x000001ef0fed4ec4 to 0x000001ef0fed5384
Event: 79.090 Thread 0x000001ef031852f0 Exception <a 'java/lang/NoSuchMethodError'{0x00000000eb0b2130}: 'java.lang.Object java.lang.invoke.Invokers$Holder.invoke_MT(java.lang.Object, java.lang.Object, java.lang.Object)'> (0x00000000eb0b2130) 
thrown [s\src\hotspot\share\interpreter\linkResolver.cpp, line 759]
Event: 79.529 Thread 0x000001ef22421310 Exception <a 'sun/nio/fs/WindowsException'{0x00000000eba71da0}> (0x00000000eba71da0) 
thrown [s\src\hotspot\share\prims\jni.cpp, line 516]
Event: 79.576 Thread 0x000001ef031852f0 Exception <a 'java/io/FileNotFoundException'{0x00000000ec01da18}> (0x00000000ec01da18) 
thrown [s\src\hotspot\share\prims\jni.cpp, line 516]
Event: 79.577 Thread 0x000001ef031852f0 Exception <a 'java/io/FileNotFoundException'{0x00000000ec01f228}> (0x00000000ec01f228) 
thrown [s\src\hotspot\share\prims\jni.cpp, line 516]
Event: 79.583 Thread 0x000001ef031852f0 Exception <a 'java/lang/NoSuchMethodError'{0x00000000ec02e0a0}: 'java.lang.Object java.lang.invoke.DirectMethodHandle$Holder.newInvokeSpecial(java.lang.Object, java.lang.Object, java.lang.Object, int)'> (0x00000000ec02e0a0) 
thrown [s\src\hotspot\share\interpreter\linkResolver.cpp, line 759]
Event: 79.584 Thread 0x000001ef031852f0 Exception <a 'java/lang/NoSuchMethodError'{0x00000000ec0326f8}: 'java.lang.Object java.lang.invoke.DirectMethodHandle$Holder.invokeSpecial(java.lang.Object, java.lang.Object, java.lang.Object, java.lang.Object, int)'> (0x00000000ec0326f8) 
thrown [s\src\hotspot\share\interpreter\linkResolver.cpp, line 759]
Event: 79.585 Thread 0x000001ef031852f0 Exception <a 'java/lang/NoSuchMethodError'{0x00000000ec0365a8}: 'java.lang.Object java.lang.invoke.Invokers$Holder.linkToTargetMethod(java.lang.Object, java.lang.Object, int, java.lang.Object)'> (0x00000000ec0365a8) 
thrown [s\src\hotspot\share\interpreter\linkResolver.cpp, line 759]
Event: 80.226 Thread 0x000001ef031852f0 Exception <a 'java/io/FileNotFoundException'{0x00000000eb033bb0}> (0x00000000eb033bb0) 
thrown [s\src\hotspot\share\prims\jni.cpp, line 516]
Event: 80.978 Thread 0x000001ef031852f0 Exception <a 'java/io/FileNotFoundException'{0x00000000eabe7160}> (0x00000000eabe7160) 
thrown [s\src\hotspot\share\prims\jni.cpp, line 516]
Event: 81.223 Thread 0x000001ef031852f0 Exception <a 'java/lang/NoSuchMethodError'{0x00000000eb19d6f8}: 'java.lang.Object java.lang.invoke.DirectMethodHandle$Holder.invokeStatic(java.lang.Object, java.lang.Object, int, java.lang.Object)'> (0x00000000eb19d6f8) 
thrown [s\src\hotspot\share\interpreter\linkResolver.cpp, line 759]
Event: 81.224 Thread 0x000001ef031852f0 Exception <a 'java/lang/NoSuchMethodError'{0x00000000eb1a4ac8}: 'java.lang.Object java.lang.invoke.DirectMethodHandle$Holder.newInvokeSpecial(java.lang.Object, java.lang.Object, int)'> (0x00000000eb1a4ac8) 
thrown [s\src\hotspot\share\interpreter\linkResolver.cpp, line 759]
Event: 81.310 Thread 0x000001ef031852f0 Exception <a 'java/io/FileNotFoundException'{0x00000000eae59980}> (0x00000000eae59980) 
thrown [s\src\hotspot\share\prims\jni.cpp, line 516]
Event: 81.312 Thread 0x000001ef031852f0 Exception <a 'java/io/FileNotFoundException'{0x00000000eae5a9e0}> (0x00000000eae5a9e0) 
thrown [s\src\hotspot\share\prims\jni.cpp, line 516]
Event: 87.515 Thread 0x000001ef22426410 Exception <a 'java/lang/NoSuchMethodError'{0x00000000eacffbe8}: 'void java.lang.invoke.DirectMethodHandle$Holder.invokeStatic(java.lang.Object, long)'> (0x00000000eacffbe8) 
thrown [s\src\hotspot\share\interpreter\linkResolver.cpp, line 759]
Event: 87.516 Thread 0x000001ef22426410 Exception <a 'java/lang/NoSuchMethodError'{0x00000000ead05238}: 'java.lang.Object java.lang.invoke.DirectMethodHandle$Holder.newInvokeSpecial(java.lang.Object, long)'> (0x00000000ead05238) 
thrown [s\src\hotspot\share\interpreter\linkResolver.cpp, line 759]

VM Operations (20 events):
Event: 87.893 Executing VM operation: ParallelGCFailedAllocation
Event: 87.899 Executing VM operation: ParallelGCFailedAllocation done
Event: 88.063 Executing VM operation: ParallelGCFailedAllocation
Event: 88.068 Executing VM operation: ParallelGCFailedAllocation done
Event: 88.170 Executing VM operation: ParallelGCFailedAllocation
Event: 88.177 Executing VM operation: ParallelGCFailedAllocation done
Event: 88.269 Executing VM operation: ParallelGCFailedAllocation
Event: 88.548 Executing VM operation: ParallelGCFailedAllocation done
Event: 88.657 Executing VM operation: ParallelGCFailedAllocation
Event: 88.664 Executing VM operation: ParallelGCFailedAllocation done
Event: 88.796 Executing VM operation: ParallelGCFailedAllocation
Event: 88.801 Executing VM operation: ParallelGCFailedAllocation done
Event: 88.915 Executing VM operation: ParallelGCFailedAllocation
Event: 88.923 Executing VM operation: ParallelGCFailedAllocation done
Event: 89.037 Executing VM operation: ParallelGCFailedAllocation
Event: 89.043 Executing VM operation: ParallelGCFailedAllocation done
Event: 89.128 Executing VM operation: ParallelGCFailedAllocation
Event: 89.136 Executing VM operation: ParallelGCFailedAllocation done
Event: 89.246 Executing VM operation: ParallelGCFailedAllocation
Event: 89.253 Executing VM operation: ParallelGCFailedAllocation done

Events (20 events):
Event: 87.479 Thread 0x000001ef22426410 Thread added: 0x000001ef22426410
Event: 87.481 loading class java/lang/ProcessBuilder
Event: 87.482 loading class java/lang/ProcessBuilder done
Event: 87.486 loading class java/lang/ProcessImpl
Event: 87.487 loading class java/lang/ProcessImpl done
Event: 87.518 loading class java/lang/ProcessImpl$2
Event: 87.518 loading class java/lang/ProcessImpl$2 done
Event: 87.518 loading class java/lang/Process$PipeInputStream
Event: 87.519 loading class java/lang/Process$PipeInputStream done
Event: 87.528 loading class java/lang/ProcessBuilder$NullInputStream
Event: 87.529 loading class java/lang/ProcessBuilder$NullInputStream done
Event: 87.529 loading class jdk/internal/event/ProcessStartEvent
Event: 87.531 loading class jdk/internal/event/ProcessStartEvent done
Event: 87.533 Thread 0x000001ef22420e00 Thread added: 0x000001ef22420e00
Event: 87.535 Thread 0x000001ef22426920 Thread added: 0x000001ef22426920
Event: 87.535 loading class java/util/Scanner
Event: 87.535 Thread 0x000001ef22420e00 Thread exited: 0x000001ef22420e00
Event: 87.538 loading class java/util/Scanner done
Event: 87.539 loading class java/util/Scanner$PatternLRUCache
Event: 87.540 loading class java/util/Scanner$PatternLRUCache done


Dynamic libraries:
0x00007ff7838e0000 - 0x00007ff7838ee000 	c:\Users\Tassandro\.vscode\extensions\redhat.java-1.33.0-win32-x64\jre\17.0.11-win32-x86_64\bin\java.exe
0x00007ff8083d0000 - 0x00007ff8085e7000 	C:\WINDOWS\SYSTEM32\ntdll.dll
0x00007fffdc5d0000 - 0x00007fffdc5ea000 	C:\Program Files\Avast Software\Avast\aswhook.dll
0x00007ff807080000 - 0x00007ff807144000 	C:\WINDOWS\System32\KERNEL32.DLL
0x00007ff805c00000 - 0x00007ff805fad000 	C:\WINDOWS\System32\KERNELBASE.dll
0x00007ff805fe0000 - 0x00007ff8060f1000 	C:\WINDOWS\System32\ucrtbase.dll
0x00007fff8b480000 - 0x00007fff8b497000 	c:\Users\Tassandro\.vscode\extensions\redhat.java-1.33.0-win32-x64\jre\17.0.11-win32-x86_64\bin\jli.dll
0x00007ff806200000 - 0x00007ff8063ae000 	C:\WINDOWS\System32\USER32.dll
0x00007ff805ab0000 - 0x00007ff805ad6000 	C:\WINDOWS\System32\win32u.dll
0x00007ff807750000 - 0x00007ff807779000 	C:\WINDOWS\System32\GDI32.dll
0x00007ff805ae0000 - 0x00007ff805bf9000 	C:\WINDOWS\System32\gdi32full.dll
0x00007ff805860000 - 0x00007ff8058fa000 	C:\WINDOWS\System32\msvcp_win.dll
0x00007fff8daa0000 - 0x00007fff8dabb000 	c:\Users\Tassandro\.vscode\extensions\redhat.java-1.33.0-win32-x64\jre\17.0.11-win32-x86_64\bin\VCRUNTIME140.dll
0x00007fffdf910000 - 0x00007fffdfba3000 	C:\WINDOWS\WinSxS\amd64_microsoft.windows.common-controls_6595b64144ccf1df_6.0.22621.3672_none_2713b9d173822955\COMCTL32.dll
0x00007ff806480000 - 0x00007ff806527000 	C:\WINDOWS\System32\msvcrt.dll
0x00007ff8063b0000 - 0x00007ff8063e1000 	C:\WINDOWS\System32\IMM32.DLL
0x00007fff7d600000 - 0x00007fff7d71a000 	C:\Program Files\Topaz OFD\Warsaw\wslbscr64.dll
0x00007ff806530000 - 0x00007ff8065e2000 	C:\WINDOWS\System32\ADVAPI32.dll
0x00007ff807150000 - 0x00007ff8071f9000 	C:\WINDOWS\System32\sechost.dll
0x00007ff805fb0000 - 0x00007ff805fd8000 	C:\WINDOWS\System32\bcrypt.dll
0x00007ff8068f0000 - 0x00007ff806a04000 	C:\WINDOWS\System32\RPCRT4.dll
0x00007ff807790000 - 0x00007ff807ff8000 	C:\WINDOWS\System32\SHELL32.dll
0x00007ff804710000 - 0x00007ff804744000 	C:\WINDOWS\SYSTEM32\ntmarta.dll
0x00007fff7b630000 - 0x00007fff7b72a000 	C:\Program Files\Topaz OFD\Warsaw\wslbscrwh64.dll
0x00007fffcc9d0000 - 0x00007fffcc9dc000 	c:\Users\Tassandro\.vscode\extensions\redhat.java-1.33.0-win32-x64\jre\17.0.11-win32-x86_64\bin\vcruntime140_1.dll
0x00007fff7b760000 - 0x00007fff7b7ed000 	c:\Users\Tassandro\.vscode\extensions\redhat.java-1.33.0-win32-x64\jre\17.0.11-win32-x86_64\bin\msvcp140.dll
0x00007fff4df10000 - 0x00007fff4eb72000 	c:\Users\Tassandro\.vscode\extensions\redhat.java-1.33.0-win32-x64\jre\17.0.11-win32-x86_64\bin\server\jvm.dll
0x00007ff8055b0000 - 0x00007ff8055fd000 	C:\WINDOWS\SYSTEM32\POWRPROF.dll
0x00007ffff8b70000 - 0x00007ffff8b79000 	C:\WINDOWS\SYSTEM32\WSOCK32.dll
0x00007ff806a20000 - 0x00007ff806a91000 	C:\WINDOWS\System32\WS2_32.dll
0x00007fffffd10000 - 0x00007fffffd44000 	C:\WINDOWS\SYSTEM32\WINMM.dll
0x00007ffffbb40000 - 0x00007ffffbb4a000 	C:\WINDOWS\SYSTEM32\VERSION.dll
0x00007ff8054e0000 - 0x00007ff8054f3000 	C:\WINDOWS\SYSTEM32\UMPDC.dll
0x00007ff8046f0000 - 0x00007ff804708000 	C:\WINDOWS\SYSTEM32\kernel.appcore.dll
0x00007fffc5810000 - 0x00007fffc581a000 	c:\Users\Tassandro\.vscode\extensions\redhat.java-1.33.0-win32-x64\jre\17.0.11-win32-x86_64\bin\jimage.dll
0x00007ff803250000 - 0x00007ff803482000 	C:\WINDOWS\SYSTEM32\DBGHELP.DLL
0x00007ff806cf0000 - 0x00007ff80707d000 	C:\WINDOWS\System32\combase.dll
0x00007ff806c10000 - 0x00007ff806ce7000 	C:\WINDOWS\System32\OLEAUT32.dll
0x00007ffffb740000 - 0x00007ffffb772000 	C:\WINDOWS\SYSTEM32\dbgcore.DLL
0x00007ff805970000 - 0x00007ff8059eb000 	C:\WINDOWS\System32\bcryptPrimitives.dll
0x00007ffff8a60000 - 0x00007ffff8a6e000 	c:\Users\Tassandro\.vscode\extensions\redhat.java-1.33.0-win32-x64\jre\17.0.11-win32-x86_64\bin\instrument.dll
0x00007fff8b140000 - 0x00007fff8b165000 	c:\Users\Tassandro\.vscode\extensions\redhat.java-1.33.0-win32-x64\jre\17.0.11-win32-x86_64\bin\java.dll
0x00007fff898f0000 - 0x00007fff89908000 	c:\Users\Tassandro\.vscode\extensions\redhat.java-1.33.0-win32-x64\jre\17.0.11-win32-x86_64\bin\zip.dll
0x00007ff8035f0000 - 0x00007ff803eee000 	C:\WINDOWS\SYSTEM32\windows.storage.dll
0x00007ff8034b0000 - 0x00007ff8035ef000 	C:\WINDOWS\SYSTEM32\wintypes.dll
0x000001ef20400000 - 0x000001ef204f9000 	C:\WINDOWS\System32\SHCORE.dll
0x00007ff807250000 - 0x00007ff8072ae000 	C:\WINDOWS\System32\shlwapi.dll
0x00007ff805620000 - 0x00007ff805641000 	C:\WINDOWS\SYSTEM32\profapi.dll
0x00007fff80c00000 - 0x00007fff80c19000 	C:\Users\Tassandro\.vscode\extensions\redhat.java-1.33.0-win32-x64\jre\17.0.11-win32-x86_64\bin\net.dll
0x00007ff800680000 - 0x00007ff8007b6000 	C:\WINDOWS\SYSTEM32\WINHTTP.dll
0x00007ff804b60000 - 0x00007ff804bc9000 	C:\WINDOWS\system32\mswsock.dll
0x00007fff80be0000 - 0x00007fff80bf6000 	C:\Users\Tassandro\.vscode\extensions\redhat.java-1.33.0-win32-x64\jre\17.0.11-win32-x86_64\bin\nio.dll
0x00007fffc0920000 - 0x00007fffc0930000 	c:\Users\Tassandro\.vscode\extensions\redhat.java-1.33.0-win32-x64\jre\17.0.11-win32-x86_64\bin\verify.dll
0x00007fffadb80000 - 0x00007fffadbc5000 	C:\Users\Tassandro\AppData\Roaming\Code\User\globalStorage\redhat.java\1.33.0\config_win\org.eclipse.equinox.launcher\org.eclipse.equinox.launcher.win32.win32.x86_64_1.2.1100.v20240722-2106\eclipse_11904.dll
0x000001ef21e40000 - 0x000001ef21fe5000 	C:\WINDOWS\System32\ole32.dll
0x00007ff804e00000 - 0x00007ff804e1b000 	C:\WINDOWS\SYSTEM32\CRYPTSP.dll
0x00007ff804650000 - 0x00007ff804685000 	C:\WINDOWS\system32\rsaenh.dll
0x00007ff804c70000 - 0x00007ff804c98000 	C:\WINDOWS\SYSTEM32\USERENV.dll
0x00007ff804df0000 - 0x00007ff804dfc000 	C:\WINDOWS\SYSTEM32\CRYPTBASE.dll
0x00007ff804190000 - 0x00007ff8041bd000 	C:\WINDOWS\SYSTEM32\IPHLPAPI.DLL
0x00007ff806a10000 - 0x00007ff806a19000 	C:\WINDOWS\System32\NSI.dll
0x00007ff8005e0000 - 0x00007ff8005f9000 	C:\WINDOWS\SYSTEM32\dhcpcsvc6.DLL
0x00007ff800520000 - 0x00007ff80053f000 	C:\WINDOWS\SYSTEM32\dhcpcsvc.DLL
0x00007ff8041c0000 - 0x00007ff8042b8000 	C:\WINDOWS\SYSTEM32\DNSAPI.dll
0x00007fffad450000 - 0x00007fffad495000 	C:\Users\Tassandro\AppData\Local\Temp\jna--1879390009\jna9928178040632334042.dll
0x00007ff8068e0000 - 0x00007ff8068e8000 	C:\WINDOWS\System32\PSAPI.DLL
0x00007fff8dae0000 - 0x00007fff8db07000 	C:\Users\Tassandro\.gradle\native\c067742578af261105cb4f569cf0c3c89f3d7b1fecec35dd04571415982c5e48\windows-amd64\native-platform.dll
0x00007fffbf3a0000 - 0x00007fffbf3a9000 	C:\Users\Tassandro\.vscode\extensions\redhat.java-1.33.0-win32-x64\jre\17.0.11-win32-x86_64\bin\management.dll
0x00007fffbf0f0000 - 0x00007fffbf0fb000 	C:\Users\Tassandro\.vscode\extensions\redhat.java-1.33.0-win32-x64\jre\17.0.11-win32-x86_64\bin\management_ext.dll
0x00007fffbc240000 - 0x00007fffbc249000 	C:\Users\Tassandro\.vscode\extensions\redhat.java-1.33.0-win32-x64\jre\17.0.11-win32-x86_64\bin\extnet.dll

dbghelp: loaded successfully - version: 4.0.5 - missing functions: none
symbol engine: initialized successfully - sym options: 0x614 - pdb path: .;c:\Users\Tassandro\.vscode\extensions\redhat.java-1.33.0-win32-x64\jre\17.0.11-win32-x86_64\bin;C:\WINDOWS\SYSTEM32;C:\Program Files\Avast Software\Avast;C:\WINDOWS\WinSxS\amd64_microsoft.windows.common-controls_6595b64144ccf1df_6.0.22621.3672_none_2713b9d173822955;C:\Program Files\Topaz OFD\Warsaw;c:\Users\Tassandro\.vscode\extensions\redhat.java-1.33.0-win32-x64\jre\17.0.11-win32-x86_64\bin\server;C:\Users\Tassandro\AppData\Roaming\Code\User\globalStorage\redhat.java\1.33.0\config_win\org.eclipse.equinox.launcher\org.eclipse.equinox.launcher.win32.win32.x86_64_1.2.1100.v20240722-2106;C:\Users\Tassandro\AppData\Local\Temp\jna--1879390009;C:\Users\Tassandro\.gradle\native\c067742578af261105cb4f569cf0c3c89f3d7b1fecec35dd04571415982c5e48\windows-amd64

VM Arguments:
jvm_args: --add-modules=ALL-SYSTEM --add-opens=java.base/java.util=ALL-UNNAMED --add-opens=java.base/java.lang=ALL-UNNAMED --add-opens=java.base/sun.nio.fs=ALL-UNNAMED -Declipse.application=org.eclipse.jdt.ls.core.id1 -Dosgi.bundles.defaultStartLevel=4 -Declipse.product=org.eclipse.jdt.ls.core.product -Djava.import.generatesMetadataFilesAtProjectRoot=false -DDetectVMInstallationsJob.disabled=true -Dfile.encoding=utf8 -XX:+UseParallelGC -XX:GCTimeRatio=4 -XX:AdaptiveSizePolicyWeight=90 -Dsun.zip.disableMemoryMapping=true -Xmx1G -Xms100m -Xlog:disable -javaagent:c:\Users\Tassandro\.vscode\extensions\redhat.java-1.33.0-win32-x64\lombok\lombok-1.18.33.jar -XX:+HeapDumpOnOutOfMemoryError -XX:HeapDumpPath=c:\Users\Tassandro\AppData\Roaming\Code\User\workspaceStorage\dba2eb551ce987f1c3fd3a22b7243941\redhat.java -Daether.dependencyCollector.impl=bf 
java_command: c:\Users\Tassandro\.vscode\extensions\redhat.java-1.33.0-win32-x64\server\plugins\org.eclipse.equinox.launcher_1.6.900.v20240613-2009.jar -configuration c:\Users\Tassandro\AppData\Roaming\Code\User\globalStorage\redhat.java\1.33.0\config_win -data c:\Users\Tassandro\AppData\Roaming\Code\User\workspaceStorage\dba2eb551ce987f1c3fd3a22b7243941\redhat.java\jdt_ws --pipe=\\.\pipe\lsp-7c28809185e564c604de69b14ddc8a95-sock
java_class_path (initial): c:\Users\Tassandro\.vscode\extensions\redhat.java-1.33.0-win32-x64\server\plugins\org.eclipse.equinox.launcher_1.6.900.v20240613-2009.jar
Launcher Type: SUN_STANDARD

[Global flags]
    uintx AdaptiveSizePolicyWeight                 = 90                                        {product} {command line}
     intx CICompilerCount                          = 12                                        {product} {ergonomic}
    uintx GCTimeRatio                              = 4                                         {product} {command line}
     bool HeapDumpOnOutOfMemoryError               = true                                   {manageable} {command line}
    ccstr HeapDumpPath                             = c:\Users\Tassandro\AppData\Roaming\Code\User\workspaceStorage\dba2eb551ce987f1c3fd3a22b7243941\redhat.java         {manageable} {command line}
   size_t InitialHeapSize                          = 104857600                                 {product} {command line}
   size_t MaxHeapSize                              = 1073741824                                {product} {command line}
   size_t MaxNewSize                               = 357564416                                 {product} {ergonomic}
   size_t MinHeapDeltaBytes                        = 524288                                    {product} {ergonomic}
   size_t MinHeapSize                              = 104857600                                 {product} {command line}
   size_t NewSize                                  = 34603008                                  {product} {ergonomic}
    uintx NonNMethodCodeHeapSize                   = 7602480                                {pd product} {ergonomic}
    uintx NonProfiledCodeHeapSize                  = 122027880                              {pd product} {ergonomic}
   size_t OldSize                                  = 70254592                                  {product} {ergonomic}
    uintx ProfiledCodeHeapSize                     = 122027880                              {pd product} {ergonomic}
    uintx ReservedCodeCacheSize                    = 251658240                              {pd product} {ergonomic}
     bool SegmentedCodeCache                       = true                                      {product} {ergonomic}
   size_t SoftMaxHeapSize                          = 1073741824                             {manageable} {ergonomic}
     bool UseCompressedClassPointers               = true                           {product lp64_product} {ergonomic}
     bool UseCompressedOops                        = true                           {product lp64_product} {ergonomic}
     bool UseLargePagesIndividualAllocation        = false                                  {pd product} {ergonomic}
     bool UseParallelGC                            = true                                      {product} {command line}

Logging:
Log output configuration:
 #0: stdout all=off uptime,level,tags
 #1: stderr all=off uptime,level,tags

Environment Variables:
JAVA_HOME=C:\Program Files\Java\jdk-22
PATH=C:\Users\Tassandro\Desktop\Gradle\gradle-8.10-bin\gradle-8.10\bin
USERNAME=Tassandro
OS=Windows_NT
PROCESSOR_IDENTIFIER=AMD64 Family 23 Model 104 Stepping 1, AuthenticAMD
TMP=C:\Users\TASSAN~1\AppData\Local\Temp
TEMP=C:\Users\TASSAN~1\AppData\Local\Temp



Periodic native trim disabled


---------------  S Y S T E M  ---------------

OS:
 Windows 11 , 64 bit Build 22621 (10.0.22621.3958)
OS uptime: 2 days 15:07 hours
Hyper-V role detected

CPU: total 16 (initial active 16) (16 cores per cpu, 2 threads per core) family 23 model 104 stepping 1 microcode 0x0, cx8, cmov, fxsr, ht, mmx, 3dnowpref, sse, sse2, sse3, ssse3, sse4a, sse4.1, sse4.2, popcnt, lzcnt, tsc, tscinvbit, avx, avx2, aes, clmul, bmi1, bmi2, adx, sha, fma, vzeroupper, clflush, clflushopt, hv
Processor Information for all 16 processors :
  Max Mhz: 1801, Current Mhz: 1801, Mhz Limit: 1801

Memory: 4k page, system-wide physical 5989M (93M free)
TotalPageFile size 24421M (AvailPageFile size 10M)
current process WorkingSet (physical memory assigned to process): 454M, peak: 454M
current process commit charge ("private bytes"): 616M, peak: 624M

vm_info: OpenJDK 64-Bit Server VM (17.0.11+9) for windows-amd64 JRE (17.0.11+9), built on Apr 17 2024 06:07:48 by "admin" with MS VC++ 16.10 / 16.11 (VS2019)

END.
