#
# There is insufficient memory for the Java Runtime Environment to continue.
# Native memory allocation (malloc) failed to allocate 1180496 bytes. Error detail: Chunk::new
# Possible reasons:
#   The system is out of physical RAM or swap space
#   This process is running with CompressedOops enabled, and the Java Heap may be blocking the growth of the native heap
# Possible solutions:
#   Reduce memory load on the system
#   Increase physical memory or swap space
#   Check if swap backing store is full
#   Decrease Java heap size (-Xmx/-Xms)
#   Decrease number of Java threads
#   Decrease Java thread stack sizes (-Xss)
#   Set larger code cache with -XX:ReservedCodeCacheSize=
#   JVM is running with Unscaled Compressed Oops mode in which the Java heap is
#     placed in the first 4GB address space. The Java Heap base address is the
#     maximum limit for the native heap growth. Please use -XX:HeapBaseMinAddress
#     to set the Java Heap base and to place the Java Heap above 4GB virtual address.
# This output file may be truncated or incomplete.
#
#  Out of Memory Error (arena.cpp:191), pid=72180, tid=70252
#
# JRE version: OpenJDK Runtime Environment Temurin-17.0.11+9 (17.0.11+9) (build 17.0.11+9)
# Java VM: OpenJDK 64-Bit Server VM Temurin-17.0.11+9 (17.0.11+9, mixed mode, tiered, compressed oops, compressed class ptrs, g1 gc, windows-amd64)
# No core dump will be written. Minidumps are not enabled by default on client versions of Windows
#

---------------  S U M M A R Y ------------

Command Line: --add-opens=java.base/java.util=ALL-UNNAMED --add-opens=java.base/java.lang=ALL-UNNAMED --add-opens=java.base/java.lang.invoke=ALL-UNNAMED --add-opens=java.prefs/java.util.prefs=ALL-UNNAMED --add-opens=java.base/java.nio.charset=ALL-UNNAMED --add-opens=java.base/java.net=ALL-UNNAMED --add-opens=java.base/java.util.concurrent.atomic=ALL-UNNAMED -XX:MaxMetaspaceSize=384m -XX:+HeapDumpOnOutOfMemoryError -Xms256m -Xmx512m -Dfile.encoding=utf8 -Duser.country=BR -Duser.language=pt -Duser.variant -javaagent:C:\Users\Tassandro\.gradle\wrapper\dists\gradle-8.8-bin\dl7vupf4psengwqhwktix4v1\gradle-8.8\lib\agents\gradle-instrumentation-agent-8.8.jar org.gradle.launcher.daemon.bootstrap.GradleDaemon 8.8

Host: AMD Ryzen 7 5700U with Radeon Graphics         , 16 cores, 5G,  Windows 11 , 64 bit Build 22621 (10.0.22621.3958)
Time: Mon Aug 26 12:42:43 2024 Hora oficial do Brasil elapsed time: 15.381280 seconds (0d 0h 0m 15s)

---------------  T H R E A D  ---------------

Current thread (0x0000023103551fc0):  JavaThread "C2 CompilerThread0" daemon [_thread_in_native, id=70252, stack(0x000000f934e00000,0x000000f934f00000)]


Current CompileTask:
C2:  15381 8013       4       sun.reflect.generics.parser.SignatureParser::parsePackageNameAndSimpleClassTypeSignature (119 bytes)

Stack: [0x000000f934e00000,0x000000f934f00000]
Native frames: (J=compiled Java code, j=interpreted, Vv=VM code, C=native code)
V  [jvm.dll+0x67d429]
V  [jvm.dll+0x834b7a]
V  [jvm.dll+0x83663e]
V  [jvm.dll+0x836ca3]
V  [jvm.dll+0x247dbf]
V  [jvm.dll+0xac534]
V  [jvm.dll+0xacb7c]
V  [jvm.dll+0x3665f2]
V  [jvm.dll+0x1bd272]
V  [jvm.dll+0x21a5c9]
V  [jvm.dll+0x2198b1]
V  [jvm.dll+0x1a534d]
V  [jvm.dll+0x2295cd]
V  [jvm.dll+0x22779c]
V  [jvm.dll+0x7e9d07]
V  [jvm.dll+0x7e410a]
V  [jvm.dll+0x67c315]
C  [ucrtbase.dll+0x29333]
C  [KERNEL32.DLL+0x1257d]
C  [ntdll.dll+0x5af28]


---------------  P R O C E S S  ---------------

Threads class SMR info:
_java_thread_list=0x000002310b6e6720, length=42, elements={
0x000002316cc89a40, 0x0000023103526010, 0x0000023103526da0, 0x0000023103549f10,
0x000002310354b0f0, 0x000002310354dad0, 0x000002310354e3a0, 0x0000023103551fc0,
0x000002310355a8e0, 0x000002310355f210, 0x00000231036413a0, 0x00000231038a7e00,
0x0000023108ffe660, 0x0000023109bd96f0, 0x0000023109dd76e0, 0x000002310994a3b0,
0x00000231099f2220, 0x000002316aac3cd0, 0x000002316aac41e0, 0x000002316aac2380,
0x000002310a2c4df0, 0x000002310a2c34a0, 0x000002310a2c2570, 0x000002310a2c3ec0,
0x000002310a2c2f90, 0x000002310aea6e20, 0x000002310aeac430, 0x000002310ba2f080,
0x000002310aeaaff0, 0x00000231083ba280, 0x000002310bab0a40, 0x000002310bab0f50,
0x000002310bab3ce0, 0x000002310bab37d0, 0x000002310bab0020, 0x000002310bab4c10,
0x000002310bab41f0, 0x000002310bab1460, 0x000002310bab2390, 0x000002310bab6f80,
0x000002310bab7490, 0x000002310bab79a0
}

Java Threads: ( => current thread )
  0x000002316cc89a40 JavaThread "main" [_thread_blocked, id=25224, stack(0x000000f934100000,0x000000f934200000)]
  0x0000023103526010 JavaThread "Reference Handler" daemon [_thread_blocked, id=69680, stack(0x000000f934800000,0x000000f934900000)]
  0x0000023103526da0 JavaThread "Finalizer" daemon [_thread_blocked, id=21152, stack(0x000000f934900000,0x000000f934a00000)]
  0x0000023103549f10 JavaThread "Signal Dispatcher" daemon [_thread_blocked, id=64400, stack(0x000000f934a00000,0x000000f934b00000)]
  0x000002310354b0f0 JavaThread "Attach Listener" daemon [_thread_blocked, id=66292, stack(0x000000f934b00000,0x000000f934c00000)]
  0x000002310354dad0 JavaThread "Service Thread" daemon [_thread_blocked, id=5416, stack(0x000000f934c00000,0x000000f934d00000)]
  0x000002310354e3a0 JavaThread "Monitor Deflation Thread" daemon [_thread_blocked, id=64232, stack(0x000000f934d00000,0x000000f934e00000)]
=>0x0000023103551fc0 JavaThread "C2 CompilerThread0" daemon [_thread_in_native, id=70252, stack(0x000000f934e00000,0x000000f934f00000)]
  0x000002310355a8e0 JavaThread "C1 CompilerThread0" daemon [_thread_blocked, id=69084, stack(0x000000f934f00000,0x000000f935000000)]
  0x000002310355f210 JavaThread "Sweeper thread" daemon [_thread_blocked, id=14584, stack(0x000000f935000000,0x000000f935100000)]
  0x00000231036413a0 JavaThread "Common-Cleaner" daemon [_thread_blocked, id=66600, stack(0x000000f935100000,0x000000f935200000)]
  0x00000231038a7e00 JavaThread "Notification Thread" daemon [_thread_blocked, id=49132, stack(0x000000f935400000,0x000000f935500000)]
  0x0000023108ffe660 JavaThread "Daemon health stats" [_thread_blocked, id=70512, stack(0x000000f935b00000,0x000000f935c00000)]
  0x0000023109bd96f0 JavaThread "Incoming local TCP Connector on port 50797" [_thread_in_native, id=61476, stack(0x000000f935c00000,0x000000f935d00000)]
  0x0000023109dd76e0 JavaThread "Daemon periodic checks" [_thread_blocked, id=66176, stack(0x000000f935d00000,0x000000f935e00000)]
  0x000002310994a3b0 JavaThread "Daemon" [_thread_blocked, id=56576, stack(0x000000f935e00000,0x000000f935f00000)]
  0x00000231099f2220 JavaThread "Daemon worker" [_thread_in_native, id=51652, stack(0x000000f936100000,0x000000f936200000)]
  0x000002316aac3cd0 JavaThread "Cache worker for journal cache (C:\Users\Tassandro\.gradle\caches\journal-1)" [_thread_blocked, id=63680, stack(0x000000f936e00000,0x000000f936f00000)]
  0x000002316aac41e0 JavaThread "File lock request listener" [_thread_in_native, id=22672, stack(0x000000f936f00000,0x000000f937000000)]
  0x000002316aac2380 JavaThread "Cache worker for file hash cache (C:\Users\Tassandro\.gradle\caches\8.8\fileHashes)" [_thread_blocked, id=58152, stack(0x000000f937000000,0x000000f937100000)]
  0x000002310a2c4df0 JavaThread "File watcher server" daemon [_thread_in_native, id=71292, stack(0x000000f937200000,0x000000f937300000)]
  0x000002310a2c34a0 JavaThread "File watcher consumer" daemon [_thread_blocked, id=65728, stack(0x000000f937300000,0x000000f937400000)]
  0x000002310a2c2570 JavaThread "Cache worker for file content cache (C:\Users\Tassandro\.gradle\caches\8.8\fileContent)" [_thread_blocked, id=54984, stack(0x000000f937500000,0x000000f937600000)]
  0x000002310a2c3ec0 JavaThread "jar transforms" [_thread_blocked, id=61744, stack(0x000000f937800000,0x000000f937900000)]
  0x000002310a2c2f90 JavaThread "jar transforms Thread 2" [_thread_blocked, id=69172, stack(0x000000f937900000,0x000000f937a00000)]
  0x000002310aea6e20 JavaThread "jar transforms Thread 3" [_thread_blocked, id=70900, stack(0x000000f937a00000,0x000000f937b00000)]
  0x000002310aeac430 JavaThread "jar transforms Thread 4" [_thread_blocked, id=69508, stack(0x000000f937b00000,0x000000f937c00000)]
  0x000002310ba2f080 JavaThread "C1 CompilerThread1" daemon [_thread_blocked, id=50280, stack(0x000000f935200000,0x000000f935300000)]
  0x000002310aeaaff0 JavaThread "jar transforms Thread 5" [_thread_blocked, id=71420, stack(0x000000f937c00000,0x000000f937d00000)]
  0x00000231083ba280 JavaThread "C1 CompilerThread2" daemon [_thread_blocked, id=60772, stack(0x000000f937d00000,0x000000f937e00000)]
  0x000002310bab0a40 JavaThread "Memory manager" [_thread_blocked, id=66772, stack(0x000000f93ab00000,0x000000f93ac00000)]
  0x000002310bab0f50 JavaThread "jar transforms Thread 6" [_thread_blocked, id=70668, stack(0x000000f93ac00000,0x000000f93ad00000)]
  0x000002310bab3ce0 JavaThread "VFS cleanup" [_thread_blocked, id=70052, stack(0x000000f935300000,0x000000f935400000)]
  0x000002310bab37d0 JavaThread "Handler for socket connection from /127.0.0.1:50797 to /127.0.0.1:50799" [_thread_in_native, id=20468, stack(0x000000f935f00000,0x000000f936000000)]
  0x000002310bab0020 JavaThread "Cancel handler" [_thread_blocked, id=70168, stack(0x000000f936000000,0x000000f936100000)]
  0x000002310bab4c10 JavaThread "Asynchronous log dispatcher for DefaultDaemonConnection: socket connection from /127.0.0.1:50797 to /127.0.0.1:50799" [_thread_blocked, id=64556, stack(0x000000f936200000,0x000000f936300000)]
  0x000002310bab41f0 JavaThread "Stdin handler" [_thread_blocked, id=70572, stack(0x000000f936300000,0x000000f936400000)]
  0x000002310bab1460 JavaThread "Daemon client event forwarder" [_thread_blocked, id=67672, stack(0x000000f936400000,0x000000f936500000)]
  0x000002310bab2390 JavaThread "Cache worker for file hash cache (C:\Users\Tassandro\literar.io\api\.gradle\8.8\fileHashes)" [_thread_blocked, id=71256, stack(0x000000f937100000,0x000000f937200000)]
  0x000002310bab6f80 JavaThread "jar transforms Thread 7" [_thread_blocked, id=71892, stack(0x000000f937400000,0x000000f937500000)]
  0x000002310bab7490 JavaThread "jar transforms Thread 8" [_thread_blocked, id=72552, stack(0x000000f937600000,0x000000f937700000)]
  0x000002310bab79a0 JavaThread "jar transforms Thread 9" [_thread_blocked, id=65720, stack(0x000000f937700000,0x000000f937800000)]

Other Threads:
  0x000002310328eb60 VMThread "VM Thread" [stack: 0x000000f934700000,0x000000f934800000] [id=36128]
  0x00000231037762c0 WatcherThread [stack: 0x000000f935500000,0x000000f935600000] [id=41276]
  0x000002316ccb6760 GCTaskThread "GC Thread#0" [stack: 0x000000f934200000,0x000000f934300000] [id=70008]
  0x00000231085e0cc0 GCTaskThread "GC Thread#1" [stack: 0x000000f935600000,0x000000f935700000] [id=2956]
  0x00000231087fe390 GCTaskThread "GC Thread#2" [stack: 0x000000f935700000,0x000000f935800000] [id=71376]
  0x00000231082e7180 GCTaskThread "GC Thread#3" [stack: 0x000000f935800000,0x000000f935900000] [id=72288]
  0x00000231082e7440 GCTaskThread "GC Thread#4" [stack: 0x000000f935900000,0x000000f935a00000] [id=63408]
  0x00000231082e7700 GCTaskThread "GC Thread#5" [stack: 0x000000f935a00000,0x000000f935b00000] [id=71552]
  0x0000023108bc4e50 GCTaskThread "GC Thread#6" [stack: 0x000000f936500000,0x000000f936600000] [id=2696]
  0x0000023108bc48d0 GCTaskThread "GC Thread#7" [stack: 0x000000f936600000,0x000000f936700000] [id=10508]
  0x0000023108bc53d0 GCTaskThread "GC Thread#8" [stack: 0x000000f936700000,0x000000f936800000] [id=29444]
  0x0000023108bc4090 GCTaskThread "GC Thread#9" [stack: 0x000000f936800000,0x000000f936900000] [id=43728]
  0x0000023108bc4b90 GCTaskThread "GC Thread#10" [stack: 0x000000f936900000,0x000000f936a00000] [id=66664]
  0x0000023108bc5690 GCTaskThread "GC Thread#11" [stack: 0x000000f936a00000,0x000000f936b00000] [id=64748]
  0x0000023108bc5950 GCTaskThread "GC Thread#12" [stack: 0x000000f936b00000,0x000000f936c00000] [id=33804]
  0x000002316ccbb5c0 ConcurrentGCThread "G1 Main Marker" [stack: 0x000000f934300000,0x000000f934400000] [id=65472]
  0x000002316ccbbef0 ConcurrentGCThread "G1 Conc#0" [stack: 0x000000f934400000,0x000000f934500000] [id=69764]
  0x0000023108bc3dd0 ConcurrentGCThread "G1 Conc#1" [stack: 0x000000f936c00000,0x000000f936d00000] [id=19552]
  0x0000023108bc4350 ConcurrentGCThread "G1 Conc#2" [stack: 0x000000f936d00000,0x000000f936e00000] [id=71572]
  0x0000023103158b60 ConcurrentGCThread "G1 Refine#0" [stack: 0x000000f934500000,0x000000f934600000] [id=72212]
  0x0000023103159240 ConcurrentGCThread "G1 Service" [stack: 0x000000f934600000,0x000000f934700000] [id=72208]

Threads with active compile tasks:
C2 CompilerThread0    15453 8013       4       sun.reflect.generics.parser.SignatureParser::parsePackageNameAndSimpleClassTypeSignature (119 bytes)

VM state: not at safepoint (normal execution)

VM Mutex/Monitor currently owned by a thread: None

Heap address: 0x00000000e0000000, size: 512 MB, Compressed Oops mode: 32-bit

CDS archive(s) not mapped
Compressed class space mapped at: 0x0000000100000000-0x0000000114000000, reserved size: 335544320
Narrow klass base: 0x0000000000000000, Narrow klass shift: 3, Narrow klass range: 0x114000000

GC Precious Log:
 CPUs: 16 total, 16 available
 Memory: 5989M
 Large Page Support: Disabled
 NUMA Support: Disabled
 Compressed Oops: Enabled (32-bit)
 Heap Region Size: 1M
 Heap Min Capacity: 256M
 Heap Initial Capacity: 256M
 Heap Max Capacity: 512M
 Pre-touch: Disabled
 Parallel Workers: 13
 Concurrent Workers: 3
 Concurrent Refinement Workers: 13
 Periodic GC: Disabled

Heap:
 garbage-first heap   total 262144K, used 53983K [0x00000000e0000000, 0x0000000100000000)
  region size 1024K, 19 young (19456K), 14 survivors (14336K)
 Metaspace       used 61020K, committed 61632K, reserved 393216K
  class space    used 8322K, committed 8640K, reserved 327680K

Heap Regions: E=young(eden), S=young(survivor), O=old, HS=humongous(starts), HC=humongous(continues), CS=collection set, F=free, OA=open archive, CA=closed archive, TAMS=top-at-mark-start (previous, next)
|   0|0x00000000e0000000, 0x00000000e0100000, 0x00000000e0100000|100%|HS|  |TAMS 0x00000000e0100000, 0x00000000e0000000| Complete 
|   1|0x00000000e0100000, 0x00000000e0200000, 0x00000000e0200000|100%|HC|  |TAMS 0x00000000e0200000, 0x00000000e0100000| Complete 
|   2|0x00000000e0200000, 0x00000000e0300000, 0x00000000e0300000|100%|HC|  |TAMS 0x00000000e0300000, 0x00000000e0200000| Complete 
|   3|0x00000000e0300000, 0x00000000e0400000, 0x00000000e0400000|100%|HC|  |TAMS 0x00000000e0400000, 0x00000000e0300000| Complete 
|   4|0x00000000e0400000, 0x00000000e0500000, 0x00000000e0500000|100%| O|  |TAMS 0x00000000e0500000, 0x00000000e0400000| Untracked 
|   5|0x00000000e0500000, 0x00000000e0600000, 0x00000000e0600000|100%| O|  |TAMS 0x00000000e0600000, 0x00000000e0500000| Untracked 
|   6|0x00000000e0600000, 0x00000000e0700000, 0x00000000e0700000|100%| O|  |TAMS 0x00000000e0700000, 0x00000000e0600000| Untracked 
|   7|0x00000000e0700000, 0x00000000e0800000, 0x00000000e0800000|100%| O|  |TAMS 0x00000000e0800000, 0x00000000e0700000| Untracked 
|   8|0x00000000e0800000, 0x00000000e0900000, 0x00000000e0900000|100%| O|  |TAMS 0x00000000e0900000, 0x00000000e0800000| Untracked 
|   9|0x00000000e0900000, 0x00000000e0a00000, 0x00000000e0a00000|100%| O|  |TAMS 0x00000000e0a00000, 0x00000000e0900000| Untracked 
|  10|0x00000000e0a00000, 0x00000000e0b00000, 0x00000000e0b00000|100%| O|  |TAMS 0x00000000e0b00000, 0x00000000e0a00000| Untracked 
|  11|0x00000000e0b00000, 0x00000000e0c00000, 0x00000000e0c00000|100%|HS|  |TAMS 0x00000000e0c00000, 0x00000000e0b00000| Complete 
|  12|0x00000000e0c00000, 0x00000000e0d00000, 0x00000000e0d00000|100%| O|  |TAMS 0x00000000e0d00000, 0x00000000e0c00000| Untracked 
|  13|0x00000000e0d00000, 0x00000000e0e00000, 0x00000000e0e00000|100%| O|  |TAMS 0x00000000e0e00000, 0x00000000e0d00000| Untracked 
|  14|0x00000000e0e00000, 0x00000000e0f00000, 0x00000000e0f00000|100%| O|  |TAMS 0x00000000e0f00000, 0x00000000e0e00000| Untracked 
|  15|0x00000000e0f00000, 0x00000000e1000000, 0x00000000e1000000|100%| O|  |TAMS 0x00000000e1000000, 0x00000000e0f00000| Untracked 
|  16|0x00000000e1000000, 0x00000000e1100000, 0x00000000e1100000|100%| O|  |TAMS 0x00000000e1100000, 0x00000000e1000000| Untracked 
|  17|0x00000000e1100000, 0x00000000e1200000, 0x00000000e1200000|100%| O|  |TAMS 0x00000000e1200000, 0x00000000e1100000| Untracked 
|  18|0x00000000e1200000, 0x00000000e1300000, 0x00000000e1300000|100%| O|  |TAMS 0x00000000e1300000, 0x00000000e1200000| Untracked 
|  19|0x00000000e1300000, 0x00000000e1400000, 0x00000000e1400000|100%| O|  |TAMS 0x00000000e1400000, 0x00000000e1300000| Untracked 
|  20|0x00000000e1400000, 0x00000000e1500000, 0x00000000e1500000|100%| O|  |TAMS 0x00000000e1500000, 0x00000000e1400000| Untracked 
|  21|0x00000000e1500000, 0x00000000e1600000, 0x00000000e1600000|100%| O|  |TAMS 0x00000000e1600000, 0x00000000e1500000| Untracked 
|  22|0x00000000e1600000, 0x00000000e1700000, 0x00000000e1700000|100%| O|  |TAMS 0x00000000e1700000, 0x00000000e1600000| Untracked 
|  23|0x00000000e1700000, 0x00000000e1800000, 0x00000000e1800000|100%| O|  |TAMS 0x00000000e1800000, 0x00000000e1700000| Untracked 
|  24|0x00000000e1800000, 0x00000000e1900000, 0x00000000e1900000|100%| O|  |TAMS 0x00000000e1900000, 0x00000000e1800000| Untracked 
|  25|0x00000000e1900000, 0x00000000e1a00000, 0x00000000e1a00000|100%| O|  |TAMS 0x00000000e1a00000, 0x00000000e1900000| Untracked 
|  26|0x00000000e1a00000, 0x00000000e1b00000, 0x00000000e1b00000|100%| O|  |TAMS 0x00000000e1b00000, 0x00000000e1a00000| Untracked 
|  27|0x00000000e1b00000, 0x00000000e1c00000, 0x00000000e1c00000|100%| O|  |TAMS 0x00000000e1c00000, 0x00000000e1b00000| Untracked 
|  28|0x00000000e1c00000, 0x00000000e1d00000, 0x00000000e1d00000|100%| O|  |TAMS 0x00000000e1d00000, 0x00000000e1c00000| Untracked 
|  29|0x00000000e1d00000, 0x00000000e1e00000, 0x00000000e1e00000|100%| O|  |TAMS 0x00000000e1e00000, 0x00000000e1d00000| Untracked 
|  30|0x00000000e1e00000, 0x00000000e1f00000, 0x00000000e1f00000|100%| O|  |TAMS 0x00000000e1f00000, 0x00000000e1e00000| Untracked 
|  31|0x00000000e1f00000, 0x00000000e2000000, 0x00000000e2000000|100%| O|  |TAMS 0x00000000e2000000, 0x00000000e1f00000| Untracked 
|  32|0x00000000e2000000, 0x00000000e2100000, 0x00000000e2100000|100%| O|  |TAMS 0x00000000e2100000, 0x00000000e2000000| Untracked 
|  33|0x00000000e2100000, 0x00000000e2200000, 0x00000000e2200000|100%| O|  |TAMS 0x00000000e2200000, 0x00000000e2100000| Untracked 
|  34|0x00000000e2200000, 0x00000000e22b7e00, 0x00000000e2300000| 71%| O|  |TAMS 0x00000000e22b7e00, 0x00000000e2200000| Untracked 
|  35|0x00000000e2300000, 0x00000000e2300000, 0x00000000e2400000|  0%| F|  |TAMS 0x00000000e2300000, 0x00000000e2300000| Untracked 
|  36|0x00000000e2400000, 0x00000000e2400000, 0x00000000e2500000|  0%| F|  |TAMS 0x00000000e2400000, 0x00000000e2400000| Untracked 
|  37|0x00000000e2500000, 0x00000000e2500000, 0x00000000e2600000|  0%| F|  |TAMS 0x00000000e2500000, 0x00000000e2500000| Untracked 
|  38|0x00000000e2600000, 0x00000000e2600000, 0x00000000e2700000|  0%| F|  |TAMS 0x00000000e2600000, 0x00000000e2600000| Untracked 
|  39|0x00000000e2700000, 0x00000000e2700000, 0x00000000e2800000|  0%| F|  |TAMS 0x00000000e2700000, 0x00000000e2700000| Untracked 
|  40|0x00000000e2800000, 0x00000000e2800000, 0x00000000e2900000|  0%| F|  |TAMS 0x00000000e2800000, 0x00000000e2800000| Untracked 
|  41|0x00000000e2900000, 0x00000000e2900000, 0x00000000e2a00000|  0%| F|  |TAMS 0x00000000e2900000, 0x00000000e2900000| Untracked 
|  42|0x00000000e2a00000, 0x00000000e2a00000, 0x00000000e2b00000|  0%| F|  |TAMS 0x00000000e2a00000, 0x00000000e2a00000| Untracked 
|  43|0x00000000e2b00000, 0x00000000e2b00000, 0x00000000e2c00000|  0%| F|  |TAMS 0x00000000e2b00000, 0x00000000e2b00000| Untracked 
|  44|0x00000000e2c00000, 0x00000000e2c00000, 0x00000000e2d00000|  0%| F|  |TAMS 0x00000000e2c00000, 0x00000000e2c00000| Untracked 
|  45|0x00000000e2d00000, 0x00000000e2d00000, 0x00000000e2e00000|  0%| F|  |TAMS 0x00000000e2d00000, 0x00000000e2d00000| Untracked 
|  46|0x00000000e2e00000, 0x00000000e2e00000, 0x00000000e2f00000|  0%| F|  |TAMS 0x00000000e2e00000, 0x00000000e2e00000| Untracked 
|  47|0x00000000e2f00000, 0x00000000e2f00000, 0x00000000e3000000|  0%| F|  |TAMS 0x00000000e2f00000, 0x00000000e2f00000| Untracked 
|  48|0x00000000e3000000, 0x00000000e3000000, 0x00000000e3100000|  0%| F|  |TAMS 0x00000000e3000000, 0x00000000e3000000| Untracked 
|  49|0x00000000e3100000, 0x00000000e3100000, 0x00000000e3200000|  0%| F|  |TAMS 0x00000000e3100000, 0x00000000e3100000| Untracked 
|  50|0x00000000e3200000, 0x00000000e3200000, 0x00000000e3300000|  0%| F|  |TAMS 0x00000000e3200000, 0x00000000e3200000| Untracked 
|  51|0x00000000e3300000, 0x00000000e3300000, 0x00000000e3400000|  0%| F|  |TAMS 0x00000000e3300000, 0x00000000e3300000| Untracked 
|  52|0x00000000e3400000, 0x00000000e3400000, 0x00000000e3500000|  0%| F|  |TAMS 0x00000000e3400000, 0x00000000e3400000| Untracked 
|  53|0x00000000e3500000, 0x00000000e3500000, 0x00000000e3600000|  0%| F|  |TAMS 0x00000000e3500000, 0x00000000e3500000| Untracked 
|  54|0x00000000e3600000, 0x00000000e3600000, 0x00000000e3700000|  0%| F|  |TAMS 0x00000000e3600000, 0x00000000e3600000| Untracked 
|  55|0x00000000e3700000, 0x00000000e3700000, 0x00000000e3800000|  0%| F|  |TAMS 0x00000000e3700000, 0x00000000e3700000| Untracked 
|  56|0x00000000e3800000, 0x00000000e3800000, 0x00000000e3900000|  0%| F|  |TAMS 0x00000000e3800000, 0x00000000e3800000| Untracked 
|  57|0x00000000e3900000, 0x00000000e3900000, 0x00000000e3a00000|  0%| F|  |TAMS 0x00000000e3900000, 0x00000000e3900000| Untracked 
|  58|0x00000000e3a00000, 0x00000000e3a00000, 0x00000000e3b00000|  0%| F|  |TAMS 0x00000000e3a00000, 0x00000000e3a00000| Untracked 
|  59|0x00000000e3b00000, 0x00000000e3b00000, 0x00000000e3c00000|  0%| F|  |TAMS 0x00000000e3b00000, 0x00000000e3b00000| Untracked 
|  60|0x00000000e3c00000, 0x00000000e3c00000, 0x00000000e3d00000|  0%| F|  |TAMS 0x00000000e3c00000, 0x00000000e3c00000| Untracked 
|  61|0x00000000e3d00000, 0x00000000e3d00000, 0x00000000e3e00000|  0%| F|  |TAMS 0x00000000e3d00000, 0x00000000e3d00000| Untracked 
|  62|0x00000000e3e00000, 0x00000000e3e00000, 0x00000000e3f00000|  0%| F|  |TAMS 0x00000000e3e00000, 0x00000000e3e00000| Untracked 
|  63|0x00000000e3f00000, 0x00000000e3f00000, 0x00000000e4000000|  0%| F|  |TAMS 0x00000000e3f00000, 0x00000000e3f00000| Untracked 
|  64|0x00000000e4000000, 0x00000000e4000000, 0x00000000e4100000|  0%| F|  |TAMS 0x00000000e4000000, 0x00000000e4000000| Untracked 
|  65|0x00000000e4100000, 0x00000000e4100000, 0x00000000e4200000|  0%| F|  |TAMS 0x00000000e4100000, 0x00000000e4100000| Untracked 
|  66|0x00000000e4200000, 0x00000000e4200000, 0x00000000e4300000|  0%| F|  |TAMS 0x00000000e4200000, 0x00000000e4200000| Untracked 
|  67|0x00000000e4300000, 0x00000000e4300000, 0x00000000e4400000|  0%| F|  |TAMS 0x00000000e4300000, 0x00000000e4300000| Untracked 
|  68|0x00000000e4400000, 0x00000000e4400000, 0x00000000e4500000|  0%| F|  |TAMS 0x00000000e4400000, 0x00000000e4400000| Untracked 
|  69|0x00000000e4500000, 0x00000000e4500000, 0x00000000e4600000|  0%| F|  |TAMS 0x00000000e4500000, 0x00000000e4500000| Untracked 
|  70|0x00000000e4600000, 0x00000000e4600000, 0x00000000e4700000|  0%| F|  |TAMS 0x00000000e4600000, 0x00000000e4600000| Untracked 
|  71|0x00000000e4700000, 0x00000000e4700000, 0x00000000e4800000|  0%| F|  |TAMS 0x00000000e4700000, 0x00000000e4700000| Untracked 
|  72|0x00000000e4800000, 0x00000000e4800000, 0x00000000e4900000|  0%| F|  |TAMS 0x00000000e4800000, 0x00000000e4800000| Untracked 
|  73|0x00000000e4900000, 0x00000000e4900000, 0x00000000e4a00000|  0%| F|  |TAMS 0x00000000e4900000, 0x00000000e4900000| Untracked 
|  74|0x00000000e4a00000, 0x00000000e4a00000, 0x00000000e4b00000|  0%| F|  |TAMS 0x00000000e4a00000, 0x00000000e4a00000| Untracked 
|  75|0x00000000e4b00000, 0x00000000e4b00000, 0x00000000e4c00000|  0%| F|  |TAMS 0x00000000e4b00000, 0x00000000e4b00000| Untracked 
|  76|0x00000000e4c00000, 0x00000000e4c00000, 0x00000000e4d00000|  0%| F|  |TAMS 0x00000000e4c00000, 0x00000000e4c00000| Untracked 
|  77|0x00000000e4d00000, 0x00000000e4d00000, 0x00000000e4e00000|  0%| F|  |TAMS 0x00000000e4d00000, 0x00000000e4d00000| Untracked 
|  78|0x00000000e4e00000, 0x00000000e4e00000, 0x00000000e4f00000|  0%| F|  |TAMS 0x00000000e4e00000, 0x00000000e4e00000| Untracked 
|  79|0x00000000e4f00000, 0x00000000e4f00000, 0x00000000e5000000|  0%| F|  |TAMS 0x00000000e4f00000, 0x00000000e4f00000| Untracked 
|  80|0x00000000e5000000, 0x00000000e5000000, 0x00000000e5100000|  0%| F|  |TAMS 0x00000000e5000000, 0x00000000e5000000| Untracked 
|  81|0x00000000e5100000, 0x00000000e5100000, 0x00000000e5200000|  0%| F|  |TAMS 0x00000000e5100000, 0x00000000e5100000| Untracked 
|  82|0x00000000e5200000, 0x00000000e5200000, 0x00000000e5300000|  0%| F|  |TAMS 0x00000000e5200000, 0x00000000e5200000| Untracked 
|  83|0x00000000e5300000, 0x00000000e5300000, 0x00000000e5400000|  0%| F|  |TAMS 0x00000000e5300000, 0x00000000e5300000| Untracked 
|  84|0x00000000e5400000, 0x00000000e5400000, 0x00000000e5500000|  0%| F|  |TAMS 0x00000000e5400000, 0x00000000e5400000| Untracked 
|  85|0x00000000e5500000, 0x00000000e5500000, 0x00000000e5600000|  0%| F|  |TAMS 0x00000000e5500000, 0x00000000e5500000| Untracked 
|  86|0x00000000e5600000, 0x00000000e5600000, 0x00000000e5700000|  0%| F|  |TAMS 0x00000000e5600000, 0x00000000e5600000| Untracked 
|  87|0x00000000e5700000, 0x00000000e5700000, 0x00000000e5800000|  0%| F|  |TAMS 0x00000000e5700000, 0x00000000e5700000| Untracked 
|  88|0x00000000e5800000, 0x00000000e5800000, 0x00000000e5900000|  0%| F|  |TAMS 0x00000000e5800000, 0x00000000e5800000| Untracked 
|  89|0x00000000e5900000, 0x00000000e5900000, 0x00000000e5a00000|  0%| F|  |TAMS 0x00000000e5900000, 0x00000000e5900000| Untracked 
|  90|0x00000000e5a00000, 0x00000000e5a00000, 0x00000000e5b00000|  0%| F|  |TAMS 0x00000000e5a00000, 0x00000000e5a00000| Untracked 
|  91|0x00000000e5b00000, 0x00000000e5b00000, 0x00000000e5c00000|  0%| F|  |TAMS 0x00000000e5b00000, 0x00000000e5b00000| Untracked 
|  92|0x00000000e5c00000, 0x00000000e5c00000, 0x00000000e5d00000|  0%| F|  |TAMS 0x00000000e5c00000, 0x00000000e5c00000| Untracked 
|  93|0x00000000e5d00000, 0x00000000e5d00000, 0x00000000e5e00000|  0%| F|  |TAMS 0x00000000e5d00000, 0x00000000e5d00000| Untracked 
|  94|0x00000000e5e00000, 0x00000000e5e00000, 0x00000000e5f00000|  0%| F|  |TAMS 0x00000000e5e00000, 0x00000000e5e00000| Untracked 
|  95|0x00000000e5f00000, 0x00000000e5f00000, 0x00000000e6000000|  0%| F|  |TAMS 0x00000000e5f00000, 0x00000000e5f00000| Untracked 
|  96|0x00000000e6000000, 0x00000000e6000000, 0x00000000e6100000|  0%| F|  |TAMS 0x00000000e6000000, 0x00000000e6000000| Untracked 
|  97|0x00000000e6100000, 0x00000000e6100000, 0x00000000e6200000|  0%| F|  |TAMS 0x00000000e6100000, 0x00000000e6100000| Untracked 
|  98|0x00000000e6200000, 0x00000000e6200000, 0x00000000e6300000|  0%| F|  |TAMS 0x00000000e6200000, 0x00000000e6200000| Untracked 
|  99|0x00000000e6300000, 0x00000000e6300000, 0x00000000e6400000|  0%| F|  |TAMS 0x00000000e6300000, 0x00000000e6300000| Untracked 
| 100|0x00000000e6400000, 0x00000000e6400000, 0x00000000e6500000|  0%| F|  |TAMS 0x00000000e6400000, 0x00000000e6400000| Untracked 
| 101|0x00000000e6500000, 0x00000000e6500000, 0x00000000e6600000|  0%| F|  |TAMS 0x00000000e6500000, 0x00000000e6500000| Untracked 
| 102|0x00000000e6600000, 0x00000000e6600000, 0x00000000e6700000|  0%| F|  |TAMS 0x00000000e6600000, 0x00000000e6600000| Untracked 
| 103|0x00000000e6700000, 0x00000000e6700000, 0x00000000e6800000|  0%| F|  |TAMS 0x00000000e6700000, 0x00000000e6700000| Untracked 
| 104|0x00000000e6800000, 0x00000000e6800000, 0x00000000e6900000|  0%| F|  |TAMS 0x00000000e6800000, 0x00000000e6800000| Untracked 
| 105|0x00000000e6900000, 0x00000000e6900000, 0x00000000e6a00000|  0%| F|  |TAMS 0x00000000e6900000, 0x00000000e6900000| Untracked 
| 106|0x00000000e6a00000, 0x00000000e6a00000, 0x00000000e6b00000|  0%| F|  |TAMS 0x00000000e6a00000, 0x00000000e6a00000| Untracked 
| 107|0x00000000e6b00000, 0x00000000e6b00000, 0x00000000e6c00000|  0%| F|  |TAMS 0x00000000e6b00000, 0x00000000e6b00000| Untracked 
| 108|0x00000000e6c00000, 0x00000000e6c00000, 0x00000000e6d00000|  0%| F|  |TAMS 0x00000000e6c00000, 0x00000000e6c00000| Untracked 
| 109|0x00000000e6d00000, 0x00000000e6d00000, 0x00000000e6e00000|  0%| F|  |TAMS 0x00000000e6d00000, 0x00000000e6d00000| Untracked 
| 110|0x00000000e6e00000, 0x00000000e6e00000, 0x00000000e6f00000|  0%| F|  |TAMS 0x00000000e6e00000, 0x00000000e6e00000| Untracked 
| 111|0x00000000e6f00000, 0x00000000e6f00000, 0x00000000e7000000|  0%| F|  |TAMS 0x00000000e6f00000, 0x00000000e6f00000| Untracked 
| 112|0x00000000e7000000, 0x00000000e7000000, 0x00000000e7100000|  0%| F|  |TAMS 0x00000000e7000000, 0x00000000e7000000| Untracked 
| 113|0x00000000e7100000, 0x00000000e7100000, 0x00000000e7200000|  0%| F|  |TAMS 0x00000000e7100000, 0x00000000e7100000| Untracked 
| 114|0x00000000e7200000, 0x00000000e7200000, 0x00000000e7300000|  0%| F|  |TAMS 0x00000000e7200000, 0x00000000e7200000| Untracked 
| 115|0x00000000e7300000, 0x00000000e7300000, 0x00000000e7400000|  0%| F|  |TAMS 0x00000000e7300000, 0x00000000e7300000| Untracked 
| 116|0x00000000e7400000, 0x00000000e7400000, 0x00000000e7500000|  0%| F|  |TAMS 0x00000000e7400000, 0x00000000e7400000| Untracked 
| 117|0x00000000e7500000, 0x00000000e7500000, 0x00000000e7600000|  0%| F|  |TAMS 0x00000000e7500000, 0x00000000e7500000| Untracked 
| 118|0x00000000e7600000, 0x00000000e7600000, 0x00000000e7700000|  0%| F|  |TAMS 0x00000000e7600000, 0x00000000e7600000| Untracked 
| 119|0x00000000e7700000, 0x00000000e7700000, 0x00000000e7800000|  0%| F|  |TAMS 0x00000000e7700000, 0x00000000e7700000| Untracked 
| 120|0x00000000e7800000, 0x00000000e7800000, 0x00000000e7900000|  0%| F|  |TAMS 0x00000000e7800000, 0x00000000e7800000| Untracked 
| 121|0x00000000e7900000, 0x00000000e7900000, 0x00000000e7a00000|  0%| F|  |TAMS 0x00000000e7900000, 0x00000000e7900000| Untracked 
| 122|0x00000000e7a00000, 0x00000000e7a00000, 0x00000000e7b00000|  0%| F|  |TAMS 0x00000000e7a00000, 0x00000000e7a00000| Untracked 
| 123|0x00000000e7b00000, 0x00000000e7b00000, 0x00000000e7c00000|  0%| F|  |TAMS 0x00000000e7b00000, 0x00000000e7b00000| Untracked 
| 124|0x00000000e7c00000, 0x00000000e7c00000, 0x00000000e7d00000|  0%| F|  |TAMS 0x00000000e7c00000, 0x00000000e7c00000| Untracked 
| 125|0x00000000e7d00000, 0x00000000e7d00000, 0x00000000e7e00000|  0%| F|  |TAMS 0x00000000e7d00000, 0x00000000e7d00000| Untracked 
| 126|0x00000000e7e00000, 0x00000000e7e00000, 0x00000000e7f00000|  0%| F|  |TAMS 0x00000000e7e00000, 0x00000000e7e00000| Untracked 
| 127|0x00000000e7f00000, 0x00000000e7f00000, 0x00000000e8000000|  0%| F|  |TAMS 0x00000000e7f00000, 0x00000000e7f00000| Untracked 
| 128|0x00000000e8000000, 0x00000000e8000000, 0x00000000e8100000|  0%| F|  |TAMS 0x00000000e8000000, 0x00000000e8000000| Untracked 
| 129|0x00000000e8100000, 0x00000000e8100000, 0x00000000e8200000|  0%| F|  |TAMS 0x00000000e8100000, 0x00000000e8100000| Untracked 
| 130|0x00000000e8200000, 0x00000000e8200000, 0x00000000e8300000|  0%| F|  |TAMS 0x00000000e8200000, 0x00000000e8200000| Untracked 
| 131|0x00000000e8300000, 0x00000000e8300000, 0x00000000e8400000|  0%| F|  |TAMS 0x00000000e8300000, 0x00000000e8300000| Untracked 
| 132|0x00000000e8400000, 0x00000000e8400000, 0x00000000e8500000|  0%| F|  |TAMS 0x00000000e8400000, 0x00000000e8400000| Untracked 
| 133|0x00000000e8500000, 0x00000000e8500000, 0x00000000e8600000|  0%| F|  |TAMS 0x00000000e8500000, 0x00000000e8500000| Untracked 
| 134|0x00000000e8600000, 0x00000000e8600000, 0x00000000e8700000|  0%| F|  |TAMS 0x00000000e8600000, 0x00000000e8600000| Untracked 
| 135|0x00000000e8700000, 0x00000000e8700000, 0x00000000e8800000|  0%| F|  |TAMS 0x00000000e8700000, 0x00000000e8700000| Untracked 
| 136|0x00000000e8800000, 0x00000000e8800000, 0x00000000e8900000|  0%| F|  |TAMS 0x00000000e8800000, 0x00000000e8800000| Untracked 
| 137|0x00000000e8900000, 0x00000000e8900000, 0x00000000e8a00000|  0%| F|  |TAMS 0x00000000e8900000, 0x00000000e8900000| Untracked 
| 138|0x00000000e8a00000, 0x00000000e8a00000, 0x00000000e8b00000|  0%| F|  |TAMS 0x00000000e8a00000, 0x00000000e8a00000| Untracked 
| 139|0x00000000e8b00000, 0x00000000e8b00000, 0x00000000e8c00000|  0%| F|  |TAMS 0x00000000e8b00000, 0x00000000e8b00000| Untracked 
| 140|0x00000000e8c00000, 0x00000000e8c00000, 0x00000000e8d00000|  0%| F|  |TAMS 0x00000000e8c00000, 0x00000000e8c00000| Untracked 
| 141|0x00000000e8d00000, 0x00000000e8d00000, 0x00000000e8e00000|  0%| F|  |TAMS 0x00000000e8d00000, 0x00000000e8d00000| Untracked 
| 142|0x00000000e8e00000, 0x00000000e8e00000, 0x00000000e8f00000|  0%| F|  |TAMS 0x00000000e8e00000, 0x00000000e8e00000| Untracked 
| 143|0x00000000e8f00000, 0x00000000e8f00000, 0x00000000e9000000|  0%| F|  |TAMS 0x00000000e8f00000, 0x00000000e8f00000| Untracked 
| 144|0x00000000e9000000, 0x00000000e9000000, 0x00000000e9100000|  0%| F|  |TAMS 0x00000000e9000000, 0x00000000e9000000| Untracked 
| 145|0x00000000e9100000, 0x00000000e9100000, 0x00000000e9200000|  0%| F|  |TAMS 0x00000000e9100000, 0x00000000e9100000| Untracked 
| 146|0x00000000e9200000, 0x00000000e9200000, 0x00000000e9300000|  0%| F|  |TAMS 0x00000000e9200000, 0x00000000e9200000| Untracked 
| 147|0x00000000e9300000, 0x00000000e9300000, 0x00000000e9400000|  0%| F|  |TAMS 0x00000000e9300000, 0x00000000e9300000| Untracked 
| 148|0x00000000e9400000, 0x00000000e9400000, 0x00000000e9500000|  0%| F|  |TAMS 0x00000000e9400000, 0x00000000e9400000| Untracked 
| 149|0x00000000e9500000, 0x00000000e9500000, 0x00000000e9600000|  0%| F|  |TAMS 0x00000000e9500000, 0x00000000e9500000| Untracked 
| 150|0x00000000e9600000, 0x00000000e9600000, 0x00000000e9700000|  0%| F|  |TAMS 0x00000000e9600000, 0x00000000e9600000| Untracked 
| 151|0x00000000e9700000, 0x00000000e9700000, 0x00000000e9800000|  0%| F|  |TAMS 0x00000000e9700000, 0x00000000e9700000| Untracked 
| 152|0x00000000e9800000, 0x00000000e9800000, 0x00000000e9900000|  0%| F|  |TAMS 0x00000000e9800000, 0x00000000e9800000| Untracked 
| 153|0x00000000e9900000, 0x00000000e9900000, 0x00000000e9a00000|  0%| F|  |TAMS 0x00000000e9900000, 0x00000000e9900000| Untracked 
| 154|0x00000000e9a00000, 0x00000000e9a00000, 0x00000000e9b00000|  0%| F|  |TAMS 0x00000000e9a00000, 0x00000000e9a00000| Untracked 
| 155|0x00000000e9b00000, 0x00000000e9b00000, 0x00000000e9c00000|  0%| F|  |TAMS 0x00000000e9b00000, 0x00000000e9b00000| Untracked 
| 156|0x00000000e9c00000, 0x00000000e9c00000, 0x00000000e9d00000|  0%| F|  |TAMS 0x00000000e9c00000, 0x00000000e9c00000| Untracked 
| 157|0x00000000e9d00000, 0x00000000e9d00000, 0x00000000e9e00000|  0%| F|  |TAMS 0x00000000e9d00000, 0x00000000e9d00000| Untracked 
| 158|0x00000000e9e00000, 0x00000000e9e00000, 0x00000000e9f00000|  0%| F|  |TAMS 0x00000000e9e00000, 0x00000000e9e00000| Untracked 
| 159|0x00000000e9f00000, 0x00000000e9f00000, 0x00000000ea000000|  0%| F|  |TAMS 0x00000000e9f00000, 0x00000000e9f00000| Untracked 
| 160|0x00000000ea000000, 0x00000000ea000000, 0x00000000ea100000|  0%| F|  |TAMS 0x00000000ea000000, 0x00000000ea000000| Untracked 
| 161|0x00000000ea100000, 0x00000000ea100000, 0x00000000ea200000|  0%| F|  |TAMS 0x00000000ea100000, 0x00000000ea100000| Untracked 
| 162|0x00000000ea200000, 0x00000000ea200000, 0x00000000ea300000|  0%| F|  |TAMS 0x00000000ea200000, 0x00000000ea200000| Untracked 
| 163|0x00000000ea300000, 0x00000000ea300000, 0x00000000ea400000|  0%| F|  |TAMS 0x00000000ea300000, 0x00000000ea300000| Untracked 
| 164|0x00000000ea400000, 0x00000000ea400000, 0x00000000ea500000|  0%| F|  |TAMS 0x00000000ea400000, 0x00000000ea400000| Untracked 
| 165|0x00000000ea500000, 0x00000000ea500000, 0x00000000ea600000|  0%| F|  |TAMS 0x00000000ea500000, 0x00000000ea500000| Untracked 
| 166|0x00000000ea600000, 0x00000000ea600000, 0x00000000ea700000|  0%| F|  |TAMS 0x00000000ea600000, 0x00000000ea600000| Untracked 
| 167|0x00000000ea700000, 0x00000000ea700000, 0x00000000ea800000|  0%| F|  |TAMS 0x00000000ea700000, 0x00000000ea700000| Untracked 
| 168|0x00000000ea800000, 0x00000000ea800000, 0x00000000ea900000|  0%| F|  |TAMS 0x00000000ea800000, 0x00000000ea800000| Untracked 
| 169|0x00000000ea900000, 0x00000000ea900000, 0x00000000eaa00000|  0%| F|  |TAMS 0x00000000ea900000, 0x00000000ea900000| Untracked 
| 170|0x00000000eaa00000, 0x00000000eaa00000, 0x00000000eab00000|  0%| F|  |TAMS 0x00000000eaa00000, 0x00000000eaa00000| Untracked 
| 171|0x00000000eab00000, 0x00000000eab00000, 0x00000000eac00000|  0%| F|  |TAMS 0x00000000eab00000, 0x00000000eab00000| Untracked 
| 172|0x00000000eac00000, 0x00000000eac00000, 0x00000000ead00000|  0%| F|  |TAMS 0x00000000eac00000, 0x00000000eac00000| Untracked 
| 173|0x00000000ead00000, 0x00000000ead00000, 0x00000000eae00000|  0%| F|  |TAMS 0x00000000ead00000, 0x00000000ead00000| Untracked 
| 174|0x00000000eae00000, 0x00000000eae00000, 0x00000000eaf00000|  0%| F|  |TAMS 0x00000000eae00000, 0x00000000eae00000| Untracked 
| 175|0x00000000eaf00000, 0x00000000eaf00000, 0x00000000eb000000|  0%| F|  |TAMS 0x00000000eaf00000, 0x00000000eaf00000| Untracked 
| 176|0x00000000eb000000, 0x00000000eb000000, 0x00000000eb100000|  0%| F|  |TAMS 0x00000000eb000000, 0x00000000eb000000| Untracked 
| 177|0x00000000eb100000, 0x00000000eb100000, 0x00000000eb200000|  0%| F|  |TAMS 0x00000000eb100000, 0x00000000eb100000| Untracked 
| 178|0x00000000eb200000, 0x00000000eb200000, 0x00000000eb300000|  0%| F|  |TAMS 0x00000000eb200000, 0x00000000eb200000| Untracked 
| 179|0x00000000eb300000, 0x00000000eb300000, 0x00000000eb400000|  0%| F|  |TAMS 0x00000000eb300000, 0x00000000eb300000| Untracked 
| 180|0x00000000eb400000, 0x00000000eb400000, 0x00000000eb500000|  0%| F|  |TAMS 0x00000000eb400000, 0x00000000eb400000| Untracked 
| 181|0x00000000eb500000, 0x00000000eb500000, 0x00000000eb600000|  0%| F|  |TAMS 0x00000000eb500000, 0x00000000eb500000| Untracked 
| 182|0x00000000eb600000, 0x00000000eb600000, 0x00000000eb700000|  0%| F|  |TAMS 0x00000000eb600000, 0x00000000eb600000| Untracked 
| 183|0x00000000eb700000, 0x00000000eb700000, 0x00000000eb800000|  0%| F|  |TAMS 0x00000000eb700000, 0x00000000eb700000| Untracked 
| 184|0x00000000eb800000, 0x00000000eb800000, 0x00000000eb900000|  0%| F|  |TAMS 0x00000000eb800000, 0x00000000eb800000| Untracked 
| 185|0x00000000eb900000, 0x00000000eb900000, 0x00000000eba00000|  0%| F|  |TAMS 0x00000000eb900000, 0x00000000eb900000| Untracked 
| 186|0x00000000eba00000, 0x00000000eba00000, 0x00000000ebb00000|  0%| F|  |TAMS 0x00000000eba00000, 0x00000000eba00000| Untracked 
| 187|0x00000000ebb00000, 0x00000000ebb00000, 0x00000000ebc00000|  0%| F|  |TAMS 0x00000000ebb00000, 0x00000000ebb00000| Untracked 
| 188|0x00000000ebc00000, 0x00000000ebc00000, 0x00000000ebd00000|  0%| F|  |TAMS 0x00000000ebc00000, 0x00000000ebc00000| Untracked 
| 189|0x00000000ebd00000, 0x00000000ebd00000, 0x00000000ebe00000|  0%| F|  |TAMS 0x00000000ebd00000, 0x00000000ebd00000| Untracked 
| 190|0x00000000ebe00000, 0x00000000ebe00000, 0x00000000ebf00000|  0%| F|  |TAMS 0x00000000ebe00000, 0x00000000ebe00000| Untracked 
| 191|0x00000000ebf00000, 0x00000000ebf00000, 0x00000000ec000000|  0%| F|  |TAMS 0x00000000ebf00000, 0x00000000ebf00000| Untracked 
| 192|0x00000000ec000000, 0x00000000ec000000, 0x00000000ec100000|  0%| F|  |TAMS 0x00000000ec000000, 0x00000000ec000000| Untracked 
| 193|0x00000000ec100000, 0x00000000ec100000, 0x00000000ec200000|  0%| F|  |TAMS 0x00000000ec100000, 0x00000000ec100000| Untracked 
| 194|0x00000000ec200000, 0x00000000ec200000, 0x00000000ec300000|  0%| F|  |TAMS 0x00000000ec200000, 0x00000000ec200000| Untracked 
| 195|0x00000000ec300000, 0x00000000ec300000, 0x00000000ec400000|  0%| F|  |TAMS 0x00000000ec300000, 0x00000000ec300000| Untracked 
| 196|0x00000000ec400000, 0x00000000ec400000, 0x00000000ec500000|  0%| F|  |TAMS 0x00000000ec400000, 0x00000000ec400000| Untracked 
| 197|0x00000000ec500000, 0x00000000ec500000, 0x00000000ec600000|  0%| F|  |TAMS 0x00000000ec500000, 0x00000000ec500000| Untracked 
| 198|0x00000000ec600000, 0x00000000ec600000, 0x00000000ec700000|  0%| F|  |TAMS 0x00000000ec600000, 0x00000000ec600000| Untracked 
| 199|0x00000000ec700000, 0x00000000ec700000, 0x00000000ec800000|  0%| F|  |TAMS 0x00000000ec700000, 0x00000000ec700000| Untracked 
| 200|0x00000000ec800000, 0x00000000ec800000, 0x00000000ec900000|  0%| F|  |TAMS 0x00000000ec800000, 0x00000000ec800000| Untracked 
| 201|0x00000000ec900000, 0x00000000ec900000, 0x00000000eca00000|  0%| F|  |TAMS 0x00000000ec900000, 0x00000000ec900000| Untracked 
| 202|0x00000000eca00000, 0x00000000eca00000, 0x00000000ecb00000|  0%| F|  |TAMS 0x00000000eca00000, 0x00000000eca00000| Untracked 
| 203|0x00000000ecb00000, 0x00000000ecb00000, 0x00000000ecc00000|  0%| F|  |TAMS 0x00000000ecb00000, 0x00000000ecb00000| Untracked 
| 204|0x00000000ecc00000, 0x00000000ecc00000, 0x00000000ecd00000|  0%| F|  |TAMS 0x00000000ecc00000, 0x00000000ecc00000| Untracked 
| 205|0x00000000ecd00000, 0x00000000ecd00000, 0x00000000ece00000|  0%| F|  |TAMS 0x00000000ecd00000, 0x00000000ecd00000| Untracked 
| 206|0x00000000ece00000, 0x00000000ece00000, 0x00000000ecf00000|  0%| F|  |TAMS 0x00000000ece00000, 0x00000000ece00000| Untracked 
| 207|0x00000000ecf00000, 0x00000000ecf00000, 0x00000000ed000000|  0%| F|  |TAMS 0x00000000ecf00000, 0x00000000ecf00000| Untracked 
| 208|0x00000000ed000000, 0x00000000ed000000, 0x00000000ed100000|  0%| F|  |TAMS 0x00000000ed000000, 0x00000000ed000000| Untracked 
| 209|0x00000000ed100000, 0x00000000ed100000, 0x00000000ed200000|  0%| F|  |TAMS 0x00000000ed100000, 0x00000000ed100000| Untracked 
| 210|0x00000000ed200000, 0x00000000ed200000, 0x00000000ed300000|  0%| F|  |TAMS 0x00000000ed200000, 0x00000000ed200000| Untracked 
| 211|0x00000000ed300000, 0x00000000ed300000, 0x00000000ed400000|  0%| F|  |TAMS 0x00000000ed300000, 0x00000000ed300000| Untracked 
| 212|0x00000000ed400000, 0x00000000ed400000, 0x00000000ed500000|  0%| F|  |TAMS 0x00000000ed400000, 0x00000000ed400000| Untracked 
| 213|0x00000000ed500000, 0x00000000ed500000, 0x00000000ed600000|  0%| F|  |TAMS 0x00000000ed500000, 0x00000000ed500000| Untracked 
| 214|0x00000000ed600000, 0x00000000ed600000, 0x00000000ed700000|  0%| F|  |TAMS 0x00000000ed600000, 0x00000000ed600000| Untracked 
| 215|0x00000000ed700000, 0x00000000ed700000, 0x00000000ed800000|  0%| F|  |TAMS 0x00000000ed700000, 0x00000000ed700000| Untracked 
| 216|0x00000000ed800000, 0x00000000ed800000, 0x00000000ed900000|  0%| F|  |TAMS 0x00000000ed800000, 0x00000000ed800000| Untracked 
| 217|0x00000000ed900000, 0x00000000ed900000, 0x00000000eda00000|  0%| F|  |TAMS 0x00000000ed900000, 0x00000000ed900000| Untracked 
| 218|0x00000000eda00000, 0x00000000eda00000, 0x00000000edb00000|  0%| F|  |TAMS 0x00000000eda00000, 0x00000000eda00000| Untracked 
| 219|0x00000000edb00000, 0x00000000edc00000, 0x00000000edc00000|100%| S|CS|TAMS 0x00000000edb00000, 0x00000000edb00000| Complete 
| 220|0x00000000edc00000, 0x00000000edd00000, 0x00000000edd00000|100%| S|CS|TAMS 0x00000000edc00000, 0x00000000edc00000| Complete 
| 221|0x00000000edd00000, 0x00000000ede00000, 0x00000000ede00000|100%| S|CS|TAMS 0x00000000edd00000, 0x00000000edd00000| Complete 
| 222|0x00000000ede00000, 0x00000000edf00000, 0x00000000edf00000|100%| S|CS|TAMS 0x00000000ede00000, 0x00000000ede00000| Complete 
| 223|0x00000000edf00000, 0x00000000ee000000, 0x00000000ee000000|100%| S|CS|TAMS 0x00000000edf00000, 0x00000000edf00000| Complete 
| 224|0x00000000ee000000, 0x00000000ee100000, 0x00000000ee100000|100%| S|CS|TAMS 0x00000000ee000000, 0x00000000ee000000| Complete 
| 225|0x00000000ee100000, 0x00000000ee200000, 0x00000000ee200000|100%| S|CS|TAMS 0x00000000ee100000, 0x00000000ee100000| Complete 
| 226|0x00000000ee200000, 0x00000000ee300000, 0x00000000ee300000|100%| S|CS|TAMS 0x00000000ee200000, 0x00000000ee200000| Complete 
| 227|0x00000000ee300000, 0x00000000ee400000, 0x00000000ee400000|100%| S|CS|TAMS 0x00000000ee300000, 0x00000000ee300000| Complete 
| 228|0x00000000ee400000, 0x00000000ee500000, 0x00000000ee500000|100%| S|CS|TAMS 0x00000000ee400000, 0x00000000ee400000| Complete 
| 229|0x00000000ee500000, 0x00000000ee600000, 0x00000000ee600000|100%| S|CS|TAMS 0x00000000ee500000, 0x00000000ee500000| Complete 
| 230|0x00000000ee600000, 0x00000000ee700000, 0x00000000ee700000|100%| S|CS|TAMS 0x00000000ee600000, 0x00000000ee600000| Complete 
| 231|0x00000000ee700000, 0x00000000ee800000, 0x00000000ee800000|100%| S|CS|TAMS 0x00000000ee700000, 0x00000000ee700000| Complete 
| 232|0x00000000ee800000, 0x00000000ee900000, 0x00000000ee900000|100%| S|CS|TAMS 0x00000000ee800000, 0x00000000ee800000| Complete 
| 233|0x00000000ee900000, 0x00000000ee900000, 0x00000000eea00000|  0%| F|  |TAMS 0x00000000ee900000, 0x00000000ee900000| Untracked 
| 234|0x00000000eea00000, 0x00000000eea00000, 0x00000000eeb00000|  0%| F|  |TAMS 0x00000000eea00000, 0x00000000eea00000| Untracked 
| 235|0x00000000eeb00000, 0x00000000eeb00000, 0x00000000eec00000|  0%| F|  |TAMS 0x00000000eeb00000, 0x00000000eeb00000| Untracked 
| 236|0x00000000eec00000, 0x00000000eec00000, 0x00000000eed00000|  0%| F|  |TAMS 0x00000000eec00000, 0x00000000eec00000| Untracked 
| 237|0x00000000eed00000, 0x00000000eed00000, 0x00000000eee00000|  0%| F|  |TAMS 0x00000000eed00000, 0x00000000eed00000| Untracked 
| 238|0x00000000eee00000, 0x00000000eee00000, 0x00000000eef00000|  0%| F|  |TAMS 0x00000000eee00000, 0x00000000eee00000| Untracked 
| 239|0x00000000eef00000, 0x00000000eef00000, 0x00000000ef000000|  0%| F|  |TAMS 0x00000000eef00000, 0x00000000eef00000| Untracked 
| 240|0x00000000ef000000, 0x00000000ef000000, 0x00000000ef100000|  0%| F|  |TAMS 0x00000000ef000000, 0x00000000ef000000| Untracked 
| 241|0x00000000ef100000, 0x00000000ef100000, 0x00000000ef200000|  0%| F|  |TAMS 0x00000000ef100000, 0x00000000ef100000| Untracked 
| 242|0x00000000ef200000, 0x00000000ef200000, 0x00000000ef300000|  0%| F|  |TAMS 0x00000000ef200000, 0x00000000ef200000| Untracked 
| 243|0x00000000ef300000, 0x00000000ef300000, 0x00000000ef400000|  0%| F|  |TAMS 0x00000000ef300000, 0x00000000ef300000| Untracked 
| 244|0x00000000ef400000, 0x00000000ef400000, 0x00000000ef500000|  0%| F|  |TAMS 0x00000000ef400000, 0x00000000ef400000| Untracked 
| 245|0x00000000ef500000, 0x00000000ef500000, 0x00000000ef600000|  0%| F|  |TAMS 0x00000000ef500000, 0x00000000ef500000| Untracked 
| 246|0x00000000ef600000, 0x00000000ef600000, 0x00000000ef700000|  0%| F|  |TAMS 0x00000000ef600000, 0x00000000ef600000| Untracked 
| 247|0x00000000ef700000, 0x00000000ef700000, 0x00000000ef800000|  0%| F|  |TAMS 0x00000000ef700000, 0x00000000ef700000| Untracked 
| 248|0x00000000ef800000, 0x00000000ef800000, 0x00000000ef900000|  0%| F|  |TAMS 0x00000000ef800000, 0x00000000ef800000| Untracked 
| 249|0x00000000ef900000, 0x00000000ef900000, 0x00000000efa00000|  0%| F|  |TAMS 0x00000000ef900000, 0x00000000ef900000| Untracked 
| 250|0x00000000efa00000, 0x00000000efa00000, 0x00000000efb00000|  0%| F|  |TAMS 0x00000000efa00000, 0x00000000efa00000| Untracked 
| 251|0x00000000efb00000, 0x00000000efbca7c0, 0x00000000efc00000| 79%| E|  |TAMS 0x00000000efb00000, 0x00000000efb00000| Complete 
| 252|0x00000000efc00000, 0x00000000efd00000, 0x00000000efd00000|100%| E|CS|TAMS 0x00000000efc00000, 0x00000000efc00000| Complete 
| 253|0x00000000efd00000, 0x00000000efe00000, 0x00000000efe00000|100%| E|CS|TAMS 0x00000000efd00000, 0x00000000efd00000| Complete 
| 254|0x00000000efe00000, 0x00000000eff00000, 0x00000000eff00000|100%| E|CS|TAMS 0x00000000efe00000, 0x00000000efe00000| Complete 
| 255|0x00000000eff00000, 0x00000000f0000000, 0x00000000f0000000|100%| E|CS|TAMS 0x00000000eff00000, 0x00000000eff00000| Complete 

Card table byte_map: [0x000002317f270000,0x000002317f370000] _byte_map_base: 0x000002317eb70000

Marking Bits (Prev, Next): (CMBitMap*) 0x000002316ccb6cd0, (CMBitMap*) 0x000002316ccb6c90
 Prev Bits: [0x0000023100000000, 0x0000023100800000)
 Next Bits: [0x000002317f470000, 0x000002317fc70000)

Polling page: 0x000002316c3f0000

Metaspace:

Usage:
  Non-class:     51.46 MB used.
      Class:      8.13 MB used.
       Both:     59.59 MB used.

Virtual space:
  Non-class space:       64.00 MB reserved,      51.75 MB ( 81%) committed,  1 nodes.
      Class space:      320.00 MB reserved,       8.44 MB (  3%) committed,  1 nodes.
             Both:      384.00 MB reserved,      60.19 MB ( 16%) committed. 

Chunk freelists:
   Non-Class:  12.15 MB
       Class:  7.48 MB
        Both:  19.64 MB

MaxMetaspaceSize: 384.00 MB
CompressedClassSpaceSize: 320.00 MB
Initial GC threshold: 21.00 MB
Current GC threshold: 99.31 MB
CDS: off
MetaspaceReclaimPolicy: balanced
 - commit_granule_bytes: 65536.
 - commit_granule_words: 8192.
 - virtual_space_node_default_size: 8388608.
 - enlarge_chunks_in_place: 1.
 - new_chunks_are_fully_committed: 0.
 - uncommit_free_chunks: 1.
 - use_allocation_guard: 0.
 - handle_deallocations: 1.


Internal statistics:

num_allocs_failed_limit: 15.
num_arena_births: 686.
num_arena_deaths: 0.
num_vsnodes_births: 2.
num_vsnodes_deaths: 0.
num_space_committed: 963.
num_space_uncommitted: 0.
num_chunks_returned_to_freelist: 15.
num_chunks_taken_from_freelist: 2904.
num_chunk_merges: 9.
num_chunk_splits: 1835.
num_chunks_enlarged: 1162.
num_inconsistent_stats: 0.

CodeHeap 'non-profiled nmethods': size=119168Kb used=3201Kb max_used=3367Kb free=115966Kb
 bounds [0x0000023177470000, 0x00000231777c0000, 0x000002317e8d0000]
CodeHeap 'profiled nmethods': size=119104Kb used=13863Kb max_used=13863Kb free=105240Kb
 bounds [0x000002316f8d0000, 0x0000023170660000, 0x0000023176d20000]
CodeHeap 'non-nmethods': size=7488Kb used=3456Kb max_used=3497Kb free=4031Kb
 bounds [0x0000023176d20000, 0x00000231770a0000, 0x0000023177470000]
 total_blobs=8067 nmethods=7219 adapters=757
 compilation: enabled
              stopped_count=0, restarted_count=0
 full_count=0

Compilation events (20 events):
Event: 15.113 Thread 0x00000231083ba280 8072       3       java.math.MutableBigInteger::unsignedLongCompare (20 bytes)
Event: 15.113 Thread 0x00000231083ba280 nmethod 8072 0x0000023170654210 code [0x00000231706543a0, 0x0000023170654518]
Event: 15.118 Thread 0x000002310ba2f080 8073 %     3       java.util.Arrays::hashCode @ 16 (44 bytes)
Event: 15.118 Thread 0x00000231083ba280 8074       3       sun.security.util.ObjectIdentifier::equals (33 bytes)
Event: 15.119 Thread 0x000002310ba2f080 nmethod 8073% 0x0000023170654590 code [0x0000023170654740, 0x00000231706549d8]
Event: 15.119 Thread 0x000002310ba2f080 8075       3       java.util.Arrays::hashCode (44 bytes)
Event: 15.119 Thread 0x00000231083ba280 nmethod 8074 0x0000023170654b10 code [0x0000023170654ce0, 0x00000231706550c8]
Event: 15.119 Thread 0x000002310ba2f080 nmethod 8075 0x0000023170655190 code [0x0000023170655340, 0x0000023170655558]
Event: 15.119 Thread 0x000002310ba2f080 8076       3       java.util.regex.ASCII::toLower (16 bytes)
Event: 15.119 Thread 0x000002310355a8e0 8077       3       java.util.regex.ASCII::isUpper (18 bytes)
Event: 15.119 Thread 0x000002310355a8e0 nmethod 8077 0x0000023170655690 code [0x0000023170655820, 0x0000023170655978]
Event: 15.119 Thread 0x000002310ba2f080 nmethod 8076 0x0000023170655a10 code [0x0000023170655ba0, 0x0000023170655d98]
Event: 15.132 Thread 0x000002310355a8e0 8080       3       sun.security.util.SignatureFileVerifier::updateSigners (132 bytes)
Event: 15.132 Thread 0x000002310ba2f080 8081       3       sun.security.util.SignatureFileVerifier::matches (93 bytes)
Event: 15.133 Thread 0x000002310ba2f080 nmethod 8081 0x0000023170655e90 code [0x00000231706560c0, 0x0000023170656978]
Event: 15.133 Thread 0x000002310355a8e0 nmethod 8080 0x0000023170656c90 code [0x0000023170656f40, 0x0000023170657ed8]
Event: 15.135 Thread 0x00000231083ba280 8083       3       sun.security.util.SecurityProviderConstants::getAliases (65 bytes)
Event: 15.136 Thread 0x00000231083ba280 nmethod 8083 0x0000023170658510 code [0x0000023170658780, 0x0000023170659088]
Event: 15.149 Thread 0x00000231083ba280 8084       2       java.security.CodeSource::matchCerts (254 bytes)
Event: 15.150 Thread 0x00000231083ba280 nmethod 8084 0x0000023170659390 code [0x00000231706595c0, 0x0000023170659c38]

GC Heap History (18 events):
Event: 0.906 GC heap before
{Heap before GC invocations=0 (full 0):
 garbage-first heap   total 262144K, used 26624K [0x00000000e0000000, 0x0000000100000000)
  region size 1024K, 23 young (23552K), 0 survivors (0K)
 Metaspace       used 7773K, committed 7936K, reserved 393216K
  class space    used 785K, committed 896K, reserved 327680K
}
Event: 0.911 GC heap after
{Heap after GC invocations=1 (full 0):
 garbage-first heap   total 262144K, used 10574K [0x00000000e0000000, 0x0000000100000000)
  region size 1024K, 3 young (3072K), 3 survivors (3072K)
 Metaspace       used 7773K, committed 7936K, reserved 393216K
  class space    used 785K, committed 896K, reserved 327680K
}
Event: 1.706 GC heap before
{Heap before GC invocations=1 (full 0):
 garbage-first heap   total 262144K, used 38222K [0x00000000e0000000, 0x0000000100000000)
  region size 1024K, 30 young (30720K), 3 survivors (3072K)
 Metaspace       used 10242K, committed 10496K, reserved 393216K
  class space    used 1136K, committed 1280K, reserved 327680K
}
Event: 1.710 GC heap after
{Heap after GC invocations=2 (full 0):
 garbage-first heap   total 262144K, used 12049K [0x00000000e0000000, 0x0000000100000000)
  region size 1024K, 2 young (2048K), 2 survivors (2048K)
 Metaspace       used 10242K, committed 10496K, reserved 393216K
  class space    used 1136K, committed 1280K, reserved 327680K
}
Event: 3.520 GC heap before
{Heap before GC invocations=2 (full 0):
 garbage-first heap   total 262144K, used 88849K [0x00000000e0000000, 0x0000000100000000)
  region size 1024K, 76 young (77824K), 2 survivors (2048K)
 Metaspace       used 21212K, committed 21504K, reserved 393216K
  class space    used 2670K, committed 2816K, reserved 327680K
}
Event: 3.527 GC heap after
{Heap after GC invocations=3 (full 0):
 garbage-first heap   total 262144K, used 20872K [0x00000000e0000000, 0x0000000100000000)
  region size 1024K, 9 young (9216K), 9 survivors (9216K)
 Metaspace       used 21212K, committed 21504K, reserved 393216K
  class space    used 2670K, committed 2816K, reserved 327680K
}
Event: 6.285 GC heap before
{Heap before GC invocations=4 (full 0):
 garbage-first heap   total 262144K, used 132488K [0x00000000e0000000, 0x0000000100000000)
  region size 1024K, 119 young (121856K), 9 survivors (9216K)
 Metaspace       used 35629K, committed 35968K, reserved 393216K
  class space    used 4977K, committed 5120K, reserved 327680K
}
Event: 6.295 GC heap after
{Heap after GC invocations=5 (full 0):
 garbage-first heap   total 262144K, used 26426K [0x00000000e0000000, 0x0000000100000000)
  region size 1024K, 15 young (15360K), 15 survivors (15360K)
 Metaspace       used 35629K, committed 35968K, reserved 393216K
  class space    used 4977K, committed 5120K, reserved 327680K
}
Event: 6.315 GC heap before
{Heap before GC invocations=5 (full 0):
 garbage-first heap   total 262144K, used 27450K [0x00000000e0000000, 0x0000000100000000)
  region size 1024K, 16 young (16384K), 15 survivors (15360K)
 Metaspace       used 35775K, committed 36160K, reserved 393216K
  class space    used 4998K, committed 5184K, reserved 327680K
}
Event: 6.324 GC heap after
{Heap after GC invocations=6 (full 0):
 garbage-first heap   total 262144K, used 27225K [0x00000000e0000000, 0x0000000100000000)
  region size 1024K, 2 young (2048K), 2 survivors (2048K)
 Metaspace       used 35775K, committed 36160K, reserved 393216K
  class space    used 4998K, committed 5184K, reserved 327680K
}
Event: 6.341 GC heap before
{Heap before GC invocations=6 (full 0):
 garbage-first heap   total 262144K, used 28249K [0x00000000e0000000, 0x0000000100000000)
  region size 1024K, 4 young (4096K), 2 survivors (2048K)
 Metaspace       used 35890K, committed 36288K, reserved 393216K
  class space    used 5022K, committed 5248K, reserved 327680K
}
Event: 6.342 GC heap after
{Heap after GC invocations=7 (full 0):
 garbage-first heap   total 262144K, used 26250K [0x00000000e0000000, 0x0000000100000000)
  region size 1024K, 1 young (1024K), 1 survivors (1024K)
 Metaspace       used 35890K, committed 36288K, reserved 393216K
  class space    used 5022K, committed 5248K, reserved 327680K
}
Event: 11.881 GC heap before
{Heap before GC invocations=8 (full 0):
 garbage-first heap   total 262144K, used 188042K [0x00000000e0000000, 0x0000000100000000)
  region size 1024K, 153 young (156672K), 1 survivors (1024K)
 Metaspace       used 52233K, committed 52672K, reserved 393216K
  class space    used 7133K, committed 7360K, reserved 327680K
}
Event: 11.889 GC heap after
{Heap after GC invocations=9 (full 0):
 garbage-first heap   total 262144K, used 36278K [0x00000000e0000000, 0x0000000100000000)
  region size 1024K, 11 young (11264K), 11 survivors (11264K)
 Metaspace       used 52233K, committed 52672K, reserved 393216K
  class space    used 7133K, committed 7360K, reserved 327680K
}
Event: 14.124 GC heap before
{Heap before GC invocations=9 (full 0):
 garbage-first heap   total 262144K, used 180662K [0x00000000e0000000, 0x0000000100000000)
  region size 1024K, 153 young (156672K), 11 survivors (11264K)
 Metaspace       used 59544K, committed 60160K, reserved 393216K
  class space    used 8134K, committed 8448K, reserved 327680K
}
Event: 14.144 GC heap after
{Heap after GC invocations=10 (full 0):
 garbage-first heap   total 262144K, used 45907K [0x00000000e0000000, 0x0000000100000000)
  region size 1024K, 11 young (11264K), 11 survivors (11264K)
 Metaspace       used 59544K, committed 60160K, reserved 393216K
  class space    used 8134K, committed 8448K, reserved 327680K
}
Event: 14.999 GC heap before
{Heap before GC invocations=10 (full 0):
 garbage-first heap   total 262144K, used 67411K [0x00000000e0000000, 0x0000000100000000)
  region size 1024K, 34 young (34816K), 11 survivors (11264K)
 Metaspace       used 60072K, committed 60608K, reserved 393216K
  class space    used 8207K, committed 8448K, reserved 327680K
}
Event: 15.005 GC heap after
{Heap after GC invocations=11 (full 0):
 garbage-first heap   total 262144K, used 49887K [0x00000000e0000000, 0x0000000100000000)
  region size 1024K, 14 young (14336K), 14 survivors (14336K)
 Metaspace       used 60072K, committed 60608K, reserved 393216K
  class space    used 8207K, committed 8448K, reserved 327680K
}

Dll operation events (14 events):
Event: 0.015 Loaded shared library C:\Users\Tassandro\.vscode\extensions\redhat.java-1.33.0-win32-x64\jre\17.0.11-win32-x86_64\bin\java.dll
Event: 0.134 Loaded shared library C:\Users\Tassandro\.vscode\extensions\redhat.java-1.33.0-win32-x64\jre\17.0.11-win32-x86_64\bin\zip.dll
Event: 0.137 Loaded shared library C:\Users\Tassandro\.vscode\extensions\redhat.java-1.33.0-win32-x64\jre\17.0.11-win32-x86_64\bin\instrument.dll
Event: 0.150 Loaded shared library C:\Users\Tassandro\.vscode\extensions\redhat.java-1.33.0-win32-x64\jre\17.0.11-win32-x86_64\bin\net.dll
Event: 0.153 Loaded shared library C:\Users\Tassandro\.vscode\extensions\redhat.java-1.33.0-win32-x64\jre\17.0.11-win32-x86_64\bin\nio.dll
Event: 0.163 Loaded shared library C:\Users\Tassandro\.vscode\extensions\redhat.java-1.33.0-win32-x64\jre\17.0.11-win32-x86_64\bin\zip.dll
Event: 0.549 Loaded shared library C:\Users\Tassandro\.vscode\extensions\redhat.java-1.33.0-win32-x64\jre\17.0.11-win32-x86_64\bin\jimage.dll
Event: 0.720 Loaded shared library C:\Users\Tassandro\.vscode\extensions\redhat.java-1.33.0-win32-x64\jre\17.0.11-win32-x86_64\bin\verify.dll
Event: 0.965 Loaded shared library C:\Users\Tassandro\.gradle\native\c067742578af261105cb4f569cf0c3c89f3d7b1fecec35dd04571415982c5e48\windows-amd64\native-platform.dll
Event: 0.973 Loaded shared library C:\Users\Tassandro\.gradle\native\100fb08df4bc3b14c8652ba06237920a3bd2aa13389f12d3474272988ae205f9\windows-amd64\native-platform-file-events.dll
Event: 2.332 Loaded shared library C:\Users\Tassandro\.vscode\extensions\redhat.java-1.33.0-win32-x64\jre\17.0.11-win32-x86_64\bin\management.dll
Event: 2.337 Loaded shared library C:\Users\Tassandro\.vscode\extensions\redhat.java-1.33.0-win32-x64\jre\17.0.11-win32-x86_64\bin\management_ext.dll
Event: 2.619 Loaded shared library C:\Users\Tassandro\.vscode\extensions\redhat.java-1.33.0-win32-x64\jre\17.0.11-win32-x86_64\bin\extnet.dll
Event: 3.045 Loaded shared library C:\Users\Tassandro\.vscode\extensions\redhat.java-1.33.0-win32-x64\jre\17.0.11-win32-x86_64\bin\sunmscapi.dll

Deoptimization events (20 events):
Event: 15.137 Thread 0x00000231099f2220 Uncommon trap: trap_request=0xffffff45 fr.pc=0x00000231775c9174 relative=0x0000000000000074
Event: 15.137 Thread 0x00000231099f2220 Uncommon trap: reason=unstable_if action=reinterpret pc=0x00000231775c9174 method=java.security.CodeSource.getCertificates()[Ljava/security/cert/Certificate; @ 22 c2
Event: 15.137 Thread 0x00000231099f2220 DEOPT PACKING pc=0x00000231775c9174 sp=0x000000f9361fbb80
Event: 15.137 Thread 0x00000231099f2220 DEOPT UNPACKING pc=0x0000023176d769a3 sp=0x000000f9361fbb10 mode 2
Event: 15.140 Thread 0x00000231099f2220 Uncommon trap: trap_request=0xffffff45 fr.pc=0x00000231776d2d9c relative=0x000000000000575c
Event: 15.140 Thread 0x00000231099f2220 Uncommon trap: reason=unstable_if action=reinterpret pc=0x00000231776d2d9c method=java.util.jar.JarFile.maybeInstantiateVerifier()V @ 4 c2
Event: 15.140 Thread 0x00000231099f2220 DEOPT PACKING pc=0x00000231776d2d9c sp=0x000000f9361f8330
Event: 15.140 Thread 0x00000231099f2220 DEOPT UNPACKING pc=0x0000023176d769a3 sp=0x000000f9361f80d0 mode 2
Event: 15.140 Thread 0x00000231099f2220 Uncommon trap: trap_request=0xffffff45 fr.pc=0x000002317763e3a4 relative=0x00000000000004e4
Event: 15.140 Thread 0x00000231099f2220 Uncommon trap: reason=unstable_if action=reinterpret pc=0x000002317763e3a4 method=java.util.jar.JarFile.maybeInstantiateVerifier()V @ 4 c2
Event: 15.140 Thread 0x00000231099f2220 DEOPT PACKING pc=0x000002317763e3a4 sp=0x000000f9361f81b0
Event: 15.140 Thread 0x00000231099f2220 DEOPT UNPACKING pc=0x0000023176d769a3 sp=0x000000f9361f8058 mode 2
Event: 15.141 Thread 0x00000231099f2220 Uncommon trap: trap_request=0xffffff45 fr.pc=0x00000231776df01c relative=0x000000000000575c
Event: 15.141 Thread 0x00000231099f2220 Uncommon trap: reason=unstable_if action=reinterpret pc=0x00000231776df01c method=java.util.jar.JarFile.maybeInstantiateVerifier()V @ 4 c2
Event: 15.141 Thread 0x00000231099f2220 DEOPT PACKING pc=0x00000231776df01c sp=0x000000f9361f82c0
Event: 15.141 Thread 0x00000231099f2220 DEOPT UNPACKING pc=0x0000023176d769a3 sp=0x000000f9361f80c8 mode 2
Event: 15.141 Thread 0x00000231099f2220 Uncommon trap: trap_request=0xffffff45 fr.pc=0x00000231776f5014 relative=0x00000000000001f4
Event: 15.141 Thread 0x00000231099f2220 Uncommon trap: reason=unstable_if action=reinterpret pc=0x00000231776f5014 method=java.util.jar.JarFile.maybeInstantiateVerifier()V @ 4 c2
Event: 15.141 Thread 0x00000231099f2220 DEOPT PACKING pc=0x00000231776f5014 sp=0x000000f9361f8120
Event: 15.141 Thread 0x00000231099f2220 DEOPT UNPACKING pc=0x0000023176d769a3 sp=0x000000f9361f8068 mode 2

Classes unloaded (0 events):
No events

Classes redefined (0 events):
No events

Internal exceptions (20 events):
Event: 13.164 Thread 0x00000231099f2220 Exception <a 'java/lang/ClassNotFoundException'{0x00000000ea452d60}: org/gradle/api/internal/artifacts/configurations/DefaultConfigurationCustomizer> (0x00000000ea452d60) 
thrown [s\src\hotspot\share\classfile\systemDictionary.cpp, line 256]
Event: 13.166 Thread 0x00000231099f2220 Exception <a 'java/lang/ClassNotFoundException'{0x00000000ea4b34a8}: org/gradle/api/internal/artifacts/configurations/DefaultUnlockedConfigurationCustomizer> (0x00000000ea4b34a8) 
thrown [s\src\hotspot\share\classfile\systemDictionary.cpp, line 256]
Event: 13.167 Thread 0x00000231099f2220 Exception <a 'java/lang/ClassNotFoundException'{0x00000000ea4cc158}: org/gradle/api/internal/artifacts/configurations/DefaultUnlockedConfiguration_DecoratedCustomizer> (0x00000000ea4cc158) 
thrown [s\src\hotspot\share\classfile\systemDictionary.cpp, line 256]
Event: 13.386 Thread 0x00000231099f2220 Exception <a 'java/lang/ClassNotFoundException'{0x00000000e95ec400}: org/gradle/api/internal/plugins/NaggingBasePluginConventionBeanInfo> (0x00000000e95ec400) 
thrown [s\src\hotspot\share\classfile\systemDictionary.cpp, line 256]
Event: 13.387 Thread 0x00000231099f2220 Exception <a 'java/lang/ClassNotFoundException'{0x00000000e95fa888}: org/gradle/api/plugins/BasePluginConventionBeanInfo> (0x00000000e95fa888) 
thrown [s\src\hotspot\share\classfile\systemDictionary.cpp, line 256]
Event: 13.387 Thread 0x00000231099f2220 Exception <a 'java/lang/ClassNotFoundException'{0x00000000e9409260}: org/gradle/api/plugins/BasePluginConventionCustomizer> (0x00000000e9409260) 
thrown [s\src\hotspot\share\classfile\systemDictionary.cpp, line 256]
Event: 13.388 Thread 0x00000231099f2220 Exception <a 'java/lang/ClassNotFoundException'{0x00000000e9421d98}: org/gradle/api/internal/plugins/NaggingBasePluginConventionCustomizer> (0x00000000e9421d98) 
thrown [s\src\hotspot\share\classfile\systemDictionary.cpp, line 256]
Event: 13.391 Thread 0x00000231099f2220 Exception <a 'java/lang/ClassNotFoundException'{0x00000000e9461a10}: org/gradle/api/plugins/internal/NaggingJavaPluginConventionBeanInfo> (0x00000000e9461a10) 
thrown [s\src\hotspot\share\classfile\systemDictionary.cpp, line 256]
Event: 13.391 Thread 0x00000231099f2220 Exception <a 'java/lang/ClassNotFoundException'{0x00000000e946fe98}: org/gradle/api/plugins/JavaPluginConventionBeanInfo> (0x00000000e946fe98) 
thrown [s\src\hotspot\share\classfile\systemDictionary.cpp, line 256]
Event: 13.391 Thread 0x00000231099f2220 Exception <a 'java/lang/ClassNotFoundException'{0x00000000e947e2e8}: org/gradle/api/plugins/JavaPluginConventionCustomizer> (0x00000000e947e2e8) 
thrown [s\src\hotspot\share\classfile\systemDictionary.cpp, line 256]
Event: 13.392 Thread 0x00000231099f2220 Exception <a 'java/lang/ClassNotFoundException'{0x00000000e94a0d08}: org/gradle/api/plugins/internal/NaggingJavaPluginConventionCustomizer> (0x00000000e94a0d08) 
thrown [s\src\hotspot\share\classfile\systemDictionary.cpp, line 256]
Event: 14.100 Thread 0x00000231099f2220 Exception <a 'java/lang/NoSuchMethodError'{0x00000000e7238b50}: 'void java.lang.invoke.DirectMethodHandle$Holder.invokeSpecial(java.lang.Object, java.lang.Object, int)'> (0x00000000e7238b50) 
thrown [s\src\hotspot\share\interpreter\linkResolver.cpp, line 759]
Event: 14.111 Thread 0x00000231099f2220 Exception <a 'java/lang/NoSuchMethodError'{0x00000000e728f628}: 'void java.lang.invoke.DirectMethodHandle$Holder.invokeVirtual(java.lang.Object, java.lang.Object)'> (0x00000000e728f628) 
thrown [s\src\hotspot\share\interpreter\linkResolver.cpp, line 759]
Event: 14.224 Thread 0x000002310994a3b0 Exception <a 'java/lang/NoSuchMethodError'{0x00000000ef3ad4b0}: static Lorg/gradle/tooling/internal/provider/serialization/ClassLoaderDetails;.<clinit>()V> (0x00000000ef3ad4b0) 
thrown [s\src\hotspot\share\prims\jni.cpp, line 1112]
Event: 14.226 Thread 0x000002310994a3b0 Exception <a 'java/lang/NoSuchMethodError'{0x00000000ef3bfe80}: static Lorg/gradle/tooling/internal/provider/serialization/WellKnownClassLoaderRegistry$KnownClassLoaderSpec;.<clinit>()V> (0x00000000ef3bfe80) 
thrown [s\src\hotspot\share\prims\jni.cpp, line 1112]
Event: 14.226 Thread 0x000002310994a3b0 Exception <a 'java/lang/NoSuchMethodError'{0x00000000ef3c14f8}: static Lorg/gradle/internal/classloader/ClassLoaderSpec;.<clinit>()V> (0x00000000ef3c14f8) 
thrown [s\src\hotspot\share\prims\jni.cpp, line 1112]
Event: 14.804 Thread 0x000002310bab37d0 Exception <a 'java/lang/NoSuchMethodError'{0x00000000ef1637e0}: 'void java.lang.invoke.DirectMethodHandle$Holder.invokeSpecial(java.lang.Object, java.lang.Object, java.lang.Object, int)'> (0x00000000ef1637e0) 
thrown [s\src\hotspot\share\interpreter\linkResolver.cpp, line 759]
Event: 14.816 Thread 0x000002310bab37d0 Exception <a 'java/lang/NoSuchMethodError'{0x00000000ef195a00}: static Lorg/gradle/tooling/internal/provider/serialization/ClientOwnedClassLoaderSpec;.<clinit>()V> (0x00000000ef195a00) 
thrown [s\src\hotspot\share\prims\jni.cpp, line 1112]
Event: 15.071 Thread 0x00000231099f2220 Implicit null exception at 0x000002317765918c to 0x00000231776592c2
Event: 15.150 Thread 0x00000231099f2220 Exception <a 'java/lang/NoSuchMethodError'{0x00000000efb17788}: static Lorg/gradle/tooling/internal/consumer/connection/InternalBuildActionAdapter;.<clinit>()V> (0x00000000efb17788) 
thrown [s\src\hotspot\share\prims\jni.cpp, line 1112]

VM Operations (20 events):
Event: 14.103 Executing VM operation: HandshakeAllThreads
Event: 14.104 Executing VM operation: HandshakeAllThreads done
Event: 14.105 Executing VM operation: HandshakeAllThreads
Event: 14.105 Executing VM operation: HandshakeAllThreads done
Event: 14.114 Executing VM operation: HandshakeAllThreads
Event: 14.114 Executing VM operation: HandshakeAllThreads done
Event: 14.124 Executing VM operation: G1CollectForAllocation
Event: 14.144 Executing VM operation: G1CollectForAllocation done
Event: 14.999 Executing VM operation: CollectForMetadataAllocation
Event: 15.005 Executing VM operation: CollectForMetadataAllocation done
Event: 15.012 Executing VM operation: HandshakeAllThreads
Event: 15.012 Executing VM operation: HandshakeAllThreads done
Event: 15.028 Executing VM operation: CollectForMetadataAllocation
Event: 15.029 Executing VM operation: CollectForMetadataAllocation done
Event: 15.034 Executing VM operation: G1PauseRemark
Event: 15.040 Executing VM operation: G1PauseRemark done
Event: 15.049 Executing VM operation: G1PauseCleanup
Event: 15.049 Executing VM operation: G1PauseCleanup done
Event: 15.085 Executing VM operation: HandshakeAllThreads
Event: 15.085 Executing VM operation: HandshakeAllThreads done

Events (20 events):
Event: 15.119 loading class java/security/interfaces/ECKey
Event: 15.119 loading class java/security/interfaces/ECKey done
Event: 15.119 loading class java/security/interfaces/XECKey
Event: 15.119 loading class java/security/interfaces/XECKey done
Event: 15.120 loading class sun/security/util/KeyUtil
Event: 15.120 loading class sun/security/util/KeyUtil done
Event: 15.120 loading class sun/security/util/Length
Event: 15.120 loading class sun/security/util/Length done
Event: 15.120 loading class javax/crypto/SecretKey
Event: 15.121 loading class javax/crypto/SecretKey done
Event: 15.130 loading class java/util/Base64
Event: 15.130 loading class java/util/Base64 done
Event: 15.130 loading class java/util/Base64$Decoder
Event: 15.131 loading class java/util/Base64$Decoder done
Event: 15.131 loading class java/util/Base64$Encoder
Event: 15.131 loading class java/util/Base64$Encoder done
Event: 15.134 loading class java/util/jar/JarVerifier$VerifierStream
Event: 15.135 loading class java/util/jar/JarVerifier$VerifierStream done
Event: 15.135 loading class sun/security/util/ManifestEntryVerifier$SunProviderHolder
Event: 15.135 loading class sun/security/util/ManifestEntryVerifier$SunProviderHolder done


Dynamic libraries:
0x00007ff7838e0000 - 0x00007ff7838ee000 	C:\Users\Tassandro\.vscode\extensions\redhat.java-1.33.0-win32-x64\jre\17.0.11-win32-x86_64\bin\java.exe
0x00007ff8083d0000 - 0x00007ff8085e7000 	C:\WINDOWS\SYSTEM32\ntdll.dll
0x00007fffdc5d0000 - 0x00007fffdc5ea000 	C:\Program Files\Avast Software\Avast\aswhook.dll
0x00007ff807080000 - 0x00007ff807144000 	C:\WINDOWS\System32\KERNEL32.DLL
0x00007ff805c00000 - 0x00007ff805fad000 	C:\WINDOWS\System32\KERNELBASE.dll
0x00007ff805fe0000 - 0x00007ff8060f1000 	C:\WINDOWS\System32\ucrtbase.dll
0x00007fff8b480000 - 0x00007fff8b497000 	C:\Users\Tassandro\.vscode\extensions\redhat.java-1.33.0-win32-x64\jre\17.0.11-win32-x86_64\bin\jli.dll
0x00007ff806200000 - 0x00007ff8063ae000 	C:\WINDOWS\System32\USER32.dll
0x00007ff805ab0000 - 0x00007ff805ad6000 	C:\WINDOWS\System32\win32u.dll
0x00007ff807750000 - 0x00007ff807779000 	C:\WINDOWS\System32\GDI32.dll
0x00007ff805ae0000 - 0x00007ff805bf9000 	C:\WINDOWS\System32\gdi32full.dll
0x00007ff805860000 - 0x00007ff8058fa000 	C:\WINDOWS\System32\msvcp_win.dll
0x00007fff8daa0000 - 0x00007fff8dabb000 	C:\Users\Tassandro\.vscode\extensions\redhat.java-1.33.0-win32-x64\jre\17.0.11-win32-x86_64\bin\VCRUNTIME140.dll
0x00007fffdf910000 - 0x00007fffdfba3000 	C:\WINDOWS\WinSxS\amd64_microsoft.windows.common-controls_6595b64144ccf1df_6.0.22621.3672_none_2713b9d173822955\COMCTL32.dll
0x00007ff806480000 - 0x00007ff806527000 	C:\WINDOWS\System32\msvcrt.dll
0x00007ff8063b0000 - 0x00007ff8063e1000 	C:\WINDOWS\System32\IMM32.DLL
0x00007fff7d600000 - 0x00007fff7d71a000 	C:\Program Files\Topaz OFD\Warsaw\wslbscr64.dll
0x00007ff806530000 - 0x00007ff8065e2000 	C:\WINDOWS\System32\ADVAPI32.dll
0x00007ff807150000 - 0x00007ff8071f9000 	C:\WINDOWS\System32\sechost.dll
0x00007ff805fb0000 - 0x00007ff805fd8000 	C:\WINDOWS\System32\bcrypt.dll
0x00007ff8068f0000 - 0x00007ff806a04000 	C:\WINDOWS\System32\RPCRT4.dll
0x00007ff807790000 - 0x00007ff807ff8000 	C:\WINDOWS\System32\SHELL32.dll
0x00007ff804710000 - 0x00007ff804744000 	C:\WINDOWS\SYSTEM32\ntmarta.dll
0x00007fff7b630000 - 0x00007fff7b72a000 	C:\Program Files\Topaz OFD\Warsaw\wslbscrwh64.dll
0x00007fffcc9d0000 - 0x00007fffcc9dc000 	C:\Users\Tassandro\.vscode\extensions\redhat.java-1.33.0-win32-x64\jre\17.0.11-win32-x86_64\bin\vcruntime140_1.dll
0x00007fff7b760000 - 0x00007fff7b7ed000 	C:\Users\Tassandro\.vscode\extensions\redhat.java-1.33.0-win32-x64\jre\17.0.11-win32-x86_64\bin\msvcp140.dll
0x00007fff4df10000 - 0x00007fff4eb72000 	C:\Users\Tassandro\.vscode\extensions\redhat.java-1.33.0-win32-x64\jre\17.0.11-win32-x86_64\bin\server\jvm.dll
0x00007ff8055b0000 - 0x00007ff8055fd000 	C:\WINDOWS\SYSTEM32\POWRPROF.dll
0x00007ffff8b70000 - 0x00007ffff8b79000 	C:\WINDOWS\SYSTEM32\WSOCK32.dll
0x00007ff806a20000 - 0x00007ff806a91000 	C:\WINDOWS\System32\WS2_32.dll
0x00007fffffd10000 - 0x00007fffffd44000 	C:\WINDOWS\SYSTEM32\WINMM.dll
0x00007ffffbb40000 - 0x00007ffffbb4a000 	C:\WINDOWS\SYSTEM32\VERSION.dll
0x00007ff8054e0000 - 0x00007ff8054f3000 	C:\WINDOWS\SYSTEM32\UMPDC.dll
0x00007ff8046f0000 - 0x00007ff804708000 	C:\WINDOWS\SYSTEM32\kernel.appcore.dll
0x00007fffc5810000 - 0x00007fffc581a000 	C:\Users\Tassandro\.vscode\extensions\redhat.java-1.33.0-win32-x64\jre\17.0.11-win32-x86_64\bin\jimage.dll
0x00007ff803250000 - 0x00007ff803482000 	C:\WINDOWS\SYSTEM32\DBGHELP.DLL
0x00007ff806cf0000 - 0x00007ff80707d000 	C:\WINDOWS\System32\combase.dll
0x00007ff806c10000 - 0x00007ff806ce7000 	C:\WINDOWS\System32\OLEAUT32.dll
0x00007ffffb740000 - 0x00007ffffb772000 	C:\WINDOWS\SYSTEM32\dbgcore.DLL
0x00007ff805970000 - 0x00007ff8059eb000 	C:\WINDOWS\System32\bcryptPrimitives.dll
0x00007ff801720000 - 0x00007ff80172e000 	C:\Users\Tassandro\.vscode\extensions\redhat.java-1.33.0-win32-x64\jre\17.0.11-win32-x86_64\bin\instrument.dll
0x00007fff8b140000 - 0x00007fff8b165000 	C:\Users\Tassandro\.vscode\extensions\redhat.java-1.33.0-win32-x64\jre\17.0.11-win32-x86_64\bin\java.dll
0x00007fff898f0000 - 0x00007fff89908000 	C:\Users\Tassandro\.vscode\extensions\redhat.java-1.33.0-win32-x64\jre\17.0.11-win32-x86_64\bin\zip.dll
0x00007ff8035f0000 - 0x00007ff803eee000 	C:\WINDOWS\SYSTEM32\windows.storage.dll
0x00007ff8034b0000 - 0x00007ff8035ef000 	C:\WINDOWS\SYSTEM32\wintypes.dll
0x00000231039d0000 - 0x0000023103ac9000 	C:\WINDOWS\System32\SHCORE.dll
0x00007ff807250000 - 0x00007ff8072ae000 	C:\WINDOWS\System32\shlwapi.dll
0x00007ff805620000 - 0x00007ff805641000 	C:\WINDOWS\SYSTEM32\profapi.dll
0x00007fff80c00000 - 0x00007fff80c19000 	C:\Users\Tassandro\.vscode\extensions\redhat.java-1.33.0-win32-x64\jre\17.0.11-win32-x86_64\bin\net.dll
0x00007ff800680000 - 0x00007ff8007b6000 	C:\WINDOWS\SYSTEM32\WINHTTP.dll
0x00007ff804b60000 - 0x00007ff804bc9000 	C:\WINDOWS\system32\mswsock.dll
0x00007fff80be0000 - 0x00007fff80bf6000 	C:\Users\Tassandro\.vscode\extensions\redhat.java-1.33.0-win32-x64\jre\17.0.11-win32-x86_64\bin\nio.dll
0x00007fffc0920000 - 0x00007fffc0930000 	C:\Users\Tassandro\.vscode\extensions\redhat.java-1.33.0-win32-x64\jre\17.0.11-win32-x86_64\bin\verify.dll
0x00007fff8dae0000 - 0x00007fff8db07000 	C:\Users\Tassandro\.gradle\native\c067742578af261105cb4f569cf0c3c89f3d7b1fecec35dd04571415982c5e48\windows-amd64\native-platform.dll
0x00007fff600d0000 - 0x00007fff60214000 	C:\Users\Tassandro\.gradle\native\100fb08df4bc3b14c8652ba06237920a3bd2aa13389f12d3474272988ae205f9\windows-amd64\native-platform-file-events.dll
0x00007fffbf3a0000 - 0x00007fffbf3a9000 	C:\Users\Tassandro\.vscode\extensions\redhat.java-1.33.0-win32-x64\jre\17.0.11-win32-x86_64\bin\management.dll
0x00007fffbf0f0000 - 0x00007fffbf0fb000 	C:\Users\Tassandro\.vscode\extensions\redhat.java-1.33.0-win32-x64\jre\17.0.11-win32-x86_64\bin\management_ext.dll
0x00007ff8068e0000 - 0x00007ff8068e8000 	C:\WINDOWS\System32\PSAPI.DLL
0x00007ff804e00000 - 0x00007ff804e1b000 	C:\WINDOWS\SYSTEM32\CRYPTSP.dll
0x00007ff804650000 - 0x00007ff804685000 	C:\WINDOWS\system32\rsaenh.dll
0x00007ff804c70000 - 0x00007ff804c98000 	C:\WINDOWS\SYSTEM32\USERENV.dll
0x00007ff804df0000 - 0x00007ff804dfc000 	C:\WINDOWS\SYSTEM32\CRYPTBASE.dll
0x00007ff804190000 - 0x00007ff8041bd000 	C:\WINDOWS\SYSTEM32\IPHLPAPI.DLL
0x00007ff806a10000 - 0x00007ff806a19000 	C:\WINDOWS\System32\NSI.dll
0x00007ff8005e0000 - 0x00007ff8005f9000 	C:\WINDOWS\SYSTEM32\dhcpcsvc6.DLL
0x00007ff800520000 - 0x00007ff80053f000 	C:\WINDOWS\SYSTEM32\dhcpcsvc.DLL
0x00007ff8041c0000 - 0x00007ff8042b8000 	C:\WINDOWS\SYSTEM32\DNSAPI.dll
0x00007fffbc240000 - 0x00007fffbc249000 	C:\Users\Tassandro\.vscode\extensions\redhat.java-1.33.0-win32-x64\jre\17.0.11-win32-x86_64\bin\extnet.dll
0x00007fffbe550000 - 0x00007fffbe55e000 	C:\Users\Tassandro\.vscode\extensions\redhat.java-1.33.0-win32-x64\jre\17.0.11-win32-x86_64\bin\sunmscapi.dll
0x00007ff8056f0000 - 0x00007ff805857000 	C:\WINDOWS\System32\CRYPT32.dll
0x00007ff804f90000 - 0x00007ff804fbe000 	C:\WINDOWS\SYSTEM32\ncrypt.dll
0x00007ff804f50000 - 0x00007ff804f87000 	C:\WINDOWS\SYSTEM32\NTASN1.dll
0x00007ffff7f80000 - 0x00007ffff7f88000 	C:\WINDOWS\system32\wshunix.dll

dbghelp: loaded successfully - version: 4.0.5 - missing functions: none
symbol engine: initialized successfully - sym options: 0x614 - pdb path: .;C:\Users\Tassandro\.vscode\extensions\redhat.java-1.33.0-win32-x64\jre\17.0.11-win32-x86_64\bin;C:\WINDOWS\SYSTEM32;C:\Program Files\Avast Software\Avast;C:\WINDOWS\WinSxS\amd64_microsoft.windows.common-controls_6595b64144ccf1df_6.0.22621.3672_none_2713b9d173822955;C:\Program Files\Topaz OFD\Warsaw;C:\Users\Tassandro\.vscode\extensions\redhat.java-1.33.0-win32-x64\jre\17.0.11-win32-x86_64\bin\server;C:\Users\Tassandro\.gradle\native\c067742578af261105cb4f569cf0c3c89f3d7b1fecec35dd04571415982c5e48\windows-amd64;C:\Users\Tassandro\.gradle\native\100fb08df4bc3b14c8652ba06237920a3bd2aa13389f12d3474272988ae205f9\windows-amd64

VM Arguments:
jvm_args: --add-opens=java.base/java.util=ALL-UNNAMED --add-opens=java.base/java.lang=ALL-UNNAMED --add-opens=java.base/java.lang.invoke=ALL-UNNAMED --add-opens=java.prefs/java.util.prefs=ALL-UNNAMED --add-opens=java.base/java.nio.charset=ALL-UNNAMED --add-opens=java.base/java.net=ALL-UNNAMED --add-opens=java.base/java.util.concurrent.atomic=ALL-UNNAMED -XX:MaxMetaspaceSize=384m -XX:+HeapDumpOnOutOfMemoryError -Xms256m -Xmx512m -Dfile.encoding=utf8 -Duser.country=BR -Duser.language=pt -Duser.variant -javaagent:C:\Users\Tassandro\.gradle\wrapper\dists\gradle-8.8-bin\dl7vupf4psengwqhwktix4v1\gradle-8.8\lib\agents\gradle-instrumentation-agent-8.8.jar 
java_command: org.gradle.launcher.daemon.bootstrap.GradleDaemon 8.8
java_class_path (initial): C:\Users\Tassandro\.gradle\wrapper\dists\gradle-8.8-bin\dl7vupf4psengwqhwktix4v1\gradle-8.8\lib\gradle-launcher-8.8.jar
Launcher Type: SUN_STANDARD

[Global flags]
     intx CICompilerCount                          = 12                                        {product} {ergonomic}
   size_t CompressedClassSpaceSize                 = 335544320                                 {product} {ergonomic}
     uint ConcGCThreads                            = 3                                         {product} {ergonomic}
     uint G1ConcRefinementThreads                  = 13                                        {product} {ergonomic}
   size_t G1HeapRegionSize                         = 1048576                                   {product} {ergonomic}
    uintx GCDrainStackTargetSize                   = 64                                        {product} {ergonomic}
     bool HeapDumpOnOutOfMemoryError               = true                                   {manageable} {command line}
   size_t InitialHeapSize                          = 268435456                                 {product} {command line}
   size_t MarkStackSize                            = 4194304                                   {product} {ergonomic}
   size_t MaxHeapSize                              = 536870912                                 {product} {command line}
   size_t MaxMetaspaceSize                         = 402653184                                 {product} {command line}
   size_t MaxNewSize                               = 321912832                                 {product} {ergonomic}
   size_t MinHeapDeltaBytes                        = 1048576                                   {product} {ergonomic}
   size_t MinHeapSize                              = 268435456                                 {product} {command line}
    uintx NonNMethodCodeHeapSize                   = 7602480                                {pd product} {ergonomic}
    uintx NonProfiledCodeHeapSize                  = 122027880                              {pd product} {ergonomic}
    uintx ProfiledCodeHeapSize                     = 122027880                              {pd product} {ergonomic}
    uintx ReservedCodeCacheSize                    = 251658240                              {pd product} {ergonomic}
     bool SegmentedCodeCache                       = true                                      {product} {ergonomic}
   size_t SoftMaxHeapSize                          = 536870912                              {manageable} {ergonomic}
     bool UseCompressedClassPointers               = true                           {product lp64_product} {ergonomic}
     bool UseCompressedOops                        = true                           {product lp64_product} {ergonomic}
     bool UseG1GC                                  = true                                      {product} {ergonomic}
     bool UseLargePagesIndividualAllocation        = false                                  {pd product} {ergonomic}

Logging:
Log output configuration:
 #0: stdout all=warning uptime,level,tags
 #1: stderr all=off uptime,level,tags

Environment Variables:
JAVA_HOME=C:\Program Files\Java\jdk-22
PATH=C:\Users\Tassandro\Desktop\Gradle\gradle-8.10-bin\gradle-8.10\bin
USERNAME=Tassandro
OS=Windows_NT
PROCESSOR_IDENTIFIER=AMD64 Family 23 Model 104 Stepping 1, AuthenticAMD
TMP=C:\Users\TASSAN~1\AppData\Local\Temp
TEMP=C:\Users\TASSAN~1\AppData\Local\Temp



Periodic native trim disabled


---------------  S Y S T E M  ---------------

OS:
 Windows 11 , 64 bit Build 22621 (10.0.22621.3958)
OS uptime: 2 days 14:48 hours
Hyper-V role detected

CPU: total 16 (initial active 16) (16 cores per cpu, 2 threads per core) family 23 model 104 stepping 1 microcode 0x0, cx8, cmov, fxsr, ht, mmx, 3dnowpref, sse, sse2, sse3, ssse3, sse4a, sse4.1, sse4.2, popcnt, lzcnt, tsc, tscinvbit, avx, avx2, aes, clmul, bmi1, bmi2, adx, sha, fma, vzeroupper, clflush, clflushopt, hv
Processor Information for all 16 processors :
  Max Mhz: 1801, Current Mhz: 1801, Mhz Limit: 1801

Memory: 4k page, system-wide physical 5989M (115M free)
TotalPageFile size 24421M (AvailPageFile size 6M)
current process WorkingSet (physical memory assigned to process): 361M, peak: 383M
current process commit charge ("private bytes"): 482M, peak: 493M

vm_info: OpenJDK 64-Bit Server VM (17.0.11+9) for windows-amd64 JRE (17.0.11+9), built on Apr 17 2024 06:07:48 by "admin" with MS VC++ 16.10 / 16.11 (VS2019)

END.
