#
# There is insufficient memory for the Java Runtime Environment to continue.
# Native memory allocation (malloc) failed to allocate 134096 bytes. Error detail: Chunk::new
# Possible reasons:
#   The system is out of physical RAM or swap space
#   This process is running with CompressedOops enabled, and the Java Heap may be blocking the growth of the native heap
# Possible solutions:
#   Reduce memory load on the system
#   Increase physical memory or swap space
#   Check if swap backing store is full
#   Decrease Java heap size (-Xmx/-Xms)
#   Decrease number of Java threads
#   Decrease Java thread stack sizes (-Xss)
#   Set larger code cache with -XX:ReservedCodeCacheSize=
#   JVM is running with Unscaled Compressed Oops mode in which the Java heap is
#     placed in the first 4GB address space. The Java Heap base address is the
#     maximum limit for the native heap growth. Please use -XX:HeapBaseMinAddress
#     to set the Java Heap base and to place the Java Heap above 4GB virtual address.
# This output file may be truncated or incomplete.
#
#  Out of Memory Error (arena.cpp:191), pid=70644, tid=49416
#
# JRE version: OpenJDK Runtime Environment Temurin-17.0.11+9 (17.0.11+9) (build 17.0.11+9)
# Java VM: OpenJDK 64-Bit Server VM Temurin-17.0.11+9 (17.0.11+9, mixed mode, tiered, compressed oops, compressed class ptrs, parallel gc, windows-amd64)
# No core dump will be written. Minidumps are not enabled by default on client versions of Windows
#

---------------  S U M M A R Y ------------

Command Line: --add-modules=ALL-SYSTEM --add-opens=java.base/java.util=ALL-UNNAMED --add-opens=java.base/java.lang=ALL-UNNAMED --add-opens=java.base/sun.nio.fs=ALL-UNNAMED -Declipse.application=org.eclipse.jdt.ls.core.id1 -Dosgi.bundles.defaultStartLevel=4 -Declipse.product=org.eclipse.jdt.ls.core.product -Djava.import.generatesMetadataFilesAtProjectRoot=false -DDetectVMInstallationsJob.disabled=true -Dfile.encoding=utf8 -XX:+UseParallelGC -XX:GCTimeRatio=4 -XX:AdaptiveSizePolicyWeight=90 -Dsun.zip.disableMemoryMapping=true -Xmx1G -Xms100m -Xlog:disable -javaagent:c:\Users\Tassandro\.vscode\extensions\redhat.java-1.33.0-win32-x64\lombok\lombok-1.18.33.jar -XX:+HeapDumpOnOutOfMemoryError -XX:HeapDumpPath=c:\Users\Tassandro\AppData\Roaming\Code\User\workspaceStorage\dba2eb551ce987f1c3fd3a22b7243941\redhat.java -Daether.dependencyCollector.impl=bf c:\Users\Tassandro\.vscode\extensions\redhat.java-1.33.0-win32-x64\server\plugins\org.eclipse.equinox.launcher_1.6.900.v20240613-2009.jar -configuration c:\Users\Tassandro\AppData\Roaming\Code\User\globalStorage\redhat.java\1.33.0\config_win -data c:\Users\Tassandro\AppData\Roaming\Code\User\workspaceStorage\dba2eb551ce987f1c3fd3a22b7243941\redhat.java\jdt_ws --pipe=\\.\pipe\lsp-41a7839d816d97d0d2de9a32e0669727-sock

Host: AMD Ryzen 7 5700U with Radeon Graphics         , 16 cores, 5G,  Windows 11 , 64 bit Build 22621 (10.0.22621.3958)
Time: Mon Aug 26 13:03:27 2024 Hora oficial do Brasil elapsed time: 86.803873 seconds (0d 0h 1m 26s)

---------------  T H R E A D  ---------------

Current thread (0x000002a5d1c066b0):  JavaThread "C2 CompilerThread0" daemon [_thread_in_native, id=49416, stack(0x000000b953b00000,0x000000b953c00000)]


Current CompileTask:
C2:  86803 8671       4       jdk.internal.org.objectweb.asm.Type::getArgumentsAndReturnSizes (140 bytes)

Stack: [0x000000b953b00000,0x000000b953c00000]
Native frames: (J=compiled Java code, j=interpreted, Vv=VM code, C=native code)
V  [jvm.dll+0x67d429]
V  [jvm.dll+0x834b7a]
V  [jvm.dll+0x83663e]
V  [jvm.dll+0x836ca3]
V  [jvm.dll+0x247dbf]
V  [jvm.dll+0xac534]
V  [jvm.dll+0xacb7c]
V  [jvm.dll+0x3665f2]
V  [jvm.dll+0x330bba]
V  [jvm.dll+0x33005a]
V  [jvm.dll+0x21a471]
V  [jvm.dll+0x2198b1]
V  [jvm.dll+0x1a534d]
V  [jvm.dll+0x2295cd]
V  [jvm.dll+0x22779c]
V  [jvm.dll+0x7e9d07]
V  [jvm.dll+0x7e410a]
V  [jvm.dll+0x67c315]
C  [ucrtbase.dll+0x29333]
C  [KERNEL32.DLL+0x1257d]
C  [ntdll.dll+0x5af28]


---------------  P R O C E S S  ---------------

Threads class SMR info:
_java_thread_list=0x000002a5d7a4bff0, length=60, elements={
0x000002a5b8fc74d0, 0x000002a5d1bde030, 0x000002a5d1bdfc00, 0x000002a5cce07ed0,
0x000002a5cce087a0, 0x000002a5cce0a6c0, 0x000002a5d1bfd670, 0x000002a5d1c066b0,
0x000002a5d1c09e60, 0x000002a5d1c0e3a0, 0x000002a5d1d5d890, 0x000002a5d4316ae0,
0x000002a5d4a1cc70, 0x000002a5d4c46220, 0x000002a5d4947ac0, 0x000002a5d5582a10,
0x000002a5d5152560, 0x000002a5b6d53490, 0x000002a5b6d52560, 0x000002a5b6d552f0,
0x000002a5b6d51b40, 0x000002a5b6d52a70, 0x000002a5b6d543c0, 0x000002a5d6d3ccb0,
0x000002a5d6d3f530, 0x000002a5d6d3d6d0, 0x000002a5d6d3e0f0, 0x000002a5d6d3eb10,
0x000002a5d6d3bd80, 0x000002a5d6d3f020, 0x000002a5d6d3d1c0, 0x000002a5d6d3dbe0,
0x000002a5d6d3e600, 0x000002a5d6d3c290, 0x000002a5d6d3c7a0, 0x000002a5d6fa0d90,
0x000002a5d6fa26e0, 0x000002a5d6fa5980, 0x000002a5d6fa63a0, 0x000002a5d6fa3610,
0x000002a5d6fa21d0, 0x000002a5d6fa2bf0, 0x000002a5d6f9f440, 0x000002a5d6fa3b20,
0x000002a5d6fa4030, 0x000002a5d6fa12a0, 0x000002a5d6fa4540, 0x000002a5d6fa5e90,
0x000002a5d6fa17b0, 0x000002a5d6fa5470, 0x000002a5d6f9fe60, 0x000002a5d6fa6dc0,
0x000002a5d6fa1cc0, 0x000002a5d6fa0370, 0x000002a5d6fa3100, 0x000002a5d6fa0880,
0x000002a5b6d539a0, 0x000002a5d4250df0, 0x000002a5d42508e0, 0x000002a5d4252230
}

Java Threads: ( => current thread )
  0x000002a5b8fc74d0 JavaThread "main" [_thread_blocked, id=65092, stack(0x000000b953200000,0x000000b953300000)]
  0x000002a5d1bde030 JavaThread "Reference Handler" daemon [_thread_blocked, id=65516, stack(0x000000b953500000,0x000000b953600000)]
  0x000002a5d1bdfc00 JavaThread "Finalizer" daemon [_thread_blocked, id=56888, stack(0x000000b953600000,0x000000b953700000)]
  0x000002a5cce07ed0 JavaThread "Signal Dispatcher" daemon [_thread_blocked, id=18352, stack(0x000000b953700000,0x000000b953800000)]
  0x000002a5cce087a0 JavaThread "Attach Listener" daemon [_thread_blocked, id=61032, stack(0x000000b953800000,0x000000b953900000)]
  0x000002a5cce0a6c0 JavaThread "Service Thread" daemon [_thread_blocked, id=72152, stack(0x000000b953900000,0x000000b953a00000)]
  0x000002a5d1bfd670 JavaThread "Monitor Deflation Thread" daemon [_thread_blocked, id=1008, stack(0x000000b953a00000,0x000000b953b00000)]
=>0x000002a5d1c066b0 JavaThread "C2 CompilerThread0" daemon [_thread_in_native, id=49416, stack(0x000000b953b00000,0x000000b953c00000)]
  0x000002a5d1c09e60 JavaThread "C1 CompilerThread0" daemon [_thread_blocked, id=64496, stack(0x000000b953c00000,0x000000b953d00000)]
  0x000002a5d1c0e3a0 JavaThread "Sweeper thread" daemon [_thread_blocked, id=54976, stack(0x000000b953d00000,0x000000b953e00000)]
  0x000002a5d1d5d890 JavaThread "Common-Cleaner" daemon [_thread_blocked, id=71204, stack(0x000000b953e00000,0x000000b953f00000)]
  0x000002a5d4316ae0 JavaThread "Notification Thread" daemon [_thread_blocked, id=65360, stack(0x000000b954300000,0x000000b954400000)]
  0x000002a5d4a1cc70 JavaThread "Active Thread: Equinox Container: 081c174f-67d5-4e24-b1c5-a516a402bd1a" [_thread_blocked, id=49520, stack(0x000000b954a00000,0x000000b954b00000)]
  0x000002a5d4c46220 JavaThread "Framework Event Dispatcher: Equinox Container: 081c174f-67d5-4e24-b1c5-a516a402bd1a" daemon [_thread_blocked, id=66592, stack(0x000000b954b00000,0x000000b954c00000)]
  0x000002a5d4947ac0 JavaThread "Start Level: Equinox Container: 081c174f-67d5-4e24-b1c5-a516a402bd1a" daemon [_thread_blocked, id=2120, stack(0x000000b954c00000,0x000000b954d00000)]
  0x000002a5d5582a10 JavaThread "Bundle File Closer" daemon [_thread_blocked, id=69428, stack(0x000000b954f00000,0x000000b955000000)]
  0x000002a5d5152560 JavaThread "SCR Component Actor" daemon [_thread_blocked, id=72044, stack(0x000000b955100000,0x000000b955200000)]
  0x000002a5b6d53490 JavaThread "Worker-JM" [_thread_blocked, id=67008, stack(0x000000b955600000,0x000000b955700000)]
  0x000002a5b6d52560 JavaThread "JNA Cleaner" daemon [_thread_blocked, id=71724, stack(0x000000b954000000,0x000000b954100000)]
  0x000002a5b6d552f0 JavaThread "Worker-0: Initialize Workspace" [_thread_blocked, id=35252, stack(0x000000b955700000,0x000000b955800000)]
  0x000002a5b6d51b40 JavaThread "Worker-1" [_thread_blocked, id=64220, stack(0x000000b955800000,0x000000b955900000)]
  0x000002a5b6d52a70 JavaThread "Java indexing" daemon [_thread_blocked, id=71324, stack(0x000000b955b00000,0x000000b955c00000)]
  0x000002a5b6d543c0 JavaThread "Worker-2: Synchronize Gradle projects with workspace" [_thread_blocked, id=72452, stack(0x000000b955c00000,0x000000b955d00000)]
  0x000002a5d6d3ccb0 JavaThread "Thread-2" daemon [_thread_in_native, id=35276, stack(0x000000b955d00000,0x000000b955e00000)]
  0x000002a5d6d3f530 JavaThread "Thread-3" daemon [_thread_in_native, id=65328, stack(0x000000b955e00000,0x000000b955f00000)]
  0x000002a5d6d3d6d0 JavaThread "Thread-4" daemon [_thread_in_native, id=69936, stack(0x000000b955f00000,0x000000b956000000)]
  0x000002a5d6d3e0f0 JavaThread "Thread-5" daemon [_thread_in_native, id=28456, stack(0x000000b956000000,0x000000b956100000)]
  0x000002a5d6d3eb10 JavaThread "Thread-6" daemon [_thread_in_native, id=59828, stack(0x000000b956100000,0x000000b956200000)]
  0x000002a5d6d3bd80 JavaThread "Thread-7" daemon [_thread_in_native, id=41388, stack(0x000000b956200000,0x000000b956300000)]
  0x000002a5d6d3f020 JavaThread "Thread-8" daemon [_thread_in_native, id=71804, stack(0x000000b956300000,0x000000b956400000)]
  0x000002a5d6d3d1c0 JavaThread "Thread-9" daemon [_thread_in_native, id=70692, stack(0x000000b956400000,0x000000b956500000)]
  0x000002a5d6d3dbe0 JavaThread "Thread-10" daemon [_thread_in_native, id=22460, stack(0x000000b956500000,0x000000b956600000)]
  0x000002a5d6d3e600 JavaThread "Thread-11" daemon [_thread_in_native, id=70428, stack(0x000000b956600000,0x000000b956700000)]
  0x000002a5d6d3c290 JavaThread "Thread-12" daemon [_thread_in_native, id=57424, stack(0x000000b956700000,0x000000b956800000)]
  0x000002a5d6d3c7a0 JavaThread "Thread-13" daemon [_thread_in_native, id=57928, stack(0x000000b956800000,0x000000b956900000)]
  0x000002a5d6fa0d90 JavaThread "Thread-14" daemon [_thread_in_native, id=44420, stack(0x000000b956900000,0x000000b956a00000)]
  0x000002a5d6fa26e0 JavaThread "Thread-15" daemon [_thread_in_native, id=51508, stack(0x000000b956a00000,0x000000b956b00000)]
  0x000002a5d6fa5980 JavaThread "Thread-16" daemon [_thread_in_native, id=64600, stack(0x000000b956b00000,0x000000b956c00000)]
  0x000002a5d6fa63a0 JavaThread "Thread-17" daemon [_thread_in_native, id=38576, stack(0x000000b956c00000,0x000000b956d00000)]
  0x000002a5d6fa3610 JavaThread "Thread-18" daemon [_thread_in_native, id=70964, stack(0x000000b956d00000,0x000000b956e00000)]
  0x000002a5d6fa21d0 JavaThread "pool-2-thread-1" [_thread_blocked, id=62584, stack(0x000000b956e00000,0x000000b956f00000)]
  0x000002a5d6fa2bf0 JavaThread "Worker-3" [_thread_blocked, id=62212, stack(0x000000b956f00000,0x000000b957000000)]
  0x000002a5d6f9f440 JavaThread "WorkspaceEventsHandler" [_thread_blocked, id=71048, stack(0x000000b957000000,0x000000b957100000)]
  0x000002a5d6fa3b20 JavaThread "pool-1-thread-1" [_thread_blocked, id=58500, stack(0x000000b957100000,0x000000b957200000)]
  0x000002a5d6fa4030 JavaThread "Timer-0" [_thread_blocked, id=19412, stack(0x000000b957200000,0x000000b957300000)]
  0x000002a5d6fa12a0 JavaThread "Timer-1" [_thread_blocked, id=69988, stack(0x000000b957300000,0x000000b957400000)]
  0x000002a5d6fa4540 JavaThread "Timer-2" [_thread_blocked, id=66900, stack(0x000000b955200000,0x000000b955300000)]
  0x000002a5d6fa5e90 JavaThread "Timer-3" [_thread_blocked, id=57072, stack(0x000000b953f00000,0x000000b954000000)]
  0x000002a5d6fa17b0 JavaThread "Exec process" [_thread_blocked, id=68980, stack(0x000000b957400000,0x000000b957500000)]
  0x000002a5d6fa5470 JavaThread "Exec process Thread 2" [_thread_blocked, id=66196, stack(0x000000b957500000,0x000000b957600000)]
  0x000002a5d6f9fe60 JavaThread "Exec process Thread 3" [_thread_blocked, id=72144, stack(0x000000b957600000,0x000000b957700000)]
  0x000002a5d6fa6dc0 JavaThread "Timer-4" [_thread_blocked, id=36752, stack(0x000000b955a00000,0x000000b955b00000)]
  0x000002a5d6fa1cc0 JavaThread "Timer-5" [_thread_blocked, id=58424, stack(0x000000b957700000,0x000000b957800000)]
  0x000002a5d6fa0370 JavaThread "Worker-4" [_thread_blocked, id=68656, stack(0x000000b957c00000,0x000000b957d00000)]
  0x000002a5d6fa3100 JavaThread "Timer-6" [_thread_blocked, id=56748, stack(0x000000b957d00000,0x000000b957e00000)]
  0x000002a5d6fa0880 JavaThread "Timer-7" [_thread_blocked, id=69912, stack(0x000000b957e00000,0x000000b957f00000)]
  0x000002a5b6d539a0 JavaThread "Connection worker" [_thread_in_native, id=71060, stack(0x000000b957f00000,0x000000b958000000)]
  0x000002a5d4250df0 JavaThread "Worker-5" [_thread_blocked, id=67636, stack(0x000000b958000000,0x000000b958100000)]
  0x000002a5d42508e0 JavaThread "pool-3-thread-1" [_thread_blocked, id=70204, stack(0x000000b958100000,0x000000b958200000)]
  0x000002a5d4252230 JavaThread "Forward input" [_thread_blocked, id=41500, stack(0x000000b957900000,0x000000b957a00000)]

Other Threads:
  0x000002a5d1bc9920 VMThread "VM Thread" [stack: 0x000000b953400000,0x000000b953500000] [id=21076]
  0x000002a5d4316fc0 WatcherThread [stack: 0x000000b954400000,0x000000b954500000] [id=72512]
  0x000002a5b8fdbba0 GCTaskThread "GC Thread#0" [stack: 0x000000b953300000,0x000000b953400000] [id=49392]
  0x000002a5d43eafb0 GCTaskThread "GC Thread#1" [stack: 0x000000b954500000,0x000000b954600000] [id=71748]
  0x000002a5d45591d0 GCTaskThread "GC Thread#2" [stack: 0x000000b954600000,0x000000b954700000] [id=70200]
  0x000002a5d4559490 GCTaskThread "GC Thread#3" [stack: 0x000000b954700000,0x000000b954800000] [id=71612]
  0x000002a5d4559750 GCTaskThread "GC Thread#4" [stack: 0x000000b954800000,0x000000b954900000] [id=9664]
  0x000002a5d4334360 GCTaskThread "GC Thread#5" [stack: 0x000000b954900000,0x000000b954a00000] [id=45992]
  0x000002a5d49203e0 GCTaskThread "GC Thread#6" [stack: 0x000000b954d00000,0x000000b954e00000] [id=52428]
  0x000002a5b6e1a200 GCTaskThread "GC Thread#7" [stack: 0x000000b954e00000,0x000000b954f00000] [id=53496]
  0x000002a5d549b3a0 GCTaskThread "GC Thread#8" [stack: 0x000000b955000000,0x000000b955100000] [id=65332]
  0x000002a5d54b94c0 GCTaskThread "GC Thread#9" [stack: 0x000000b955300000,0x000000b955400000] [id=66136]
  0x000002a5d558ab60 GCTaskThread "GC Thread#10" [stack: 0x000000b955400000,0x000000b955500000] [id=70980]
  0x000002a5d53cdf90 GCTaskThread "GC Thread#11" [stack: 0x000000b955500000,0x000000b955600000] [id=55304]
  0x000002a5d546d640 GCTaskThread "GC Thread#12" [stack: 0x000000b955900000,0x000000b955a00000] [id=63512]

Threads with active compile tasks:
C2 CompilerThread0    86904 8671       4       jdk.internal.org.objectweb.asm.Type::getArgumentsAndReturnSizes (140 bytes)

VM state: not at safepoint (normal execution)

VM Mutex/Monitor currently owned by a thread: None

Heap address: 0x00000000c0000000, size: 1024 MB, Compressed Oops mode: 32-bit

CDS archive(s) not mapped
Compressed class space mapped at: 0x0000000100000000-0x0000000140000000, reserved size: 1073741824
Narrow klass base: 0x0000000000000000, Narrow klass shift: 3, Narrow klass range: 0x140000000

GC Precious Log:
 CPUs: 16 total, 16 available
 Memory: 5989M
 Large Page Support: Disabled
 NUMA Support: Disabled
 Compressed Oops: Enabled (32-bit)
 Alignments: Space 512K, Generation 512K, Heap 2M
 Heap Min Capacity: 100M
 Heap Initial Capacity: 100M
 Heap Max Capacity: 1G
 Pre-touch: Disabled
 Parallel Workers: 13

Heap:
 PSYoungGen      total 67584K, used 19692K [0x00000000eab00000, 0x00000000f0000000, 0x0000000100000000)
  eden space 44032K, 44% used [0x00000000eab00000,0x00000000ebe3b128,0x00000000ed600000)
  from space 23552K, 0% used [0x00000000ed600000,0x00000000ed600000,0x00000000eed00000)
  to   space 19456K, 0% used [0x00000000eed00000,0x00000000eed00000,0x00000000f0000000)
 ParOldGen       total 283648K, used 185812K [0x00000000c0000000, 0x00000000d1500000, 0x00000000eab00000)
  object space 283648K, 65% used [0x00000000c0000000,0x00000000cb575360,0x00000000d1500000)
 Metaspace       used 71481K, committed 72640K, reserved 1114112K
  class space    used 8700K, committed 9216K, reserved 1048576K

Card table byte_map: [0x000002a5b8910000,0x000002a5b8b20000] _byte_map_base: 0x000002a5b8310000

Marking Bits: (ParMarkBitMap*) 0x00007fff4eaad820
 Begin Bits: [0x000002a5cac10000, 0x000002a5cbc10000)
 End Bits:   [0x000002a5cbc10000, 0x000002a5ccc10000)

Polling page: 0x000002a5b6ec0000

Metaspace:

Usage:
  Non-class:     61.31 MB used.
      Class:      8.50 MB used.
       Both:     69.81 MB used.

Virtual space:
  Non-class space:       64.00 MB reserved,      61.94 MB ( 97%) committed,  1 nodes.
      Class space:        1.00 GB reserved,       9.00 MB ( <1%) committed,  1 nodes.
             Both:        1.06 GB reserved,      70.94 MB (  7%) committed. 

Chunk freelists:
   Non-Class:  1.92 MB
       Class:  7.03 MB
        Both:  8.95 MB

MaxMetaspaceSize: unlimited
CompressedClassSpaceSize: 1.00 GB
Initial GC threshold: 21.00 MB
Current GC threshold: 118.06 MB
CDS: off
MetaspaceReclaimPolicy: balanced
 - commit_granule_bytes: 65536.
 - commit_granule_words: 8192.
 - virtual_space_node_default_size: 8388608.
 - enlarge_chunks_in_place: 1.
 - new_chunks_are_fully_committed: 0.
 - uncommit_free_chunks: 1.
 - use_allocation_guard: 0.
 - handle_deallocations: 1.


Internal statistics:

num_allocs_failed_limit: 9.
num_arena_births: 700.
num_arena_deaths: 18.
num_vsnodes_births: 2.
num_vsnodes_deaths: 0.
num_space_committed: 1135.
num_space_uncommitted: 0.
num_chunks_returned_to_freelist: 29.
num_chunks_taken_from_freelist: 3428.
num_chunk_merges: 15.
num_chunk_splits: 2258.
num_chunks_enlarged: 1471.
num_inconsistent_stats: 0.

CodeHeap 'non-profiled nmethods': size=119168Kb used=5781Kb max_used=5781Kb free=113387Kb
 bounds [0x000002a5c37b0000, 0x000002a5c3d60000, 0x000002a5cac10000]
CodeHeap 'profiled nmethods': size=119104Kb used=14222Kb max_used=15633Kb free=104881Kb
 bounds [0x000002a5bbc10000, 0x000002a5bcb60000, 0x000002a5c3060000]
CodeHeap 'non-nmethods': size=7488Kb used=1338Kb max_used=3117Kb free=6149Kb
 bounds [0x000002a5c3060000, 0x000002a5c3370000, 0x000002a5c37b0000]
 total_blobs=7943 nmethods=7265 adapters=591
 compilation: enabled
              stopped_count=0, restarted_count=0
 full_count=0

Compilation events (20 events):
Event: 86.763 Thread 0x000002a5d1c09e60 nmethod 8666 0x000002a5bc06e910 code [0x000002a5bc06eaa0, 0x000002a5bc06ec18]
Event: 86.763 Thread 0x000002a5d1c09e60 8667       2       org.eclipse.jdt.internal.core.index.IndexQualifier::<init> (15 bytes)
Event: 86.763 Thread 0x000002a5d1c09e60 nmethod 8667 0x000002a5bc8ec290 code [0x000002a5bc8ec420, 0x000002a5bc8ec558]
Event: 86.763 Thread 0x000002a5d1c066b0 8668       4       org.eclipse.jdt.internal.core.index.IndexQualifier::qualifier (10 bytes)
Event: 86.764 Thread 0x000002a5d1c066b0 nmethod 8668 0x000002a5c3d54810 code [0x000002a5c3d54980, 0x000002a5c3d54a58]
Event: 86.778 Thread 0x000002a5d1c09e60 8669       3       org.eclipse.jdt.internal.core.index.DiskIndex::addQueryResults (739 bytes)
Event: 86.780 Thread 0x000002a5d1c09e60 nmethod 8669 0x000002a5bbc84c90 code [0x000002a5bbc85060, 0x000002a5bbc86cf8]
Event: 86.782 Thread 0x000002a5d1c09e60 8670   !   3       org.eclipse.jdt.internal.core.index.Index::query (203 bytes)
Event: 86.784 Thread 0x000002a5d1c09e60 nmethod 8670 0x000002a5bc522910 code [0x000002a5bc522c60, 0x000002a5bc524578]
Event: 86.787 Thread 0x000002a5d1c066b0 8671       4       jdk.internal.org.objectweb.asm.Type::getArgumentsAndReturnSizes (140 bytes)
Event: 86.787 Thread 0x000002a5d1c09e60 8672       3       java.util.Optional::ifPresent (18 bytes)
Event: 86.788 Thread 0x000002a5d1c09e60 nmethod 8672 0x000002a5bc1e9410 code [0x000002a5bc1e95c0, 0x000002a5bc1e97c8]
Event: 86.788 Thread 0x000002a5d1c09e60 8675       3       org.eclipse.jdt.internal.core.index.MetaIndex::addIndexEntry (27 bytes)
Event: 86.790 Thread 0x000002a5d1c09e60 nmethod 8675 0x000002a5bbfbe090 code [0x000002a5bbfbe2e0, 0x000002a5bbfbecc8]
Event: 86.790 Thread 0x000002a5d1c09e60 8673       1       org.eclipse.jdt.internal.core.index.IndexQualifier::getCategory (5 bytes)
Event: 86.790 Thread 0x000002a5d1c09e60 nmethod 8673 0x000002a5c3d54b10 code [0x000002a5c3d54ca0, 0x000002a5c3d54d78]
Event: 86.790 Thread 0x000002a5d1c09e60 8674       1       org.eclipse.jdt.internal.core.index.IndexQualifier::getKey (5 bytes)
Event: 86.790 Thread 0x000002a5d1c09e60 nmethod 8674 0x000002a5c3d54e10 code [0x000002a5c3d54fa0, 0x000002a5c3d55078]
Event: 86.790 Thread 0x000002a5d1c09e60 8676       3       org.eclipse.jdt.internal.core.index.MetaIndex$$Lambda$509/0x00000001007a63c0::<init> (10 bytes)
Event: 86.790 Thread 0x000002a5d1c09e60 nmethod 8676 0x000002a5bbc84890 code [0x000002a5bbc84a20, 0x000002a5bbc84b98]

GC Heap History (20 events):
Event: 82.305 GC heap before
{Heap before GC invocations=217 (full 14):
 PSYoungGen      total 66560K, used 57787K [0x00000000eab00000, 0x00000000f0080000, 0x0000000100000000)
  eden space 49664K, 100% used [0x00000000eab00000,0x00000000edb80000,0x00000000edb80000)
  from space 16896K, 48% used [0x00000000eec80000,0x00000000ef46ed18,0x00000000efd00000)
  to   space 17408K, 0% used [0x00000000edb80000,0x00000000edb80000,0x00000000eec80000)
 ParOldGen       total 307712K, used 245930K [0x00000000c0000000, 0x00000000d2c80000, 0x00000000eab00000)
  object space 307712K, 79% used [0x00000000c0000000,0x00000000cf02a8c8,0x00000000d2c80000)
 Metaspace       used 70611K, committed 71808K, reserved 1114112K
  class space    used 8584K, committed 9152K, reserved 1048576K
}
Event: 82.323 GC heap after
{Heap after GC invocations=217 (full 14):
 PSYoungGen      total 67072K, used 15424K [0x00000000eab00000, 0x00000000eff80000, 0x0000000100000000)
  eden space 49664K, 0% used [0x00000000eab00000,0x00000000eab00000,0x00000000edb80000)
  from space 17408K, 88% used [0x00000000edb80000,0x00000000eea90000,0x00000000eec80000)
  to   space 16384K, 0% used [0x00000000eef80000,0x00000000eef80000,0x00000000eff80000)
 ParOldGen       total 307712K, used 245930K [0x00000000c0000000, 0x00000000d2c80000, 0x00000000eab00000)
  object space 307712K, 79% used [0x00000000c0000000,0x00000000cf02a8c8,0x00000000d2c80000)
 Metaspace       used 70611K, committed 71808K, reserved 1114112K
  class space    used 8584K, committed 9152K, reserved 1048576K
}
Event: 82.556 GC heap before
{Heap before GC invocations=218 (full 14):
 PSYoungGen      total 67072K, used 65088K [0x00000000eab00000, 0x00000000eff80000, 0x0000000100000000)
  eden space 49664K, 100% used [0x00000000eab00000,0x00000000edb80000,0x00000000edb80000)
  from space 17408K, 88% used [0x00000000edb80000,0x00000000eea90000,0x00000000eec80000)
  to   space 16384K, 0% used [0x00000000eef80000,0x00000000eef80000,0x00000000eff80000)
 ParOldGen       total 307712K, used 245930K [0x00000000c0000000, 0x00000000d2c80000, 0x00000000eab00000)
  object space 307712K, 79% used [0x00000000c0000000,0x00000000cf02a8c8,0x00000000d2c80000)
 Metaspace       used 70618K, committed 71808K, reserved 1114112K
  class space    used 8585K, committed 9152K, reserved 1048576K
}
Event: 82.587 GC heap after
{Heap after GC invocations=218 (full 14):
 PSYoungGen      total 62464K, used 16368K [0x00000000eab00000, 0x00000000f0e80000, 0x0000000100000000)
  eden space 46080K, 0% used [0x00000000eab00000,0x00000000eab00000,0x00000000ed800000)
  from space 16384K, 99% used [0x00000000eef80000,0x00000000eff7c010,0x00000000eff80000)
  to   space 24064K, 0% used [0x00000000ed800000,0x00000000ed800000,0x00000000eef80000)
 ParOldGen       total 307712K, used 252256K [0x00000000c0000000, 0x00000000d2c80000, 0x00000000eab00000)
  object space 307712K, 81% used [0x00000000c0000000,0x00000000cf6582e8,0x00000000d2c80000)
 Metaspace       used 70618K, committed 71808K, reserved 1114112K
  class space    used 8585K, committed 9152K, reserved 1048576K
}
Event: 82.753 GC heap before
{Heap before GC invocations=219 (full 14):
 PSYoungGen      total 62464K, used 62448K [0x00000000eab00000, 0x00000000f0e80000, 0x0000000100000000)
  eden space 46080K, 100% used [0x00000000eab00000,0x00000000ed800000,0x00000000ed800000)
  from space 16384K, 99% used [0x00000000eef80000,0x00000000eff7c010,0x00000000eff80000)
  to   space 24064K, 0% used [0x00000000ed800000,0x00000000ed800000,0x00000000eef80000)
 ParOldGen       total 307712K, used 252256K [0x00000000c0000000, 0x00000000d2c80000, 0x00000000eab00000)
  object space 307712K, 81% used [0x00000000c0000000,0x00000000cf6582e8,0x00000000d2c80000)
 Metaspace       used 70838K, committed 72064K, reserved 1114112K
  class space    used 8611K, committed 9152K, reserved 1048576K
}
Event: 82.770 GC heap after
{Heap after GC invocations=219 (full 14):
 PSYoungGen      total 63488K, used 17072K [0x00000000eab00000, 0x00000000f0200000, 0x0000000100000000)
  eden space 46080K, 0% used [0x00000000eab00000,0x00000000eab00000,0x00000000ed800000)
  from space 17408K, 98% used [0x00000000ed800000,0x00000000ee8ac010,0x00000000ee900000)
  to   space 19456K, 0% used [0x00000000eef00000,0x00000000eef00000,0x00000000f0200000)
 ParOldGen       total 307712K, used 258360K [0x00000000c0000000, 0x00000000d2c80000, 0x00000000eab00000)
  object space 307712K, 83% used [0x00000000c0000000,0x00000000cfc4e2e8,0x00000000d2c80000)
 Metaspace       used 70838K, committed 72064K, reserved 1114112K
  class space    used 8611K, committed 9152K, reserved 1048576K
}
Event: 82.944 GC heap before
{Heap before GC invocations=220 (full 14):
 PSYoungGen      total 63488K, used 63152K [0x00000000eab00000, 0x00000000f0200000, 0x0000000100000000)
  eden space 46080K, 100% used [0x00000000eab00000,0x00000000ed800000,0x00000000ed800000)
  from space 17408K, 98% used [0x00000000ed800000,0x00000000ee8ac010,0x00000000ee900000)
  to   space 19456K, 0% used [0x00000000eef00000,0x00000000eef00000,0x00000000f0200000)
 ParOldGen       total 307712K, used 258360K [0x00000000c0000000, 0x00000000d2c80000, 0x00000000eab00000)
  object space 307712K, 83% used [0x00000000c0000000,0x00000000cfc4e2e8,0x00000000d2c80000)
 Metaspace       used 71280K, committed 72448K, reserved 1114112K
  class space    used 8679K, committed 9216K, reserved 1048576K
}
Event: 82.962 GC heap after
{Heap after GC invocations=220 (full 14):
 PSYoungGen      total 64000K, used 19440K [0x00000000eab00000, 0x00000000f0d00000, 0x0000000100000000)
  eden space 44544K, 0% used [0x00000000eab00000,0x00000000eab00000,0x00000000ed680000)
  from space 19456K, 99% used [0x00000000eef00000,0x00000000f01fc010,0x00000000f0200000)
  to   space 25088K, 0% used [0x00000000ed680000,0x00000000ed680000,0x00000000eef00000)
 ParOldGen       total 307712K, used 262512K [0x00000000c0000000, 0x00000000d2c80000, 0x00000000eab00000)
  object space 307712K, 85% used [0x00000000c0000000,0x00000000d005c2e8,0x00000000d2c80000)
 Metaspace       used 71280K, committed 72448K, reserved 1114112K
  class space    used 8679K, committed 9216K, reserved 1048576K
}
Event: 83.107 GC heap before
{Heap before GC invocations=221 (full 14):
 PSYoungGen      total 64000K, used 63984K [0x00000000eab00000, 0x00000000f0d00000, 0x0000000100000000)
  eden space 44544K, 100% used [0x00000000eab00000,0x00000000ed680000,0x00000000ed680000)
  from space 19456K, 99% used [0x00000000eef00000,0x00000000f01fc010,0x00000000f0200000)
  to   space 25088K, 0% used [0x00000000ed680000,0x00000000ed680000,0x00000000eef00000)
 ParOldGen       total 307712K, used 262512K [0x00000000c0000000, 0x00000000d2c80000, 0x00000000eab00000)
  object space 307712K, 85% used [0x00000000c0000000,0x00000000d005c2e8,0x00000000d2c80000)
 Metaspace       used 71319K, committed 72512K, reserved 1114112K
  class space    used 8684K, committed 9216K, reserved 1048576K
}
Event: 83.130 GC heap after
{Heap after GC invocations=221 (full 14):
 PSYoungGen      total 60928K, used 16000K [0x00000000eab00000, 0x00000000eff80000, 0x0000000100000000)
  eden space 44544K, 0% used [0x00000000eab00000,0x00000000eab00000,0x00000000ed680000)
  from space 16384K, 97% used [0x00000000ed680000,0x00000000ee620010,0x00000000ee680000)
  to   space 18944K, 0% used [0x00000000eed00000,0x00000000eed00000,0x00000000eff80000)
 ParOldGen       total 307712K, used 272463K [0x00000000c0000000, 0x00000000d2c80000, 0x00000000eab00000)
  object space 307712K, 88% used [0x00000000c0000000,0x00000000d0a13d20,0x00000000d2c80000)
 Metaspace       used 71319K, committed 72512K, reserved 1114112K
  class space    used 8684K, committed 9216K, reserved 1048576K
}
Event: 83.310 GC heap before
{Heap before GC invocations=222 (full 14):
 PSYoungGen      total 60928K, used 60544K [0x00000000eab00000, 0x00000000eff80000, 0x0000000100000000)
  eden space 44544K, 100% used [0x00000000eab00000,0x00000000ed680000,0x00000000ed680000)
  from space 16384K, 97% used [0x00000000ed680000,0x00000000ee620010,0x00000000ee680000)
  to   space 18944K, 0% used [0x00000000eed00000,0x00000000eed00000,0x00000000eff80000)
 ParOldGen       total 307712K, used 272463K [0x00000000c0000000, 0x00000000d2c80000, 0x00000000eab00000)
  object space 307712K, 88% used [0x00000000c0000000,0x00000000d0a13d20,0x00000000d2c80000)
 Metaspace       used 71319K, committed 72512K, reserved 1114112K
  class space    used 8684K, committed 9216K, reserved 1048576K
}
Event: 83.332 GC heap after
{Heap after GC invocations=222 (full 14):
 PSYoungGen      total 62976K, used 18912K [0x00000000eab00000, 0x00000000f0880000, 0x0000000100000000)
  eden space 44032K, 0% used [0x00000000eab00000,0x00000000eab00000,0x00000000ed600000)
  from space 18944K, 99% used [0x00000000eed00000,0x00000000eff78010,0x00000000eff80000)
  to   space 23552K, 0% used [0x00000000ed600000,0x00000000ed600000,0x00000000eed00000)
 ParOldGen       total 307712K, used 275579K [0x00000000c0000000, 0x00000000d2c80000, 0x00000000eab00000)
  object space 307712K, 89% used [0x00000000c0000000,0x00000000d0d1ef28,0x00000000d2c80000)
 Metaspace       used 71319K, committed 72512K, reserved 1114112K
  class space    used 8684K, committed 9216K, reserved 1048576K
}
Event: 83.486 GC heap before
{Heap before GC invocations=223 (full 14):
 PSYoungGen      total 62976K, used 62944K [0x00000000eab00000, 0x00000000f0880000, 0x0000000100000000)
  eden space 44032K, 100% used [0x00000000eab00000,0x00000000ed600000,0x00000000ed600000)
  from space 18944K, 99% used [0x00000000eed00000,0x00000000eff78010,0x00000000eff80000)
  to   space 23552K, 0% used [0x00000000ed600000,0x00000000ed600000,0x00000000eed00000)
 ParOldGen       total 307712K, used 275579K [0x00000000c0000000, 0x00000000d2c80000, 0x00000000eab00000)
  object space 307712K, 89% used [0x00000000c0000000,0x00000000d0d1ef28,0x00000000d2c80000)
 Metaspace       used 71320K, committed 72512K, reserved 1114112K
  class space    used 8684K, committed 9216K, reserved 1048576K
}
Event: 83.507 GC heap after
{Heap after GC invocations=223 (full 14):
 PSYoungGen      total 67584K, used 17824K [0x00000000eab00000, 0x00000000f0000000, 0x0000000100000000)
  eden space 44032K, 0% used [0x00000000eab00000,0x00000000eab00000,0x00000000ed600000)
  from space 23552K, 75% used [0x00000000ed600000,0x00000000ee768010,0x00000000eed00000)
  to   space 19456K, 0% used [0x00000000eed00000,0x00000000eed00000,0x00000000f0000000)
 ParOldGen       total 307712K, used 283103K [0x00000000c0000000, 0x00000000d2c80000, 0x00000000eab00000)
  object space 307712K, 92% used [0x00000000c0000000,0x00000000d1477f38,0x00000000d2c80000)
 Metaspace       used 71320K, committed 72512K, reserved 1114112K
  class space    used 8684K, committed 9216K, reserved 1048576K
}
Event: 84.449 GC heap before
{Heap before GC invocations=224 (full 14):
 PSYoungGen      total 67584K, used 61746K [0x00000000eab00000, 0x00000000f0000000, 0x0000000100000000)
  eden space 44032K, 99% used [0x00000000eab00000,0x00000000ed5e4b00,0x00000000ed600000)
  from space 23552K, 75% used [0x00000000ed600000,0x00000000ee768010,0x00000000eed00000)
  to   space 19456K, 0% used [0x00000000eed00000,0x00000000eed00000,0x00000000f0000000)
 ParOldGen       total 307712K, used 283103K [0x00000000c0000000, 0x00000000d2c80000, 0x00000000eab00000)
  object space 307712K, 92% used [0x00000000c0000000,0x00000000d1477f38,0x00000000d2c80000)
 Metaspace       used 71369K, committed 72512K, reserved 1114112K
  class space    used 8692K, committed 9216K, reserved 1048576K
}
Event: 84.476 GC heap after
{Heap after GC invocations=224 (full 14):
 PSYoungGen      total 63488K, used 19424K [0x00000000eab00000, 0x00000000f0000000, 0x0000000100000000)
  eden space 44032K, 0% used [0x00000000eab00000,0x00000000eab00000,0x00000000ed600000)
  from space 19456K, 99% used [0x00000000eed00000,0x00000000efff8278,0x00000000f0000000)
  to   space 23552K, 0% used [0x00000000ed600000,0x00000000ed600000,0x00000000eed00000)
 ParOldGen       total 307712K, used 307473K [0x00000000c0000000, 0x00000000d2c80000, 0x00000000eab00000)
  object space 307712K, 99% used [0x00000000c0000000,0x00000000d2c445d0,0x00000000d2c80000)
 Metaspace       used 71369K, committed 72512K, reserved 1114112K
  class space    used 8692K, committed 9216K, reserved 1048576K
}
Event: 84.476 GC heap before
{Heap before GC invocations=225 (full 15):
 PSYoungGen      total 63488K, used 19424K [0x00000000eab00000, 0x00000000f0000000, 0x0000000100000000)
  eden space 44032K, 0% used [0x00000000eab00000,0x00000000eab00000,0x00000000ed600000)
  from space 19456K, 99% used [0x00000000eed00000,0x00000000efff8278,0x00000000f0000000)
  to   space 23552K, 0% used [0x00000000ed600000,0x00000000ed600000,0x00000000eed00000)
 ParOldGen       total 307712K, used 307473K [0x00000000c0000000, 0x00000000d2c80000, 0x00000000eab00000)
  object space 307712K, 99% used [0x00000000c0000000,0x00000000d2c445d0,0x00000000d2c80000)
 Metaspace       used 71369K, committed 72512K, reserved 1114112K
  class space    used 8692K, committed 9216K, reserved 1048576K
}
Event: 85.221 GC heap after
{Heap after GC invocations=225 (full 15):
 PSYoungGen      total 63488K, used 17329K [0x00000000eab00000, 0x00000000f0000000, 0x0000000100000000)
  eden space 44032K, 0% used [0x00000000eab00000,0x00000000eab00000,0x00000000ed600000)
  from space 19456K, 89% used [0x00000000eed00000,0x00000000efdec520,0x00000000f0000000)
  to   space 23552K, 0% used [0x00000000ed600000,0x00000000ed600000,0x00000000eed00000)
 ParOldGen       total 307712K, used 307438K [0x00000000c0000000, 0x00000000d2c80000, 0x00000000eab00000)
  object space 307712K, 99% used [0x00000000c0000000,0x00000000d2c3bb50,0x00000000d2c80000)
 Metaspace       used 71369K, committed 72512K, reserved 1114112K
  class space    used 8692K, committed 9216K, reserved 1048576K
}
Event: 86.607 GC heap before
{Heap before GC invocations=226 (full 16):
 PSYoungGen      total 63488K, used 61361K [0x00000000eab00000, 0x00000000f0000000, 0x0000000100000000)
  eden space 44032K, 100% used [0x00000000eab00000,0x00000000ed600000,0x00000000ed600000)
  from space 19456K, 89% used [0x00000000eed00000,0x00000000efdec520,0x00000000f0000000)
  to   space 23552K, 0% used [0x00000000ed600000,0x00000000ed600000,0x00000000eed00000)
 ParOldGen       total 307712K, used 307438K [0x00000000c0000000, 0x00000000d2c80000, 0x00000000eab00000)
  object space 307712K, 99% used [0x00000000c0000000,0x00000000d2c3bb50,0x00000000d2c80000)
 Metaspace       used 71450K, committed 72576K, reserved 1114112K
  class space    used 8699K, committed 9216K, reserved 1048576K
}
Event: 86.721 GC heap after
{Heap after GC invocations=226 (full 16):
 PSYoungGen      total 67584K, used 0K [0x00000000eab00000, 0x00000000f0000000, 0x0000000100000000)
  eden space 44032K, 0% used [0x00000000eab00000,0x00000000eab00000,0x00000000ed600000)
  from space 23552K, 0% used [0x00000000ed600000,0x00000000ed600000,0x00000000eed00000)
  to   space 19456K, 0% used [0x00000000eed00000,0x00000000eed00000,0x00000000f0000000)
 ParOldGen       total 283648K, used 185812K [0x00000000c0000000, 0x00000000d1500000, 0x00000000eab00000)
  object space 283648K, 65% used [0x00000000c0000000,0x00000000cb575360,0x00000000d1500000)
 Metaspace       used 71450K, committed 72576K, reserved 1114112K
  class space    used 8699K, committed 9216K, reserved 1048576K
}

Dll operation events (15 events):
Event: 0.044 Loaded shared library c:\Users\Tassandro\.vscode\extensions\redhat.java-1.33.0-win32-x64\jre\17.0.11-win32-x86_64\bin\java.dll
Event: 0.213 Loaded shared library c:\Users\Tassandro\.vscode\extensions\redhat.java-1.33.0-win32-x64\jre\17.0.11-win32-x86_64\bin\zip.dll
Event: 0.218 Loaded shared library C:\Users\Tassandro\.vscode\extensions\redhat.java-1.33.0-win32-x64\jre\17.0.11-win32-x86_64\bin\instrument.dll
Event: 0.234 Loaded shared library C:\Users\Tassandro\.vscode\extensions\redhat.java-1.33.0-win32-x64\jre\17.0.11-win32-x86_64\bin\net.dll
Event: 0.239 Loaded shared library C:\Users\Tassandro\.vscode\extensions\redhat.java-1.33.0-win32-x64\jre\17.0.11-win32-x86_64\bin\nio.dll
Event: 0.247 Loaded shared library C:\Users\Tassandro\.vscode\extensions\redhat.java-1.33.0-win32-x64\jre\17.0.11-win32-x86_64\bin\zip.dll
Event: 0.267 Loaded shared library C:\Users\Tassandro\.vscode\extensions\redhat.java-1.33.0-win32-x64\jre\17.0.11-win32-x86_64\bin\jimage.dll
Event: 0.350 Loaded shared library c:\Users\Tassandro\.vscode\extensions\redhat.java-1.33.0-win32-x64\jre\17.0.11-win32-x86_64\bin\verify.dll
Event: 1.615 Loaded shared library C:\Users\Tassandro\AppData\Roaming\Code\User\globalStorage\redhat.java\1.33.0\config_win\org.eclipse.equinox.launcher\org.eclipse.equinox.launcher.win32.win32.x86_64_1.2.1100.v20240722-2106\eclipse_11904.dll
Event: 3.537 Loaded shared library C:\Users\Tassandro\AppData\Local\Temp\jna--1879390009\jna12078483670809716516.dll
Event: 7.725 Loaded shared library C:\Users\Tassandro\.gradle\native\c067742578af261105cb4f569cf0c3c89f3d7b1fecec35dd04571415982c5e48\windows-amd64\native-platform.dll
Event: 9.137 Loaded shared library C:\Users\Tassandro\.vscode\extensions\redhat.java-1.33.0-win32-x64\jre\17.0.11-win32-x86_64\bin\management.dll
Event: 9.145 Loaded shared library C:\Users\Tassandro\.vscode\extensions\redhat.java-1.33.0-win32-x64\jre\17.0.11-win32-x86_64\bin\management_ext.dll
Event: 73.205 Loaded shared library C:\Users\Tassandro\.vscode\extensions\redhat.java-1.33.0-win32-x64\jre\17.0.11-win32-x86_64\bin\extnet.dll
Event: 82.861 Loaded shared library C:\Users\Tassandro\.vscode\extensions\redhat.java-1.33.0-win32-x64\jre\17.0.11-win32-x86_64\bin\sunmscapi.dll

Deoptimization events (20 events):
Event: 86.029 Thread 0x000002a5b6d52a70 DEOPT PACKING pc=0x000002a5c3d3cf98 sp=0x000000b955bff280
Event: 86.029 Thread 0x000002a5b6d52a70 DEOPT UNPACKING pc=0x000002a5c30b66a3 sp=0x000000b955bff128 mode 2
Event: 86.083 Thread 0x000002a5b6d52a70 DEOPT PACKING pc=0x000002a5bbdff45b sp=0x000000b955bff210
Event: 86.083 Thread 0x000002a5b6d52a70 DEOPT UNPACKING pc=0x000002a5c30b6e43 sp=0x000000b955bfe750 mode 0
Event: 86.283 Thread 0x000002a5b6d539a0 Uncommon trap: trap_request=0xffffffc6 fr.pc=0x000002a5c3aaf22c relative=0x000000000000034c
Event: 86.283 Thread 0x000002a5b6d539a0 Uncommon trap: reason=bimorphic_or_optimized_type_check action=maybe_recompile pc=0x000002a5c3aaf22c method=java.util.Collections$SetFromMap.add(Ljava/lang/Object;)Z @ 8 c2
Event: 86.283 Thread 0x000002a5b6d539a0 DEOPT PACKING pc=0x000002a5c3aaf22c sp=0x000000b957ffe220
Event: 86.283 Thread 0x000002a5b6d539a0 DEOPT UNPACKING pc=0x000002a5c30b66a3 sp=0x000000b957ffe1e0 mode 2
Event: 86.535 Thread 0x000002a5b6d52a70 Uncommon trap: trap_request=0xffffffbe fr.pc=0x000002a5c3d351d0 relative=0x0000000000000490
Event: 86.535 Thread 0x000002a5b6d52a70 Uncommon trap: reason=profile_predicate action=maybe_recompile pc=0x000002a5c3d351d0 method=org.eclipse.jdt.internal.compiler.util.SimpleLookupTable.get(Ljava/lang/Object;)Ljava/lang/Object; @ 54 c2
Event: 86.535 Thread 0x000002a5b6d52a70 DEOPT PACKING pc=0x000002a5c3d351d0 sp=0x000000b955bff440
Event: 86.535 Thread 0x000002a5b6d52a70 DEOPT UNPACKING pc=0x000002a5c30b66a3 sp=0x000000b955bff3e8 mode 2
Event: 86.535 Thread 0x000002a5b6d52a70 Uncommon trap: trap_request=0xffffffbe fr.pc=0x000002a5c3d351d0 relative=0x0000000000000490
Event: 86.535 Thread 0x000002a5b6d52a70 Uncommon trap: reason=profile_predicate action=maybe_recompile pc=0x000002a5c3d351d0 method=org.eclipse.jdt.internal.compiler.util.SimpleLookupTable.get(Ljava/lang/Object;)Ljava/lang/Object; @ 54 c2
Event: 86.535 Thread 0x000002a5b6d52a70 DEOPT PACKING pc=0x000002a5c3d351d0 sp=0x000000b955bff440
Event: 86.535 Thread 0x000002a5b6d52a70 DEOPT UNPACKING pc=0x000002a5c30b66a3 sp=0x000000b955bff3e8 mode 2
Event: 86.535 Thread 0x000002a5b6d52a70 Uncommon trap: trap_request=0xffffffbe fr.pc=0x000002a5c3968f14 relative=0x0000000000000714
Event: 86.535 Thread 0x000002a5b6d52a70 Uncommon trap: reason=profile_predicate action=maybe_recompile pc=0x000002a5c3968f14 method=org.eclipse.jdt.internal.compiler.util.SimpleLookupTable.put(Ljava/lang/Object;Ljava/lang/Object;)Ljava/lang/Object; @ 61 c2
Event: 86.535 Thread 0x000002a5b6d52a70 DEOPT PACKING pc=0x000002a5c3968f14 sp=0x000000b955bff440
Event: 86.535 Thread 0x000002a5b6d52a70 DEOPT UNPACKING pc=0x000002a5c30b66a3 sp=0x000000b955bff3e8 mode 2

Classes unloaded (9 events):
Event: 4.948 Thread 0x000002a5d1bc9920 Unloading class 0x0000000100252400 'java/lang/invoke/LambdaForm$MH+0x0000000100252400'
Event: 4.948 Thread 0x000002a5d1bc9920 Unloading class 0x0000000100252000 'java/lang/invoke/LambdaForm$MH+0x0000000100252000'
Event: 4.948 Thread 0x000002a5d1bc9920 Unloading class 0x0000000100251c00 'java/lang/invoke/LambdaForm$MH+0x0000000100251c00'
Event: 4.948 Thread 0x000002a5d1bc9920 Unloading class 0x0000000100251800 'java/lang/invoke/LambdaForm$MH+0x0000000100251800'
Event: 4.948 Thread 0x000002a5d1bc9920 Unloading class 0x0000000100251400 'java/lang/invoke/LambdaForm$BMH+0x0000000100251400'
Event: 4.948 Thread 0x000002a5d1bc9920 Unloading class 0x0000000100251000 'java/lang/invoke/LambdaForm$DMH+0x0000000100251000'
Event: 4.948 Thread 0x000002a5d1bc9920 Unloading class 0x000000010024e400 'java/lang/invoke/LambdaForm$DMH+0x000000010024e400'
Event: 9.270 Thread 0x000002a5d1bc9920 Unloading class 0x0000000100402c00 'java/lang/invoke/LambdaForm$MH+0x0000000100402c00'
Event: 9.270 Thread 0x000002a5d1bc9920 Unloading class 0x0000000100402000 'java/lang/invoke/LambdaForm$MH+0x0000000100402000'

Classes redefined (0 events):
No events

Internal exceptions (20 events):
Event: 69.371 Thread 0x000002a5b6d552f0 Exception <a 'java/lang/NoSuchMethodError'{0x00000000eb7862a0}: 'java.lang.Object java.lang.invoke.DirectMethodHandle$Holder.invokeSpecial(java.lang.Object, java.lang.Object, java.lang.Object, java.lang.Object, int)'> (0x00000000eb7862a0) 
thrown [s\src\hotspot\share\interpreter\linkResolver.cpp, line 759]
Event: 69.371 Thread 0x000002a5b6d552f0 Exception <a 'java/lang/NoSuchMethodError'{0x00000000eb789ef8}: 'java.lang.Object java.lang.invoke.Invokers$Holder.linkToTargetMethod(java.lang.Object, java.lang.Object, int, java.lang.Object)'> (0x00000000eb789ef8) 
thrown [s\src\hotspot\share\interpreter\linkResolver.cpp, line 759]
Event: 69.526 Thread 0x000002a5b6d552f0 Exception <a 'java/io/FileNotFoundException'{0x00000000eaf28d78}> (0x00000000eaf28d78) 
thrown [s\src\hotspot\share\prims\jni.cpp, line 516]
Event: 69.812 Thread 0x000002a5b6d52a70 Implicit null exception at 0x000002a5c3b8f5ac to 0x000002a5c3b8f6ac
Event: 70.452 Thread 0x000002a5b6d51b40 Exception <a 'java/io/FileNotFoundException'{0x00000000eb0dee78}> (0x00000000eb0dee78) 
thrown [s\src\hotspot\share\prims\jni.cpp, line 516]
Event: 73.179 Thread 0x000002a5b6d52a70 Implicit null exception at 0x000002a5c39fa934 to 0x000002a5c39fec94
Event: 80.099 Thread 0x000002a5b6d52a70 Implicit null exception at 0x000002a5c3cc277f to 0x000002a5c3cc69e0
Event: 82.933 Thread 0x000002a5b6d539a0 Exception <a 'java/lang/NoSuchMethodError'{0x00000000ed4d9208}: static Lorg/gradle/tooling/internal/provider/serialization/ClassLoaderDetails;.<clinit>()V> (0x00000000ed4d9208) 
thrown [s\src\hotspot\share\prims\jni.cpp, line 1112]
Event: 82.936 Thread 0x000002a5b6d539a0 Exception <a 'java/lang/NoSuchMethodError'{0x00000000ed5df7f8}: static Lorg/gradle/tooling/internal/provider/serialization/WellKnownClassLoaderRegistry$KnownClassLoaderSpec;.<clinit>()V> (0x00000000ed5df7f8) 
thrown [s\src\hotspot\share\prims\jni.cpp, line 1112]
Event: 82.936 Thread 0x000002a5b6d539a0 Exception <a 'java/lang/NoSuchMethodError'{0x00000000ed5e1110}: static Lorg/gradle/internal/classloader/ClassLoaderSpec;.<clinit>()V> (0x00000000ed5e1110) 
thrown [s\src\hotspot\share\prims\jni.cpp, line 1112]
Event: 82.938 Thread 0x000002a5b6d539a0 Exception <a 'java/lang/NoSuchMethodError'{0x00000000ed6e0ee0}: static Lorg/gradle/tooling/internal/provider/serialization/ClientOwnedClassLoaderSpec;.<clinit>()V> (0x00000000ed6e0ee0) 
thrown [s\src\hotspot\share\prims\jni.cpp, line 1112]
Event: 84.314 Thread 0x000002a5b6d539a0 Exception <a 'java/lang/NoSuchMethodError'{0x00000000ecf791e8}: static Lorg/gradle/internal/build/event/types/AbstractProgressEvent;.<clinit>()V> (0x00000000ecf791e8) 
thrown [s\src\hotspot\share\prims\jni.cpp, line 1112]
Event: 84.315 Thread 0x000002a5b6d539a0 Exception <a 'java/lang/NoSuchMethodError'{0x00000000ecf86f18}: static Lorg/gradle/internal/build/event/types/DefaultOperationStartedProgressEvent;.<clinit>()V> (0x00000000ecf86f18) 
thrown [s\src\hotspot\share\prims\jni.cpp, line 1112]
Event: 84.318 Thread 0x000002a5b6d539a0 Exception <a 'java/lang/NoSuchMethodError'{0x00000000ecf9dc88}: static Lorg/gradle/internal/build/event/types/DefaultOperationDescriptor;.<clinit>()V> (0x00000000ecf9dc88) 
thrown [s\src\hotspot\share\prims\jni.cpp, line 1112]
Event: 84.320 Thread 0x000002a5b6d539a0 Exception <a 'java/lang/NoSuchMethodError'{0x00000000ecfac1d8}: static Lorg/gradle/internal/operations/OperationIdentifier;.<clinit>()V> (0x00000000ecfac1d8) 
thrown [s\src\hotspot\share\prims\jni.cpp, line 1112]
Event: 85.538 Thread 0x000002a5b6d539a0 Exception <a 'java/lang/NoSuchMethodError'{0x00000000ebc54730}: static Lorg/gradle/internal/build/event/types/DefaultOperationFinishedProgressEvent;.<clinit>()V> (0x00000000ebc54730) 
thrown [s\src\hotspot\share\prims\jni.cpp, line 1112]
Event: 85.542 Thread 0x000002a5b6d539a0 Exception <a 'java/lang/NoSuchMethodError'{0x00000000ebd44218}: static Lorg/gradle/internal/build/event/types/AbstractResult;.<clinit>()V> (0x00000000ebd44218) 
thrown [s\src\hotspot\share\prims\jni.cpp, line 1112]
Event: 85.543 Thread 0x000002a5b6d539a0 Exception <a 'java/lang/NoSuchMethodError'{0x00000000ebd51ee8}: static Lorg/gradle/internal/build/event/types/AbstractOperationResult;.<clinit>()V> (0x00000000ebd51ee8) 
thrown [s\src\hotspot\share\prims\jni.cpp, line 1112]
Event: 85.545 Thread 0x000002a5b6d539a0 Exception <a 'java/lang/NoSuchMethodError'{0x00000000ebd60068}: static Lorg/gradle/internal/build/event/types/DefaultSuccessResult;.<clinit>()V> (0x00000000ebd60068) 
thrown [s\src\hotspot\share\prims\jni.cpp, line 1112]
Event: 86.479 Thread 0x000002a5b6d52a70 Exception <a 'sun/nio/fs/WindowsException'{0x00000000ecd6c820}> (0x00000000ecd6c820) 
thrown [s\src\hotspot\share\prims\jni.cpp, line 516]

VM Operations (20 events):
Event: 82.791 Executing VM operation: HandshakeAllThreads
Event: 82.792 Executing VM operation: HandshakeAllThreads done
Event: 82.944 Executing VM operation: ParallelGCFailedAllocation
Event: 82.962 Executing VM operation: ParallelGCFailedAllocation done
Event: 82.966 Executing VM operation: HandshakeAllThreads
Event: 82.966 Executing VM operation: HandshakeAllThreads done
Event: 83.107 Executing VM operation: ParallelGCFailedAllocation
Event: 83.130 Executing VM operation: ParallelGCFailedAllocation done
Event: 83.310 Executing VM operation: ParallelGCFailedAllocation
Event: 83.332 Executing VM operation: ParallelGCFailedAllocation done
Event: 83.486 Executing VM operation: ParallelGCFailedAllocation
Event: 83.507 Executing VM operation: ParallelGCFailedAllocation done
Event: 84.449 Executing VM operation: ParallelGCFailedAllocation
Event: 85.222 Executing VM operation: ParallelGCFailedAllocation done
Event: 85.493 Executing VM operation: HandshakeAllThreads
Event: 85.494 Executing VM operation: HandshakeAllThreads done
Event: 86.493 Executing VM operation: Cleanup
Event: 86.493 Executing VM operation: Cleanup done
Event: 86.607 Executing VM operation: ParallelGCFailedAllocation
Event: 86.721 Executing VM operation: ParallelGCFailedAllocation done

Events (20 events):
Event: 82.933 loading class java/io/ObjectStreamClass$3
Event: 82.933 loading class java/io/ObjectStreamClass$3 done
Event: 82.933 loading class java/io/ObjectStreamClass$4
Event: 82.933 loading class java/io/ObjectStreamClass$4 done
Event: 82.934 loading class java/io/ObjectStreamClass$5
Event: 82.934 loading class java/io/ObjectStreamClass$5 done
Event: 82.939 loading class java/net/UrlDeserializedState
Event: 82.939 loading class java/net/UrlDeserializedState done
Event: 82.940 loading class java/net/Proxy
Event: 82.940 loading class java/net/Proxy done
Event: 82.964 loading class java/nio/channels/spi/AbstractSelector$1
Event: 82.964 loading class java/nio/channels/spi/AbstractSelector$1 done
Event: 83.071 Thread 0x000002a5d4253670 Thread added: 0x000002a5d4253670
Event: 83.071 Thread 0x000002a5d4253670 Thread exited: 0x000002a5d4253670
Event: 83.075 Thread 0x000002a5d4252230 Thread added: 0x000002a5d4252230
Event: 84.300 loading class java/lang/UnsupportedClassVersionError
Event: 84.300 loading class java/lang/UnsupportedClassVersionError done
Event: 85.504 Thread 0x000002a5d1c0e3a0 flushing nmethod 0x000002a5bcaec810
Event: 86.460 loading class sun/nio/fs/WindowsFileCopy
Event: 86.478 loading class sun/nio/fs/WindowsFileCopy done


Dynamic libraries:
0x00007ff7838e0000 - 0x00007ff7838ee000 	c:\Users\Tassandro\.vscode\extensions\redhat.java-1.33.0-win32-x64\jre\17.0.11-win32-x86_64\bin\java.exe
0x00007ff8083d0000 - 0x00007ff8085e7000 	C:\WINDOWS\SYSTEM32\ntdll.dll
0x00007fffdc5d0000 - 0x00007fffdc5ea000 	C:\Program Files\Avast Software\Avast\aswhook.dll
0x00007ff807080000 - 0x00007ff807144000 	C:\WINDOWS\System32\KERNEL32.DLL
0x00007ff805c00000 - 0x00007ff805fad000 	C:\WINDOWS\System32\KERNELBASE.dll
0x00007ff805fe0000 - 0x00007ff8060f1000 	C:\WINDOWS\System32\ucrtbase.dll
0x00007fff8b480000 - 0x00007fff8b497000 	c:\Users\Tassandro\.vscode\extensions\redhat.java-1.33.0-win32-x64\jre\17.0.11-win32-x86_64\bin\jli.dll
0x00007ff806200000 - 0x00007ff8063ae000 	C:\WINDOWS\System32\USER32.dll
0x00007ff805ab0000 - 0x00007ff805ad6000 	C:\WINDOWS\System32\win32u.dll
0x00007ff807750000 - 0x00007ff807779000 	C:\WINDOWS\System32\GDI32.dll
0x00007ff805ae0000 - 0x00007ff805bf9000 	C:\WINDOWS\System32\gdi32full.dll
0x00007ff805860000 - 0x00007ff8058fa000 	C:\WINDOWS\System32\msvcp_win.dll
0x00007fff8daa0000 - 0x00007fff8dabb000 	c:\Users\Tassandro\.vscode\extensions\redhat.java-1.33.0-win32-x64\jre\17.0.11-win32-x86_64\bin\VCRUNTIME140.dll
0x00007fffdf910000 - 0x00007fffdfba3000 	C:\WINDOWS\WinSxS\amd64_microsoft.windows.common-controls_6595b64144ccf1df_6.0.22621.3672_none_2713b9d173822955\COMCTL32.dll
0x00007ff806480000 - 0x00007ff806527000 	C:\WINDOWS\System32\msvcrt.dll
0x00007ff8063b0000 - 0x00007ff8063e1000 	C:\WINDOWS\System32\IMM32.DLL
0x00007fff7d600000 - 0x00007fff7d71a000 	C:\Program Files\Topaz OFD\Warsaw\wslbscr64.dll
0x00007ff806530000 - 0x00007ff8065e2000 	C:\WINDOWS\System32\ADVAPI32.dll
0x00007ff807150000 - 0x00007ff8071f9000 	C:\WINDOWS\System32\sechost.dll
0x00007ff805fb0000 - 0x00007ff805fd8000 	C:\WINDOWS\System32\bcrypt.dll
0x00007ff8068f0000 - 0x00007ff806a04000 	C:\WINDOWS\System32\RPCRT4.dll
0x00007ff807790000 - 0x00007ff807ff8000 	C:\WINDOWS\System32\SHELL32.dll
0x00007ff804710000 - 0x00007ff804744000 	C:\WINDOWS\SYSTEM32\ntmarta.dll
0x00007fff7b630000 - 0x00007fff7b72a000 	C:\Program Files\Topaz OFD\Warsaw\wslbscrwh64.dll
0x00007fffcc9d0000 - 0x00007fffcc9dc000 	c:\Users\Tassandro\.vscode\extensions\redhat.java-1.33.0-win32-x64\jre\17.0.11-win32-x86_64\bin\vcruntime140_1.dll
0x00007fff7b760000 - 0x00007fff7b7ed000 	c:\Users\Tassandro\.vscode\extensions\redhat.java-1.33.0-win32-x64\jre\17.0.11-win32-x86_64\bin\msvcp140.dll
0x00007fff4df10000 - 0x00007fff4eb72000 	c:\Users\Tassandro\.vscode\extensions\redhat.java-1.33.0-win32-x64\jre\17.0.11-win32-x86_64\bin\server\jvm.dll
0x00007ff8055b0000 - 0x00007ff8055fd000 	C:\WINDOWS\SYSTEM32\POWRPROF.dll
0x00007ffff8b70000 - 0x00007ffff8b79000 	C:\WINDOWS\SYSTEM32\WSOCK32.dll
0x00007ff806a20000 - 0x00007ff806a91000 	C:\WINDOWS\System32\WS2_32.dll
0x00007fffffd10000 - 0x00007fffffd44000 	C:\WINDOWS\SYSTEM32\WINMM.dll
0x00007ffffbb40000 - 0x00007ffffbb4a000 	C:\WINDOWS\SYSTEM32\VERSION.dll
0x00007ff8054e0000 - 0x00007ff8054f3000 	C:\WINDOWS\SYSTEM32\UMPDC.dll
0x00007ff8046f0000 - 0x00007ff804708000 	C:\WINDOWS\SYSTEM32\kernel.appcore.dll
0x00007fffc5810000 - 0x00007fffc581a000 	c:\Users\Tassandro\.vscode\extensions\redhat.java-1.33.0-win32-x64\jre\17.0.11-win32-x86_64\bin\jimage.dll
0x00007ff803250000 - 0x00007ff803482000 	C:\WINDOWS\SYSTEM32\DBGHELP.DLL
0x00007ff806cf0000 - 0x00007ff80707d000 	C:\WINDOWS\System32\combase.dll
0x00007ff806c10000 - 0x00007ff806ce7000 	C:\WINDOWS\System32\OLEAUT32.dll
0x00007ffffb740000 - 0x00007ffffb772000 	C:\WINDOWS\SYSTEM32\dbgcore.DLL
0x00007ff805970000 - 0x00007ff8059eb000 	C:\WINDOWS\System32\bcryptPrimitives.dll
0x00007ffff8a60000 - 0x00007ffff8a6e000 	c:\Users\Tassandro\.vscode\extensions\redhat.java-1.33.0-win32-x64\jre\17.0.11-win32-x86_64\bin\instrument.dll
0x00007fff8b140000 - 0x00007fff8b165000 	c:\Users\Tassandro\.vscode\extensions\redhat.java-1.33.0-win32-x64\jre\17.0.11-win32-x86_64\bin\java.dll
0x00007fff898f0000 - 0x00007fff89908000 	c:\Users\Tassandro\.vscode\extensions\redhat.java-1.33.0-win32-x64\jre\17.0.11-win32-x86_64\bin\zip.dll
0x00007ff8035f0000 - 0x00007ff803eee000 	C:\WINDOWS\SYSTEM32\windows.storage.dll
0x00007ff8034b0000 - 0x00007ff8035ef000 	C:\WINDOWS\SYSTEM32\wintypes.dll
0x000002a5d40c0000 - 0x000002a5d41b9000 	C:\WINDOWS\System32\SHCORE.dll
0x00007ff807250000 - 0x00007ff8072ae000 	C:\WINDOWS\System32\shlwapi.dll
0x00007ff805620000 - 0x00007ff805641000 	C:\WINDOWS\SYSTEM32\profapi.dll
0x00007fff80c00000 - 0x00007fff80c19000 	C:\Users\Tassandro\.vscode\extensions\redhat.java-1.33.0-win32-x64\jre\17.0.11-win32-x86_64\bin\net.dll
0x00007ff800680000 - 0x00007ff8007b6000 	C:\WINDOWS\SYSTEM32\WINHTTP.dll
0x00007ff804b60000 - 0x00007ff804bc9000 	C:\WINDOWS\system32\mswsock.dll
0x00007fff80be0000 - 0x00007fff80bf6000 	C:\Users\Tassandro\.vscode\extensions\redhat.java-1.33.0-win32-x64\jre\17.0.11-win32-x86_64\bin\nio.dll
0x00007fffc0920000 - 0x00007fffc0930000 	c:\Users\Tassandro\.vscode\extensions\redhat.java-1.33.0-win32-x64\jre\17.0.11-win32-x86_64\bin\verify.dll
0x00007fffc80f0000 - 0x00007fffc8135000 	C:\Users\Tassandro\AppData\Roaming\Code\User\globalStorage\redhat.java\1.33.0\config_win\org.eclipse.equinox.launcher\org.eclipse.equinox.launcher.win32.win32.x86_64_1.2.1100.v20240722-2106\eclipse_11904.dll
0x000002a5d5b00000 - 0x000002a5d5ca5000 	C:\WINDOWS\System32\ole32.dll
0x00007ff804e00000 - 0x00007ff804e1b000 	C:\WINDOWS\SYSTEM32\CRYPTSP.dll
0x00007ff804650000 - 0x00007ff804685000 	C:\WINDOWS\system32\rsaenh.dll
0x00007ff804c70000 - 0x00007ff804c98000 	C:\WINDOWS\SYSTEM32\USERENV.dll
0x00007ff804df0000 - 0x00007ff804dfc000 	C:\WINDOWS\SYSTEM32\CRYPTBASE.dll
0x00007ff804190000 - 0x00007ff8041bd000 	C:\WINDOWS\SYSTEM32\IPHLPAPI.DLL
0x00007ff806a10000 - 0x00007ff806a19000 	C:\WINDOWS\System32\NSI.dll
0x00007ff8005e0000 - 0x00007ff8005f9000 	C:\WINDOWS\SYSTEM32\dhcpcsvc6.DLL
0x00007ff800520000 - 0x00007ff80053f000 	C:\WINDOWS\SYSTEM32\dhcpcsvc.DLL
0x00007ff8041c0000 - 0x00007ff8042b8000 	C:\WINDOWS\SYSTEM32\DNSAPI.dll
0x00007fffbc470000 - 0x00007fffbc4b5000 	C:\Users\Tassandro\AppData\Local\Temp\jna--1879390009\jna12078483670809716516.dll
0x00007ff8068e0000 - 0x00007ff8068e8000 	C:\WINDOWS\System32\PSAPI.DLL
0x00007fff8dae0000 - 0x00007fff8db07000 	C:\Users\Tassandro\.gradle\native\c067742578af261105cb4f569cf0c3c89f3d7b1fecec35dd04571415982c5e48\windows-amd64\native-platform.dll
0x00007fffbf3a0000 - 0x00007fffbf3a9000 	C:\Users\Tassandro\.vscode\extensions\redhat.java-1.33.0-win32-x64\jre\17.0.11-win32-x86_64\bin\management.dll
0x00007fffbf0f0000 - 0x00007fffbf0fb000 	C:\Users\Tassandro\.vscode\extensions\redhat.java-1.33.0-win32-x64\jre\17.0.11-win32-x86_64\bin\management_ext.dll
0x00007fffbc240000 - 0x00007fffbc249000 	C:\Users\Tassandro\.vscode\extensions\redhat.java-1.33.0-win32-x64\jre\17.0.11-win32-x86_64\bin\extnet.dll
0x00007fffbe550000 - 0x00007fffbe55e000 	C:\Users\Tassandro\.vscode\extensions\redhat.java-1.33.0-win32-x64\jre\17.0.11-win32-x86_64\bin\sunmscapi.dll
0x00007ff8056f0000 - 0x00007ff805857000 	C:\WINDOWS\System32\CRYPT32.dll
0x00007ff804f90000 - 0x00007ff804fbe000 	C:\WINDOWS\SYSTEM32\ncrypt.dll
0x00007ff804f50000 - 0x00007ff804f87000 	C:\WINDOWS\SYSTEM32\NTASN1.dll
0x00007ffff7f80000 - 0x00007ffff7f88000 	C:\WINDOWS\system32\wshunix.dll

dbghelp: loaded successfully - version: 4.0.5 - missing functions: none
symbol engine: initialized successfully - sym options: 0x614 - pdb path: .;c:\Users\Tassandro\.vscode\extensions\redhat.java-1.33.0-win32-x64\jre\17.0.11-win32-x86_64\bin;C:\WINDOWS\SYSTEM32;C:\Program Files\Avast Software\Avast;C:\WINDOWS\WinSxS\amd64_microsoft.windows.common-controls_6595b64144ccf1df_6.0.22621.3672_none_2713b9d173822955;C:\Program Files\Topaz OFD\Warsaw;c:\Users\Tassandro\.vscode\extensions\redhat.java-1.33.0-win32-x64\jre\17.0.11-win32-x86_64\bin\server;C:\Users\Tassandro\AppData\Roaming\Code\User\globalStorage\redhat.java\1.33.0\config_win\org.eclipse.equinox.launcher\org.eclipse.equinox.launcher.win32.win32.x86_64_1.2.1100.v20240722-2106;C:\Users\Tassandro\AppData\Local\Temp\jna--1879390009;C:\Users\Tassandro\.gradle\native\c067742578af261105cb4f569cf0c3c89f3d7b1fecec35dd04571415982c5e48\windows-amd64

VM Arguments:
jvm_args: --add-modules=ALL-SYSTEM --add-opens=java.base/java.util=ALL-UNNAMED --add-opens=java.base/java.lang=ALL-UNNAMED --add-opens=java.base/sun.nio.fs=ALL-UNNAMED -Declipse.application=org.eclipse.jdt.ls.core.id1 -Dosgi.bundles.defaultStartLevel=4 -Declipse.product=org.eclipse.jdt.ls.core.product -Djava.import.generatesMetadataFilesAtProjectRoot=false -DDetectVMInstallationsJob.disabled=true -Dfile.encoding=utf8 -XX:+UseParallelGC -XX:GCTimeRatio=4 -XX:AdaptiveSizePolicyWeight=90 -Dsun.zip.disableMemoryMapping=true -Xmx1G -Xms100m -Xlog:disable -javaagent:c:\Users\Tassandro\.vscode\extensions\redhat.java-1.33.0-win32-x64\lombok\lombok-1.18.33.jar -XX:+HeapDumpOnOutOfMemoryError -XX:HeapDumpPath=c:\Users\Tassandro\AppData\Roaming\Code\User\workspaceStorage\dba2eb551ce987f1c3fd3a22b7243941\redhat.java -Daether.dependencyCollector.impl=bf 
java_command: c:\Users\Tassandro\.vscode\extensions\redhat.java-1.33.0-win32-x64\server\plugins\org.eclipse.equinox.launcher_1.6.900.v20240613-2009.jar -configuration c:\Users\Tassandro\AppData\Roaming\Code\User\globalStorage\redhat.java\1.33.0\config_win -data c:\Users\Tassandro\AppData\Roaming\Code\User\workspaceStorage\dba2eb551ce987f1c3fd3a22b7243941\redhat.java\jdt_ws --pipe=\\.\pipe\lsp-41a7839d816d97d0d2de9a32e0669727-sock
java_class_path (initial): c:\Users\Tassandro\.vscode\extensions\redhat.java-1.33.0-win32-x64\server\plugins\org.eclipse.equinox.launcher_1.6.900.v20240613-2009.jar
Launcher Type: SUN_STANDARD

[Global flags]
    uintx AdaptiveSizePolicyWeight                 = 90                                        {product} {command line}
     intx CICompilerCount                          = 12                                        {product} {ergonomic}
    uintx GCTimeRatio                              = 4                                         {product} {command line}
     bool HeapDumpOnOutOfMemoryError               = true                                   {manageable} {command line}
    ccstr HeapDumpPath                             = c:\Users\Tassandro\AppData\Roaming\Code\User\workspaceStorage\dba2eb551ce987f1c3fd3a22b7243941\redhat.java         {manageable} {command line}
   size_t InitialHeapSize                          = 104857600                                 {product} {command line}
   size_t MaxHeapSize                              = 1073741824                                {product} {command line}
   size_t MaxNewSize                               = 357564416                                 {product} {ergonomic}
   size_t MinHeapDeltaBytes                        = 524288                                    {product} {ergonomic}
   size_t MinHeapSize                              = 104857600                                 {product} {command line}
   size_t NewSize                                  = 34603008                                  {product} {ergonomic}
    uintx NonNMethodCodeHeapSize                   = 7602480                                {pd product} {ergonomic}
    uintx NonProfiledCodeHeapSize                  = 122027880                              {pd product} {ergonomic}
   size_t OldSize                                  = 70254592                                  {product} {ergonomic}
    uintx ProfiledCodeHeapSize                     = 122027880                              {pd product} {ergonomic}
    uintx ReservedCodeCacheSize                    = 251658240                              {pd product} {ergonomic}
     bool SegmentedCodeCache                       = true                                      {product} {ergonomic}
   size_t SoftMaxHeapSize                          = 1073741824                             {manageable} {ergonomic}
     bool UseCompressedClassPointers               = true                           {product lp64_product} {ergonomic}
     bool UseCompressedOops                        = true                           {product lp64_product} {ergonomic}
     bool UseLargePagesIndividualAllocation        = false                                  {pd product} {ergonomic}
     bool UseParallelGC                            = true                                      {product} {command line}

Logging:
Log output configuration:
 #0: stdout all=off uptime,level,tags
 #1: stderr all=off uptime,level,tags

Environment Variables:
JAVA_HOME=C:\Program Files\Java\jdk-22
PATH=C:\Users\Tassandro\Desktop\Gradle\gradle-8.10-bin\gradle-8.10\bin
USERNAME=Tassandro
OS=Windows_NT
PROCESSOR_IDENTIFIER=AMD64 Family 23 Model 104 Stepping 1, AuthenticAMD
TMP=C:\Users\TASSAN~1\AppData\Local\Temp
TEMP=C:\Users\TASSAN~1\AppData\Local\Temp



Periodic native trim disabled


---------------  S Y S T E M  ---------------

OS:
 Windows 11 , 64 bit Build 22621 (10.0.22621.3958)
OS uptime: 2 days 15:09 hours
Hyper-V role detected

CPU: total 16 (initial active 16) (16 cores per cpu, 2 threads per core) family 23 model 104 stepping 1 microcode 0x0, cx8, cmov, fxsr, ht, mmx, 3dnowpref, sse, sse2, sse3, ssse3, sse4a, sse4.1, sse4.2, popcnt, lzcnt, tsc, tscinvbit, avx, avx2, aes, clmul, bmi1, bmi2, adx, sha, fma, vzeroupper, clflush, clflushopt, hv
Processor Information for all 16 processors :
  Max Mhz: 1801, Current Mhz: 1801, Mhz Limit: 1801

Memory: 4k page, system-wide physical 5989M (243M free)
TotalPageFile size 24421M (AvailPageFile size 59M)
current process WorkingSet (physical memory assigned to process): 362M, peak: 484M
current process commit charge ("private bytes"): 607M, peak: 1033M

vm_info: OpenJDK 64-Bit Server VM (17.0.11+9) for windows-amd64 JRE (17.0.11+9), built on Apr 17 2024 06:07:48 by "admin" with MS VC++ 16.10 / 16.11 (VS2019)

END.
