#
# There is insufficient memory for the Java Runtime Environment to continue.
# Native memory allocation (malloc) failed to allocate 400816 bytes. Error detail: Chunk::new
# Possible reasons:
#   The system is out of physical RAM or swap space
#   This process is running with CompressedOops enabled, and the Java Heap may be blocking the growth of the native heap
# Possible solutions:
#   Reduce memory load on the system
#   Increase physical memory or swap space
#   Check if swap backing store is full
#   Decrease Java heap size (-Xmx/-Xms)
#   Decrease number of Java threads
#   Decrease Java thread stack sizes (-Xss)
#   Set larger code cache with -XX:ReservedCodeCacheSize=
#   JVM is running with Unscaled Compressed Oops mode in which the Java heap is
#     placed in the first 4GB address space. The Java Heap base address is the
#     maximum limit for the native heap growth. Please use -XX:HeapBaseMinAddress
#     to set the Java Heap base and to place the Java Heap above 4GB virtual address.
# This output file may be truncated or incomplete.
#
#  Out of Memory Error (arena.cpp:150), pid=72632, tid=67420
#
# JRE version: Java(TM) SE Runtime Environment (22.0.2+9) (build 22.0.2+9-70)
# Java VM: Java HotSpot(TM) 64-Bit Server VM (22.0.2+9-70, mixed mode, sharing, tiered, compressed oops, compressed class ptrs, g1 gc, windows-amd64)
# No core dump will be written. Minidumps are not enabled by default on client versions of Windows
#

---------------  S U M M A R Y ------------

Command Line: -Dorg.gradle.internal.worker.tmpdir=C:\Users\Tassandro\literar.io\api\build\tmp\test\work -Xmx512m -Dfile.encoding=UTF-8 -Duser.country=BR -Duser.language=pt -Duser.variant -ea worker.org.gradle.process.internal.worker.GradleWorkerMain 'Gradle Test Executor 4'

Host: AMD Ryzen 7 5700U with Radeon Graphics         , 16 cores, 5G,  Windows 11 , 64 bit Build 22621 (10.0.22621.3958)
Time: Mon Aug 26 13:10:41 2024 Hora oficial do Brasil elapsed time: 1.677265 seconds (0d 0h 0m 1s)

---------------  T H R E A D  ---------------

Current thread (0x0000020e77580640):  JavaThread "C2 CompilerThread0" daemon [_thread_in_native, id=67420, stack(0x00000029abd00000,0x00000029abe00000) (1024K)]


Current CompileTask:
C2:1677 1758       4       jdk.internal.loader.URLClassPath::getResource (74 bytes)

Stack: [0x00000029abd00000,0x00000029abe00000]
Native frames: (J=compiled Java code, j=interpreted, Vv=VM code, C=native code)
V  [jvm.dll+0x6e26e9]  (no source info available)
V  [jvm.dll+0x875753]  (no source info available)
V  [jvm.dll+0x877b7e]  (no source info available)
V  [jvm.dll+0x878253]  (no source info available)
V  [jvm.dll+0x27fc86]  (no source info available)
V  [jvm.dll+0xc3d0f]  (no source info available)
V  [jvm.dll+0xc3f6b]  (no source info available)
V  [jvm.dll+0x3bb442]  (no source info available)
V  [jvm.dll+0x387d4b]  (no source info available)
V  [jvm.dll+0x3871ba]  (no source info available)
V  [jvm.dll+0x2477f8]  (no source info available)
V  [jvm.dll+0x246e9f]  (no source info available)
V  [jvm.dll+0x1c4e80]  (no source info available)
V  [jvm.dll+0x2568f3]  (no source info available)
V  [jvm.dll+0x254baa]  (no source info available)
V  [jvm.dll+0x3f57a6]  (no source info available)
V  [jvm.dll+0x81dc0b]  (no source info available)
V  [jvm.dll+0x6e0d85]  (no source info available)
C  [ucrtbase.dll+0x29333]  (no source info available)
C  [KERNEL32.DLL+0x1257d]  (no source info available)
C  [ntdll.dll+0x5af28]  (no source info available)


---------------  P R O C E S S  ---------------

Threads class SMR info:
_java_thread_list=0x0000020ebd7f0f20, length=16, elements={
0x0000020e5bf2d5e0, 0x0000020e77572ac0, 0x0000020e775737d0, 0x0000020e77577040,
0x0000020e77577aa0, 0x0000020e7757a6c0, 0x0000020e7757d3d0, 0x0000020e77580640,
0x0000020e775812a0, 0x0000020e778b8040, 0x0000020e77922a10, 0x0000020e77929e80,
0x0000020ebd67e4b0, 0x0000020ebd7e53f0, 0x0000020ebd8246c0, 0x0000020ebd7f1f10
}

Java Threads: ( => current thread )
  0x0000020e5bf2d5e0 JavaThread "Test worker"                       [_thread_in_native, id=68428, stack(0x00000029aaf00000,0x00000029ab000000) (1024K)]
  0x0000020e77572ac0 JavaThread "Reference Handler"          daemon [_thread_blocked, id=68020, stack(0x00000029ab700000,0x00000029ab800000) (1024K)]
  0x0000020e775737d0 JavaThread "Finalizer"                  daemon [_thread_blocked, id=34588, stack(0x00000029ab800000,0x00000029ab900000) (1024K)]
  0x0000020e77577040 JavaThread "Signal Dispatcher"          daemon [_thread_blocked, id=54028, stack(0x00000029ab900000,0x00000029aba00000) (1024K)]
  0x0000020e77577aa0 JavaThread "Attach Listener"            daemon [_thread_blocked, id=43728, stack(0x00000029aba00000,0x00000029abb00000) (1024K)]
  0x0000020e7757a6c0 JavaThread "Service Thread"             daemon [_thread_blocked, id=35276, stack(0x00000029abb00000,0x00000029abc00000) (1024K)]
  0x0000020e7757d3d0 JavaThread "Monitor Deflation Thread"   daemon [_thread_blocked, id=71480, stack(0x00000029abc00000,0x00000029abd00000) (1024K)]
=>0x0000020e77580640 JavaThread "C2 CompilerThread0"         daemon [_thread_in_native, id=67420, stack(0x00000029abd00000,0x00000029abe00000) (1024K)]
  0x0000020e775812a0 JavaThread "C1 CompilerThread0"         daemon [_thread_blocked, id=71316, stack(0x00000029abe00000,0x00000029abf00000) (1024K)]
  0x0000020e778b8040 JavaThread "C1 CompilerThread1"         daemon [_thread_blocked, id=72444, stack(0x00000029abf00000,0x00000029ac000000) (1024K)]
  0x0000020e77922a10 JavaThread "Notification Thread"        daemon [_thread_blocked, id=51480, stack(0x00000029ac000000,0x00000029ac100000) (1024K)]
  0x0000020e77929e80 JavaThread "Common-Cleaner"             daemon [_thread_blocked, id=68552, stack(0x00000029ac100000,0x00000029ac200000) (1024K)]
  0x0000020ebd67e4b0 JavaThread "C1 CompilerThread2"         daemon [_thread_blocked, id=66148, stack(0x00000029ac200000,0x00000029ac300000) (1024K)]
  0x0000020ebd7e53f0 JavaThread "/127.0.0.1:54549 to /127.0.0.1:54548 workers"        [_thread_blocked, id=68632, stack(0x00000029ac400000,0x00000029ac500000) (1024K)]
  0x0000020ebd8246c0 JavaThread "/127.0.0.1:54549 to /127.0.0.1:54548 workers Thread 2"        [_thread_blocked, id=10244, stack(0x00000029ac500000,0x00000029ac600000) (1024K)]
  0x0000020ebd7f1f10 JavaThread "/127.0.0.1:54549 to /127.0.0.1:54548 workers Thread 3"        [_thread_in_native, id=72620, stack(0x00000029ac600000,0x00000029ac700000) (1024K)]
Total: 16

Other Threads:
  0x0000020e77552460 VMThread "VM Thread"                           [id=21076, stack(0x00000029ab600000,0x00000029ab700000) (1024K)]
  0x0000020e7753cba0 WatcherThread "VM Periodic Task Thread"        [id=64564, stack(0x00000029ab500000,0x00000029ab600000) (1024K)]
  0x0000020e5bf56490 WorkerThread "GC Thread#0"                     [id=71112, stack(0x00000029ab000000,0x00000029ab100000) (1024K)]
  0x0000020ebddc9a10 WorkerThread "GC Thread#1"                     [id=66760, stack(0x00000029ac700000,0x00000029ac800000) (1024K)]
  0x0000020ebddc9dc0 WorkerThread "GC Thread#2"                     [id=70628, stack(0x00000029ac800000,0x00000029ac900000) (1024K)]
  0x0000020ebddca170 WorkerThread "GC Thread#3"                     [id=70940, stack(0x00000029ac900000,0x00000029aca00000) (1024K)]
  0x0000020ebddca520 WorkerThread "GC Thread#4"                     [id=11176, stack(0x00000029aca00000,0x00000029acb00000) (1024K)]
  0x0000020ebdc721c0 WorkerThread "GC Thread#5"                     [id=22808, stack(0x00000029acb00000,0x00000029acc00000) (1024K)]
  0x0000020ebdc72780 WorkerThread "GC Thread#6"                     [id=72208, stack(0x00000029acc00000,0x00000029acd00000) (1024K)]
  0x0000020ebdbe47f0 WorkerThread "GC Thread#7"                     [id=67684, stack(0x00000029acd00000,0x00000029ace00000) (1024K)]
  0x0000020ebdbeed50 WorkerThread "GC Thread#8"                     [id=64088, stack(0x00000029ace00000,0x00000029acf00000) (1024K)]
  0x0000020ebd8eb610 WorkerThread "GC Thread#9"                     [id=60572, stack(0x00000029acf00000,0x00000029ad000000) (1024K)]
  0x0000020e5bf5b390 ConcurrentGCThread "G1 Main Marker"            [id=70276, stack(0x00000029ab100000,0x00000029ab200000) (1024K)]
  0x0000020e5bf5df70 WorkerThread "G1 Conc#0"                       [id=71692, stack(0x00000029ab200000,0x00000029ab300000) (1024K)]
  0x0000020e7740eef0 ConcurrentGCThread "G1 Refine#0"               [id=67184, stack(0x00000029ab300000,0x00000029ab400000) (1024K)]
  0x0000020e7740f880 ConcurrentGCThread "G1 Service"                [id=70052, stack(0x00000029ab400000,0x00000029ab500000) (1024K)]
Total: 16

Threads with active compile tasks:
C2 CompilerThread0  2036 1758       4       jdk.internal.loader.URLClassPath::getResource (74 bytes)
Total: 1

VM state: not at safepoint (normal execution)

VM Mutex/Monitor currently owned by a thread: None

Heap address: 0x00000000e0000000, size: 512 MB, Compressed Oops mode: 32-bit

CDS archive(s) mapped at: [0x0000020e78000000-0x0000020e78c60000-0x0000020e78c60000), size 12976128, SharedBaseAddress: 0x0000020e78000000, ArchiveRelocationMode: 1.
Compressed class space mapped at: 0x0000020e79000000-0x0000020eb9000000, reserved size: 1073741824
Narrow klass base: 0x0000020e78000000, Narrow klass shift: 0, Narrow klass range: 0x41000000

GC Precious Log:
 CardTable entry size: 512
 Card Set container configuration: InlinePtr #cards 5 size 8 Array Of Cards #cards 12 size 40 Howl #buckets 4 coarsen threshold 1843 Howl Bitmap #cards 512 size 80 coarsen threshold 460 Card regions per heap region 1 cards per card region 2048
 CPUs: 16 total, 16 available
 Memory: 5989M
 Large Page Support: Disabled
 NUMA Support: Disabled
 Compressed Oops: Enabled (32-bit)
 Heap Region Size: 1M
 Heap Min Capacity: 8M
 Heap Initial Capacity: 94M
 Heap Max Capacity: 512M
 Pre-touch: Disabled
 Parallel Workers: 13
 Concurrent Workers: 3
 Concurrent Refinement Workers: 13
 Periodic GC: Disabled

Heap:
 garbage-first heap   total reserved 524288K, committed 96256K, used 25490K [0x00000000e0000000, 0x0000000100000000)
  region size 1024K, 20 young (20480K), 3 survivors (3072K)
 Metaspace       used 10288K, committed 10560K, reserved 1114112K
  class space    used 1381K, committed 1536K, reserved 1048576K

Heap Regions: E=young(eden), S=young(survivor), O=old, HS=humongous(starts), HC=humongous(continues), CS=collection set, F=free, TAMS=top-at-mark-start, PB=parsable bottom
|   0|0x00000000e0000000, 0x00000000e0100000, 0x00000000e0100000|100%|HS|  |TAMS 0x00000000e0000000| PB 0x00000000e0000000| Complete |  0
|   1|0x00000000e0100000, 0x00000000e0200000, 0x00000000e0200000|100%| O|  |TAMS 0x00000000e0100000| PB 0x00000000e0100000| Untracked |  0
|   2|0x00000000e0200000, 0x00000000e0300000, 0x00000000e0300000|100%| O|  |TAMS 0x00000000e0200000| PB 0x00000000e0200000| Untracked |  0
|   3|0x00000000e0300000, 0x00000000e0400000, 0x00000000e0400000|100%| O|  |TAMS 0x00000000e0300000| PB 0x00000000e0300000| Untracked |  0
|   4|0x00000000e0400000, 0x00000000e0500000, 0x00000000e0500000|100%| O|  |TAMS 0x00000000e0400000| PB 0x00000000e0400000| Untracked |  0
|   5|0x00000000e0500000, 0x00000000e05e4810, 0x00000000e0600000| 89%| O|  |TAMS 0x00000000e0500000| PB 0x00000000e0500000| Untracked |  0
|   6|0x00000000e0600000, 0x00000000e0600000, 0x00000000e0700000|  0%| F|  |TAMS 0x00000000e0600000| PB 0x00000000e0600000| Untracked |  0
|   7|0x00000000e0700000, 0x00000000e0700000, 0x00000000e0800000|  0%| F|  |TAMS 0x00000000e0700000| PB 0x00000000e0700000| Untracked |  0
|   8|0x00000000e0800000, 0x00000000e0800000, 0x00000000e0900000|  0%| F|  |TAMS 0x00000000e0800000| PB 0x00000000e0800000| Untracked |  0
|   9|0x00000000e0900000, 0x00000000e0900000, 0x00000000e0a00000|  0%| F|  |TAMS 0x00000000e0900000| PB 0x00000000e0900000| Untracked |  0
|  10|0x00000000e0a00000, 0x00000000e0a00000, 0x00000000e0b00000|  0%| F|  |TAMS 0x00000000e0a00000| PB 0x00000000e0a00000| Untracked |  0
|  11|0x00000000e0b00000, 0x00000000e0b00000, 0x00000000e0c00000|  0%| F|  |TAMS 0x00000000e0b00000| PB 0x00000000e0b00000| Untracked |  0
|  12|0x00000000e0c00000, 0x00000000e0c00000, 0x00000000e0d00000|  0%| F|  |TAMS 0x00000000e0c00000| PB 0x00000000e0c00000| Untracked |  0
|  13|0x00000000e0d00000, 0x00000000e0d00000, 0x00000000e0e00000|  0%| F|  |TAMS 0x00000000e0d00000| PB 0x00000000e0d00000| Untracked |  0
|  14|0x00000000e0e00000, 0x00000000e0e00000, 0x00000000e0f00000|  0%| F|  |TAMS 0x00000000e0e00000| PB 0x00000000e0e00000| Untracked |  0
|  15|0x00000000e0f00000, 0x00000000e0f00000, 0x00000000e1000000|  0%| F|  |TAMS 0x00000000e0f00000| PB 0x00000000e0f00000| Untracked |  0
|  16|0x00000000e1000000, 0x00000000e1000000, 0x00000000e1100000|  0%| F|  |TAMS 0x00000000e1000000| PB 0x00000000e1000000| Untracked |  0
|  17|0x00000000e1100000, 0x00000000e1100000, 0x00000000e1200000|  0%| F|  |TAMS 0x00000000e1100000| PB 0x00000000e1100000| Untracked |  0
|  18|0x00000000e1200000, 0x00000000e1200000, 0x00000000e1300000|  0%| F|  |TAMS 0x00000000e1200000| PB 0x00000000e1200000| Untracked |  0
|  19|0x00000000e1300000, 0x00000000e1300000, 0x00000000e1400000|  0%| F|  |TAMS 0x00000000e1300000| PB 0x00000000e1300000| Untracked |  0
|  20|0x00000000e1400000, 0x00000000e1400000, 0x00000000e1500000|  0%| F|  |TAMS 0x00000000e1400000| PB 0x00000000e1400000| Untracked |  0
|  21|0x00000000e1500000, 0x00000000e1500000, 0x00000000e1600000|  0%| F|  |TAMS 0x00000000e1500000| PB 0x00000000e1500000| Untracked |  0
|  22|0x00000000e1600000, 0x00000000e1600000, 0x00000000e1700000|  0%| F|  |TAMS 0x00000000e1600000| PB 0x00000000e1600000| Untracked |  0
|  23|0x00000000e1700000, 0x00000000e1700000, 0x00000000e1800000|  0%| F|  |TAMS 0x00000000e1700000| PB 0x00000000e1700000| Untracked |  0
|  24|0x00000000e1800000, 0x00000000e1800000, 0x00000000e1900000|  0%| F|  |TAMS 0x00000000e1800000| PB 0x00000000e1800000| Untracked |  0
|  25|0x00000000e1900000, 0x00000000e1900000, 0x00000000e1a00000|  0%| F|  |TAMS 0x00000000e1900000| PB 0x00000000e1900000| Untracked |  0
|  26|0x00000000e1a00000, 0x00000000e1a00000, 0x00000000e1b00000|  0%| F|  |TAMS 0x00000000e1a00000| PB 0x00000000e1a00000| Untracked |  0
|  27|0x00000000e1b00000, 0x00000000e1b00000, 0x00000000e1c00000|  0%| F|  |TAMS 0x00000000e1b00000| PB 0x00000000e1b00000| Untracked |  0
|  28|0x00000000e1c00000, 0x00000000e1c00000, 0x00000000e1d00000|  0%| F|  |TAMS 0x00000000e1c00000| PB 0x00000000e1c00000| Untracked |  0
|  29|0x00000000e1d00000, 0x00000000e1d00000, 0x00000000e1e00000|  0%| F|  |TAMS 0x00000000e1d00000| PB 0x00000000e1d00000| Untracked |  0
|  30|0x00000000e1e00000, 0x00000000e1e00000, 0x00000000e1f00000|  0%| F|  |TAMS 0x00000000e1e00000| PB 0x00000000e1e00000| Untracked |  0
|  31|0x00000000e1f00000, 0x00000000e1f00000, 0x00000000e2000000|  0%| F|  |TAMS 0x00000000e1f00000| PB 0x00000000e1f00000| Untracked |  0
|  32|0x00000000e2000000, 0x00000000e2000000, 0x00000000e2100000|  0%| F|  |TAMS 0x00000000e2000000| PB 0x00000000e2000000| Untracked |  0
|  33|0x00000000e2100000, 0x00000000e2100000, 0x00000000e2200000|  0%| F|  |TAMS 0x00000000e2100000| PB 0x00000000e2100000| Untracked |  0
|  34|0x00000000e2200000, 0x00000000e2200000, 0x00000000e2300000|  0%| F|  |TAMS 0x00000000e2200000| PB 0x00000000e2200000| Untracked |  0
|  35|0x00000000e2300000, 0x00000000e2300000, 0x00000000e2400000|  0%| F|  |TAMS 0x00000000e2300000| PB 0x00000000e2300000| Untracked |  0
|  36|0x00000000e2400000, 0x00000000e2400000, 0x00000000e2500000|  0%| F|  |TAMS 0x00000000e2400000| PB 0x00000000e2400000| Untracked |  0
|  37|0x00000000e2500000, 0x00000000e2500000, 0x00000000e2600000|  0%| F|  |TAMS 0x00000000e2500000| PB 0x00000000e2500000| Untracked |  0
|  38|0x00000000e2600000, 0x00000000e2600000, 0x00000000e2700000|  0%| F|  |TAMS 0x00000000e2600000| PB 0x00000000e2600000| Untracked |  0
|  39|0x00000000e2700000, 0x00000000e2700000, 0x00000000e2800000|  0%| F|  |TAMS 0x00000000e2700000| PB 0x00000000e2700000| Untracked |  0
|  40|0x00000000e2800000, 0x00000000e2800000, 0x00000000e2900000|  0%| F|  |TAMS 0x00000000e2800000| PB 0x00000000e2800000| Untracked |  0
|  41|0x00000000e2900000, 0x00000000e2900000, 0x00000000e2a00000|  0%| F|  |TAMS 0x00000000e2900000| PB 0x00000000e2900000| Untracked |  0
|  42|0x00000000e2a00000, 0x00000000e2a00000, 0x00000000e2b00000|  0%| F|  |TAMS 0x00000000e2a00000| PB 0x00000000e2a00000| Untracked |  0
|  43|0x00000000e2b00000, 0x00000000e2b00000, 0x00000000e2c00000|  0%| F|  |TAMS 0x00000000e2b00000| PB 0x00000000e2b00000| Untracked |  0
|  44|0x00000000e2c00000, 0x00000000e2c00000, 0x00000000e2d00000|  0%| F|  |TAMS 0x00000000e2c00000| PB 0x00000000e2c00000| Untracked |  0
|  45|0x00000000e2d00000, 0x00000000e2d00000, 0x00000000e2e00000|  0%| F|  |TAMS 0x00000000e2d00000| PB 0x00000000e2d00000| Untracked |  0
|  46|0x00000000e2e00000, 0x00000000e2e00000, 0x00000000e2f00000|  0%| F|  |TAMS 0x00000000e2e00000| PB 0x00000000e2e00000| Untracked |  0
|  47|0x00000000e2f00000, 0x00000000e2f00000, 0x00000000e3000000|  0%| F|  |TAMS 0x00000000e2f00000| PB 0x00000000e2f00000| Untracked |  0
|  48|0x00000000e3000000, 0x00000000e3000000, 0x00000000e3100000|  0%| F|  |TAMS 0x00000000e3000000| PB 0x00000000e3000000| Untracked |  0
|  49|0x00000000e3100000, 0x00000000e3100000, 0x00000000e3200000|  0%| F|  |TAMS 0x00000000e3100000| PB 0x00000000e3100000| Untracked |  0
|  50|0x00000000e3200000, 0x00000000e3200000, 0x00000000e3300000|  0%| F|  |TAMS 0x00000000e3200000| PB 0x00000000e3200000| Untracked |  0
|  51|0x00000000e3300000, 0x00000000e3300000, 0x00000000e3400000|  0%| F|  |TAMS 0x00000000e3300000| PB 0x00000000e3300000| Untracked |  0
|  52|0x00000000e3400000, 0x00000000e3400000, 0x00000000e3500000|  0%| F|  |TAMS 0x00000000e3400000| PB 0x00000000e3400000| Untracked |  0
|  53|0x00000000e3500000, 0x00000000e3500000, 0x00000000e3600000|  0%| F|  |TAMS 0x00000000e3500000| PB 0x00000000e3500000| Untracked |  0
|  54|0x00000000e3600000, 0x00000000e3600000, 0x00000000e3700000|  0%| F|  |TAMS 0x00000000e3600000| PB 0x00000000e3600000| Untracked |  0
|  55|0x00000000e3700000, 0x00000000e3700000, 0x00000000e3800000|  0%| F|  |TAMS 0x00000000e3700000| PB 0x00000000e3700000| Untracked |  0
|  56|0x00000000e3800000, 0x00000000e3800000, 0x00000000e3900000|  0%| F|  |TAMS 0x00000000e3800000| PB 0x00000000e3800000| Untracked |  0
|  57|0x00000000e3900000, 0x00000000e3900000, 0x00000000e3a00000|  0%| F|  |TAMS 0x00000000e3900000| PB 0x00000000e3900000| Untracked |  0
|  58|0x00000000e3a00000, 0x00000000e3a00000, 0x00000000e3b00000|  0%| F|  |TAMS 0x00000000e3a00000| PB 0x00000000e3a00000| Untracked |  0
|  59|0x00000000e3b00000, 0x00000000e3b00000, 0x00000000e3c00000|  0%| F|  |TAMS 0x00000000e3b00000| PB 0x00000000e3b00000| Untracked |  0
|  60|0x00000000e3c00000, 0x00000000e3c00000, 0x00000000e3d00000|  0%| F|  |TAMS 0x00000000e3c00000| PB 0x00000000e3c00000| Untracked |  0
|  61|0x00000000e3d00000, 0x00000000e3d00000, 0x00000000e3e00000|  0%| F|  |TAMS 0x00000000e3d00000| PB 0x00000000e3d00000| Untracked |  0
|  62|0x00000000e3e00000, 0x00000000e3e00000, 0x00000000e3f00000|  0%| F|  |TAMS 0x00000000e3e00000| PB 0x00000000e3e00000| Untracked |  0
|  63|0x00000000e3f00000, 0x00000000e3f00000, 0x00000000e4000000|  0%| F|  |TAMS 0x00000000e3f00000| PB 0x00000000e3f00000| Untracked |  0
|  64|0x00000000e4000000, 0x00000000e4000000, 0x00000000e4100000|  0%| F|  |TAMS 0x00000000e4000000| PB 0x00000000e4000000| Untracked |  0
|  65|0x00000000e4100000, 0x00000000e4100000, 0x00000000e4200000|  0%| F|  |TAMS 0x00000000e4100000| PB 0x00000000e4100000| Untracked |  0
|  66|0x00000000e4200000, 0x00000000e4200000, 0x00000000e4300000|  0%| F|  |TAMS 0x00000000e4200000| PB 0x00000000e4200000| Untracked |  0
|  67|0x00000000e4300000, 0x00000000e4400000, 0x00000000e4400000|100%| S|CS|TAMS 0x00000000e4300000| PB 0x00000000e4300000| Complete |  0
|  68|0x00000000e4400000, 0x00000000e4500000, 0x00000000e4500000|100%| S|CS|TAMS 0x00000000e4400000| PB 0x00000000e4400000| Complete |  0
|  69|0x00000000e4500000, 0x00000000e4600000, 0x00000000e4600000|100%| S|CS|TAMS 0x00000000e4500000| PB 0x00000000e4500000| Complete |  0
|  70|0x00000000e4600000, 0x00000000e4600000, 0x00000000e4700000|  0%| F|  |TAMS 0x00000000e4600000| PB 0x00000000e4600000| Untracked |  0
|  71|0x00000000e4700000, 0x00000000e4700000, 0x00000000e4800000|  0%| F|  |TAMS 0x00000000e4700000| PB 0x00000000e4700000| Untracked |  0
|  72|0x00000000e4800000, 0x00000000e4800000, 0x00000000e4900000|  0%| F|  |TAMS 0x00000000e4800000| PB 0x00000000e4800000| Untracked |  0
|  73|0x00000000e4900000, 0x00000000e4900000, 0x00000000e4a00000|  0%| F|  |TAMS 0x00000000e4900000| PB 0x00000000e4900000| Untracked |  0
|  74|0x00000000e4a00000, 0x00000000e4a00000, 0x00000000e4b00000|  0%| F|  |TAMS 0x00000000e4a00000| PB 0x00000000e4a00000| Untracked |  0
|  75|0x00000000e4b00000, 0x00000000e4b00000, 0x00000000e4c00000|  0%| F|  |TAMS 0x00000000e4b00000| PB 0x00000000e4b00000| Untracked |  0
|  76|0x00000000e4c00000, 0x00000000e4c00000, 0x00000000e4d00000|  0%| F|  |TAMS 0x00000000e4c00000| PB 0x00000000e4c00000| Untracked |  0
|  77|0x00000000e4d00000, 0x00000000e4e00000, 0x00000000e4e00000|100%| E|  |TAMS 0x00000000e4d00000| PB 0x00000000e4d00000| Complete |  0
|  78|0x00000000e4e00000, 0x00000000e4f00000, 0x00000000e4f00000|100%| E|CS|TAMS 0x00000000e4e00000| PB 0x00000000e4e00000| Complete |  0
|  79|0x00000000e4f00000, 0x00000000e5000000, 0x00000000e5000000|100%| E|CS|TAMS 0x00000000e4f00000| PB 0x00000000e4f00000| Complete |  0
|  80|0x00000000e5000000, 0x00000000e5100000, 0x00000000e5100000|100%| E|CS|TAMS 0x00000000e5000000| PB 0x00000000e5000000| Complete |  0
|  81|0x00000000e5100000, 0x00000000e5200000, 0x00000000e5200000|100%| E|CS|TAMS 0x00000000e5100000| PB 0x00000000e5100000| Complete |  0
|  82|0x00000000e5200000, 0x00000000e5300000, 0x00000000e5300000|100%| E|CS|TAMS 0x00000000e5200000| PB 0x00000000e5200000| Complete |  0
|  83|0x00000000e5300000, 0x00000000e5400000, 0x00000000e5400000|100%| E|CS|TAMS 0x00000000e5300000| PB 0x00000000e5300000| Complete |  0
|  84|0x00000000e5400000, 0x00000000e5500000, 0x00000000e5500000|100%| E|CS|TAMS 0x00000000e5400000| PB 0x00000000e5400000| Complete |  0
|  85|0x00000000e5500000, 0x00000000e5600000, 0x00000000e5600000|100%| E|CS|TAMS 0x00000000e5500000| PB 0x00000000e5500000| Complete |  0
|  86|0x00000000e5600000, 0x00000000e5700000, 0x00000000e5700000|100%| E|CS|TAMS 0x00000000e5600000| PB 0x00000000e5600000| Complete |  0
|  87|0x00000000e5700000, 0x00000000e5800000, 0x00000000e5800000|100%| E|CS|TAMS 0x00000000e5700000| PB 0x00000000e5700000| Complete |  0
|  88|0x00000000e5800000, 0x00000000e5900000, 0x00000000e5900000|100%| E|CS|TAMS 0x00000000e5800000| PB 0x00000000e5800000| Complete |  0
|  89|0x00000000e5900000, 0x00000000e5a00000, 0x00000000e5a00000|100%| E|CS|TAMS 0x00000000e5900000| PB 0x00000000e5900000| Complete |  0
|  90|0x00000000e5a00000, 0x00000000e5b00000, 0x00000000e5b00000|100%| E|CS|TAMS 0x00000000e5a00000| PB 0x00000000e5a00000| Complete |  0
|  91|0x00000000e5b00000, 0x00000000e5c00000, 0x00000000e5c00000|100%| E|CS|TAMS 0x00000000e5b00000| PB 0x00000000e5b00000| Complete |  0
|  92|0x00000000e5c00000, 0x00000000e5d00000, 0x00000000e5d00000|100%| E|CS|TAMS 0x00000000e5c00000| PB 0x00000000e5c00000| Complete |  0
|  93|0x00000000e5d00000, 0x00000000e5e00000, 0x00000000e5e00000|100%| E|CS|TAMS 0x00000000e5d00000| PB 0x00000000e5d00000| Complete |  0

Card table byte_map: [0x0000020e73cd0000,0x0000020e73dd0000] _byte_map_base: 0x0000020e735d0000

Marking Bits: (CMBitMap*) 0x0000020e5bf56ab0
 Bits: [0x0000020e73dd0000, 0x0000020e745d0000)

Polling page: 0x0000020e59e60000

Metaspace:

Usage:
  Non-class:      8.72 MB used.
      Class:      1.35 MB used.
       Both:     10.08 MB used.

Virtual space:
  Non-class space:       64.00 MB reserved,       8.88 MB ( 14%) committed,  1 nodes.
      Class space:        1.00 GB reserved,       1.50 MB ( <1%) committed,  1 nodes.
             Both:        1.06 GB reserved,      10.38 MB ( <1%) committed. 

Chunk freelists:
   Non-Class:  7.16 MB
       Class:  14.53 MB
        Both:  21.69 MB

MaxMetaspaceSize: unlimited
CompressedClassSpaceSize: 1.00 GB
Initial GC threshold: 21.00 MB
Current GC threshold: 21.00 MB
CDS: on
 - commit_granule_bytes: 65536.
 - commit_granule_words: 8192.
 - virtual_space_node_default_size: 8388608.
 - enlarge_chunks_in_place: 1.
 - use_allocation_guard: 0.


Internal statistics:

num_allocs_failed_limit: 0.
num_arena_births: 260.
num_arena_deaths: 0.
num_vsnodes_births: 2.
num_vsnodes_deaths: 0.
num_space_committed: 166.
num_space_uncommitted: 0.
num_chunks_returned_to_freelist: 0.
num_chunks_taken_from_freelist: 605.
num_chunk_merges: 0.
num_chunk_splits: 354.
num_chunks_enlarged: 213.
num_inconsistent_stats: 0.

CodeHeap 'non-profiled nmethods': size=119168Kb used=612Kb max_used=612Kb free=118555Kb
 bounds [0x0000020e6bdd0000, 0x0000020e6c040000, 0x0000020e73230000]
CodeHeap 'profiled nmethods': size=119104Kb used=3838Kb max_used=3838Kb free=115265Kb
 bounds [0x0000020e64230000, 0x0000020e645f0000, 0x0000020e6b680000]
CodeHeap 'non-nmethods': size=7488Kb used=2547Kb max_used=2547Kb free=4940Kb
 bounds [0x0000020e6b680000, 0x0000020e6b900000, 0x0000020e6bdd0000]
 total_blobs=2435 nmethods=1920 adapters=417
 compilation: enabled
              stopped_count=0, restarted_count=0
 full_count=0

Compilation events (20 events):
Event: 1.637 Thread 0x0000020e77580640 nmethod 1749 0x0000020e6be5c810 code [0x0000020e6be5c9e0, 0x0000020e6be5cd50]
Event: 1.637 Thread 0x0000020e778b8040 1750       1       java.lang.ClassLoader::getUnnamedModule (5 bytes)
Event: 1.637 Thread 0x0000020e778b8040 nmethod 1750 0x0000020e6be5cf90 code [0x0000020e6be5d120, 0x0000020e6be5d1e8]
Event: 1.645 Thread 0x0000020e778b8040 1751       3       sun.net.www.ParseUtil::firstEncodeIndex (86 bytes)
Event: 1.646 Thread 0x0000020e778b8040 nmethod 1751 0x0000020e6459df90 code [0x0000020e6459e1c0, 0x0000020e6459eb38]
Event: 1.647 Thread 0x0000020e77580640 1752       4       java.nio.Buffer::session (20 bytes)
Event: 1.648 Thread 0x0000020e77580640 nmethod 1752 0x0000020e6be5d290 code [0x0000020e6be5d400, 0x0000020e6be5d4b0]
Event: 1.648 Thread 0x0000020e77580640 1753   !   4       jdk.internal.misc.ScopedMemoryAccess::getByte (16 bytes)
Event: 1.648 Thread 0x0000020e77580640 nmethod 1753 0x0000020e6be5d590 code [0x0000020e6be5d720, 0x0000020e6be5d7f8]
Event: 1.648 Thread 0x0000020ebd67e4b0 1754       3       java.lang.Character::isJavaIdentifierPart (9 bytes)
Event: 1.648 Thread 0x0000020e778b8040 1755       3       java.lang.CharacterDataLatin1::isJavaIdentifierPart (20 bytes)
Event: 1.649 Thread 0x0000020e778b8040 nmethod 1755 0x0000020e6459ef10 code [0x0000020e6459f0c0, 0x0000020e6459f2c8]
Event: 1.649 Thread 0x0000020ebd67e4b0 nmethod 1754 0x0000020e6459f410 code [0x0000020e6459f5c0, 0x0000020e6459f7b8]
Event: 1.650 Thread 0x0000020e778b8040 1756       3       jdk.internal.util.DecimalDigits::digitPair (6 bytes)
Event: 1.650 Thread 0x0000020e778b8040 nmethod 1756 0x0000020e6459f890 code [0x0000020e6459fa20, 0x0000020e6459fb40]
Event: 1.656 Thread 0x0000020ebd67e4b0 1757       3       java.lang.StringLatin1::writeDigitPair (21 bytes)
Event: 1.657 Thread 0x0000020ebd67e4b0 nmethod 1757 0x0000020e6459fc10 code [0x0000020e6459fdc0, 0x0000020e6459ff98]
Event: 1.658 Thread 0x0000020e77580640 1758       4       jdk.internal.loader.URLClassPath::getResource (74 bytes)
Event: 1.667 Thread 0x0000020e778b8040 1759       3       jdk.internal.loader.BuiltinClassLoader::isSealed (71 bytes)
Event: 1.668 Thread 0x0000020e778b8040 nmethod 1759 0x0000020e645a0110 code [0x0000020e645a0560, 0x0000020e645a2190]

GC Heap History (2 events):
Event: 1.282 GC heap before
{Heap before GC invocations=0 (full 0):
 garbage-first heap   total reserved 524288K, committed 96256K, used 24576K [0x00000000e0000000, 0x0000000100000000)
  region size 1024K, 24 young (24576K), 0 survivors (0K)
 Metaspace       used 6129K, committed 6336K, reserved 1114112K
  class space    used 781K, committed 896K, reserved 1048576K
}
Event: 1.289 GC heap after
{Heap after GC invocations=1 (full 0):
 garbage-first heap   total reserved 524288K, committed 96256K, used 9106K [0x00000000e0000000, 0x0000000100000000)
  region size 1024K, 3 young (3072K), 3 survivors (3072K)
 Metaspace       used 6129K, committed 6336K, reserved 1114112K
  class space    used 781K, committed 896K, reserved 1048576K
}

Dll operation events (9 events):
Event: 0.014 Loaded shared library C:\Program Files\Java\jdk-22\bin\java.dll
Event: 0.055 Loaded shared library C:\Program Files\Java\jdk-22\bin\jsvml.dll
Event: 0.273 Loaded shared library C:\Program Files\Java\jdk-22\bin\net.dll
Event: 0.279 Loaded shared library C:\Program Files\Java\jdk-22\bin\nio.dll
Event: 0.287 Loaded shared library C:\Program Files\Java\jdk-22\bin\zip.dll
Event: 0.401 Loaded shared library C:\Program Files\Java\jdk-22\bin\verify.dll
Event: 0.409 Loaded shared library C:\Program Files\Java\jdk-22\bin\jimage.dll
Event: 0.834 Loaded shared library C:\Program Files\Java\jdk-22\bin\extnet.dll
Event: 1.068 Loaded shared library C:\Program Files\Java\jdk-22\bin\sunmscapi.dll

Deoptimization events (20 events):
Event: 1.401 Thread 0x0000020e5bf2d5e0 DEOPT PACKING pc=0x0000020e6be4a130 sp=0x00000029aaffc980
Event: 1.401 Thread 0x0000020e5bf2d5e0 DEOPT UNPACKING pc=0x0000020e6b6d46a2 sp=0x00000029aaffc8f8 mode 2
Event: 1.401 Thread 0x0000020e5bf2d5e0 Uncommon trap: trap_request=0xffffffde fr.pc=0x0000020e6be4a130 relative=0x0000000000000110
Event: 1.401 Thread 0x0000020e5bf2d5e0 Uncommon trap: reason=class_check action=maybe_recompile pc=0x0000020e6be4a130 method=jdk.internal.misc.Unsafe.allocateUninitializedArray(Ljava/lang/Class;I)Ljava/lang/Object; @ 51 c2
Event: 1.401 Thread 0x0000020e5bf2d5e0 DEOPT PACKING pc=0x0000020e6be4a130 sp=0x00000029aaffc980
Event: 1.401 Thread 0x0000020e5bf2d5e0 DEOPT UNPACKING pc=0x0000020e6b6d46a2 sp=0x00000029aaffc8f8 mode 2
Event: 1.401 Thread 0x0000020e5bf2d5e0 Uncommon trap: trap_request=0xffffffde fr.pc=0x0000020e6be4a130 relative=0x0000000000000110
Event: 1.401 Thread 0x0000020e5bf2d5e0 Uncommon trap: reason=class_check action=maybe_recompile pc=0x0000020e6be4a130 method=jdk.internal.misc.Unsafe.allocateUninitializedArray(Ljava/lang/Class;I)Ljava/lang/Object; @ 51 c2
Event: 1.401 Thread 0x0000020e5bf2d5e0 DEOPT PACKING pc=0x0000020e6be4a130 sp=0x00000029aaffbde0
Event: 1.401 Thread 0x0000020e5bf2d5e0 DEOPT UNPACKING pc=0x0000020e6b6d46a2 sp=0x00000029aaffbd58 mode 2
Event: 1.401 Thread 0x0000020e5bf2d5e0 Uncommon trap: trap_request=0xffffffde fr.pc=0x0000020e6be4a130 relative=0x0000000000000110
Event: 1.401 Thread 0x0000020e5bf2d5e0 Uncommon trap: reason=class_check action=maybe_recompile pc=0x0000020e6be4a130 method=jdk.internal.misc.Unsafe.allocateUninitializedArray(Ljava/lang/Class;I)Ljava/lang/Object; @ 51 c2
Event: 1.401 Thread 0x0000020e5bf2d5e0 DEOPT PACKING pc=0x0000020e6be4a130 sp=0x00000029aaffbda0
Event: 1.401 Thread 0x0000020e5bf2d5e0 DEOPT UNPACKING pc=0x0000020e6b6d46a2 sp=0x00000029aaffbd18 mode 2
Event: 1.644 Thread 0x0000020e5bf2d5e0 Uncommon trap: trap_request=0xffffff45 fr.pc=0x0000020e6be437c8 relative=0x0000000000000088
Event: 1.644 Thread 0x0000020e5bf2d5e0 Uncommon trap: reason=unstable_if action=reinterpret pc=0x0000020e6be437c8 method=sun.net.www.ParseUtil.firstEncodeIndex(Ljava/lang/String;)I @ 51 c2
Event: 1.644 Thread 0x0000020e5bf2d5e0 DEOPT PACKING pc=0x0000020e6be437c8 sp=0x00000029aaffac90
Event: 1.644 Thread 0x0000020e5bf2d5e0 DEOPT UNPACKING pc=0x0000020e6b6d46a2 sp=0x00000029aaffac18 mode 2
Event: 1.659 Thread 0x0000020e5bf2d5e0 DEOPT PACKING pc=0x0000020e6459ea9d sp=0x00000029aaffb460
Event: 1.659 Thread 0x0000020e5bf2d5e0 DEOPT UNPACKING pc=0x0000020e6b6d4e42 sp=0x00000029aaffa968 mode 0

Classes loaded (20 events):
Event: 1.568 Loading class java/util/concurrent/CancellationException done
Event: 1.568 Loading class java/util/concurrent/ExecutionException
Event: 1.569 Loading class java/util/concurrent/ExecutionException done
Event: 1.587 Loading class java/util/stream/SortedOps$RefSortingSink
Event: 1.588 Loading class java/util/stream/SortedOps$RefSortingSink done
Event: 1.589 Loading class java/lang/reflect/Executable$ParameterData
Event: 1.589 Loading class java/lang/reflect/Executable$ParameterData done
Event: 1.601 Loading class java/util/function/BooleanSupplier
Event: 1.601 Loading class java/util/function/BooleanSupplier done
Event: 1.608 Loading class java/net/URLDecoder
Event: 1.608 Loading class java/net/URLDecoder done
Event: 1.638 Loading class java/util/ServiceConfigurationError
Event: 1.638 Loading class java/util/ServiceConfigurationError done
Event: 1.642 Loading class java/lang/InheritableThreadLocal
Event: 1.642 Loading class java/lang/InheritableThreadLocal done
Event: 1.647 Loading class jdk/internal/foreign/MemorySessionImpl
Event: 1.647 Loading class java/lang/foreign/MemorySegment$Scope
Event: 1.647 Loading class java/lang/foreign/MemorySegment$Scope done
Event: 1.647 Loading class jdk/internal/foreign/MemorySessionImpl done
Event: 1.674 Loading class java/security/Policy

Classes unloaded (0 events):
No events

Classes redefined (0 events):
No events

Internal exceptions (20 events):
Event: 1.350 Thread 0x0000020e5bf2d5e0 Exception <a 'java/lang/NoSuchMethodError'{0x00000000e5b046d0}: 'void java.lang.invoke.DirectMethodHandle$Holder.invokeStaticInit(java.lang.Object, java.lang.Object, java.lang.Object)'> (0x00000000e5b046d0) 
thrown [s\open\src\hotspot\share\interpreter\linkResolver.cpp, line 774]
Event: 1.413 Thread 0x0000020e5bf2d5e0 Exception <a 'java/lang/NoSuchMethodError'{0x00000000e5aecfa0}: 'java.lang.Object java.lang.invoke.DirectMethodHandle$Holder.invokeInterface(java.lang.Object, java.lang.Object)'> (0x00000000e5aecfa0) 
thrown [s\open\src\hotspot\share\interpreter\linkResolver.cpp, line 774]
Event: 1.422 Thread 0x0000020e5bf2d5e0 Exception <a 'java/lang/NoSuchMethodError'{0x00000000e592ef00}: 'java.lang.Object java.lang.invoke.DirectMethodHandle$Holder.invokeSpecialIFC(java.lang.Object, java.lang.Object, java.lang.Object, java.lang.Object)'> (0x00000000e592ef00) 
thrown [s\open\src\hotspot\share\interpreter\linkResolver.cpp, line 774]
Event: 1.428 Thread 0x0000020e5bf2d5e0 Exception <a 'java/lang/NoSuchMethodError'{0x00000000e5946a30}: 'java.lang.Object java.lang.invoke.DirectMethodHandle$Holder.invokeInterface(java.lang.Object, java.lang.Object, java.lang.Object)'> (0x00000000e5946a30) 
thrown [s\open\src\hotspot\share\interpreter\linkResolver.cpp, line 774]
Event: 1.451 Thread 0x0000020e5bf2d5e0 Exception <a 'java/lang/NoSuchMethodError'{0x00000000e59fcf78}: 'java.lang.Object java.lang.invoke.DirectMethodHandle$Holder.newInvokeSpecial(java.lang.Object, java.lang.Object, java.lang.Object, java.lang.Object, java.lang.Object, java.lang.Object)'> (0x00000000e59fcf78) 
thrown [s\open\src\hotspot\share\interpreter\linkResolver.cpp, line 774]
Event: 1.457 Thread 0x0000020e5bf2d5e0 Exception <a 'java/lang/NoSuchMethodError'{0x00000000e5841710}: 'void java.lang.invoke.DirectMethodHandle$Holder.invokeInterface(java.lang.Object, java.lang.Object, java.lang.Object, java.lang.Object, java.lang.Object)'> (0x00000000e5841710) 
thrown [s\open\src\hotspot\share\interpreter\linkResolver.cpp, line 774]
Event: 1.457 Thread 0x0000020e5bf2d5e0 Exception <a 'java/lang/IncompatibleClassChangeError'{0x00000000e58453c0}: Found class java.lang.Object, but interface was expected> (0x00000000e58453c0) 
thrown [s\open\src\hotspot\share\interpreter\linkResolver.cpp, line 841]
Event: 1.464 Thread 0x0000020e5bf2d5e0 Exception <a 'java/lang/IncompatibleClassChangeError'{0x00000000e586f6c0}: Found class java.lang.Object, but interface was expected> (0x00000000e586f6c0) 
thrown [s\open\src\hotspot\share\interpreter\linkResolver.cpp, line 841]
Event: 1.481 Thread 0x0000020e5bf2d5e0 Exception <a 'java/lang/NoSuchMethodError'{0x00000000e58d1e70}: 'void java.lang.invoke.DirectMethodHandle$Holder.invokeSpecial(java.lang.Object, java.lang.Object, java.lang.Object, java.lang.Object, java.lang.Object)'> (0x00000000e58d1e70) 
thrown [s\open\src\hotspot\share\interpreter\linkResolver.cpp, line 774]
Event: 1.502 Thread 0x0000020e5bf2d5e0 Exception <a 'java/lang/NoSuchMethodError'{0x00000000e5741ea8}: 'void java.lang.invoke.DirectMethodHandle$Holder.invokeInterface(java.lang.Object, java.lang.Object, java.lang.Object, java.lang.Object)'> (0x00000000e5741ea8) 
thrown [s\open\src\hotspot\share\interpreter\linkResolver.cpp, line 774]
Event: 1.502 Thread 0x0000020e5bf2d5e0 Exception <a 'java/lang/IncompatibleClassChangeError'{0x00000000e57457b0}: Found class java.lang.Object, but interface was expected> (0x00000000e57457b0) 
thrown [s\open\src\hotspot\share\interpreter\linkResolver.cpp, line 841]
Event: 1.506 Thread 0x0000020e5bf2d5e0 Exception <a 'java/lang/NoSuchMethodError'{0x00000000e5760ef0}: 'void java.lang.invoke.DirectMethodHandle$Holder.invokeStatic(java.lang.Object, java.lang.Object, java.lang.Object, java.lang.Object)'> (0x00000000e5760ef0) 
thrown [s\open\src\hotspot\share\interpreter\linkResolver.cpp, line 774]
Event: 1.524 Thread 0x0000020e5bf2d5e0 Exception <a 'java/lang/NoSuchMethodError'{0x00000000e57c6ce0}: 'int java.lang.invoke.DirectMethodHandle$Holder.invokeStatic(java.lang.Object, java.lang.Object, java.lang.Object, java.lang.Object)'> (0x00000000e57c6ce0) 
thrown [s\open\src\hotspot\share\interpreter\linkResolver.cpp, line 774]
Event: 1.525 Thread 0x0000020e5bf2d5e0 Exception <a 'java/lang/NoSuchMethodError'{0x00000000e57ca3a0}: 'java.lang.Object java.lang.invoke.Invokers$Holder.invokeExact_MT(java.lang.Object, java.lang.Object, java.lang.Object, java.lang.Object, java.lang.Object, java.lang.Object)'> (0x00000000e57ca3a0) 
thrown [s\open\src\hotspot\share\interpreter\linkResolver.cpp, line 774]
Event: 1.527 Thread 0x0000020e5bf2d5e0 Exception <a 'java/lang/NoSuchMethodError'{0x00000000e57d7fb8}: 'int java.lang.invoke.DirectMethodHandle$Holder.invokeStatic(java.lang.Object, java.lang.Object, java.lang.Object, java.lang.Object, java.lang.Object)'> (0x00000000e57d7fb8) 
thrown [s\open\src\hotspot\share\interpreter\linkResolver.cpp, line 774]
Event: 1.538 Thread 0x0000020e5bf2d5e0 Exception <a 'java/lang/NoSuchMethodError'{0x00000000e561af58}: 'void java.lang.invoke.DirectMethodHandle$Holder.invokeStaticInit(java.lang.Object)'> (0x00000000e561af58) 
thrown [s\open\src\hotspot\share\interpreter\linkResolver.cpp, line 774]
Event: 1.556 Thread 0x0000020e5bf2d5e0 Exception <a 'java/lang/NoSuchMethodError'{0x00000000e56b8e48}: 'void java.lang.invoke.DirectMethodHandle$Holder.invokeStaticInit(java.lang.Object, java.lang.Object, java.lang.Object, java.lang.Object)'> (0x00000000e56b8e48) 
thrown [s\open\src\hotspot\share\interpreter\linkResolver.cpp, line 774]
Event: 1.571 Thread 0x0000020e5bf2d5e0 Exception <a 'java/lang/NoSuchMethodError'{0x00000000e551aa38}: 'int java.lang.invoke.DirectMethodHandle$Holder.invokeStaticInit(java.lang.Object, java.lang.Object)'> (0x00000000e551aa38) 
thrown [s\open\src\hotspot\share\interpreter\linkResolver.cpp, line 774]
Event: 1.608 Thread 0x0000020e5bf2d5e0 Exception <a 'java/lang/NoSuchMethodError'{0x00000000e5445f20}: 'java.lang.Object java.lang.invoke.DirectMethodHandle$Holder.newInvokeSpecial(java.lang.Object, java.lang.Object, int)'> (0x00000000e5445f20) 
thrown [s\open\src\hotspot\share\interpreter\linkResolver.cpp, line 774]
Event: 1.617 Thread 0x0000020e5bf2d5e0 Exception <a 'java/lang/NoSuchMethodError'{0x00000000e54bc5c0}: 'void java.lang.invoke.DirectMethodHandle$Holder.invokeStatic(java.lang.Object, java.lang.Object)'> (0x00000000e54bc5c0) 
thrown [s\open\src\hotspot\share\interpreter\linkResolver.cpp, line 774]

ZGC Phase Switch (0 events):
No events

VM Operations (20 events):
Event: 0.910 Executing VM operation: HandshakeAllThreads (Deoptimize)
Event: 0.910 Executing VM operation: HandshakeAllThreads (Deoptimize) done
Event: 0.910 Executing VM operation: HandshakeAllThreads (Deoptimize)
Event: 0.910 Executing VM operation: HandshakeAllThreads (Deoptimize) done
Event: 1.043 Executing VM operation: HandshakeAllThreads (Deoptimize)
Event: 1.043 Executing VM operation: HandshakeAllThreads (Deoptimize) done
Event: 1.043 Executing VM operation: Cleanup
Event: 1.043 Executing VM operation: Cleanup done
Event: 1.109 Executing VM operation: HandshakeAllThreads (Deoptimize)
Event: 1.109 Executing VM operation: HandshakeAllThreads (Deoptimize) done
Event: 1.194 Executing VM operation: HandshakeAllThreads (Deoptimize)
Event: 1.194 Executing VM operation: HandshakeAllThreads (Deoptimize) done
Event: 1.235 Executing VM operation: HandshakeAllThreads (Deoptimize)
Event: 1.235 Executing VM operation: HandshakeAllThreads (Deoptimize) done
Event: 1.282 Executing VM operation: G1CollectForAllocation (G1 Evacuation Pause)
Event: 1.289 Executing VM operation: G1CollectForAllocation (G1 Evacuation Pause) done
Event: 1.490 Executing VM operation: HandshakeAllThreads (Deoptimize)
Event: 1.490 Executing VM operation: HandshakeAllThreads (Deoptimize) done
Event: 1.644 Executing VM operation: HandshakeAllThreads (Deoptimize)
Event: 1.644 Executing VM operation: HandshakeAllThreads (Deoptimize) done

Memory protections (0 events):
No events

Nmethod flushes (0 events):
No events

Events (16 events):
Event: 0.031 Thread 0x0000020e5bf2d5e0 Thread added: 0x0000020e5bf2d5e0
Event: 0.051 Thread 0x0000020e5bf2d5e0 Thread added: 0x0000020e77572ac0
Event: 0.051 Thread 0x0000020e5bf2d5e0 Thread added: 0x0000020e775737d0
Event: 0.052 Thread 0x0000020e5bf2d5e0 Thread added: 0x0000020e77577040
Event: 0.052 Thread 0x0000020e5bf2d5e0 Thread added: 0x0000020e77577aa0
Event: 0.052 Thread 0x0000020e5bf2d5e0 Thread added: 0x0000020e7757a6c0
Event: 0.052 Thread 0x0000020e5bf2d5e0 Thread added: 0x0000020e7757d3d0
Event: 0.052 Thread 0x0000020e5bf2d5e0 Thread added: 0x0000020e77580640
Event: 0.052 Thread 0x0000020e5bf2d5e0 Thread added: 0x0000020e775812a0
Event: 0.258 Thread 0x0000020e775812a0 Thread added: 0x0000020e778b8040
Event: 0.266 Thread 0x0000020e5bf2d5e0 Thread added: 0x0000020e77922a10
Event: 0.269 Thread 0x0000020e5bf2d5e0 Thread added: 0x0000020e77929e80
Event: 0.765 Thread 0x0000020e778b8040 Thread added: 0x0000020ebd67e4b0
Event: 1.018 Thread 0x0000020e5bf2d5e0 Thread added: 0x0000020ebd7e53f0
Event: 1.146 Thread 0x0000020e5bf2d5e0 Thread added: 0x0000020ebd8246c0
Event: 1.147 Thread 0x0000020e5bf2d5e0 Thread added: 0x0000020ebd7f1f10


Dynamic libraries:
0x00007ff7d7b40000 - 0x00007ff7d7b50000 	C:\Program Files\Java\jdk-22\bin\java.exe
0x00007ff8083d0000 - 0x00007ff8085e7000 	C:\WINDOWS\SYSTEM32\ntdll.dll
0x00007fffdc5d0000 - 0x00007fffdc5ea000 	C:\Program Files\Avast Software\Avast\aswhook.dll
0x00007ff807080000 - 0x00007ff807144000 	C:\WINDOWS\System32\KERNEL32.DLL
0x00007ff805c00000 - 0x00007ff805fad000 	C:\WINDOWS\System32\KERNELBASE.dll
0x00007ff805fe0000 - 0x00007ff8060f1000 	C:\WINDOWS\System32\ucrtbase.dll
0x00007fff7fb30000 - 0x00007fff7fb47000 	C:\Program Files\Java\jdk-22\bin\jli.dll
0x00007ff806200000 - 0x00007ff8063ae000 	C:\WINDOWS\System32\USER32.dll
0x00007ff805ab0000 - 0x00007ff805ad6000 	C:\WINDOWS\System32\win32u.dll
0x00007ff807750000 - 0x00007ff807779000 	C:\WINDOWS\System32\GDI32.dll
0x00007ff805ae0000 - 0x00007ff805bf9000 	C:\WINDOWS\System32\gdi32full.dll
0x00007ff805860000 - 0x00007ff8058fa000 	C:\WINDOWS\System32\msvcp_win.dll
0x00007fffc5930000 - 0x00007fffc594b000 	C:\Program Files\Java\jdk-22\bin\VCRUNTIME140.dll
0x00007fffdf910000 - 0x00007fffdfba3000 	C:\WINDOWS\WinSxS\amd64_microsoft.windows.common-controls_6595b64144ccf1df_6.0.22621.3672_none_2713b9d173822955\COMCTL32.dll
0x00007ff806480000 - 0x00007ff806527000 	C:\WINDOWS\System32\msvcrt.dll
0x00007ff8063b0000 - 0x00007ff8063e1000 	C:\WINDOWS\System32\IMM32.DLL
0x00007fff7d600000 - 0x00007fff7d71a000 	C:\Program Files\Topaz OFD\Warsaw\wslbscr64.dll
0x00007ff806530000 - 0x00007ff8065e2000 	C:\WINDOWS\System32\ADVAPI32.dll
0x00007ff807150000 - 0x00007ff8071f9000 	C:\WINDOWS\System32\sechost.dll
0x00007ff805fb0000 - 0x00007ff805fd8000 	C:\WINDOWS\System32\bcrypt.dll
0x00007ff8068f0000 - 0x00007ff806a04000 	C:\WINDOWS\System32\RPCRT4.dll
0x00007ff807790000 - 0x00007ff807ff8000 	C:\WINDOWS\System32\SHELL32.dll
0x00007ff804710000 - 0x00007ff804744000 	C:\WINDOWS\SYSTEM32\ntmarta.dll
0x00007fff7b630000 - 0x00007fff7b72a000 	C:\Program Files\Topaz OFD\Warsaw\wslbscrwh64.dll
0x00007fffd2700000 - 0x00007fffd270c000 	C:\Program Files\Java\jdk-22\bin\vcruntime140_1.dll
0x00007fff7d130000 - 0x00007fff7d1be000 	C:\Program Files\Java\jdk-22\bin\msvcp140.dll
0x00007fff4eb80000 - 0x00007fff4f8c9000 	C:\Program Files\Java\jdk-22\bin\server\jvm.dll
0x00007ff806a20000 - 0x00007ff806a91000 	C:\WINDOWS\System32\WS2_32.dll
0x00007ff8055b0000 - 0x00007ff8055fd000 	C:\WINDOWS\SYSTEM32\POWRPROF.dll
0x00007fffffd10000 - 0x00007fffffd44000 	C:\WINDOWS\SYSTEM32\WINMM.dll
0x00007ffffbb40000 - 0x00007ffffbb4a000 	C:\WINDOWS\SYSTEM32\VERSION.dll
0x00007ff8054e0000 - 0x00007ff8054f3000 	C:\WINDOWS\SYSTEM32\UMPDC.dll
0x00007ff8046f0000 - 0x00007ff804708000 	C:\WINDOWS\SYSTEM32\kernel.appcore.dll
0x00007fffcf7b0000 - 0x00007fffcf7ba000 	C:\Program Files\Java\jdk-22\bin\jimage.dll
0x00007ff803250000 - 0x00007ff803482000 	C:\WINDOWS\SYSTEM32\DBGHELP.DLL
0x00007ff806cf0000 - 0x00007ff80707d000 	C:\WINDOWS\System32\combase.dll
0x00007ff806c10000 - 0x00007ff806ce7000 	C:\WINDOWS\System32\OLEAUT32.dll
0x00007ffffb740000 - 0x00007ffffb772000 	C:\WINDOWS\SYSTEM32\dbgcore.DLL
0x00007ff805970000 - 0x00007ff8059eb000 	C:\WINDOWS\System32\bcryptPrimitives.dll
0x00007fffad4a0000 - 0x00007fffad4be000 	C:\Program Files\Java\jdk-22\bin\java.dll
0x0000020e5b6a0000 - 0x0000020e5b845000 	C:\WINDOWS\System32\ole32.dll
0x00007ff8035f0000 - 0x00007ff803eee000 	C:\WINDOWS\SYSTEM32\windows.storage.dll
0x00007ff8034b0000 - 0x00007ff8035ef000 	C:\WINDOWS\SYSTEM32\wintypes.dll
0x0000020e776d0000 - 0x0000020e777c9000 	C:\WINDOWS\System32\SHCORE.dll
0x00007ff807250000 - 0x00007ff8072ae000 	C:\WINDOWS\System32\shlwapi.dll
0x00007ff805620000 - 0x00007ff805641000 	C:\WINDOWS\SYSTEM32\profapi.dll
0x00007fff79330000 - 0x00007fff79407000 	C:\Program Files\Java\jdk-22\bin\jsvml.dll
0x00007fffcef10000 - 0x00007fffcef20000 	C:\Program Files\Java\jdk-22\bin\net.dll
0x00007ff804b60000 - 0x00007ff804bc9000 	C:\WINDOWS\system32\mswsock.dll
0x00007fffab130000 - 0x00007fffab146000 	C:\Program Files\Java\jdk-22\bin\nio.dll
0x00007fffab020000 - 0x00007fffab037000 	C:\Program Files\Java\jdk-22\bin\zip.dll
0x00007fffce910000 - 0x00007fffce920000 	C:\Program Files\Java\jdk-22\bin\verify.dll
0x00007fffce2e0000 - 0x00007fffce2e9000 	C:\Program Files\Java\jdk-22\bin\extnet.dll
0x00007fffce3d0000 - 0x00007fffce3de000 	C:\Program Files\Java\jdk-22\bin\sunmscapi.dll
0x00007ff8056f0000 - 0x00007ff805857000 	C:\WINDOWS\System32\CRYPT32.dll
0x00007ff804f90000 - 0x00007ff804fbe000 	C:\WINDOWS\SYSTEM32\ncrypt.dll
0x00007ff804f50000 - 0x00007ff804f87000 	C:\WINDOWS\SYSTEM32\NTASN1.dll
0x00007ffff7f80000 - 0x00007ffff7f88000 	C:\WINDOWS\system32\wshunix.dll
0x00007ff804e00000 - 0x00007ff804e1b000 	C:\WINDOWS\SYSTEM32\CRYPTSP.dll
0x00007ff804650000 - 0x00007ff804685000 	C:\WINDOWS\system32\rsaenh.dll
0x00007ff804c70000 - 0x00007ff804c98000 	C:\WINDOWS\SYSTEM32\USERENV.dll
0x00007ff804df0000 - 0x00007ff804dfc000 	C:\WINDOWS\SYSTEM32\CRYPTBASE.dll
0x00007ff804190000 - 0x00007ff8041bd000 	C:\WINDOWS\SYSTEM32\IPHLPAPI.DLL
0x00007ff806a10000 - 0x00007ff806a19000 	C:\WINDOWS\System32\NSI.dll

dbghelp: loaded successfully - version: 4.0.5 - missing functions: none
symbol engine: initialized successfully - sym options: 0x614 - pdb path: .;C:\Program Files\Java\jdk-22\bin;C:\WINDOWS\SYSTEM32;C:\Program Files\Avast Software\Avast;C:\WINDOWS\WinSxS\amd64_microsoft.windows.common-controls_6595b64144ccf1df_6.0.22621.3672_none_2713b9d173822955;C:\Program Files\Topaz OFD\Warsaw;C:\Program Files\Java\jdk-22\bin\server

VM Arguments:
jvm_args: -Dorg.gradle.internal.worker.tmpdir=C:\Users\Tassandro\literar.io\api\build\tmp\test\work -Xmx512m -Dfile.encoding=UTF-8 -Duser.country=BR -Duser.language=pt -Duser.variant -ea 
java_command: worker.org.gradle.process.internal.worker.GradleWorkerMain 'Gradle Test Executor 4'
java_class_path (initial): C:\\Users\\Tassandro\\.gradle\\caches\\8.10\\workerMain\\gradle-worker.jar;C:\\Users\\Tassandro\\literar.io\\api\\build\\classes\\java\\test;C:\\Users\\Tassandro\\literar.io\\api\\build\\classes\\java\\main;C:\\Users\\Tassandro\\literar.io\\api\\build\\resources\\main;C:\\Users\\Tassandro\\.gradle\\caches\\modules-2\\files-2.1\\org.springframework.boot\\spring-boot-starter-data-jpa\\3.3.3\\7eeb176d6130f7aa83405fe2985fe7cadc11ebc5\\spring-boot-starter-data-jpa-3.3.3.jar;C:\\Users\\Tassandro\\.gradle\\caches\\modules-2\\files-2.1\\org.springframework.boot\\spring-boot-starter-validation\\3.3.3\\9a585e4c45168f6c37812ab47df3abf869c9c289\\spring-boot-starter-validation-3.3.3.jar;C:\\Users\\Tassandro\\.gradle\\caches\\modules-2\\files-2.1\\org.springframework.boot\\spring-boot-starter-data-rest\\3.3.3\\c64bfd2f13a9cafcf987b1796be86f2731f96abe\\spring-boot-starter-data-rest-3.3.3.jar;C:\\Users\\Tassandro\\.gradle\\caches\\modules-2\\files-2.1\\org.springframework.boot\\spring-boot-starter-web\\3.3.3\\f19325fefd33dc920c0f68547a798ed731a8c70c\\spring-boot-starter-web-3.3.3.jar;C:\\Users\\Tassandro\\.gradle\\caches\\modules-2\\files-2.1\\org.projectlombok\\lombok\\1.18.24\\13a394eed5c4f9efb2a6d956e2086f1d81e857d9\\lombok-1.18.24.jar;C:\\Users\\Tassandro\\.gradle\\caches\\modules-2\\files-2.1\\io.github.cdimascio\\java-dotenv\\5.2.2\\f77d54ff193ed4b07415ab8d7b3d0550716aa8c\\java-dotenv-5.2.2.jar;C:\\Users\\Tassandro\\.gradle\\caches\\modules-2\\files-2.1\\org.postgresql\\postgresql\\42.7.3\\24f3e9f7231428cd20eb4dde00dd3fce44e05464\\postgresql-42.7.3.jar;C:\\Users\\Tassandro\\.gradle\\caches\\modules-2\\files-2.1\\org.springframework.boot\\spring-boot-starter-test\\3.3.3\\6774cadaa893fce1f18ff5e528e17f75d32f6670\\spring-boot-starter-test-3.3.3.jar;C:\\Users\\Tassandro\\.gradle\\caches\\modules-2\\files-2.1\\org.junit.jupiter\\junit-jupiter\\5.10.3\\6686d8fbf251f9bf8ecba413cab57b9e00f9134d\\junit-jupiter-5.10.3.jar;C:\\Users\\Tassandro\\.gradle\\caches\\modules-2\\files-2.1\\org.junit.jupiter\\junit-jupiter-engine\\5.10.3\\48c14e866bb1a87ca35d24ff068463bb202ada24\\junit-jupiter-engine-5.10.3.jar;C:\\Users\\Tassandro\\.gradle\\caches\\modules-2\\files-2.1\\org.junit.platform\\junit-platform-engine\\1.10.3\\365a320c3cfd47f3346625e541e424e35dc75c42\\junit-platform-engine-1.10.3.jar;C:\\Users\\Tassandro\\.gradle\\caches\\modules-2\\files-2.1\\org.mockito\\mockito-junit-jupiter\\5.11.0\\8e658dd339f40305ed4293db25545b5df98b171b\\mockito-junit-jupiter-5.11.0.jar;C:\\Users\\Tassandro\\.gradle\\caches\\modules-2\\files-2.1\\org.junit.jupiter\\junit-jupiter-params\\5.10.3\\4852f4e4af9074d9214213b199751f99efeab8b9\\junit-jupiter-params-5.10.3.jar;C:\\Users\\Tassandro\\.gradle\\caches\\modules-2\\files-2.1\\org.junit.jupiter\\junit-jupiter-api\\5.10.3\\a22aa91d1d6c69b2020a9aeb6d095ea81132bfa5\\junit-jupiter-api-5.10.3.jar;C:\\Users\\Tassandro\\.gradle\\caches\\modules-2\\files-2.1\\org.junit.platform\\junit-platform-commons\\1.10.3\\a353d42a2f13343a7cb80c5228ae66ff64495481\\junit-platform-commons-1.10.3.jar;C:\\Users\\Tassandro\\.gradle\\caches\\modules-2\\files-2.1\\org.junit.platform\\junit-platform-launcher\\1.10.3\\2e07e6389624f3e93fb2e87aec2fdc30cc84b069\\junit-platform-launcher-1.10.3.jar;C:\\Users\\Tassandro\\.gradle\\caches\\modules-2\\files-2.1\\org.springframework.boot\\spring-boot-starter-aop\\3.3.3\\f64c22484c1ab36ae70abc752509ec4c7b1abcfc\\spring-boot-starter-aop-3.3.3.jar;C:\\Users\\Tassandro\\.gradle\\caches\\modules-2\\files-2.1\\org.springframework.boot\\spring-boot-starter-jdbc\\3.3.3\\c97a56c12c79d1ce419a306ddee4ccb89b7d3728\\spring-boot-starter-jdbc-3.3.3.jar;C:\\Users\\Tassandro\\.gradle\\caches\\modules-2\\files-2.1\\org.hibernate.orm\\hibernate-core\\6.5.2.Final\\e9e0cc47f6cd2b2553968aee66bd9e55e7485221\\hibernate-core-6.5.2.Final.jar;C:\\Users\\Tassandro\\.gradle\\caches\\modules-2\\files-2.1\\org.springframework.data\\spring-data-jpa\\3.3.3\\9b89dbd19eee24c4dc4df12564efc603c614aa91\\spring-data-jpa-3.3.3.jar;C:\\Users\\Tassandro\\.gradle\\caches\\modules-2\\files-2.1\\org.springframework\\spring-aspects\\6.1.12\\b72435b5813755a894531e2cf1565eff1b313574\\spring-aspects-6.1.12.jar;C:\\Users\\Tassandro\\.gradle\\caches\\modules-2\\files-2.1\\org.springframework.boot\\spring-boot-starter-json\\3.3.3\\3dde3b6089f772a77763020cc97a219307a8f39f\\spring-boot-starter-json-3.3.3.jar;C:\\Users\\Tassandro\\.gradle\\caches\\modules-2\\files-2.1\\org.springframework.boot\\spring-boot-starter\\3.3.3\\174d6cb1c59036a01756d6bf4d8945325f94155f\\spring-boot-starter-3.3.3.jar;C:\\Users\\Tassandro\\.gradle\\caches\\modules-2\\files-2.1\\org.springframework.boot\\spring-boot-starter-tomcat\\3.3.3\\8ca660b0ecba2f0ff8ce27603fe89953dc4ec18d\\spring-boot-starter-tomcat-3.3.3.jar;C:\\Users\\Tassandro\\.gradle\\caches\\modules-2\\files-2.1\\org.apache.tomcat.embed\\tomcat-embed-el\\10.1.28\\3220f687c5ffc8650559f08ecac5b149838627b3\\tomcat-embed-el-10.1.28.jar;C:\\Users\\Tassandro\\.gradle\\caches\\modules-2\\files-2.1\\org.hibernate.validator\\hibernate-validator\\8.0.1.Final\\e49e116b3d3928060599b176b3538bb848718e95\\hibernate-validator-8.0.1.Final.jar;C:\\Users\\Tassandro\\.gradle\\caches\\modules-2\\files-2.1\\org.springframework.data\\spring-data-rest-webmvc\\4.3.3\\2f0635af1c57c8e64a87e76ceb9be37dabe6b65\\spring-data-rest-webmvc-4.3.3.jar;C:\\Users\\Tassandro\\.gradle\\caches\\modules-2\\files-2.1\\org.springframework\\spring-webmvc\\6.1.12\\86bb0c203d68adb4b2675765f5a372f4c5254b2d\\spring-webmvc-6.1.12.jar;C:\\Users\\Tassandro\\.gradle\\caches\\modules-2\\files-2.1\\org.springframework.data\\spring-data-rest-core\\4.3.3\\71b37a7030f3e565609d8cdbc3f577b86b8f6423\\spring-data-rest-core-4.3.3.jar;C:\\Users\\Tassandro\\.gradle\\caches\\modules-2\\files-2.1\\org.springframework.hateoas\\spring-hateoas\\2.3.2\\feb5b5602ea6a869c7d3f937c7dd3b3c07056bc5\\spring-hateoas-2.3.2.jar;C:\\Users\\Tassandro\\.gradle\\caches\\modules-2\\files-2.1\\org.springframework\\spring-web\\6.1.12\\b60e69b3ec87f8e001537a0fa7e3e2732dfafa7e\\spring-web-6.1.12.jar;C:\\Users\\Tassandro\\.gradle\\caches\\modules-2\\files-2.1\\org.jetbrains.kotlin\\kotlin-stdlib\\1.9.25\\f700a2f2b8f0d6d0fde48f56d894dc722fb029d7\\kotlin-stdlib-1.9.25.jar;C:\\Users\\Tassandro\\.gradle\\caches\\modules-2\\files-2.1\\org.checkerframework\\checker-qual\\3.42.0\\638ec33f363a94d41a4f03c3e7d3dcfba64e402d\\checker-qual-3.42.0.jar;C:\\Users\\Tassandro\\.gradle\\caches\\modules-2\\files-2.1\\org.springframework.boot\\spring-boot-test-autoconfigure\\3.3.3\\ebce486202d965dc984ff8013a8f87fdb9b6fe46\\spring-boot-test-autoconfigure-3.3.3.jar;C:\\Users\\Tassandro\\.gradle\\caches\\modules-2\\files-2.1\\org.springframework.boot\\spring-boot-test\\3.3.3\\42a314ffe171b6fb3932a86a884ef721467dc704\\spring-boot-test-3.3.3.jar;C:\\Users\\Tassandro\\.gradle\\caches\\modules-2\\files-2.1\\com.jayway.jsonpath\\json-path\\2.9.0\\37fe2217f577b0b68b18e62c4d17a8858ecf9b69\\json-path-2.9.0.jar;C:\\Users\\Tassandro\\.gradle\\caches\\modules-2\\files-2.1\\org.glassfish.jaxb\\jaxb-runtime\\4.0.5\\ca84c2a7169b5293e232b9d00d1e4e36d4c3914a\\jaxb-runtime-4.0.5.jar;C:\\Users\\Tassandro\\.gradle\\caches\\modules-2\\files-2.1\\org.glassfish.jaxb\\jaxb-core\\4.0.5\\7b4b11ea5542eea4ad55e1080b23be436795b3\\jaxb-core-4.0.5.jar;C:\\Users\\Tassandro\\.gradle\\caches\\modules-2\\files-2.1\\jakarta.xml.bind\\jakarta.xml.bind-api\\4.0.2\\6cd5a999b834b63238005b7144136379dc36cad2\\jakarta.xml.bind-api-4.0.2.jar;C:\\Users\\Tassandro\\.gradle\\caches\\modules-2\\files-2.1\\net.minidev\\json-smart\\2.5.1\\4c11d2808d009132dfbbf947ebf37de6bf266c8e\\json-smart-2.5.1.jar;C:\\Users\\Tassandro\\.gradle\\caches\\modules-2\\files-2.1\\org.assertj\\assertj-core\\3.25.3\\792b270e73aa1cfc28fa135be0b95e69ea451432\\assertj-core-3.25.3.jar;C:\\Users\\Tassandro\\.gradle\\caches\\modules-2\\files-2.1\\org.awaitility\\awaitility\\4.2.2\\7336242073ebf83fe034e42b46a403c5501b63c9\\awaitility-4.2.2.jar;C:\\Users\\Tassandro\\.gradle\\caches\\modules-2\\files-2.1\\org.hamcrest\\hamcrest\\2.2\\1820c0968dba3a11a1b30669bb1f01978a91dedc\\hamcrest-2.2.jar;C:\\Users\\Tassandro\\.gradle\\caches\\modules-2\\files-2.1\\org.mockito\\mockito-core\\5.11.0\\e4069fa4f4ff2c94322cfec5f2e45341c6c70aff\\mockito-core-5.11.0.jar;C:\\Users\\Tassandro\\.gradle\\caches\\modules-2\\files-2.1\\org.skyscreamer\\jsonassert\\1.5.3\\aaa43e0823d2a0e106e8754d6a9c4ab24e05e9bc\\jsonassert-1.5.3.jar;C:\\Users\\Tassandro\\.gradle\\caches\\modules-2\\files-2.1\\org.springframework\\spring-test\\6.1.12\\ea59acc56a32e6a46f66c06e5d4c2b8e8c6a2869\\spring-test-6.1.12.jar;C:\\Users\\Tassandro\\.gradle\\caches\\modules-2\\files-2.1\\org.springframework.boot\\spring-boot-autoconfigure\\3.3.3\\4445f0bbf838c1e3aeb5a83bf2367fbd1013237f\\spring-boot-autoconfigure-3.3.3.jar;C:\\Users\\Tassandro\\.gradle\\caches\\modules-2\\files-2.1\\org.springframework.boot\\spring-boot\\3.3.3\\f34dba93611823e521800a47043267715184911b\\spring-boot-3.3.3.jar;C:\\Users\\Tassandro\\.gradle\\caches\\modules-2\\files-2.1\\org.springframework.plugin\\spring-plugin-core\\3.0.0\\d56aa02dd7272dca30aa598dc8b72e823227046a\\spring-plugin-core-3.0.0.jar;C:\\Users\\Tassandro\\.gradle\\caches\\modules-2\\files-2.1\\org.springframework\\spring-context\\6.1.12\\e69d476d1334935529a61f403749c6b8593e3272\\spring-context-6.1.12.jar;C:\\Users\\Tassandro\\.gradle\\caches\\modules-2\\files-2.1\\org.springframework\\spring-aop\\6.1.12\\5fce5ff02455fad179fc0ea05435dfb79bbeaa66\\spring-aop-6.1.12.jar;C:\\Users\\Tassandro\\.gradle\\caches\\modules-2\\files-2.1\\org.springframework\\spring-orm\\6.1.12\\9df98d9ebdfcf5359dbda945de515d8af2cabe89\\spring-orm-6.1.12.jar;C:\\Users\\Tassandro\\.gradle\\caches\\modules-2\\files-2.1\\org.springframework\\spring-jdbc\\6.1.12\\feb177a07e109f633c3fb1892d22a2867d0b2284\\spring-jdbc-6.1.12.jar;C:\\Users\\Tassandro\\.gradle\\caches\\modules-2\\files-2.1\\org.springframework.data\\spring-data-commons\\3.3.3\\89ab77494e1e56b058001354265e381a0a2868e6\\spring-data-commons-3.3.3.jar;C:\\Users\\Tassandro\\.gradle\\caches\\modules-2\\files-2.1\\org.springframework\\spring-tx\\6.1.12\\c47885e494845584e08407b611031ea2bcef0ef7\\spring-tx-6.1.12.jar;C:\\Users\\Tassandro\\.gradle\\caches\\modules-2\\files-2.1\\org.springframework\\spring-beans\\6.1.12\\f0344fa934f114a15f02c2b1a199189ec12b7eb5\\spring-beans-6.1.12.jar;C:\\Users\\Tassandro\\.gradle\\caches\\modules-2\\files-2.1\\org.springframework\\spring-expression\\6.1.12\\644bbc2e65eb40feb7284b8570d7a7eb8b1fe8df\\spring-expression-6.1.12.jar;C:\\Users\\Tassandro\\.gradle\\caches\\modules-2\\files-2.1\\org.springframework\\spring-core\\6.1.12\\5f4162fb645c4f72b57b21d721fce9f26edb9bb9\\spring-core-6.1.12.jar;C:\\Users\\Tassandro\\.gradle\\caches\\modules-2\\files-2.1\\org.xmlunit\\xmlunit-core\\2.9.1\\e5833662d9a1279a37da3ef6f62a1da29fcd68c4\\xmlunit-core-2.9.1.jar;C:\\Users\\Tassandro\\.gradle\\caches\\modules-2\\files-2.1\\org.aspectj\\aspectjweaver\\1.9.22.1\\bca243d0af0db4758fbae45c5f4995cb5dabb612\\aspectjweaver-1.9.22.1.jar;C:\\Users\\Tassandro\\.gradle\\caches\\modules-2\\files-2.1\\com.zaxxer\\HikariCP\\5.1.0\\8c96e36c14461fc436bb02b264b96ef3ca5dca8c\\HikariCP-5.1.0.jar;C:\\Users\\Tassandro\\.gradle\\caches\\modules-2\\files-2.1\\jakarta.persistence\\jakarta.persistence-api\\3.1.0\\66901fa1c373c6aff65c13791cc11da72060a8d6\\jakarta.persistence-api-3.1.0.jar;C:\\Users\\Tassandro\\.gradle\\caches\\modules-2\\files-2.1\\jakarta.transaction\\jakarta.transaction-api\\2.0.1\\51a520e3fae406abb84e2e1148e6746ce3f80a1a\\jakarta.transaction-api-2.0.1.jar;C:\\Users\\Tassandro\\.gradle\\caches\\modules-2\\files-2.1\\org.jboss.logging\\jboss-logging\\3.5.3.Final\\c88fc1d8a96d4c3491f55d4317458ccad53ca663\\jboss-logging-3.5.3.Final.jar;C:\\Users\\Tassandro\\.gradle\\caches\\modules-2\\files-2.1\\org.hibernate.common\\hibernate-commons-annotations\\6.0.6.Final\\77a5f94b56d49508e0ee334751db5b78e5ccd50c\\hibernate-commons-annotations-6.0.6.Final.jar;C:\\Users\\Tassandro\\.gradle\\caches\\modules-2\\files-2.1\\io.smallrye\\jandex\\3.1.2\\a6c1c89925c7df06242b03dddb353116ceb9584c\\jandex-3.1.2.jar;C:\\Users\\Tassandro\\.gradle\\caches\\modules-2\\files-2.1\\com.fasterxml\\classmate\\1.7.0\\e98374da1f2143ac8e6e0a95036994bb19137a3\\classmate-1.7.0.jar;C:\\Users\\Tassandro\\.gradle\\caches\\modules-2\\files-2.1\\net.bytebuddy\\byte-buddy\\1.14.19\\4c0c637b8f47dc08f89240e6f59900011752c97b\\byte-buddy-1.14.19.jar;C:\\Users\\Tassandro\\.gradle\\caches\\modules-2\\files-2.1\\jakarta.inject\\jakarta.inject-api\\2.0.1\\4c28afe1991a941d7702fe1362c365f0a8641d1e\\jakarta.inject-api-2.0.1.jar;C:\\Users\\Tassandro\\.gradle\\caches\\modules-2\\files-2.1\\org.antlr\\antlr4-runtime\\4.13.0\\5a02e48521624faaf5ff4d99afc88b01686af655\\antlr4-runtime-4.13.0.jar;C:\\Users\\Tassandro\\.gradle\\caches\\modules-2\\files-2.1\\jakarta.annotation\\jakarta.annotation-api\\2.1.1\\48b9bda22b091b1f48b13af03fe36db3be6e1ae3\\jakarta.annotation-api-2.1.1.jar;C:\\Users\\Tassandro\\.gradle\\caches\\modules-2\\files-2.1\\org.springframework.boot\\spring-boot-starter-logging\\3.3.3\\43d07b2e6bbb628c7fc5df103d35ee2eb091522\\spring-boot-starter-logging-3.3.3.jar;C:\\Users\\Tassandro\\.gradle\\caches\\modules-2\\files-2.1\\ch.qos.logback\\logback-classic\\1.5.7\\ad4ff8ca015737ade8e8a9de07de565c423e5b7a\\logback-classic-1.5.7.jar;C:\\Users\\Tassandro\\.gradle\\caches\\modules-2\\files-2.1\\org.apache.logging.log4j\\log4j-to-slf4j\\2.23.1\\425ad1eb8a39904d2830e907a324e956fb456520\\log4j-to-slf4j-2.23.1.jar;C:\\Users\\Tassandro\\.gradle\\caches\\modules-2\\files-2.1\\org.slf4j\\jul-to-slf4j\\2.0.16\\6d57da3e961daac65bcca0dd3def6cd11e48a24a\\jul-to-slf4j-2.0.16.jar;C:\\Users\\Tassandro\\.gradle\\caches\\modules-2\\files-2.1\\org.slf4j\\slf4j-api\\2.0.16\\172931663a09a1fa515567af5fbef00897d3c04\\slf4j-api-2.0.16.jar;C:\\Users\\Tassandro\\.gradle\\caches\\modules-2\\files-2.1\\org.yaml\\snakeyaml\\2.2\\3af797a25458550a16bf89acc8e4ab2b7f2bfce0\\snakeyaml-2.2.jar;C:\\Users\\Tassandro\\.gradle\\caches\\modules-2\\files-2.1\\jakarta.validation\\jakarta.validation-api\\3.0.2\\92b6631659ba35ca09e44874d3eb936edfeee532\\jakarta.validation-api-3.0.2.jar;C:\\Users\\Tassandro\\.gradle\\caches\\modules-2\\files-2.1\\com.fasterxml.jackson.datatype\\jackson-datatype-jsr310\\2.17.2\\267b85e9ba2892a37be6d80aa9ca1438a0d8c210\\jackson-datatype-jsr310-2.17.2.jar;C:\\Users\\Tassandro\\.gradle\\caches\\modules-2\\files-2.1\\com.fasterxml.jackson.module\\jackson-module-parameter-names\\2.17.2\\d27b9f95ccce98984c1ba58d61c5a9c072b1ad95\\jackson-module-parameter-names-2.17.2.jar;C:\\Users\\Tassandro\\.gradle\\caches\\modules-2\\files-2.1\\com.fasterxml.jackson.core\\jackson-annotations\\2.17.2\\147b7b9412ffff24339f8aba080b292448e08698\\jackson-annotations-2.17.2.jar;C:\\Users\\Tassandro\\.gradle\\caches\\modules-2\\files-2.1\\com.fasterxml.jackson.core\\jackson-core\\2.17.2\\969a35cb35c86512acbadcdbbbfb044c877db814\\jackson-core-2.17.2.jar;C:\\Users\\Tassandro\\.gradle\\caches\\modules-2\\files-2.1\\com.fasterxml.jackson.datatype\\jackson-datatype-jdk8\\2.17.2\\efd3dd0e1d0db8bc72abbe71c15e697bb83b4b45\\jackson-datatype-jdk8-2.17.2.jar;C:\\Users\\Tassandro\\.gradle\\caches\\modules-2\\files-2.1\\com.fasterxml.jackson.core\\jackson-databind\\2.17.2\\e6deb029e5901e027c129341fac39e515066b68c\\jackson-databind-2.17.2.jar;C:\\Users\\Tassandro\\.gradle\\caches\\modules-2\\files-2.1\\org.apache.tomcat.embed\\tomcat-embed-websocket\\10.1.28\\1a5ee88106795215e8a7b6cfea46e57cdfc96430\\tomcat-embed-websocket-10.1.28.jar;C:\\Users\\Tassandro\\.gradle\\caches\\modules-2\\files-2.1\\org.apache.tomcat.embed\\tomcat-embed-core\\10.1.28\\624f53789b7ba96bc3c8e871fb5eed4cab5a7c89\\tomcat-embed-core-10.1.28.jar;C:\\Users\\Tassandro\\.gradle\\caches\\modules-2\\files-2.1\\io.micrometer\\micrometer-observation\\1.13.3\\99840eb14ecf95d349f39123c867c2ca33808d\\micrometer-observation-1.13.3.jar;C:\\Users\\Tassandro\\.gradle\\caches\\modules-2\\files-2.1\\org.jetbrains\\annotations\\13.0\\919f0dfe192fb4e063e7dacadee7f8bb9a2672a9\\annotations-13.0.jar;C:\\Users\\Tassandro\\.gradle\\caches\\modules-2\\files-2.1\\org.eclipse.angus\\angus-activation\\2.0.2\\41f1e0ddd157c856926ed149ab837d110955a9fc\\angus-activation-2.0.2.jar;C:\\Users\\Tassandro\\.gradle\\caches\\modules-2\\files-2.1\\jakarta.activation\\jakarta.activation-api\\2.1.3\\fa165bd70cda600368eee31555222776a46b881f\\jakarta.activation-api-2.1.3.jar;C:\\Users\\Tassandro\\.gradle\\caches\\modules-2\\files-2.1\\net.minidev\\accessors-smart\\2.5.1\\19b820261eb2e7de7d5bde11d1c06e4501dd7e5f\\accessors-smart-2.5.1.jar;C:\\Users\\Tassandro\\.gradle\\caches\\modules-2\\files-2.1\\net.bytebuddy\\byte-buddy-agent\\1.14.19\\154da3a65b4f4a909d3e5bdec55d1b2b4cbb6ce1\\byte-buddy-agent-1.14.19.jar;C:\\Users\\Tassandro\\.gradle\\caches\\modules-2\\files-2.1\\org.objenesis\\objenesis\\3.3\\1049c09f1de4331e8193e579448d0916d75b7631\\objenesis-3.3.jar;C:\\Users\\Tassandro\\.gradle\\caches\\modules-2\\files-2.1\\com.vaadin.external.google\\android-json\\0.0.20131108.vaadin1\\fa26d351fe62a6a17f5cda1287c1c6110dec413f\\android-json-0.0.20131108.vaadin1.jar;C:\\Users\\Tassandro\\.gradle\\caches\\modules-2\\files-2.1\\org.springframework\\spring-jcl\\6.1.12\\f46d6016fd1dd3801a0e6fcd64789ac468254944\\spring-jcl-6.1.12.jar;C:\\Users\\Tassandro\\.gradle\\caches\\modules-2\\files-2.1\\org.opentest4j\\opentest4j\\1.3.0\\152ea56b3a72f655d4fd677fc0ef2596c3dd5e6e\\opentest4j-1.3.0.jar;C:\\Users\\Tassandro\\.gradle\\caches\\modules-2\\files-2.1\\io.micrometer\\micrometer-commons\\1.13.3\\47b6b093cd6ba80c9da8d973ea79c7ef69a878d5\\micrometer-commons-1.13.3.jar;C:\\Users\\Tassandro\\.gradle\\caches\\modules-2\\files-2.1\\org.atteo\\evo-inflector\\1.3\\4cf8b5f363c60e63f8b7688ac053590460f2768e\\evo-inflector-1.3.jar;C:\\Users\\Tassandro\\.gradle\\caches\\modules-2\\files-2.1\\org.ow2.asm\\asm\\9.6\\aa205cf0a06dbd8e04ece91c0b37c3f5d567546a\\asm-9.6.jar;C:\\Users\\Tassandro\\.gradle\\caches\\modules-2\\files-2.1\\org.glassfish.jaxb\\txw2\\4.0.5\\f36a4ef12120a9bb06d766d6a0e54b144fd7ed98\\txw2-4.0.5.jar;C:\\Users\\Tassandro\\.gradle\\caches\\modules-2\\files-2.1\\com.sun.istack\\istack-commons-runtime\\4.1.2\\18ec117c85f3ba0ac65409136afa8e42bc74e739\\istack-commons-runtime-4.1.2.jar;C:\\Users\\Tassandro\\.gradle\\caches\\modules-2\\files-2.1\\ch.qos.logback\\logback-core\\1.5.7\\ba0d0cbac3f21abd28faed3b4931d5b49cc5887e\\logback-core-1.5.7.jar;C:\\Users\\Tassandro\\.gradle\\caches\\modules-2\\files-2.1\\org.apache.logging.log4j\\log4j-api\\2.23.1\\9c15c29c526d9c6783049c0a77722693c66706e1\\log4j-api-2.23.1.jar
Launcher Type: SUN_STANDARD

[Global flags]
     intx CICompilerCount                          = 12                                        {product} {ergonomic}
     uint ConcGCThreads                            = 3                                         {product} {ergonomic}
     uint G1ConcRefinementThreads                  = 13                                        {product} {ergonomic}
   size_t G1HeapRegionSize                         = 1048576                                   {product} {ergonomic}
   size_t InitialHeapSize                          = 98566144                                  {product} {ergonomic}
   size_t MarkStackSize                            = 4194304                                   {product} {ergonomic}
   size_t MaxHeapSize                              = 536870912                                 {product} {command line}
   size_t MaxNewSize                               = 321912832                                 {product} {ergonomic}
   size_t MinHeapDeltaBytes                        = 1048576                                   {product} {ergonomic}
   size_t MinHeapSize                              = 8388608                                   {product} {ergonomic}
    uintx NonNMethodCodeHeapSize                   = 7602480                                {pd product} {ergonomic}
    uintx NonProfiledCodeHeapSize                  = 122027880                              {pd product} {ergonomic}
    uintx ProfiledCodeHeapSize                     = 122027880                              {pd product} {ergonomic}
    uintx ReservedCodeCacheSize                    = 251658240                              {pd product} {ergonomic}
     bool SegmentedCodeCache                       = true                                      {product} {ergonomic}
   size_t SoftMaxHeapSize                          = 536870912                              {manageable} {ergonomic}
     bool UseCompressedOops                        = true                           {product lp64_product} {ergonomic}
     bool UseG1GC                                  = true                                      {product} {ergonomic}
     bool UseLargePagesIndividualAllocation        = false                                  {pd product} {ergonomic}

Logging:
Log output configuration:
 #0: stdout all=warning uptime,level,tags foldmultilines=false
 #1: stderr all=off uptime,level,tags foldmultilines=false

Environment Variables:
JAVA_HOME=C:\Program Files\Java\jdk-22
CLASSPATH=C:\Users\Tassandro\Desktop\Gradle\gradle-8.10-bin\gradle-8.10\lib\gradle-gradle-cli-main-8.10.jar
PATH=C:\Users\Tassandro\Desktop\Gradle\gradle-8.10-bin\gradle-8.10\bin
USERNAME=Tassandro
LANG=en_US.UTF-8
OS=Windows_NT
PROCESSOR_IDENTIFIER=AMD64 Family 23 Model 104 Stepping 1, AuthenticAMD
TMP=C:\Users\TASSAN~1\AppData\Local\Temp
TEMP=C:\Users\TASSAN~1\AppData\Local\Temp




Periodic native trim disabled

---------------  S Y S T E M  ---------------

OS:
 Windows 11 , 64 bit Build 22621 (10.0.22621.3958)
OS uptime: 2 days 15:16 hours
Hyper-V role detected

CPU: total 16 (initial active 16) (16 cores per cpu, 2 threads per core) family 23 model 104 stepping 1 microcode 0x0, cx8, cmov, fxsr, ht, mmx, 3dnowpref, sse, sse2, sse3, ssse3, sse4a, sse4.1, sse4.2, popcnt, lzcnt, tsc, tscinvbit, avx, avx2, aes, clmul, bmi1, bmi2, adx, sha, fma, vzeroupper, clflush, clflushopt, hv, rdtscp, rdpid, f16c
Processor Information for all 16 processors :
  Max Mhz: 1801, Current Mhz: 1801, Mhz Limit: 1801

Memory: 4k page, system-wide physical 5989M (281M free)
TotalPageFile size 24421M (AvailPageFile size 1M)
current process WorkingSet (physical memory assigned to process): 107M, peak: 107M
current process commit charge ("private bytes"): 220M, peak: 220M

vm_info: Java HotSpot(TM) 64-Bit Server VM (22.0.2+9-70) for windows-amd64 JRE (22.0.2+9-70), built on 2024-06-04T16:52:23Z by "mach5one" with MS VC++ 17.6 (VS2022)

END.
