#
# There is insufficient memory for the Java Runtime Environment to continue.
# Native memory allocation (malloc) failed to allocate 32744 bytes. Error detail: Chunk::new
# Possible reasons:
#   The system is out of physical RAM or swap space
#   This process is running with CompressedOops enabled, and the Java Heap may be blocking the growth of the native heap
# Possible solutions:
#   Reduce memory load on the system
#   Increase physical memory or swap space
#   Check if swap backing store is full
#   Decrease Java heap size (-Xmx/-Xms)
#   Decrease number of Java threads
#   Decrease Java thread stack sizes (-Xss)
#   Set larger code cache with -XX:ReservedCodeCacheSize=
#   JVM is running with Unscaled Compressed Oops mode in which the Java heap is
#     placed in the first 4GB address space. The Java Heap base address is the
#     maximum limit for the native heap growth. Please use -XX:HeapBaseMinAddress
#     to set the Java Heap base and to place the Java Heap above 4GB virtual address.
# This output file may be truncated or incomplete.
#
#  Out of Memory Error (arena.cpp:150), pid=23740, tid=69380
#
# JRE version: Java(TM) SE Runtime Environment (22.0.2+9) (build 22.0.2+9-70)
# Java VM: Java HotSpot(TM) 64-Bit Server VM (22.0.2+9-70, mixed mode, sharing, tiered, compressed oops, compressed class ptrs, g1 gc, windows-amd64)
# No core dump will be written. Minidumps are not enabled by default on client versions of Windows
#

---------------  S U M M A R Y ------------

Command Line: --add-opens=java.base/java.util=ALL-UNNAMED --add-opens=java.base/java.lang=ALL-UNNAMED --add-opens=java.base/java.lang.invoke=ALL-UNNAMED --add-opens=java.prefs/java.util.prefs=ALL-UNNAMED --add-opens=java.base/java.nio.charset=ALL-UNNAMED --add-opens=java.base/java.net=ALL-UNNAMED --add-opens=java.base/java.util.concurrent.atomic=ALL-UNNAMED -XX:MaxMetaspaceSize=384m -XX:+HeapDumpOnOutOfMemoryError -Xms256m -Xmx512m -Dfile.encoding=UTF-8 -Duser.country=BR -Duser.language=pt -Duser.variant -javaagent:C:\Users\Tassandro\.gradle\wrapper\dists\gradle-8.8-bin\dl7vupf4psengwqhwktix4v1\gradle-8.8\lib\agents\gradle-instrumentation-agent-8.8.jar org.gradle.launcher.daemon.bootstrap.GradleDaemon 8.8

Host: AMD Ryzen 7 5700U with Radeon Graphics         , 16 cores, 5G,  Windows 11 , 64 bit Build 22621 (10.0.22621.3958)
Time: Mon Aug 26 12:55:39 2024 Hora oficial do Brasil elapsed time: 12.545041 seconds (0d 0h 0m 12s)

---------------  T H R E A D  ---------------

Current thread (0x0000016f3acc7850):  JavaThread "C1 CompilerThread0" daemon [_thread_in_native, id=69380, stack(0x0000002f8c700000,0x0000002f8c800000) (1024K)]


Current CompileTask:
C1:12545 4652       3       java.lang.reflect.ProxyGenerator::computeUniqueCatchList (163 bytes)

Stack: [0x0000002f8c700000,0x0000002f8c800000]
Native frames: (J=compiled Java code, j=interpreted, Vv=VM code, C=native code)
V  [jvm.dll+0x6e26e9]  (no source info available)
V  [jvm.dll+0x875753]  (no source info available)
V  [jvm.dll+0x877b7e]  (no source info available)
V  [jvm.dll+0x878253]  (no source info available)
V  [jvm.dll+0x27fc86]  (no source info available)
V  [jvm.dll+0xc3d0f]  (no source info available)
V  [jvm.dll+0xc3f6b]  (no source info available)
V  [jvm.dll+0x193de7]  (no source info available)
V  [jvm.dll+0x194a52]  (no source info available)
V  [jvm.dll+0x194b0d]  (no source info available)
V  [jvm.dll+0x1970f9]  (no source info available)
V  [jvm.dll+0x198714]  (no source info available)
V  [jvm.dll+0x153e45]  (no source info available)
V  [jvm.dll+0x1535c3]  (no source info available)
V  [jvm.dll+0x1538a0]  (no source info available)
V  [jvm.dll+0x152c1d]  (no source info available)
V  [jvm.dll+0x154add]  (no source info available)
V  [jvm.dll+0x2568f3]  (no source info available)
V  [jvm.dll+0x254baa]  (no source info available)
V  [jvm.dll+0x3f57a6]  (no source info available)
V  [jvm.dll+0x81dc0b]  (no source info available)
V  [jvm.dll+0x6e0d85]  (no source info available)
C  [ucrtbase.dll+0x29333]  (no source info available)
C  [KERNEL32.DLL+0x1257d]  (no source info available)
C  [ntdll.dll+0x5af28]  (no source info available)


---------------  P R O C E S S  ---------------

Threads class SMR info:
_java_thread_list=0x0000016f55111500, length=34, elements={
0x0000016f1de7d830, 0x0000016f3aca4d10, 0x0000016f3aca5c30, 0x0000016f3acafd80,
0x0000016f3acb4090, 0x0000016f3b921fe0, 0x0000016f3b922780, 0x0000016f3acc4b30,
0x0000016f3acc7850, 0x0000016f3ba7f950, 0x0000016f3ba7ec30, 0x0000016f3ba80670,
0x0000016f3ba7df10, 0x0000016f3ba7f2c0, 0x0000016f3ba7e5a0, 0x0000016f3ba7d880,
0x0000016f56939cf0, 0x0000016f5693a380, 0x0000016f56938940, 0x0000016f5693cae0,
0x0000016f5693bdc0, 0x0000016f56937590, 0x0000016f5693c450, 0x0000016f56937c20,
0x0000016f5693b0a0, 0x0000016f56938fd0, 0x0000016f5693de90, 0x0000016f56939660,
0x0000016f56936f00, 0x0000016f58211ba0, 0x0000016f5693aa10, 0x0000016f569382b0,
0x0000016f5738a140, 0x0000016f573879e0
}

Java Threads: ( => current thread )
  0x0000016f1de7d830 JavaThread "main"                              [_thread_blocked, id=38508, stack(0x0000002f8b800000,0x0000002f8b900000) (1024K)]
  0x0000016f3aca4d10 JavaThread "Reference Handler"          daemon [_thread_blocked, id=70968, stack(0x0000002f8c000000,0x0000002f8c100000) (1024K)]
  0x0000016f3aca5c30 JavaThread "Finalizer"                  daemon [_thread_blocked, id=57064, stack(0x0000002f8c100000,0x0000002f8c200000) (1024K)]
  0x0000016f3acafd80 JavaThread "Signal Dispatcher"          daemon [_thread_blocked, id=6572, stack(0x0000002f8c200000,0x0000002f8c300000) (1024K)]
  0x0000016f3acb4090 JavaThread "Attach Listener"            daemon [_thread_blocked, id=2000, stack(0x0000002f8c300000,0x0000002f8c400000) (1024K)]
  0x0000016f3b921fe0 JavaThread "Service Thread"             daemon [_thread_blocked, id=70648, stack(0x0000002f8c400000,0x0000002f8c500000) (1024K)]
  0x0000016f3b922780 JavaThread "Monitor Deflation Thread"   daemon [_thread_blocked, id=50280, stack(0x0000002f8c500000,0x0000002f8c600000) (1024K)]
  0x0000016f3acc4b30 JavaThread "C2 CompilerThread0"         daemon [_thread_in_native, id=68984, stack(0x0000002f8c600000,0x0000002f8c700000) (1024K)]
=>0x0000016f3acc7850 JavaThread "C1 CompilerThread0"         daemon [_thread_in_native, id=69380, stack(0x0000002f8c700000,0x0000002f8c800000) (1024K)]
  0x0000016f3ba7f950 JavaThread "Common-Cleaner"             daemon [_thread_blocked, id=72376, stack(0x0000002f8c900000,0x0000002f8ca00000) (1024K)]
  0x0000016f3ba7ec30 JavaThread "Notification Thread"        daemon [_thread_blocked, id=53408, stack(0x0000002f8ca00000,0x0000002f8cb00000) (1024K)]
  0x0000016f3ba80670 JavaThread "Daemon health stats"               [_thread_blocked, id=56576, stack(0x0000002f8d100000,0x0000002f8d200000) (1024K)]
  0x0000016f3ba7df10 JavaThread "Incoming local TCP Connector on port 51140"        [_thread_in_native, id=10340, stack(0x0000002f8d200000,0x0000002f8d300000) (1024K)]
  0x0000016f3ba7f2c0 JavaThread "Daemon periodic checks"            [_thread_blocked, id=72444, stack(0x0000002f8d300000,0x0000002f8d400000) (1024K)]
  0x0000016f3ba7e5a0 JavaThread "Daemon"                            [_thread_blocked, id=72416, stack(0x0000002f8d400000,0x0000002f8d500000) (1024K)]
  0x0000016f3ba7d880 JavaThread "Handler for socket connection from /127.0.0.1:51140 to /127.0.0.1:51141"        [_thread_in_native, id=72080, stack(0x0000002f8d500000,0x0000002f8d600000) (1024K)]
  0x0000016f56939cf0 JavaThread "Cancel handler"                    [_thread_blocked, id=69924, stack(0x0000002f8d600000,0x0000002f8d700000) (1024K)]
  0x0000016f5693a380 JavaThread "Daemon worker"                     [_thread_in_Java, id=66924, stack(0x0000002f8d700000,0x0000002f8d800000) (1024K)]
  0x0000016f56938940 JavaThread "Asynchronous log dispatcher for DefaultDaemonConnection: socket connection from /127.0.0.1:51140 to /127.0.0.1:51141"        [_thread_blocked, id=54396, stack(0x0000002f8d800000,0x0000002f8d900000) (1024K)]
  0x0000016f5693cae0 JavaThread "Stdin handler"                     [_thread_blocked, id=38628, stack(0x0000002f8d900000,0x0000002f8da00000) (1024K)]
  0x0000016f5693bdc0 JavaThread "Daemon client event forwarder"        [_thread_blocked, id=9432, stack(0x0000002f8da00000,0x0000002f8db00000) (1024K)]
  0x0000016f56937590 JavaThread "Cache worker for journal cache (C:\Users\Tassandro\.gradle\caches\journal-1)"        [_thread_blocked, id=72648, stack(0x0000002f8db00000,0x0000002f8dc00000) (1024K)]
  0x0000016f5693c450 JavaThread "File lock request listener"        [_thread_in_native, id=72516, stack(0x0000002f8dc00000,0x0000002f8dd00000) (1024K)]
  0x0000016f56937c20 JavaThread "Cache worker for file hash cache (C:\Users\Tassandro\.gradle\caches\8.8\fileHashes)"        [_thread_blocked, id=69792, stack(0x0000002f8dd00000,0x0000002f8de00000) (1024K)]
  0x0000016f5693b0a0 JavaThread "Cache worker for file hash cache (C:\Users\Tassandro\literar.io\api\.gradle\8.8\fileHashes)"        [_thread_blocked, id=19412, stack(0x0000002f8de00000,0x0000002f8df00000) (1024K)]
  0x0000016f56938fd0 JavaThread "File watcher server"        daemon [_thread_in_native, id=69244, stack(0x0000002f8e800000,0x0000002f8e900000) (1024K)]
  0x0000016f5693de90 JavaThread "File watcher consumer"      daemon [_thread_blocked, id=59828, stack(0x0000002f8e900000,0x0000002f8ea00000) (1024K)]
  0x0000016f56939660 JavaThread "Cache worker for checksums cache (C:\Users\Tassandro\literar.io\api\.gradle\8.8\checksums)"        [_thread_blocked, id=67412, stack(0x0000002f8c800000,0x0000002f8c900000) (1024K)]
  0x0000016f56936f00 JavaThread "Cache worker for file content cache (C:\Users\Tassandro\.gradle\caches\8.8\fileContent)"        [_thread_blocked, id=60892, stack(0x0000002f8d000000,0x0000002f8d100000) (1024K)]
  0x0000016f58211ba0 JavaThread "C1 CompilerThread1"         daemon [_thread_blocked, id=69716, stack(0x0000002f8ea00000,0x0000002f8eb00000) (1024K)]
  0x0000016f5693aa10 JavaThread "Cache worker for cache directory md-rule (C:\Users\Tassandro\.gradle\caches\8.8\md-rule)"        [_thread_blocked, id=72156, stack(0x0000002f8eb00000,0x0000002f8ec00000) (1024K)]
  0x0000016f569382b0 JavaThread "Cache worker for cache directory md-supplier (C:\Users\Tassandro\.gradle\caches\8.8\md-supplier)"        [_thread_blocked, id=34612, stack(0x0000002f8ec00000,0x0000002f8ed00000) (1024K)]
  0x0000016f5738a140 JavaThread "jar transforms"                    [_thread_blocked, id=66712, stack(0x0000002f8ed00000,0x0000002f8ee00000) (1024K)]
  0x0000016f573879e0 JavaThread "jar transforms Thread 2"           [_thread_blocked, id=71024, stack(0x0000002f8ee00000,0x0000002f8ef00000) (1024K)]
Total: 34

Other Threads:
  0x0000016f3ac876c0 VMThread "VM Thread"                           [id=71272, stack(0x0000002f8bf00000,0x0000002f8c000000) (1024K)]
  0x0000016f3b9019e0 WatcherThread "VM Periodic Task Thread"        [id=67628, stack(0x0000002f8be00000,0x0000002f8bf00000) (1024K)]
  0x0000016f201f1690 WorkerThread "GC Thread#0"                     [id=69748, stack(0x0000002f8b900000,0x0000002f8ba00000) (1024K)]
  0x0000016f5586f310 WorkerThread "GC Thread#1"                     [id=13324, stack(0x0000002f8cb00000,0x0000002f8cc00000) (1024K)]
  0x0000016f558a1130 WorkerThread "GC Thread#2"                     [id=63756, stack(0x0000002f8cc00000,0x0000002f8cd00000) (1024K)]
  0x0000016f55869330 WorkerThread "GC Thread#3"                     [id=66908, stack(0x0000002f8cd00000,0x0000002f8ce00000) (1024K)]
  0x0000016f558696e0 WorkerThread "GC Thread#4"                     [id=28736, stack(0x0000002f8ce00000,0x0000002f8cf00000) (1024K)]
  0x0000016f557da530 WorkerThread "GC Thread#5"                     [id=69700, stack(0x0000002f8cf00000,0x0000002f8d000000) (1024K)]
  0x0000016f3b94f640 WorkerThread "GC Thread#6"                     [id=70976, stack(0x0000002f8df00000,0x0000002f8e000000) (1024K)]
  0x0000016f3b94e780 WorkerThread "GC Thread#7"                     [id=71504, stack(0x0000002f8e000000,0x0000002f8e100000) (1024K)]
  0x0000016f3b94f9f0 WorkerThread "GC Thread#8"                     [id=53228, stack(0x0000002f8e100000,0x0000002f8e200000) (1024K)]
  0x0000016f3b94fda0 WorkerThread "GC Thread#9"                     [id=71772, stack(0x0000002f8e200000,0x0000002f8e300000) (1024K)]
  0x0000016f3b94eb30 WorkerThread "GC Thread#10"                    [id=49728, stack(0x0000002f8e300000,0x0000002f8e400000) (1024K)]
  0x0000016f3b94eee0 WorkerThread "GC Thread#11"                    [id=48588, stack(0x0000002f8e400000,0x0000002f8e500000) (1024K)]
  0x0000016f3b94f290 WorkerThread "GC Thread#12"                    [id=71908, stack(0x0000002f8e500000,0x0000002f8e600000) (1024K)]
  0x0000016f201f6590 ConcurrentGCThread "G1 Main Marker"            [id=62184, stack(0x0000002f8ba00000,0x0000002f8bb00000) (1024K)]
  0x0000016f201f7900 WorkerThread "G1 Conc#0"                       [id=71352, stack(0x0000002f8bb00000,0x0000002f8bc00000) (1024K)]
  0x0000016f575a9060 WorkerThread "G1 Conc#1"                       [id=9316, stack(0x0000002f8e600000,0x0000002f8e700000) (1024K)]
  0x0000016f575a9410 WorkerThread "G1 Conc#2"                       [id=29536, stack(0x0000002f8e700000,0x0000002f8e800000) (1024K)]
  0x0000016f3abc4510 ConcurrentGCThread "G1 Refine#0"               [id=25224, stack(0x0000002f8bc00000,0x0000002f8bd00000) (1024K)]
  0x0000016f3abc5eb0 ConcurrentGCThread "G1 Service"                [id=61536, stack(0x0000002f8bd00000,0x0000002f8be00000) (1024K)]
Total: 21

Threads with active compile tasks:
C2 CompilerThread0  12975 4490   !   4       java.security.AccessController::doPrivileged (26 bytes)
C1 CompilerThread0  12975 4652       3       java.lang.reflect.ProxyGenerator::computeUniqueCatchList (163 bytes)
Total: 2

VM state: not at safepoint (normal execution)

VM Mutex/Monitor currently owned by a thread: None

Heap address: 0x00000000e0000000, size: 512 MB, Compressed Oops mode: 32-bit

CDS archive(s) mapped at: [0x0000016f3c000000-0x0000016f3cc60000-0x0000016f3cc60000), size 12976128, SharedBaseAddress: 0x0000016f3c000000, ArchiveRelocationMode: 1.
Compressed class space mapped at: 0x0000016f3d000000-0x0000016f51000000, reserved size: 335544320
Narrow klass base: 0x0000016f3c000000, Narrow klass shift: 0, Narrow klass range: 0x15000000

GC Precious Log:
 CardTable entry size: 512
 Card Set container configuration: InlinePtr #cards 5 size 8 Array Of Cards #cards 12 size 40 Howl #buckets 4 coarsen threshold 1843 Howl Bitmap #cards 512 size 80 coarsen threshold 460 Card regions per heap region 1 cards per card region 2048
 CPUs: 16 total, 16 available
 Memory: 5989M
 Large Page Support: Disabled
 NUMA Support: Disabled
 Compressed Oops: Enabled (32-bit)
 Heap Region Size: 1M
 Heap Min Capacity: 256M
 Heap Initial Capacity: 256M
 Heap Max Capacity: 512M
 Pre-touch: Disabled
 Parallel Workers: 13
 Concurrent Workers: 3
 Concurrent Refinement Workers: 13
 Periodic GC: Disabled

Heap:
 garbage-first heap   total reserved 524288K, committed 262144K, used 51826K [0x00000000e0000000, 0x0000000100000000)
  region size 1024K, 28 young (28672K), 10 survivors (10240K)
 Metaspace       used 37577K, committed 38912K, reserved 393216K
  class space    used 5558K, committed 6208K, reserved 327680K

Heap Regions: E=young(eden), S=young(survivor), O=old, HS=humongous(starts), HC=humongous(continues), CS=collection set, F=free, TAMS=top-at-mark-start, PB=parsable bottom
|   0|0x00000000e0000000, 0x00000000e0100000, 0x00000000e0100000|100%|HS|  |TAMS 0x00000000e0000000| PB 0x00000000e0000000| Complete |  0
|   1|0x00000000e0100000, 0x00000000e0200000, 0x00000000e0200000|100%|HC|  |TAMS 0x00000000e0100000| PB 0x00000000e0100000| Complete |  0
|   2|0x00000000e0200000, 0x00000000e0300000, 0x00000000e0300000|100%|HC|  |TAMS 0x00000000e0200000| PB 0x00000000e0200000| Complete |  0
|   3|0x00000000e0300000, 0x00000000e0400000, 0x00000000e0400000|100%|HC|  |TAMS 0x00000000e0300000| PB 0x00000000e0300000| Complete |  0
|   4|0x00000000e0400000, 0x00000000e0500000, 0x00000000e0500000|100%| O|  |TAMS 0x00000000e0400000| PB 0x00000000e0400000| Untracked |  0
|   5|0x00000000e0500000, 0x00000000e0500000, 0x00000000e0600000|  0%| F|  |TAMS 0x00000000e0500000| PB 0x00000000e0500000| Untracked |  0
|   6|0x00000000e0600000, 0x00000000e0700000, 0x00000000e0700000|100%| O|  |TAMS 0x00000000e0600000| PB 0x00000000e0600000| Untracked |  0
|   7|0x00000000e0700000, 0x00000000e0800000, 0x00000000e0800000|100%| O|  |TAMS 0x00000000e0700000| PB 0x00000000e0700000| Untracked |  0
|   8|0x00000000e0800000, 0x00000000e0900000, 0x00000000e0900000|100%| O|  |TAMS 0x00000000e0800000| PB 0x00000000e0800000| Untracked |  0
|   9|0x00000000e0900000, 0x00000000e0a00000, 0x00000000e0a00000|100%| O|  |TAMS 0x00000000e0900000| PB 0x00000000e0900000| Untracked |  0
|  10|0x00000000e0a00000, 0x00000000e0b00000, 0x00000000e0b00000|100%| O|  |TAMS 0x00000000e0a00000| PB 0x00000000e0a00000| Untracked |  0
|  11|0x00000000e0b00000, 0x00000000e0c00000, 0x00000000e0c00000|100%|HS|  |TAMS 0x00000000e0b00000| PB 0x00000000e0b00000| Complete |  0
|  12|0x00000000e0c00000, 0x00000000e0d00000, 0x00000000e0d00000|100%| O|  |TAMS 0x00000000e0c00000| PB 0x00000000e0c00000| Untracked |  0
|  13|0x00000000e0d00000, 0x00000000e0e00000, 0x00000000e0e00000|100%| O|  |TAMS 0x00000000e0d00000| PB 0x00000000e0d00000| Untracked |  0
|  14|0x00000000e0e00000, 0x00000000e0f00000, 0x00000000e0f00000|100%| O|  |TAMS 0x00000000e0e00000| PB 0x00000000e0e00000| Untracked |  0
|  15|0x00000000e0f00000, 0x00000000e1000000, 0x00000000e1000000|100%| O|  |TAMS 0x00000000e0f00000| PB 0x00000000e0f00000| Untracked |  0
|  16|0x00000000e1000000, 0x00000000e1100000, 0x00000000e1100000|100%| O|  |TAMS 0x00000000e1000000| PB 0x00000000e1000000| Untracked |  0
|  17|0x00000000e1100000, 0x00000000e1200000, 0x00000000e1200000|100%| O|  |TAMS 0x00000000e1100000| PB 0x00000000e1100000| Untracked |  0
|  18|0x00000000e1200000, 0x00000000e1300000, 0x00000000e1300000|100%| O|  |TAMS 0x00000000e1200000| PB 0x00000000e1200000| Untracked |  0
|  19|0x00000000e1300000, 0x00000000e1400000, 0x00000000e1400000|100%| O|  |TAMS 0x00000000e1300000| PB 0x00000000e1300000| Untracked |  0
|  20|0x00000000e1400000, 0x00000000e1500000, 0x00000000e1500000|100%| O|  |TAMS 0x00000000e1400000| PB 0x00000000e1400000| Untracked |  0
|  21|0x00000000e1500000, 0x00000000e1600000, 0x00000000e1600000|100%| O|  |TAMS 0x00000000e1500000| PB 0x00000000e1500000| Untracked |  0
|  22|0x00000000e1600000, 0x00000000e1700000, 0x00000000e1700000|100%| O|  |TAMS 0x00000000e1600000| PB 0x00000000e1600000| Untracked |  0
|  23|0x00000000e1700000, 0x00000000e1800000, 0x00000000e1800000|100%| O|Cm|TAMS 0x00000000e1700000| PB 0x00000000e1700000| Complete |  0
|  24|0x00000000e1800000, 0x00000000e1900000, 0x00000000e1900000|100%| O|  |TAMS 0x00000000e1800000| PB 0x00000000e1800000| Untracked |  0
|  25|0x00000000e1900000, 0x00000000e197fed8, 0x00000000e1a00000| 49%| O|  |TAMS 0x00000000e1900000| PB 0x00000000e1900000| Untracked |  0
|  26|0x00000000e1a00000, 0x00000000e1a00000, 0x00000000e1b00000|  0%| F|  |TAMS 0x00000000e1a00000| PB 0x00000000e1a00000| Untracked |  0
|  27|0x00000000e1b00000, 0x00000000e1b00000, 0x00000000e1c00000|  0%| F|  |TAMS 0x00000000e1b00000| PB 0x00000000e1b00000| Untracked |  0
|  28|0x00000000e1c00000, 0x00000000e1c00000, 0x00000000e1d00000|  0%| F|  |TAMS 0x00000000e1c00000| PB 0x00000000e1c00000| Untracked |  0
|  29|0x00000000e1d00000, 0x00000000e1d00000, 0x00000000e1e00000|  0%| F|  |TAMS 0x00000000e1d00000| PB 0x00000000e1d00000| Untracked |  0
|  30|0x00000000e1e00000, 0x00000000e1e00000, 0x00000000e1f00000|  0%| F|  |TAMS 0x00000000e1e00000| PB 0x00000000e1e00000| Untracked |  0
|  31|0x00000000e1f00000, 0x00000000e1f00000, 0x00000000e2000000|  0%| F|  |TAMS 0x00000000e1f00000| PB 0x00000000e1f00000| Untracked |  0
|  32|0x00000000e2000000, 0x00000000e2000000, 0x00000000e2100000|  0%| F|  |TAMS 0x00000000e2000000| PB 0x00000000e2000000| Untracked |  0
|  33|0x00000000e2100000, 0x00000000e2100000, 0x00000000e2200000|  0%| F|  |TAMS 0x00000000e2100000| PB 0x00000000e2100000| Untracked |  0
|  34|0x00000000e2200000, 0x00000000e2200000, 0x00000000e2300000|  0%| F|  |TAMS 0x00000000e2200000| PB 0x00000000e2200000| Untracked |  0
|  35|0x00000000e2300000, 0x00000000e2300000, 0x00000000e2400000|  0%| F|  |TAMS 0x00000000e2300000| PB 0x00000000e2300000| Untracked |  0
|  36|0x00000000e2400000, 0x00000000e2400000, 0x00000000e2500000|  0%| F|  |TAMS 0x00000000e2400000| PB 0x00000000e2400000| Untracked |  0
|  37|0x00000000e2500000, 0x00000000e2500000, 0x00000000e2600000|  0%| F|  |TAMS 0x00000000e2500000| PB 0x00000000e2500000| Untracked |  0
|  38|0x00000000e2600000, 0x00000000e2600000, 0x00000000e2700000|  0%| F|  |TAMS 0x00000000e2600000| PB 0x00000000e2600000| Untracked |  0
|  39|0x00000000e2700000, 0x00000000e2700000, 0x00000000e2800000|  0%| F|  |TAMS 0x00000000e2700000| PB 0x00000000e2700000| Untracked |  0
|  40|0x00000000e2800000, 0x00000000e2800000, 0x00000000e2900000|  0%| F|  |TAMS 0x00000000e2800000| PB 0x00000000e2800000| Untracked |  0
|  41|0x00000000e2900000, 0x00000000e2900000, 0x00000000e2a00000|  0%| F|  |TAMS 0x00000000e2900000| PB 0x00000000e2900000| Untracked |  0
|  42|0x00000000e2a00000, 0x00000000e2a00000, 0x00000000e2b00000|  0%| F|  |TAMS 0x00000000e2a00000| PB 0x00000000e2a00000| Untracked |  0
|  43|0x00000000e2b00000, 0x00000000e2b00000, 0x00000000e2c00000|  0%| F|  |TAMS 0x00000000e2b00000| PB 0x00000000e2b00000| Untracked |  0
|  44|0x00000000e2c00000, 0x00000000e2c00000, 0x00000000e2d00000|  0%| F|  |TAMS 0x00000000e2c00000| PB 0x00000000e2c00000| Untracked |  0
|  45|0x00000000e2d00000, 0x00000000e2d00000, 0x00000000e2e00000|  0%| F|  |TAMS 0x00000000e2d00000| PB 0x00000000e2d00000| Untracked |  0
|  46|0x00000000e2e00000, 0x00000000e2e00000, 0x00000000e2f00000|  0%| F|  |TAMS 0x00000000e2e00000| PB 0x00000000e2e00000| Untracked |  0
|  47|0x00000000e2f00000, 0x00000000e2f00000, 0x00000000e3000000|  0%| F|  |TAMS 0x00000000e2f00000| PB 0x00000000e2f00000| Untracked |  0
|  48|0x00000000e3000000, 0x00000000e3000000, 0x00000000e3100000|  0%| F|  |TAMS 0x00000000e3000000| PB 0x00000000e3000000| Untracked |  0
|  49|0x00000000e3100000, 0x00000000e3100000, 0x00000000e3200000|  0%| F|  |TAMS 0x00000000e3100000| PB 0x00000000e3100000| Untracked |  0
|  50|0x00000000e3200000, 0x00000000e3200000, 0x00000000e3300000|  0%| F|  |TAMS 0x00000000e3200000| PB 0x00000000e3200000| Untracked |  0
|  51|0x00000000e3300000, 0x00000000e3300000, 0x00000000e3400000|  0%| F|  |TAMS 0x00000000e3300000| PB 0x00000000e3300000| Untracked |  0
|  52|0x00000000e3400000, 0x00000000e3400000, 0x00000000e3500000|  0%| F|  |TAMS 0x00000000e3400000| PB 0x00000000e3400000| Untracked |  0
|  53|0x00000000e3500000, 0x00000000e3500000, 0x00000000e3600000|  0%| F|  |TAMS 0x00000000e3500000| PB 0x00000000e3500000| Untracked |  0
|  54|0x00000000e3600000, 0x00000000e3600000, 0x00000000e3700000|  0%| F|  |TAMS 0x00000000e3600000| PB 0x00000000e3600000| Untracked |  0
|  55|0x00000000e3700000, 0x00000000e3700000, 0x00000000e3800000|  0%| F|  |TAMS 0x00000000e3700000| PB 0x00000000e3700000| Untracked |  0
|  56|0x00000000e3800000, 0x00000000e3800000, 0x00000000e3900000|  0%| F|  |TAMS 0x00000000e3800000| PB 0x00000000e3800000| Untracked |  0
|  57|0x00000000e3900000, 0x00000000e3900000, 0x00000000e3a00000|  0%| F|  |TAMS 0x00000000e3900000| PB 0x00000000e3900000| Untracked |  0
|  58|0x00000000e3a00000, 0x00000000e3a00000, 0x00000000e3b00000|  0%| F|  |TAMS 0x00000000e3a00000| PB 0x00000000e3a00000| Untracked |  0
|  59|0x00000000e3b00000, 0x00000000e3b00000, 0x00000000e3c00000|  0%| F|  |TAMS 0x00000000e3b00000| PB 0x00000000e3b00000| Untracked |  0
|  60|0x00000000e3c00000, 0x00000000e3c00000, 0x00000000e3d00000|  0%| F|  |TAMS 0x00000000e3c00000| PB 0x00000000e3c00000| Untracked |  0
|  61|0x00000000e3d00000, 0x00000000e3d00000, 0x00000000e3e00000|  0%| F|  |TAMS 0x00000000e3d00000| PB 0x00000000e3d00000| Untracked |  0
|  62|0x00000000e3e00000, 0x00000000e3e00000, 0x00000000e3f00000|  0%| F|  |TAMS 0x00000000e3e00000| PB 0x00000000e3e00000| Untracked |  0
|  63|0x00000000e3f00000, 0x00000000e3f00000, 0x00000000e4000000|  0%| F|  |TAMS 0x00000000e3f00000| PB 0x00000000e3f00000| Untracked |  0
|  64|0x00000000e4000000, 0x00000000e4000000, 0x00000000e4100000|  0%| F|  |TAMS 0x00000000e4000000| PB 0x00000000e4000000| Untracked |  0
|  65|0x00000000e4100000, 0x00000000e4100000, 0x00000000e4200000|  0%| F|  |TAMS 0x00000000e4100000| PB 0x00000000e4100000| Untracked |  0
|  66|0x00000000e4200000, 0x00000000e4200000, 0x00000000e4300000|  0%| F|  |TAMS 0x00000000e4200000| PB 0x00000000e4200000| Untracked |  0
|  67|0x00000000e4300000, 0x00000000e4300000, 0x00000000e4400000|  0%| F|  |TAMS 0x00000000e4300000| PB 0x00000000e4300000| Untracked |  0
|  68|0x00000000e4400000, 0x00000000e4400000, 0x00000000e4500000|  0%| F|  |TAMS 0x00000000e4400000| PB 0x00000000e4400000| Untracked |  0
|  69|0x00000000e4500000, 0x00000000e4500000, 0x00000000e4600000|  0%| F|  |TAMS 0x00000000e4500000| PB 0x00000000e4500000| Untracked |  0
|  70|0x00000000e4600000, 0x00000000e4600000, 0x00000000e4700000|  0%| F|  |TAMS 0x00000000e4600000| PB 0x00000000e4600000| Untracked |  0
|  71|0x00000000e4700000, 0x00000000e4700000, 0x00000000e4800000|  0%| F|  |TAMS 0x00000000e4700000| PB 0x00000000e4700000| Untracked |  0
|  72|0x00000000e4800000, 0x00000000e4800000, 0x00000000e4900000|  0%| F|  |TAMS 0x00000000e4800000| PB 0x00000000e4800000| Untracked |  0
|  73|0x00000000e4900000, 0x00000000e4900000, 0x00000000e4a00000|  0%| F|  |TAMS 0x00000000e4900000| PB 0x00000000e4900000| Untracked |  0
|  74|0x00000000e4a00000, 0x00000000e4a00000, 0x00000000e4b00000|  0%| F|  |TAMS 0x00000000e4a00000| PB 0x00000000e4a00000| Untracked |  0
|  75|0x00000000e4b00000, 0x00000000e4b00000, 0x00000000e4c00000|  0%| F|  |TAMS 0x00000000e4b00000| PB 0x00000000e4b00000| Untracked |  0
|  76|0x00000000e4c00000, 0x00000000e4c00000, 0x00000000e4d00000|  0%| F|  |TAMS 0x00000000e4c00000| PB 0x00000000e4c00000| Untracked |  0
|  77|0x00000000e4d00000, 0x00000000e4d00000, 0x00000000e4e00000|  0%| F|  |TAMS 0x00000000e4d00000| PB 0x00000000e4d00000| Untracked |  0
|  78|0x00000000e4e00000, 0x00000000e4e00000, 0x00000000e4f00000|  0%| F|  |TAMS 0x00000000e4e00000| PB 0x00000000e4e00000| Untracked |  0
|  79|0x00000000e4f00000, 0x00000000e4f00000, 0x00000000e5000000|  0%| F|  |TAMS 0x00000000e4f00000| PB 0x00000000e4f00000| Untracked |  0
|  80|0x00000000e5000000, 0x00000000e5000000, 0x00000000e5100000|  0%| F|  |TAMS 0x00000000e5000000| PB 0x00000000e5000000| Untracked |  0
|  81|0x00000000e5100000, 0x00000000e5100000, 0x00000000e5200000|  0%| F|  |TAMS 0x00000000e5100000| PB 0x00000000e5100000| Untracked |  0
|  82|0x00000000e5200000, 0x00000000e5200000, 0x00000000e5300000|  0%| F|  |TAMS 0x00000000e5200000| PB 0x00000000e5200000| Untracked |  0
|  83|0x00000000e5300000, 0x00000000e5300000, 0x00000000e5400000|  0%| F|  |TAMS 0x00000000e5300000| PB 0x00000000e5300000| Untracked |  0
|  84|0x00000000e5400000, 0x00000000e5400000, 0x00000000e5500000|  0%| F|  |TAMS 0x00000000e5400000| PB 0x00000000e5400000| Untracked |  0
|  85|0x00000000e5500000, 0x00000000e5500000, 0x00000000e5600000|  0%| F|  |TAMS 0x00000000e5500000| PB 0x00000000e5500000| Untracked |  0
|  86|0x00000000e5600000, 0x00000000e5600000, 0x00000000e5700000|  0%| F|  |TAMS 0x00000000e5600000| PB 0x00000000e5600000| Untracked |  0
|  87|0x00000000e5700000, 0x00000000e5700000, 0x00000000e5800000|  0%| F|  |TAMS 0x00000000e5700000| PB 0x00000000e5700000| Untracked |  0
|  88|0x00000000e5800000, 0x00000000e5800000, 0x00000000e5900000|  0%| F|  |TAMS 0x00000000e5800000| PB 0x00000000e5800000| Untracked |  0
|  89|0x00000000e5900000, 0x00000000e5900000, 0x00000000e5a00000|  0%| F|  |TAMS 0x00000000e5900000| PB 0x00000000e5900000| Untracked |  0
|  90|0x00000000e5a00000, 0x00000000e5a00000, 0x00000000e5b00000|  0%| F|  |TAMS 0x00000000e5a00000| PB 0x00000000e5a00000| Untracked |  0
|  91|0x00000000e5b00000, 0x00000000e5b00000, 0x00000000e5c00000|  0%| F|  |TAMS 0x00000000e5b00000| PB 0x00000000e5b00000| Untracked |  0
|  92|0x00000000e5c00000, 0x00000000e5c00000, 0x00000000e5d00000|  0%| F|  |TAMS 0x00000000e5c00000| PB 0x00000000e5c00000| Untracked |  0
|  93|0x00000000e5d00000, 0x00000000e5d00000, 0x00000000e5e00000|  0%| F|  |TAMS 0x00000000e5d00000| PB 0x00000000e5d00000| Untracked |  0
|  94|0x00000000e5e00000, 0x00000000e5e00000, 0x00000000e5f00000|  0%| F|  |TAMS 0x00000000e5e00000| PB 0x00000000e5e00000| Untracked |  0
|  95|0x00000000e5f00000, 0x00000000e5f00000, 0x00000000e6000000|  0%| F|  |TAMS 0x00000000e5f00000| PB 0x00000000e5f00000| Untracked |  0
|  96|0x00000000e6000000, 0x00000000e6000000, 0x00000000e6100000|  0%| F|  |TAMS 0x00000000e6000000| PB 0x00000000e6000000| Untracked |  0
|  97|0x00000000e6100000, 0x00000000e6100000, 0x00000000e6200000|  0%| F|  |TAMS 0x00000000e6100000| PB 0x00000000e6100000| Untracked |  0
|  98|0x00000000e6200000, 0x00000000e6200000, 0x00000000e6300000|  0%| F|  |TAMS 0x00000000e6200000| PB 0x00000000e6200000| Untracked |  0
|  99|0x00000000e6300000, 0x00000000e6300000, 0x00000000e6400000|  0%| F|  |TAMS 0x00000000e6300000| PB 0x00000000e6300000| Untracked |  0
| 100|0x00000000e6400000, 0x00000000e6400000, 0x00000000e6500000|  0%| F|  |TAMS 0x00000000e6400000| PB 0x00000000e6400000| Untracked |  0
| 101|0x00000000e6500000, 0x00000000e6500000, 0x00000000e6600000|  0%| F|  |TAMS 0x00000000e6500000| PB 0x00000000e6500000| Untracked |  0
| 102|0x00000000e6600000, 0x00000000e6600000, 0x00000000e6700000|  0%| F|  |TAMS 0x00000000e6600000| PB 0x00000000e6600000| Untracked |  0
| 103|0x00000000e6700000, 0x00000000e6700000, 0x00000000e6800000|  0%| F|  |TAMS 0x00000000e6700000| PB 0x00000000e6700000| Untracked |  0
| 104|0x00000000e6800000, 0x00000000e6800000, 0x00000000e6900000|  0%| F|  |TAMS 0x00000000e6800000| PB 0x00000000e6800000| Untracked |  0
| 105|0x00000000e6900000, 0x00000000e6900000, 0x00000000e6a00000|  0%| F|  |TAMS 0x00000000e6900000| PB 0x00000000e6900000| Untracked |  0
| 106|0x00000000e6a00000, 0x00000000e6a00000, 0x00000000e6b00000|  0%| F|  |TAMS 0x00000000e6a00000| PB 0x00000000e6a00000| Untracked |  0
| 107|0x00000000e6b00000, 0x00000000e6b00000, 0x00000000e6c00000|  0%| F|  |TAMS 0x00000000e6b00000| PB 0x00000000e6b00000| Untracked |  0
| 108|0x00000000e6c00000, 0x00000000e6c00000, 0x00000000e6d00000|  0%| F|  |TAMS 0x00000000e6c00000| PB 0x00000000e6c00000| Untracked |  0
| 109|0x00000000e6d00000, 0x00000000e6d00000, 0x00000000e6e00000|  0%| F|  |TAMS 0x00000000e6d00000| PB 0x00000000e6d00000| Untracked |  0
| 110|0x00000000e6e00000, 0x00000000e6e00000, 0x00000000e6f00000|  0%| F|  |TAMS 0x00000000e6e00000| PB 0x00000000e6e00000| Untracked |  0
| 111|0x00000000e6f00000, 0x00000000e6f00000, 0x00000000e7000000|  0%| F|  |TAMS 0x00000000e6f00000| PB 0x00000000e6f00000| Untracked |  0
| 112|0x00000000e7000000, 0x00000000e7000000, 0x00000000e7100000|  0%| F|  |TAMS 0x00000000e7000000| PB 0x00000000e7000000| Untracked |  0
| 113|0x00000000e7100000, 0x00000000e7100000, 0x00000000e7200000|  0%| F|  |TAMS 0x00000000e7100000| PB 0x00000000e7100000| Untracked |  0
| 114|0x00000000e7200000, 0x00000000e7200000, 0x00000000e7300000|  0%| F|  |TAMS 0x00000000e7200000| PB 0x00000000e7200000| Untracked |  0
| 115|0x00000000e7300000, 0x00000000e7300000, 0x00000000e7400000|  0%| F|  |TAMS 0x00000000e7300000| PB 0x00000000e7300000| Untracked |  0
| 116|0x00000000e7400000, 0x00000000e7400000, 0x00000000e7500000|  0%| F|  |TAMS 0x00000000e7400000| PB 0x00000000e7400000| Untracked |  0
| 117|0x00000000e7500000, 0x00000000e7500000, 0x00000000e7600000|  0%| F|  |TAMS 0x00000000e7500000| PB 0x00000000e7500000| Untracked |  0
| 118|0x00000000e7600000, 0x00000000e7600000, 0x00000000e7700000|  0%| F|  |TAMS 0x00000000e7600000| PB 0x00000000e7600000| Untracked |  0
| 119|0x00000000e7700000, 0x00000000e7700000, 0x00000000e7800000|  0%| F|  |TAMS 0x00000000e7700000| PB 0x00000000e7700000| Untracked |  0
| 120|0x00000000e7800000, 0x00000000e7800000, 0x00000000e7900000|  0%| F|  |TAMS 0x00000000e7800000| PB 0x00000000e7800000| Untracked |  0
| 121|0x00000000e7900000, 0x00000000e7900000, 0x00000000e7a00000|  0%| F|  |TAMS 0x00000000e7900000| PB 0x00000000e7900000| Untracked |  0
| 122|0x00000000e7a00000, 0x00000000e7a00000, 0x00000000e7b00000|  0%| F|  |TAMS 0x00000000e7a00000| PB 0x00000000e7a00000| Untracked |  0
| 123|0x00000000e7b00000, 0x00000000e7b00000, 0x00000000e7c00000|  0%| F|  |TAMS 0x00000000e7b00000| PB 0x00000000e7b00000| Untracked |  0
| 124|0x00000000e7c00000, 0x00000000e7c00000, 0x00000000e7d00000|  0%| F|  |TAMS 0x00000000e7c00000| PB 0x00000000e7c00000| Untracked |  0
| 125|0x00000000e7d00000, 0x00000000e7d00000, 0x00000000e7e00000|  0%| F|  |TAMS 0x00000000e7d00000| PB 0x00000000e7d00000| Untracked |  0
| 126|0x00000000e7e00000, 0x00000000e7e00000, 0x00000000e7f00000|  0%| F|  |TAMS 0x00000000e7e00000| PB 0x00000000e7e00000| Untracked |  0
| 127|0x00000000e7f00000, 0x00000000e7f00000, 0x00000000e8000000|  0%| F|  |TAMS 0x00000000e7f00000| PB 0x00000000e7f00000| Untracked |  0
| 128|0x00000000e8000000, 0x00000000e8000000, 0x00000000e8100000|  0%| F|  |TAMS 0x00000000e8000000| PB 0x00000000e8000000| Untracked |  0
| 129|0x00000000e8100000, 0x00000000e8100000, 0x00000000e8200000|  0%| F|  |TAMS 0x00000000e8100000| PB 0x00000000e8100000| Untracked |  0
| 130|0x00000000e8200000, 0x00000000e8200000, 0x00000000e8300000|  0%| F|  |TAMS 0x00000000e8200000| PB 0x00000000e8200000| Untracked |  0
| 131|0x00000000e8300000, 0x00000000e8300000, 0x00000000e8400000|  0%| F|  |TAMS 0x00000000e8300000| PB 0x00000000e8300000| Untracked |  0
| 132|0x00000000e8400000, 0x00000000e8400000, 0x00000000e8500000|  0%| F|  |TAMS 0x00000000e8400000| PB 0x00000000e8400000| Untracked |  0
| 133|0x00000000e8500000, 0x00000000e8500000, 0x00000000e8600000|  0%| F|  |TAMS 0x00000000e8500000| PB 0x00000000e8500000| Untracked |  0
| 134|0x00000000e8600000, 0x00000000e8600000, 0x00000000e8700000|  0%| F|  |TAMS 0x00000000e8600000| PB 0x00000000e8600000| Untracked |  0
| 135|0x00000000e8700000, 0x00000000e8700000, 0x00000000e8800000|  0%| F|  |TAMS 0x00000000e8700000| PB 0x00000000e8700000| Untracked |  0
| 136|0x00000000e8800000, 0x00000000e8800000, 0x00000000e8900000|  0%| F|  |TAMS 0x00000000e8800000| PB 0x00000000e8800000| Untracked |  0
| 137|0x00000000e8900000, 0x00000000e8900000, 0x00000000e8a00000|  0%| F|  |TAMS 0x00000000e8900000| PB 0x00000000e8900000| Untracked |  0
| 138|0x00000000e8a00000, 0x00000000e8a00000, 0x00000000e8b00000|  0%| F|  |TAMS 0x00000000e8a00000| PB 0x00000000e8a00000| Untracked |  0
| 139|0x00000000e8b00000, 0x00000000e8b00000, 0x00000000e8c00000|  0%| F|  |TAMS 0x00000000e8b00000| PB 0x00000000e8b00000| Untracked |  0
| 140|0x00000000e8c00000, 0x00000000e8c00000, 0x00000000e8d00000|  0%| F|  |TAMS 0x00000000e8c00000| PB 0x00000000e8c00000| Untracked |  0
| 141|0x00000000e8d00000, 0x00000000e8d00000, 0x00000000e8e00000|  0%| F|  |TAMS 0x00000000e8d00000| PB 0x00000000e8d00000| Untracked |  0
| 142|0x00000000e8e00000, 0x00000000e8e00000, 0x00000000e8f00000|  0%| F|  |TAMS 0x00000000e8e00000| PB 0x00000000e8e00000| Untracked |  0
| 143|0x00000000e8f00000, 0x00000000e8f00000, 0x00000000e9000000|  0%| F|  |TAMS 0x00000000e8f00000| PB 0x00000000e8f00000| Untracked |  0
| 144|0x00000000e9000000, 0x00000000e9000000, 0x00000000e9100000|  0%| F|  |TAMS 0x00000000e9000000| PB 0x00000000e9000000| Untracked |  0
| 145|0x00000000e9100000, 0x00000000e9100000, 0x00000000e9200000|  0%| F|  |TAMS 0x00000000e9100000| PB 0x00000000e9100000| Untracked |  0
| 146|0x00000000e9200000, 0x00000000e9200000, 0x00000000e9300000|  0%| F|  |TAMS 0x00000000e9200000| PB 0x00000000e9200000| Untracked |  0
| 147|0x00000000e9300000, 0x00000000e9300000, 0x00000000e9400000|  0%| F|  |TAMS 0x00000000e9300000| PB 0x00000000e9300000| Untracked |  0
| 148|0x00000000e9400000, 0x00000000e9400000, 0x00000000e9500000|  0%| F|  |TAMS 0x00000000e9400000| PB 0x00000000e9400000| Untracked |  0
| 149|0x00000000e9500000, 0x00000000e9500000, 0x00000000e9600000|  0%| F|  |TAMS 0x00000000e9500000| PB 0x00000000e9500000| Untracked |  0
| 150|0x00000000e9600000, 0x00000000e9600000, 0x00000000e9700000|  0%| F|  |TAMS 0x00000000e9600000| PB 0x00000000e9600000| Untracked |  0
| 151|0x00000000e9700000, 0x00000000e9700000, 0x00000000e9800000|  0%| F|  |TAMS 0x00000000e9700000| PB 0x00000000e9700000| Untracked |  0
| 152|0x00000000e9800000, 0x00000000e9800000, 0x00000000e9900000|  0%| F|  |TAMS 0x00000000e9800000| PB 0x00000000e9800000| Untracked |  0
| 153|0x00000000e9900000, 0x00000000e9900000, 0x00000000e9a00000|  0%| F|  |TAMS 0x00000000e9900000| PB 0x00000000e9900000| Untracked |  0
| 154|0x00000000e9a00000, 0x00000000e9a00000, 0x00000000e9b00000|  0%| F|  |TAMS 0x00000000e9a00000| PB 0x00000000e9a00000| Untracked |  0
| 155|0x00000000e9b00000, 0x00000000e9b00000, 0x00000000e9c00000|  0%| F|  |TAMS 0x00000000e9b00000| PB 0x00000000e9b00000| Untracked |  0
| 156|0x00000000e9c00000, 0x00000000e9c00000, 0x00000000e9d00000|  0%| F|  |TAMS 0x00000000e9c00000| PB 0x00000000e9c00000| Untracked |  0
| 157|0x00000000e9d00000, 0x00000000e9d00000, 0x00000000e9e00000|  0%| F|  |TAMS 0x00000000e9d00000| PB 0x00000000e9d00000| Untracked |  0
| 158|0x00000000e9e00000, 0x00000000e9e00000, 0x00000000e9f00000|  0%| F|  |TAMS 0x00000000e9e00000| PB 0x00000000e9e00000| Untracked |  0
| 159|0x00000000e9f00000, 0x00000000e9f00000, 0x00000000ea000000|  0%| F|  |TAMS 0x00000000e9f00000| PB 0x00000000e9f00000| Untracked |  0
| 160|0x00000000ea000000, 0x00000000ea000000, 0x00000000ea100000|  0%| F|  |TAMS 0x00000000ea000000| PB 0x00000000ea000000| Untracked |  0
| 161|0x00000000ea100000, 0x00000000ea100000, 0x00000000ea200000|  0%| F|  |TAMS 0x00000000ea100000| PB 0x00000000ea100000| Untracked |  0
| 162|0x00000000ea200000, 0x00000000ea200000, 0x00000000ea300000|  0%| F|  |TAMS 0x00000000ea200000| PB 0x00000000ea200000| Untracked |  0
| 163|0x00000000ea300000, 0x00000000ea300000, 0x00000000ea400000|  0%| F|  |TAMS 0x00000000ea300000| PB 0x00000000ea300000| Untracked |  0
| 164|0x00000000ea400000, 0x00000000ea400000, 0x00000000ea500000|  0%| F|  |TAMS 0x00000000ea400000| PB 0x00000000ea400000| Untracked |  0
| 165|0x00000000ea500000, 0x00000000ea500000, 0x00000000ea600000|  0%| F|  |TAMS 0x00000000ea500000| PB 0x00000000ea500000| Untracked |  0
| 166|0x00000000ea600000, 0x00000000ea600000, 0x00000000ea700000|  0%| F|  |TAMS 0x00000000ea600000| PB 0x00000000ea600000| Untracked |  0
| 167|0x00000000ea700000, 0x00000000ea700000, 0x00000000ea800000|  0%| F|  |TAMS 0x00000000ea700000| PB 0x00000000ea700000| Untracked |  0
| 168|0x00000000ea800000, 0x00000000ea800000, 0x00000000ea900000|  0%| F|  |TAMS 0x00000000ea800000| PB 0x00000000ea800000| Untracked |  0
| 169|0x00000000ea900000, 0x00000000ea900000, 0x00000000eaa00000|  0%| F|  |TAMS 0x00000000ea900000| PB 0x00000000ea900000| Untracked |  0
| 170|0x00000000eaa00000, 0x00000000eaa00000, 0x00000000eab00000|  0%| F|  |TAMS 0x00000000eaa00000| PB 0x00000000eaa00000| Untracked |  0
| 171|0x00000000eab00000, 0x00000000eab00000, 0x00000000eac00000|  0%| F|  |TAMS 0x00000000eab00000| PB 0x00000000eab00000| Untracked |  0
| 172|0x00000000eac00000, 0x00000000eac00000, 0x00000000ead00000|  0%| F|  |TAMS 0x00000000eac00000| PB 0x00000000eac00000| Untracked |  0
| 173|0x00000000ead00000, 0x00000000ead00000, 0x00000000eae00000|  0%| F|  |TAMS 0x00000000ead00000| PB 0x00000000ead00000| Untracked |  0
| 174|0x00000000eae00000, 0x00000000eae00000, 0x00000000eaf00000|  0%| F|  |TAMS 0x00000000eae00000| PB 0x00000000eae00000| Untracked |  0
| 175|0x00000000eaf00000, 0x00000000eaf00000, 0x00000000eb000000|  0%| F|  |TAMS 0x00000000eaf00000| PB 0x00000000eaf00000| Untracked |  0
| 176|0x00000000eb000000, 0x00000000eb000000, 0x00000000eb100000|  0%| F|  |TAMS 0x00000000eb000000| PB 0x00000000eb000000| Untracked |  0
| 177|0x00000000eb100000, 0x00000000eb100000, 0x00000000eb200000|  0%| F|  |TAMS 0x00000000eb100000| PB 0x00000000eb100000| Untracked |  0
| 178|0x00000000eb200000, 0x00000000eb200000, 0x00000000eb300000|  0%| F|  |TAMS 0x00000000eb200000| PB 0x00000000eb200000| Untracked |  0
| 179|0x00000000eb300000, 0x00000000eb300000, 0x00000000eb400000|  0%| F|  |TAMS 0x00000000eb300000| PB 0x00000000eb300000| Untracked |  0
| 180|0x00000000eb400000, 0x00000000eb400000, 0x00000000eb500000|  0%| F|  |TAMS 0x00000000eb400000| PB 0x00000000eb400000| Untracked |  0
| 181|0x00000000eb500000, 0x00000000eb500000, 0x00000000eb600000|  0%| F|  |TAMS 0x00000000eb500000| PB 0x00000000eb500000| Untracked |  0
| 182|0x00000000eb600000, 0x00000000eb600000, 0x00000000eb700000|  0%| F|  |TAMS 0x00000000eb600000| PB 0x00000000eb600000| Untracked |  0
| 183|0x00000000eb700000, 0x00000000eb700000, 0x00000000eb800000|  0%| F|  |TAMS 0x00000000eb700000| PB 0x00000000eb700000| Untracked |  0
| 184|0x00000000eb800000, 0x00000000eb800000, 0x00000000eb900000|  0%| F|  |TAMS 0x00000000eb800000| PB 0x00000000eb800000| Untracked |  0
| 185|0x00000000eb900000, 0x00000000eb900000, 0x00000000eba00000|  0%| F|  |TAMS 0x00000000eb900000| PB 0x00000000eb900000| Untracked |  0
| 186|0x00000000eba00000, 0x00000000eba00000, 0x00000000ebb00000|  0%| F|  |TAMS 0x00000000eba00000| PB 0x00000000eba00000| Untracked |  0
| 187|0x00000000ebb00000, 0x00000000ebb00000, 0x00000000ebc00000|  0%| F|  |TAMS 0x00000000ebb00000| PB 0x00000000ebb00000| Untracked |  0
| 188|0x00000000ebc00000, 0x00000000ebc00000, 0x00000000ebd00000|  0%| F|  |TAMS 0x00000000ebc00000| PB 0x00000000ebc00000| Untracked |  0
| 189|0x00000000ebd00000, 0x00000000ebd00000, 0x00000000ebe00000|  0%| F|  |TAMS 0x00000000ebd00000| PB 0x00000000ebd00000| Untracked |  0
| 190|0x00000000ebe00000, 0x00000000ebe00000, 0x00000000ebf00000|  0%| F|  |TAMS 0x00000000ebe00000| PB 0x00000000ebe00000| Untracked |  0
| 191|0x00000000ebf00000, 0x00000000ebf00000, 0x00000000ec000000|  0%| F|  |TAMS 0x00000000ebf00000| PB 0x00000000ebf00000| Untracked |  0
| 192|0x00000000ec000000, 0x00000000ec000000, 0x00000000ec100000|  0%| F|  |TAMS 0x00000000ec000000| PB 0x00000000ec000000| Untracked |  0
| 193|0x00000000ec100000, 0x00000000ec100000, 0x00000000ec200000|  0%| F|  |TAMS 0x00000000ec100000| PB 0x00000000ec100000| Untracked |  0
| 194|0x00000000ec200000, 0x00000000ec200000, 0x00000000ec300000|  0%| F|  |TAMS 0x00000000ec200000| PB 0x00000000ec200000| Untracked |  0
| 195|0x00000000ec300000, 0x00000000ec300000, 0x00000000ec400000|  0%| F|  |TAMS 0x00000000ec300000| PB 0x00000000ec300000| Untracked |  0
| 196|0x00000000ec400000, 0x00000000ec400000, 0x00000000ec500000|  0%| F|  |TAMS 0x00000000ec400000| PB 0x00000000ec400000| Untracked |  0
| 197|0x00000000ec500000, 0x00000000ec500000, 0x00000000ec600000|  0%| F|  |TAMS 0x00000000ec500000| PB 0x00000000ec500000| Untracked |  0
| 198|0x00000000ec600000, 0x00000000ec600000, 0x00000000ec700000|  0%| F|  |TAMS 0x00000000ec600000| PB 0x00000000ec600000| Untracked |  0
| 199|0x00000000ec700000, 0x00000000ec700000, 0x00000000ec800000|  0%| F|  |TAMS 0x00000000ec700000| PB 0x00000000ec700000| Untracked |  0
| 200|0x00000000ec800000, 0x00000000ec800000, 0x00000000ec900000|  0%| F|  |TAMS 0x00000000ec800000| PB 0x00000000ec800000| Untracked |  0
| 201|0x00000000ec900000, 0x00000000ec900000, 0x00000000eca00000|  0%| F|  |TAMS 0x00000000ec900000| PB 0x00000000ec900000| Untracked |  0
| 202|0x00000000eca00000, 0x00000000eca00000, 0x00000000ecb00000|  0%| F|  |TAMS 0x00000000eca00000| PB 0x00000000eca00000| Untracked |  0
| 203|0x00000000ecb00000, 0x00000000ecb00000, 0x00000000ecc00000|  0%| F|  |TAMS 0x00000000ecb00000| PB 0x00000000ecb00000| Untracked |  0
| 204|0x00000000ecc00000, 0x00000000ecc00000, 0x00000000ecd00000|  0%| F|  |TAMS 0x00000000ecc00000| PB 0x00000000ecc00000| Untracked |  0
| 205|0x00000000ecd00000, 0x00000000ecd00000, 0x00000000ece00000|  0%| F|  |TAMS 0x00000000ecd00000| PB 0x00000000ecd00000| Untracked |  0
| 206|0x00000000ece00000, 0x00000000ece00000, 0x00000000ecf00000|  0%| F|  |TAMS 0x00000000ece00000| PB 0x00000000ece00000| Untracked |  0
| 207|0x00000000ecf00000, 0x00000000ecf00000, 0x00000000ed000000|  0%| F|  |TAMS 0x00000000ecf00000| PB 0x00000000ecf00000| Untracked |  0
| 208|0x00000000ed000000, 0x00000000ed000000, 0x00000000ed100000|  0%| F|  |TAMS 0x00000000ed000000| PB 0x00000000ed000000| Untracked |  0
| 209|0x00000000ed100000, 0x00000000ed100000, 0x00000000ed200000|  0%| F|  |TAMS 0x00000000ed100000| PB 0x00000000ed100000| Untracked |  0
| 210|0x00000000ed200000, 0x00000000ed200000, 0x00000000ed300000|  0%| F|  |TAMS 0x00000000ed200000| PB 0x00000000ed200000| Untracked |  0
| 211|0x00000000ed300000, 0x00000000ed300000, 0x00000000ed400000|  0%| F|  |TAMS 0x00000000ed300000| PB 0x00000000ed300000| Untracked |  0
| 212|0x00000000ed400000, 0x00000000ed400000, 0x00000000ed500000|  0%| F|  |TAMS 0x00000000ed400000| PB 0x00000000ed400000| Untracked |  0
| 213|0x00000000ed500000, 0x00000000ed500000, 0x00000000ed600000|  0%| F|  |TAMS 0x00000000ed500000| PB 0x00000000ed500000| Untracked |  0
| 214|0x00000000ed600000, 0x00000000ed600000, 0x00000000ed700000|  0%| F|  |TAMS 0x00000000ed600000| PB 0x00000000ed600000| Untracked |  0
| 215|0x00000000ed700000, 0x00000000ed700000, 0x00000000ed800000|  0%| F|  |TAMS 0x00000000ed700000| PB 0x00000000ed700000| Untracked |  0
| 216|0x00000000ed800000, 0x00000000ed800000, 0x00000000ed900000|  0%| F|  |TAMS 0x00000000ed800000| PB 0x00000000ed800000| Untracked |  0
| 217|0x00000000ed900000, 0x00000000ed900000, 0x00000000eda00000|  0%| F|  |TAMS 0x00000000ed900000| PB 0x00000000ed900000| Untracked |  0
| 218|0x00000000eda00000, 0x00000000eda00000, 0x00000000edb00000|  0%| F|  |TAMS 0x00000000eda00000| PB 0x00000000eda00000| Untracked |  0
| 219|0x00000000edb00000, 0x00000000edb00000, 0x00000000edc00000|  0%| F|  |TAMS 0x00000000edb00000| PB 0x00000000edb00000| Untracked |  0
| 220|0x00000000edc00000, 0x00000000edc00000, 0x00000000edd00000|  0%| F|  |TAMS 0x00000000edc00000| PB 0x00000000edc00000| Untracked |  0
| 221|0x00000000edd00000, 0x00000000edd00000, 0x00000000ede00000|  0%| F|  |TAMS 0x00000000edd00000| PB 0x00000000edd00000| Untracked |  0
| 222|0x00000000ede00000, 0x00000000ede00000, 0x00000000edf00000|  0%| F|  |TAMS 0x00000000ede00000| PB 0x00000000ede00000| Untracked |  0
| 223|0x00000000edf00000, 0x00000000edf00000, 0x00000000ee000000|  0%| F|  |TAMS 0x00000000edf00000| PB 0x00000000edf00000| Untracked |  0
| 224|0x00000000ee000000, 0x00000000ee000000, 0x00000000ee100000|  0%| F|  |TAMS 0x00000000ee000000| PB 0x00000000ee000000| Untracked |  0
| 225|0x00000000ee100000, 0x00000000ee100000, 0x00000000ee200000|  0%| F|  |TAMS 0x00000000ee100000| PB 0x00000000ee100000| Untracked |  0
| 226|0x00000000ee200000, 0x00000000ee200000, 0x00000000ee300000|  0%| F|  |TAMS 0x00000000ee200000| PB 0x00000000ee200000| Untracked |  0
| 227|0x00000000ee300000, 0x00000000ee380000, 0x00000000ee400000| 50%| E|  |TAMS 0x00000000ee300000| PB 0x00000000ee300000| Complete |  0
| 228|0x00000000ee400000, 0x00000000ee500000, 0x00000000ee500000|100%| E|CS|TAMS 0x00000000ee400000| PB 0x00000000ee400000| Complete |  0
| 229|0x00000000ee500000, 0x00000000ee600000, 0x00000000ee600000|100%| E|CS|TAMS 0x00000000ee500000| PB 0x00000000ee500000| Complete |  0
| 230|0x00000000ee600000, 0x00000000ee700000, 0x00000000ee700000|100%| E|CS|TAMS 0x00000000ee600000| PB 0x00000000ee600000| Complete |  0
| 231|0x00000000ee700000, 0x00000000ee800000, 0x00000000ee800000|100%| E|CS|TAMS 0x00000000ee700000| PB 0x00000000ee700000| Complete |  0
| 232|0x00000000ee800000, 0x00000000ee81c9a8, 0x00000000ee900000| 11%| S|CS|TAMS 0x00000000ee800000| PB 0x00000000ee800000| Complete |  0
| 233|0x00000000ee900000, 0x00000000eea00000, 0x00000000eea00000|100%| S|CS|TAMS 0x00000000ee900000| PB 0x00000000ee900000| Complete |  0
| 234|0x00000000eea00000, 0x00000000eeb00000, 0x00000000eeb00000|100%| S|CS|TAMS 0x00000000eea00000| PB 0x00000000eea00000| Complete |  0
| 235|0x00000000eeb00000, 0x00000000eec00000, 0x00000000eec00000|100%| S|CS|TAMS 0x00000000eeb00000| PB 0x00000000eeb00000| Complete |  0
| 236|0x00000000eec00000, 0x00000000eed00000, 0x00000000eed00000|100%| S|CS|TAMS 0x00000000eec00000| PB 0x00000000eec00000| Complete |  0
| 237|0x00000000eed00000, 0x00000000eee00000, 0x00000000eee00000|100%| S|CS|TAMS 0x00000000eed00000| PB 0x00000000eed00000| Complete |  0
| 238|0x00000000eee00000, 0x00000000eef00000, 0x00000000eef00000|100%| S|CS|TAMS 0x00000000eee00000| PB 0x00000000eee00000| Complete |  0
| 239|0x00000000eef00000, 0x00000000ef000000, 0x00000000ef000000|100%| S|CS|TAMS 0x00000000eef00000| PB 0x00000000eef00000| Complete |  0
| 240|0x00000000ef000000, 0x00000000ef100000, 0x00000000ef100000|100%| S|CS|TAMS 0x00000000ef000000| PB 0x00000000ef000000| Complete |  0
| 241|0x00000000ef100000, 0x00000000ef200000, 0x00000000ef200000|100%| E|CS|TAMS 0x00000000ef100000| PB 0x00000000ef100000| Complete |  0
| 242|0x00000000ef200000, 0x00000000ef300000, 0x00000000ef300000|100%| E|CS|TAMS 0x00000000ef200000| PB 0x00000000ef200000| Complete |  0
| 243|0x00000000ef300000, 0x00000000ef400000, 0x00000000ef400000|100%| E|CS|TAMS 0x00000000ef300000| PB 0x00000000ef300000| Complete |  0
| 244|0x00000000ef400000, 0x00000000ef500000, 0x00000000ef500000|100%| E|CS|TAMS 0x00000000ef400000| PB 0x00000000ef400000| Complete |  0
| 245|0x00000000ef500000, 0x00000000ef600000, 0x00000000ef600000|100%| E|CS|TAMS 0x00000000ef500000| PB 0x00000000ef500000| Complete |  0
| 246|0x00000000ef600000, 0x00000000ef700000, 0x00000000ef700000|100%| E|CS|TAMS 0x00000000ef600000| PB 0x00000000ef600000| Complete |  0
| 247|0x00000000ef700000, 0x00000000ef800000, 0x00000000ef800000|100%| E|CS|TAMS 0x00000000ef700000| PB 0x00000000ef700000| Complete |  0
| 248|0x00000000ef800000, 0x00000000ef900000, 0x00000000ef900000|100%| E|CS|TAMS 0x00000000ef800000| PB 0x00000000ef800000| Complete |  0
| 249|0x00000000ef900000, 0x00000000efa00000, 0x00000000efa00000|100%| E|CS|TAMS 0x00000000ef900000| PB 0x00000000ef900000| Complete |  0
| 250|0x00000000efa00000, 0x00000000efb00000, 0x00000000efb00000|100%| S|CS|TAMS 0x00000000efa00000| PB 0x00000000efa00000| Complete |  0
| 251|0x00000000efb00000, 0x00000000efc00000, 0x00000000efc00000|100%| E|CS|TAMS 0x00000000efb00000| PB 0x00000000efb00000| Complete |  0
| 252|0x00000000efc00000, 0x00000000efd00000, 0x00000000efd00000|100%| E|CS|TAMS 0x00000000efc00000| PB 0x00000000efc00000| Complete |  0
| 253|0x00000000efd00000, 0x00000000efe00000, 0x00000000efe00000|100%| E|CS|TAMS 0x00000000efd00000| PB 0x00000000efd00000| Complete |  0
| 254|0x00000000efe00000, 0x00000000eff00000, 0x00000000eff00000|100%| E|CS|TAMS 0x00000000efe00000| PB 0x00000000efe00000| Complete |  0
| 255|0x00000000eff00000, 0x00000000f0000000, 0x00000000f0000000|100%| E|CS|TAMS 0x00000000eff00000| PB 0x00000000eff00000| Complete |  0

Card table byte_map: [0x0000016f37f70000,0x0000016f38070000] _byte_map_base: 0x0000016f37870000

Marking Bits: (CMBitMap*) 0x0000016f201f1cb0
 Bits: [0x0000016f38070000, 0x0000016f38870000)

Polling page: 0x0000016f1f940000

Metaspace:

Usage:
  Non-class:     31.33 MB used.
      Class:      5.44 MB used.
       Both:     36.77 MB used.

Virtual space:
  Non-class space:       64.00 MB reserved,      32.00 MB ( 50%) committed,  1 nodes.
      Class space:      320.00 MB reserved,       6.06 MB (  2%) committed,  1 nodes.
             Both:      384.00 MB reserved,      38.06 MB ( 10%) committed. 

Chunk freelists:
   Non-Class:  15.28 MB
       Class:  9.78 MB
        Both:  25.06 MB

MaxMetaspaceSize: 384.00 MB
CompressedClassSpaceSize: 320.00 MB
Initial GC threshold: 21.00 MB
Current GC threshold: 59.94 MB
CDS: on
 - commit_granule_bytes: 65536.
 - commit_granule_words: 8192.
 - virtual_space_node_default_size: 8388608.
 - enlarge_chunks_in_place: 1.
 - use_allocation_guard: 0.


Internal statistics:

num_allocs_failed_limit: 12.
num_arena_births: 2262.
num_arena_deaths: 0.
num_vsnodes_births: 2.
num_vsnodes_deaths: 0.
num_space_committed: 609.
num_space_uncommitted: 0.
num_chunks_returned_to_freelist: 12.
num_chunks_taken_from_freelist: 3860.
num_chunk_merges: 12.
num_chunk_splits: 2535.
num_chunks_enlarged: 1616.
num_inconsistent_stats: 0.

CodeHeap 'non-profiled nmethods': size=119168Kb used=2028Kb max_used=2342Kb free=117139Kb
 bounds [0x0000016f30070000, 0x0000016f302e0000, 0x0000016f374d0000]
CodeHeap 'profiled nmethods': size=119104Kb used=8437Kb max_used=9332Kb free=110666Kb
 bounds [0x0000016f284d0000, 0x0000016f28e00000, 0x0000016f2f920000]
CodeHeap 'non-nmethods': size=7488Kb used=2503Kb max_used=2697Kb free=4984Kb
 bounds [0x0000016f2f920000, 0x0000016f2fbd0000, 0x0000016f30070000]
 total_blobs=4947 nmethods=4242 adapters=608
 compilation: enabled
              stopped_count=0, restarted_count=0
 full_count=0

Compilation events (20 events):
Event: 12.487 Thread 0x0000016f3acc7850 4640       3       org.gradle.model.internal.asm.MethodVisitorScope::_IFNONNULL (9 bytes)
Event: 12.487 Thread 0x0000016f58211ba0 4641       3       org.gradle.model.internal.asm.MethodVisitorScope::_ASTORE (8 bytes)
Event: 12.487 Thread 0x0000016f3acc7850 nmethod 4640 0x0000016f284d8d90 code [0x0000016f284d8f40, 0x0000016f284d91b0]
Event: 12.487 Thread 0x0000016f58211ba0 nmethod 4641 0x0000016f28532890 code [0x0000016f28532a40, 0x0000016f28532cb0]
Event: 12.487 Thread 0x0000016f3acc7850 4642       3       org.gradle.model.internal.asm.MethodVisitorScope::_CHECKCAST (9 bytes)
Event: 12.487 Thread 0x0000016f3acc7850 nmethod 4642 0x0000016f2851fa90 code [0x0000016f2851fc60, 0x0000016f2851fff8]
Event: 12.495 Thread 0x0000016f3acc7850 4644       3       java.io.File::getName (42 bytes)
Event: 12.495 Thread 0x0000016f58211ba0 4645       2       java.util.regex.Pattern$Slice::match (79 bytes)
Event: 12.495 Thread 0x0000016f58211ba0 nmethod 4645 0x0000016f284ebb90 code [0x0000016f284ebd60, 0x0000016f284ec020]
Event: 12.495 Thread 0x0000016f3acc7850 nmethod 4644 0x0000016f28551910 code [0x0000016f28551b60, 0x0000016f28552370]
Event: 12.499 Thread 0x0000016f58211ba0 4646       3       java.lang.invoke.MethodHandleImpl$IntrinsicMethodHandle::<init> (25 bytes)
Event: 12.499 Thread 0x0000016f58211ba0 nmethod 4646 0x0000016f284d8010 code [0x0000016f284d81e0, 0x0000016f284d87f0]
Event: 12.512 Thread 0x0000016f58211ba0 4647       3       java.util.jar.Attributes::<init> (7 bytes)
Event: 12.512 Thread 0x0000016f58211ba0 nmethod 4647 0x0000016f28537090 code [0x0000016f28537240, 0x0000016f28537498]
Event: 12.534 Thread 0x0000016f58211ba0 4648       3       org.gradle.internal.reflect.MutableClassDetails::field (49 bytes)
Event: 12.535 Thread 0x0000016f58211ba0 nmethod 4648 0x0000016f28554b90 code [0x0000016f28554da0, 0x0000016f285554f0]
Event: 12.537 Thread 0x0000016f58211ba0 4650       3       org.gradle.internal.instantiation.generator.AbstractClassGenerator$PropertyMetadata::<init> (65 bytes)
Event: 12.538 Thread 0x0000016f58211ba0 nmethod 4650 0x0000016f2860a290 code [0x0000016f2860a520, 0x0000016f2860b3e8]
Event: 12.538 Thread 0x0000016f58211ba0 4651       3       java.lang.reflect.ProxyGenerator$ProxyMethod::generateMethod (548 bytes)
Event: 12.538 Thread 0x0000016f3acc7850 4652       3       java.lang.reflect.ProxyGenerator::computeUniqueCatchList (163 bytes)

GC Heap History (12 events):
Event: 1.139 GC heap before
{Heap before GC invocations=0 (full 0):
 garbage-first heap   total reserved 524288K, committed 262144K, used 27648K [0x00000000e0000000, 0x0000000100000000)
  region size 1024K, 24 young (24576K), 0 survivors (0K)
 Metaspace       used 2482K, committed 2688K, reserved 393216K
  class space    used 282K, committed 384K, reserved 327680K
}
Event: 1.144 GC heap after
{Heap after GC invocations=1 (full 0):
 garbage-first heap   total reserved 524288K, committed 262144K, used 10911K [0x00000000e0000000, 0x0000000100000000)
  region size 1024K, 3 young (3072K), 3 survivors (3072K)
 Metaspace       used 2482K, committed 2688K, reserved 393216K
  class space    used 282K, committed 384K, reserved 327680K
}
Event: 2.093 GC heap before
{Heap before GC invocations=1 (full 0):
 garbage-first heap   total reserved 524288K, committed 262144K, used 40607K [0x00000000e0000000, 0x0000000100000000)
  region size 1024K, 33 young (33792K), 3 survivors (3072K)
 Metaspace       used 4206K, committed 4416K, reserved 393216K
  class space    used 519K, committed 640K, reserved 327680K
}
Event: 2.097 GC heap after
{Heap after GC invocations=2 (full 0):
 garbage-first heap   total reserved 524288K, committed 262144K, used 12139K [0x00000000e0000000, 0x0000000100000000)
  region size 1024K, 2 young (2048K), 2 survivors (2048K)
 Metaspace       used 4206K, committed 4416K, reserved 393216K
  class space    used 519K, committed 640K, reserved 327680K
}
Event: 5.857 GC heap before
{Heap before GC invocations=2 (full 0):
 garbage-first heap   total reserved 524288K, committed 262144K, used 130923K [0x00000000e0000000, 0x0000000100000000)
  region size 1024K, 117 young (119808K), 2 survivors (2048K)
 Metaspace       used 20816K, committed 21504K, reserved 393216K
  class space    used 3061K, committed 3392K, reserved 327680K
}
Event: 5.869 GC heap after
{Heap after GC invocations=3 (full 0):
 garbage-first heap   total reserved 524288K, committed 262144K, used 24606K [0x00000000e0000000, 0x0000000100000000)
  region size 1024K, 13 young (13312K), 13 survivors (13312K)
 Metaspace       used 20816K, committed 21504K, reserved 393216K
  class space    used 3061K, committed 3392K, reserved 327680K
}
Event: 12.177 GC heap before
{Heap before GC invocations=4 (full 0):
 garbage-first heap   total reserved 524288K, committed 262144K, used 135198K [0x00000000e0000000, 0x0000000100000000)
  region size 1024K, 123 young (125952K), 13 survivors (13312K)
 Metaspace       used 34859K, committed 36096K, reserved 393216K
  class space    used 5111K, committed 5696K, reserved 327680K
}
Event: 12.192 GC heap after
{Heap after GC invocations=5 (full 0):
 garbage-first heap   total reserved 524288K, committed 262144K, used 33289K [0x00000000e0000000, 0x0000000100000000)
  region size 1024K, 9 young (9216K), 9 survivors (9216K)
 Metaspace       used 34859K, committed 36096K, reserved 393216K
  class space    used 5111K, committed 5696K, reserved 327680K
}
Event: 12.319 GC heap before
{Heap before GC invocations=5 (full 0):
 garbage-first heap   total reserved 524288K, committed 262144K, used 38409K [0x00000000e0000000, 0x0000000100000000)
  region size 1024K, 15 young (15360K), 9 survivors (9216K)
 Metaspace       used 35141K, committed 36416K, reserved 393216K
  class space    used 5147K, committed 5760K, reserved 327680K
}
Event: 12.325 GC heap after
{Heap after GC invocations=6 (full 0):
 garbage-first heap   total reserved 524288K, committed 262144K, used 33504K [0x00000000e0000000, 0x0000000100000000)
  region size 1024K, 9 young (9216K), 9 survivors (9216K)
 Metaspace       used 35141K, committed 36416K, reserved 393216K
  class space    used 5147K, committed 5760K, reserved 327680K
}
Event: 12.416 GC heap before
{Heap before GC invocations=6 (full 0):
 garbage-first heap   total reserved 524288K, committed 262144K, used 37600K [0x00000000e0000000, 0x0000000100000000)
  region size 1024K, 14 young (14336K), 9 survivors (9216K)
 Metaspace       used 35455K, committed 36736K, reserved 393216K
  class space    used 5186K, committed 5824K, reserved 327680K
}
Event: 12.422 GC heap after
{Heap after GC invocations=7 (full 0):
 garbage-first heap   total reserved 524288K, committed 262144K, used 34418K [0x00000000e0000000, 0x0000000100000000)
  region size 1024K, 10 young (10240K), 10 survivors (10240K)
 Metaspace       used 35455K, committed 36736K, reserved 393216K
  class space    used 5186K, committed 5824K, reserved 327680K
}

Dll operation events (15 events):
Event: 0.026 Loaded shared library C:\Program Files\Java\jdk-22\bin\java.dll
Event: 0.084 Loaded shared library C:\Program Files\Java\jdk-22\bin\jsvml.dll
Event: 0.147 Loaded shared library C:\Program Files\Java\jdk-22\bin\zip.dll
Event: 0.154 Loaded shared library C:\Program Files\Java\jdk-22\bin\instrument.dll
Event: 0.160 Loaded shared library C:\Program Files\Java\jdk-22\bin\net.dll
Event: 0.168 Loaded shared library C:\Program Files\Java\jdk-22\bin\nio.dll
Event: 0.176 Loaded shared library C:\Program Files\Java\jdk-22\bin\zip.dll
Event: 0.660 Loaded shared library C:\Program Files\Java\jdk-22\bin\jimage.dll
Event: 0.852 Loaded shared library C:\Program Files\Java\jdk-22\bin\verify.dll
Event: 1.103 Loaded shared library C:\Users\Tassandro\.gradle\native\c067742578af261105cb4f569cf0c3c89f3d7b1fecec35dd04571415982c5e48\windows-amd64\native-platform.dll
Event: 1.121 Loaded shared library C:\Users\Tassandro\.gradle\native\100fb08df4bc3b14c8652ba06237920a3bd2aa13389f12d3474272988ae205f9\windows-amd64\native-platform-file-events.dll
Event: 2.852 Loaded shared library C:\Program Files\Java\jdk-22\bin\management.dll
Event: 2.858 Loaded shared library C:\Program Files\Java\jdk-22\bin\management_ext.dll
Event: 3.171 Loaded shared library C:\Program Files\Java\jdk-22\bin\extnet.dll
Event: 3.504 Loaded shared library C:\Program Files\Java\jdk-22\bin\sunmscapi.dll

Deoptimization events (20 events):
Event: 12.350 Thread 0x0000016f5693a380 DEOPT PACKING pc=0x0000016f302a8634 sp=0x0000002f8d7f9570
Event: 12.350 Thread 0x0000016f5693a380 DEOPT UNPACKING pc=0x0000016f2f9746a2 sp=0x0000002f8d7f9448 mode 2
Event: 12.350 Thread 0x0000016f5693a380 Uncommon trap: trap_request=0xffffffc6 fr.pc=0x0000016f300f06d4 relative=0x00000000000002f4
Event: 12.350 Thread 0x0000016f5693a380 Uncommon trap: reason=bimorphic_or_optimized_type_check action=maybe_recompile pc=0x0000016f300f06d4 method=java.util.regex.Pattern$Slice.match(Ljava/util/regex/Matcher;ILjava/lang/CharSequence;)Z @ 75 c2
Event: 12.350 Thread 0x0000016f5693a380 DEOPT PACKING pc=0x0000016f300f06d4 sp=0x0000002f8d7f9410
Event: 12.350 Thread 0x0000016f5693a380 DEOPT UNPACKING pc=0x0000016f2f9746a2 sp=0x0000002f8d7f93b0 mode 2
Event: 12.351 Thread 0x0000016f5693a380 Uncommon trap: trap_request=0xffffffc6 fr.pc=0x0000016f302a8634 relative=0x0000000000000874
Event: 12.351 Thread 0x0000016f5693a380 Uncommon trap: reason=bimorphic_or_optimized_type_check action=maybe_recompile pc=0x0000016f302a8634 method=java.util.regex.Pattern$Start.match(Ljava/util/regex/Matcher;ILjava/lang/CharSequence;)Z @ 44 c2
Event: 12.351 Thread 0x0000016f5693a380 DEOPT PACKING pc=0x0000016f302a8634 sp=0x0000002f8d7f9570
Event: 12.351 Thread 0x0000016f5693a380 DEOPT UNPACKING pc=0x0000016f2f9746a2 sp=0x0000002f8d7f9448 mode 2
Event: 12.351 Thread 0x0000016f5693a380 Uncommon trap: trap_request=0xffffffc6 fr.pc=0x0000016f300f06d4 relative=0x00000000000002f4
Event: 12.351 Thread 0x0000016f5693a380 Uncommon trap: reason=bimorphic_or_optimized_type_check action=maybe_recompile pc=0x0000016f300f06d4 method=java.util.regex.Pattern$Slice.match(Ljava/util/regex/Matcher;ILjava/lang/CharSequence;)Z @ 75 c2
Event: 12.351 Thread 0x0000016f5693a380 DEOPT PACKING pc=0x0000016f300f06d4 sp=0x0000002f8d7f9410
Event: 12.351 Thread 0x0000016f5693a380 DEOPT UNPACKING pc=0x0000016f2f9746a2 sp=0x0000002f8d7f93b0 mode 2
Event: 12.488 Thread 0x0000016f5693a380 Uncommon trap: trap_request=0xffffffde fr.pc=0x0000016f3029eb24 relative=0x0000000000002684
Event: 12.488 Thread 0x0000016f5693a380 Uncommon trap: reason=class_check action=maybe_recompile pc=0x0000016f3029eb24 method=java.util.regex.Pattern$CharProperty.study(Ljava/util/regex/Pattern$TreeInfo;)Z @ 25 c2
Event: 12.488 Thread 0x0000016f5693a380 DEOPT PACKING pc=0x0000016f3029eb24 sp=0x0000002f8d7fa120
Event: 12.488 Thread 0x0000016f5693a380 DEOPT UNPACKING pc=0x0000016f2f9746a2 sp=0x0000002f8d7fa018 mode 2
Event: 12.512 Thread 0x0000016f5693a380 DEOPT PACKING pc=0x0000016f289dddfe sp=0x0000002f8d7f7510
Event: 12.513 Thread 0x0000016f5693a380 DEOPT UNPACKING pc=0x0000016f2f974e42 sp=0x0000002f8d7f6a90 mode 0

Classes loaded (20 events):
Event: 11.877 Loading class java/math/MutableBigInteger
Event: 11.879 Loading class java/math/MutableBigInteger done
Event: 11.945 Loading class java/nio/charset/CharacterCodingException
Event: 11.946 Loading class java/nio/charset/CharacterCodingException done
Event: 11.994 Loading class java/util/stream/Streams$RangeIntSpliterator
Event: 11.994 Loading class java/util/stream/Streams$RangeIntSpliterator done
Event: 12.107 Loading class jdk/internal/loader/URLClassPath$FileLoader
Event: 12.107 Loading class jdk/internal/loader/URLClassPath$FileLoader done
Event: 12.110 Loading class jdk/internal/loader/URLClassPath$FileLoader$1
Event: 12.110 Loading class jdk/internal/loader/URLClassPath$FileLoader$1 done
Event: 12.151 Loading class java/lang/ProcessBuilder
Event: 12.152 Loading class java/lang/ProcessBuilder done
Event: 12.329 Loading class sun/invoke/util/ValueConversions$1
Event: 12.330 Loading class sun/invoke/util/ValueConversions$1 done
Event: 12.331 Loading class java/lang/invoke/BoundMethodHandle$Species_LI
Event: 12.331 Loading class java/lang/invoke/BoundMethodHandle$Species_LI done
Event: 12.393 Loading class java/util/zip/GZIPOutputStream
Event: 12.393 Loading class java/util/zip/GZIPOutputStream done
Event: 12.393 Loading class java/util/zip/GZIPInputStream
Event: 12.393 Loading class java/util/zip/GZIPInputStream done

Classes unloaded (0 events):
No events

Classes redefined (0 events):
No events

Internal exceptions (20 events):
Event: 12.276 Thread 0x0000016f5693a380 Exception <a 'java/lang/ClassNotFoundException'{0x00000000efb31ab0}: groovy/lang/ScriptBeanInfo> (0x00000000efb31ab0) 
thrown [s\open\src\hotspot\share\classfile\systemDictionary.cpp, line 313]
Event: 12.277 Thread 0x0000016f5693a380 Exception <a 'java/lang/ClassNotFoundException'{0x00000000efb3aec0}: groovy/lang/ScriptCustomizer> (0x00000000efb3aec0) 
thrown [s\open\src\hotspot\share\classfile\systemDictionary.cpp, line 313]
Event: 12.279 Thread 0x0000016f5693a380 Exception <a 'java/lang/ClassNotFoundException'{0x00000000efb4cb98}: org/gradle/groovy/scripts/ScriptCustomizer> (0x00000000efb4cb98) 
thrown [s\open\src\hotspot\share\classfile\systemDictionary.cpp, line 313]
Event: 12.280 Thread 0x0000016f5693a380 Exception <a 'java/lang/ClassNotFoundException'{0x00000000efb5cf28}: org/gradle/groovy/scripts/BasicScriptCustomizer> (0x00000000efb5cf28) 
thrown [s\open\src\hotspot\share\classfile\systemDictionary.cpp, line 313]
Event: 12.282 Thread 0x0000016f5693a380 Exception <a 'java/lang/ClassNotFoundException'{0x00000000efb738b0}: org/gradle/groovy/scripts/DefaultScriptCustomizer> (0x00000000efb738b0) 
thrown [s\open\src\hotspot\share\classfile\systemDictionary.cpp, line 313]
Event: 12.288 Thread 0x0000016f5693a380 Exception <a 'java/lang/ClassNotFoundException'{0x00000000efb9a6e0}: org/gradle/plugin/use/internal/PluginsAwareScriptCustomizer> (0x00000000efb9a6e0) 
thrown [s\open\src\hotspot\share\classfile\systemDictionary.cpp, line 313]
Event: 12.290 Thread 0x0000016f5693a380 Exception <a 'java/lang/ClassNotFoundException'{0x00000000efbabf30}: org/gradle/initialization/SettingsScriptCustomizer> (0x00000000efbabf30) 
thrown [s\open\src\hotspot\share\classfile\systemDictionary.cpp, line 313]
Event: 12.292 Thread 0x0000016f5693a380 Exception <a 'java/lang/ClassNotFoundException'{0x00000000efbb9350}: settings_9wl106t4b4ke0sg6pq1xd6yd6Customizer> (0x00000000efbb9350) 
thrown [s\open\src\hotspot\share\classfile\systemDictionary.cpp, line 313]
Event: 12.326 Thread 0x0000016f5693a380 Exception <a 'java/lang/NoSuchMethodError'{0x00000000eff051c0}: 'void java.lang.invoke.Invokers$Holder.invoke_MT(java.lang.Object, java.lang.Object, java.lang.Object, java.lang.Object)'> (0x00000000eff051c0) 
thrown [s\open\src\hotspot\share\interpreter\linkResolver.cpp, line 774]
Event: 12.329 Thread 0x0000016f5693a380 Implicit null exception at 0x0000016f301c26df to 0x0000016f301c2968
Event: 12.330 Thread 0x0000016f5693a380 Exception <a 'java/lang/NoSuchMethodError'{0x00000000eff19bb0}: 'int java.lang.invoke.DirectMethodHandle$Holder.invokeSpecial(java.lang.Object, java.lang.Object, java.lang.Object, int)'> (0x00000000eff19bb0) 
thrown [s\open\src\hotspot\share\interpreter\linkResolver.cpp, line 774]
Event: 12.331 Thread 0x0000016f5693a380 Exception <a 'java/lang/NoSuchMethodError'{0x00000000eff2aa98}: 'java.lang.Object java.lang.invoke.DirectMethodHandle$Holder.invokeStatic(java.lang.Object, java.lang.Object, java.lang.Object, java.lang.Object, int)'> (0x00000000eff2aa98) 
thrown [s\open\src\hotspot\share\interpreter\linkResolver.cpp, line 774]
Event: 12.345 Thread 0x0000016f5693a380 Exception <a 'java/lang/ClassNotFoundException'{0x00000000efe71a40}: org/gradle/initialization/DefaultSettings_DecoratedBeanInfo> (0x00000000efe71a40) 
thrown [s\open\src\hotspot\share\classfile\systemDictionary.cpp, line 313]
Event: 12.345 Thread 0x0000016f5693a380 Exception <a 'java/lang/ClassNotFoundException'{0x00000000efe80098}: org/gradle/initialization/DefaultSettingsBeanInfo> (0x00000000efe80098) 
thrown [s\open\src\hotspot\share\classfile\systemDictionary.cpp, line 313]
Event: 12.346 Thread 0x0000016f5693a380 Exception <a 'java/lang/ClassNotFoundException'{0x00000000efe8eed0}: org/gradle/api/internal/project/AbstractPluginAwareBeanInfo> (0x00000000efe8eed0) 
thrown [s\open\src\hotspot\share\classfile\systemDictionary.cpp, line 313]
Event: 12.346 Thread 0x0000016f5693a380 Exception <a 'java/lang/ClassNotFoundException'{0x00000000efe9d5c0}: org/gradle/api/internal/project/AbstractPluginAwareCustomizer> (0x00000000efe9d5c0) 
thrown [s\open\src\hotspot\share\classfile\systemDictionary.cpp, line 313]
Event: 12.349 Thread 0x0000016f5693a380 Exception <a 'java/lang/ClassNotFoundException'{0x00000000efeb26f0}: org/gradle/initialization/DefaultSettingsCustomizer> (0x00000000efeb26f0) 
thrown [s\open\src\hotspot\share\classfile\systemDictionary.cpp, line 313]
Event: 12.355 Thread 0x0000016f5693a380 Exception <a 'java/lang/ClassNotFoundException'{0x00000000efefbdc0}: org/gradle/initialization/DefaultSettings_DecoratedCustomizer> (0x00000000efefbdc0) 
thrown [s\open\src\hotspot\share\classfile\systemDictionary.cpp, line 313]
Event: 12.373 Thread 0x0000016f5693a380 Exception <a 'java/lang/ClassNotFoundException'{0x00000000efc2f7d8}: org/gradle/initialization/DefaultProjectDescriptorBeanInfo> (0x00000000efc2f7d8) 
thrown [s\open\src\hotspot\share\classfile\systemDictionary.cpp, line 313]
Event: 12.373 Thread 0x0000016f5693a380 Exception <a 'java/lang/ClassNotFoundException'{0x00000000efc3cdc0}: org/gradle/initialization/DefaultProjectDescriptorCustomizer> (0x00000000efc3cdc0) 
thrown [s\open\src\hotspot\share\classfile\systemDictionary.cpp, line 313]

ZGC Phase Switch (0 events):
No events

VM Operations (20 events):
Event: 11.706 Executing VM operation: HandshakeAllThreads (Deoptimize)
Event: 11.706 Executing VM operation: HandshakeAllThreads (Deoptimize) done
Event: 11.713 Executing VM operation: ICBufferFull
Event: 11.713 Executing VM operation: ICBufferFull done
Event: 11.903 Executing VM operation: HandshakeAllThreads (Deoptimize)
Event: 11.903 Executing VM operation: HandshakeAllThreads (Deoptimize) done
Event: 11.930 Executing VM operation: HandshakeAllThreads (Deoptimize)
Event: 11.930 Executing VM operation: HandshakeAllThreads (Deoptimize) done
Event: 12.170 Executing VM operation: ICBufferFull
Event: 12.171 Executing VM operation: ICBufferFull done
Event: 12.176 Executing VM operation: CollectForMetadataAllocation (Metadata GC Threshold)
Event: 12.192 Executing VM operation: CollectForMetadataAllocation (Metadata GC Threshold) done
Event: 12.319 Executing VM operation: CollectForMetadataAllocation (Metadata GC Threshold)
Event: 12.325 Executing VM operation: CollectForMetadataAllocation (Metadata GC Threshold) done
Event: 12.415 Executing VM operation: CollectForMetadataAllocation (Metadata GC Threshold)
Event: 12.422 Executing VM operation: CollectForMetadataAllocation (Metadata GC Threshold) done
Event: 12.437 Executing VM operation: G1PauseRemark
Event: 12.442 Executing VM operation: G1PauseRemark done
Event: 12.449 Executing VM operation: G1PauseCleanup
Event: 12.449 Executing VM operation: G1PauseCleanup done

Memory protections (0 events):
No events

Nmethod flushes (20 events):
Event: 12.441 Thread 0x0000016f3ac876c0 flushing  nmethod 0x0000016f284e5810
Event: 12.441 Thread 0x0000016f3ac876c0 flushing  nmethod 0x0000016f2854ef10
Event: 12.441 Thread 0x0000016f3ac876c0 flushing  nmethod 0x0000016f2854f910
Event: 12.441 Thread 0x0000016f3ac876c0 flushing  nmethod 0x0000016f28550310
Event: 12.441 Thread 0x0000016f3ac876c0 flushing  nmethod 0x0000016f28550710
Event: 12.441 Thread 0x0000016f3ac876c0 flushing  nmethod 0x0000016f28550e10
Event: 12.441 Thread 0x0000016f3ac876c0 flushing  nmethod 0x0000016f28551290
Event: 12.441 Thread 0x0000016f3ac876c0 flushing  nmethod 0x0000016f28551910
Event: 12.441 Thread 0x0000016f3ac876c0 flushing  nmethod 0x0000016f285fc590
Event: 12.441 Thread 0x0000016f3ac876c0 flushing  nmethod 0x0000016f285fc990
Event: 12.441 Thread 0x0000016f3ac876c0 flushing  nmethod 0x0000016f285ffa90
Event: 12.441 Thread 0x0000016f3ac876c0 flushing  nmethod 0x0000016f28600c90
Event: 12.441 Thread 0x0000016f3ac876c0 flushing  nmethod 0x0000016f28605d10
Event: 12.441 Thread 0x0000016f3ac876c0 flushing  nmethod 0x0000016f28698d10
Event: 12.441 Thread 0x0000016f3ac876c0 flushing  nmethod 0x0000016f2869c110
Event: 12.441 Thread 0x0000016f3ac876c0 flushing  nmethod 0x0000016f286a0a90
Event: 12.441 Thread 0x0000016f3ac876c0 flushing  nmethod 0x0000016f286a0e90
Event: 12.441 Thread 0x0000016f3ac876c0 flushing  nmethod 0x0000016f28762e90
Event: 12.441 Thread 0x0000016f3ac876c0 flushing  nmethod 0x0000016f287f7290
Event: 12.441 Thread 0x0000016f3ac876c0 flushing  nmethod 0x0000016f287f8c10

Events (20 events):
Event: 3.608 Thread 0x0000016f3ba7e5a0 Thread added: 0x0000016f56939cf0
Event: 3.620 Thread 0x0000016f3ba7e5a0 Thread added: 0x0000016f5693a380
Event: 3.641 Thread 0x0000016f5693a380 Thread added: 0x0000016f56938940
Event: 3.647 Thread 0x0000016f5693a380 Thread added: 0x0000016f5693cae0
Event: 3.650 Thread 0x0000016f5693a380 Thread added: 0x0000016f5693bdc0
Event: 4.303 Thread 0x0000016f5693a380 Thread added: 0x0000016f56937590
Event: 4.314 Thread 0x0000016f5693a380 Thread added: 0x0000016f5693c450
Event: 4.357 Thread 0x0000016f5693a380 Thread added: 0x0000016f56937c20
Event: 5.742 Thread 0x0000016f5693a380 Thread added: 0x0000016f5693b0a0
Event: 6.165 Thread 0x0000016f5693a380 Thread added: 0x0000016f56938fd0
Event: 6.176 Thread 0x0000016f5693a380 Thread added: 0x0000016f5693de90
Event: 6.832 Thread 0x0000016f55dfbe30 Thread exited: 0x0000016f55dfbe30
Event: 6.896 Thread 0x0000016f3b9ed9a0 Thread exited: 0x0000016f3b9ed9a0
Event: 9.717 Thread 0x0000016f5693a380 Thread added: 0x0000016f56939660
Event: 9.852 Thread 0x0000016f5693a380 Thread added: 0x0000016f56936f00
Event: 10.127 Thread 0x0000016f3acc7850 Thread added: 0x0000016f58211ba0
Event: 10.578 Thread 0x0000016f5693a380 Thread added: 0x0000016f5693aa10
Event: 10.847 Thread 0x0000016f5693a380 Thread added: 0x0000016f569382b0
Event: 12.027 Thread 0x0000016f5693a380 Thread added: 0x0000016f5738a140
Event: 12.081 Thread 0x0000016f5693a380 Thread added: 0x0000016f573879e0


Dynamic libraries:
0x00007ff7d7b40000 - 0x00007ff7d7b50000 	C:\Program Files\Java\jdk-22\bin\java.exe
0x00007ff8083d0000 - 0x00007ff8085e7000 	C:\WINDOWS\SYSTEM32\ntdll.dll
0x00007fffdc5d0000 - 0x00007fffdc5ea000 	C:\Program Files\Avast Software\Avast\aswhook.dll
0x00007ff807080000 - 0x00007ff807144000 	C:\WINDOWS\System32\KERNEL32.DLL
0x00007ff805c00000 - 0x00007ff805fad000 	C:\WINDOWS\System32\KERNELBASE.dll
0x00007ff805fe0000 - 0x00007ff8060f1000 	C:\WINDOWS\System32\ucrtbase.dll
0x00007fff7fb30000 - 0x00007fff7fb47000 	C:\Program Files\Java\jdk-22\bin\jli.dll
0x00007ff806200000 - 0x00007ff8063ae000 	C:\WINDOWS\System32\USER32.dll
0x00007ff805ab0000 - 0x00007ff805ad6000 	C:\WINDOWS\System32\win32u.dll
0x00007ff807750000 - 0x00007ff807779000 	C:\WINDOWS\System32\GDI32.dll
0x00007ff805ae0000 - 0x00007ff805bf9000 	C:\WINDOWS\System32\gdi32full.dll
0x00007ff805860000 - 0x00007ff8058fa000 	C:\WINDOWS\System32\msvcp_win.dll
0x00007fffc5930000 - 0x00007fffc594b000 	C:\Program Files\Java\jdk-22\bin\VCRUNTIME140.dll
0x00007fffdf910000 - 0x00007fffdfba3000 	C:\WINDOWS\WinSxS\amd64_microsoft.windows.common-controls_6595b64144ccf1df_6.0.22621.3672_none_2713b9d173822955\COMCTL32.dll
0x00007ff806480000 - 0x00007ff806527000 	C:\WINDOWS\System32\msvcrt.dll
0x00007ff8063b0000 - 0x00007ff8063e1000 	C:\WINDOWS\System32\IMM32.DLL
0x00007fff7d600000 - 0x00007fff7d71a000 	C:\Program Files\Topaz OFD\Warsaw\wslbscr64.dll
0x00007ff806530000 - 0x00007ff8065e2000 	C:\WINDOWS\System32\ADVAPI32.dll
0x00007ff807150000 - 0x00007ff8071f9000 	C:\WINDOWS\System32\sechost.dll
0x00007ff805fb0000 - 0x00007ff805fd8000 	C:\WINDOWS\System32\bcrypt.dll
0x00007ff8068f0000 - 0x00007ff806a04000 	C:\WINDOWS\System32\RPCRT4.dll
0x00007ff807790000 - 0x00007ff807ff8000 	C:\WINDOWS\System32\SHELL32.dll
0x00007ff804710000 - 0x00007ff804744000 	C:\WINDOWS\SYSTEM32\ntmarta.dll
0x00007fff7b630000 - 0x00007fff7b72a000 	C:\Program Files\Topaz OFD\Warsaw\wslbscrwh64.dll
0x00007fffd2700000 - 0x00007fffd270c000 	C:\Program Files\Java\jdk-22\bin\vcruntime140_1.dll
0x00007fff7d130000 - 0x00007fff7d1be000 	C:\Program Files\Java\jdk-22\bin\msvcp140.dll
0x00007fff4eb80000 - 0x00007fff4f8c9000 	C:\Program Files\Java\jdk-22\bin\server\jvm.dll
0x00007ff806a20000 - 0x00007ff806a91000 	C:\WINDOWS\System32\WS2_32.dll
0x00007ff8055b0000 - 0x00007ff8055fd000 	C:\WINDOWS\SYSTEM32\POWRPROF.dll
0x00007fffffd10000 - 0x00007fffffd44000 	C:\WINDOWS\SYSTEM32\WINMM.dll
0x00007ffffbb40000 - 0x00007ffffbb4a000 	C:\WINDOWS\SYSTEM32\VERSION.dll
0x00007ff8054e0000 - 0x00007ff8054f3000 	C:\WINDOWS\SYSTEM32\UMPDC.dll
0x00007ff8046f0000 - 0x00007ff804708000 	C:\WINDOWS\SYSTEM32\kernel.appcore.dll
0x00007fffcf7b0000 - 0x00007fffcf7ba000 	C:\Program Files\Java\jdk-22\bin\jimage.dll
0x00007ff803250000 - 0x00007ff803482000 	C:\WINDOWS\SYSTEM32\DBGHELP.DLL
0x00007ff806cf0000 - 0x00007ff80707d000 	C:\WINDOWS\System32\combase.dll
0x00007ff806c10000 - 0x00007ff806ce7000 	C:\WINDOWS\System32\OLEAUT32.dll
0x00007ffffb740000 - 0x00007ffffb772000 	C:\WINDOWS\SYSTEM32\dbgcore.DLL
0x00007ff805970000 - 0x00007ff8059eb000 	C:\WINDOWS\System32\bcryptPrimitives.dll
0x00007fffce3e0000 - 0x00007fffce3ef000 	C:\Program Files\Java\jdk-22\bin\instrument.dll
0x00007fffad4a0000 - 0x00007fffad4be000 	C:\Program Files\Java\jdk-22\bin\java.dll
0x0000016f1f950000 - 0x0000016f1faf5000 	C:\WINDOWS\System32\ole32.dll
0x00007ff8035f0000 - 0x00007ff803eee000 	C:\WINDOWS\SYSTEM32\windows.storage.dll
0x00007ff8034b0000 - 0x00007ff8035ef000 	C:\WINDOWS\SYSTEM32\wintypes.dll
0x0000016f3bda0000 - 0x0000016f3be99000 	C:\WINDOWS\System32\SHCORE.dll
0x00007ff807250000 - 0x00007ff8072ae000 	C:\WINDOWS\System32\shlwapi.dll
0x00007ff805620000 - 0x00007ff805641000 	C:\WINDOWS\SYSTEM32\profapi.dll
0x00007fff79330000 - 0x00007fff79407000 	C:\Program Files\Java\jdk-22\bin\jsvml.dll
0x00007fffab020000 - 0x00007fffab037000 	C:\Program Files\Java\jdk-22\bin\zip.dll
0x00007fffcef10000 - 0x00007fffcef20000 	C:\Program Files\Java\jdk-22\bin\net.dll
0x00007ff804b60000 - 0x00007ff804bc9000 	C:\WINDOWS\system32\mswsock.dll
0x00007fffab130000 - 0x00007fffab146000 	C:\Program Files\Java\jdk-22\bin\nio.dll
0x00007fffce910000 - 0x00007fffce920000 	C:\Program Files\Java\jdk-22\bin\verify.dll
0x00007fff8dae0000 - 0x00007fff8db07000 	C:\Users\Tassandro\.gradle\native\c067742578af261105cb4f569cf0c3c89f3d7b1fecec35dd04571415982c5e48\windows-amd64\native-platform.dll
0x00007fff600d0000 - 0x00007fff60214000 	C:\Users\Tassandro\.gradle\native\100fb08df4bc3b14c8652ba06237920a3bd2aa13389f12d3474272988ae205f9\windows-amd64\native-platform-file-events.dll
0x00007fffbc1f0000 - 0x00007fffbc1fa000 	C:\Program Files\Java\jdk-22\bin\management.dll
0x00007fffbba00000 - 0x00007fffbba0b000 	C:\Program Files\Java\jdk-22\bin\management_ext.dll
0x00007ff8068e0000 - 0x00007ff8068e8000 	C:\WINDOWS\System32\PSAPI.DLL
0x00007ff804e00000 - 0x00007ff804e1b000 	C:\WINDOWS\SYSTEM32\CRYPTSP.dll
0x00007ff804650000 - 0x00007ff804685000 	C:\WINDOWS\system32\rsaenh.dll
0x00007ff804c70000 - 0x00007ff804c98000 	C:\WINDOWS\SYSTEM32\USERENV.dll
0x00007ff804df0000 - 0x00007ff804dfc000 	C:\WINDOWS\SYSTEM32\CRYPTBASE.dll
0x00007ff804190000 - 0x00007ff8041bd000 	C:\WINDOWS\SYSTEM32\IPHLPAPI.DLL
0x00007ff806a10000 - 0x00007ff806a19000 	C:\WINDOWS\System32\NSI.dll
0x00007fffce2e0000 - 0x00007fffce2e9000 	C:\Program Files\Java\jdk-22\bin\extnet.dll
0x00007fffce3d0000 - 0x00007fffce3de000 	C:\Program Files\Java\jdk-22\bin\sunmscapi.dll
0x00007ff8056f0000 - 0x00007ff805857000 	C:\WINDOWS\System32\CRYPT32.dll
0x00007ff804f90000 - 0x00007ff804fbe000 	C:\WINDOWS\SYSTEM32\ncrypt.dll
0x00007ff804f50000 - 0x00007ff804f87000 	C:\WINDOWS\SYSTEM32\NTASN1.dll
0x00007ffff7f80000 - 0x00007ffff7f88000 	C:\WINDOWS\system32\wshunix.dll

dbghelp: loaded successfully - version: 4.0.5 - missing functions: none
symbol engine: initialized successfully - sym options: 0x614 - pdb path: .;C:\Program Files\Java\jdk-22\bin;C:\WINDOWS\SYSTEM32;C:\Program Files\Avast Software\Avast;C:\WINDOWS\WinSxS\amd64_microsoft.windows.common-controls_6595b64144ccf1df_6.0.22621.3672_none_2713b9d173822955;C:\Program Files\Topaz OFD\Warsaw;C:\Program Files\Java\jdk-22\bin\server;C:\Users\Tassandro\.gradle\native\c067742578af261105cb4f569cf0c3c89f3d7b1fecec35dd04571415982c5e48\windows-amd64;C:\Users\Tassandro\.gradle\native\100fb08df4bc3b14c8652ba06237920a3bd2aa13389f12d3474272988ae205f9\windows-amd64

VM Arguments:
jvm_args: --add-opens=java.base/java.util=ALL-UNNAMED --add-opens=java.base/java.lang=ALL-UNNAMED --add-opens=java.base/java.lang.invoke=ALL-UNNAMED --add-opens=java.prefs/java.util.prefs=ALL-UNNAMED --add-opens=java.base/java.nio.charset=ALL-UNNAMED --add-opens=java.base/java.net=ALL-UNNAMED --add-opens=java.base/java.util.concurrent.atomic=ALL-UNNAMED -XX:MaxMetaspaceSize=384m -XX:+HeapDumpOnOutOfMemoryError -Xms256m -Xmx512m -Dfile.encoding=UTF-8 -Duser.country=BR -Duser.language=pt -Duser.variant -javaagent:C:\Users\Tassandro\.gradle\wrapper\dists\gradle-8.8-bin\dl7vupf4psengwqhwktix4v1\gradle-8.8\lib\agents\gradle-instrumentation-agent-8.8.jar 
java_command: org.gradle.launcher.daemon.bootstrap.GradleDaemon 8.8
java_class_path (initial): C:\Users\Tassandro\.gradle\wrapper\dists\gradle-8.8-bin\dl7vupf4psengwqhwktix4v1\gradle-8.8\lib\gradle-launcher-8.8.jar
Launcher Type: SUN_STANDARD

[Global flags]
     intx CICompilerCount                          = 12                                        {product} {ergonomic}
   size_t CompressedClassSpaceSize                 = 335544320                                 {product} {ergonomic}
     uint ConcGCThreads                            = 3                                         {product} {ergonomic}
     uint G1ConcRefinementThreads                  = 13                                        {product} {ergonomic}
   size_t G1HeapRegionSize                         = 1048576                                   {product} {ergonomic}
     bool HeapDumpOnOutOfMemoryError               = true                                   {manageable} {command line}
   size_t InitialHeapSize                          = 268435456                                 {product} {command line}
   size_t MarkStackSize                            = 4194304                                   {product} {ergonomic}
   size_t MaxHeapSize                              = 536870912                                 {product} {command line}
   size_t MaxMetaspaceSize                         = 402653184                                 {product} {command line}
   size_t MaxNewSize                               = 321912832                                 {product} {ergonomic}
   size_t MinHeapDeltaBytes                        = 1048576                                   {product} {ergonomic}
   size_t MinHeapSize                              = 268435456                                 {product} {command line}
    uintx NonNMethodCodeHeapSize                   = 7602480                                {pd product} {ergonomic}
    uintx NonProfiledCodeHeapSize                  = 122027880                              {pd product} {ergonomic}
    uintx ProfiledCodeHeapSize                     = 122027880                              {pd product} {ergonomic}
    uintx ReservedCodeCacheSize                    = 251658240                              {pd product} {ergonomic}
     bool SegmentedCodeCache                       = true                                      {product} {ergonomic}
   size_t SoftMaxHeapSize                          = 536870912                              {manageable} {ergonomic}
     bool UseCompressedOops                        = true                           {product lp64_product} {ergonomic}
     bool UseG1GC                                  = true                                      {product} {ergonomic}
     bool UseLargePagesIndividualAllocation        = false                                  {pd product} {ergonomic}

Logging:
Log output configuration:
 #0: stdout all=warning uptime,level,tags foldmultilines=false
 #1: stderr all=off uptime,level,tags foldmultilines=false

Environment Variables:
JAVA_HOME=C:\Program Files\Java\jdk-22
CLASSPATH=C:\Users\Tassandro\literar.io\api\\gradle\wrapper\gradle-wrapper.jar
PATH=C:\Users\Tassandro\Desktop\Gradle\gradle-8.10-bin\gradle-8.10\bin
USERNAME=Tassandro
LANG=en_US.UTF-8
OS=Windows_NT
PROCESSOR_IDENTIFIER=AMD64 Family 23 Model 104 Stepping 1, AuthenticAMD
TMP=C:\Users\TASSAN~1\AppData\Local\Temp
TEMP=C:\Users\TASSAN~1\AppData\Local\Temp




Periodic native trim disabled

---------------  S Y S T E M  ---------------

OS:
 Windows 11 , 64 bit Build 22621 (10.0.22621.3958)
OS uptime: 2 days 15:01 hours
Hyper-V role detected

CPU: total 16 (initial active 16) (16 cores per cpu, 2 threads per core) family 23 model 104 stepping 1 microcode 0x0, cx8, cmov, fxsr, ht, mmx, 3dnowpref, sse, sse2, sse3, ssse3, sse4a, sse4.1, sse4.2, popcnt, lzcnt, tsc, tscinvbit, avx, avx2, aes, clmul, bmi1, bmi2, adx, sha, fma, vzeroupper, clflush, clflushopt, hv, rdtscp, rdpid, f16c
Processor Information for all 16 processors :
  Max Mhz: 1801, Current Mhz: 1801, Mhz Limit: 1801

Memory: 4k page, system-wide physical 5989M (272M free)
TotalPageFile size 24421M (AvailPageFile size 67M)
current process WorkingSet (physical memory assigned to process): 305M, peak: 305M
current process commit charge ("private bytes"): 456M, peak: 456M

vm_info: Java HotSpot(TM) 64-Bit Server VM (22.0.2+9-70) for windows-amd64 JRE (22.0.2+9-70), built on 2024-06-04T16:52:23Z by "mach5one" with MS VC++ 17.6 (VS2022)

END.
