#
# There is insufficient memory for the Java Runtime Environment to continue.
# Native memory allocation (malloc) failed to allocate 1314256 bytes. Error detail: Chunk::new
# Possible reasons:
#   The system is out of physical RAM or swap space
#   This process is running with CompressedOops enabled, and the Java Heap may be blocking the growth of the native heap
# Possible solutions:
#   Reduce memory load on the system
#   Increase physical memory or swap space
#   Check if swap backing store is full
#   Decrease Java heap size (-Xmx/-Xms)
#   Decrease number of Java threads
#   Decrease Java thread stack sizes (-Xss)
#   Set larger code cache with -XX:ReservedCodeCacheSize=
#   JVM is running with Unscaled Compressed Oops mode in which the Java heap is
#     placed in the first 4GB address space. The Java Heap base address is the
#     maximum limit for the native heap growth. Please use -XX:HeapBaseMinAddress
#     to set the Java Heap base and to place the Java Heap above 4GB virtual address.
# This output file may be truncated or incomplete.
#
#  Out of Memory Error (arena.cpp:150), pid=10528, tid=56748
#
# JRE version: Java(TM) SE Runtime Environment (22.0.2+9) (build 22.0.2+9-70)
# Java VM: Java HotSpot(TM) 64-Bit Server VM (22.0.2+9-70, mixed mode, sharing, tiered, compressed oops, compressed class ptrs, g1 gc, windows-amd64)
# No core dump will be written. Minidumps are not enabled by default on client versions of Windows
#

---------------  S U M M A R Y ------------

Command Line: --add-opens=java.base/java.util=ALL-UNNAMED --add-opens=java.base/java.lang=ALL-UNNAMED --add-opens=java.base/java.lang.invoke=ALL-UNNAMED --add-opens=java.prefs/java.util.prefs=ALL-UNNAMED --add-opens=java.base/java.nio.charset=ALL-UNNAMED --add-opens=java.base/java.net=ALL-UNNAMED --add-opens=java.base/java.util.concurrent.atomic=ALL-UNNAMED -XX:MaxMetaspaceSize=384m -XX:+HeapDumpOnOutOfMemoryError -Xms256m -Xmx512m -Dfile.encoding=UTF-8 -Duser.country=BR -Duser.language=pt -Duser.variant -javaagent:C:\Users\Tassandro\.gradle\wrapper\dists\gradle-8.8-bin\dl7vupf4psengwqhwktix4v1\gradle-8.8\lib\agents\gradle-instrumentation-agent-8.8.jar org.gradle.launcher.daemon.bootstrap.GradleDaemon 8.8

Host: AMD Ryzen 7 5700U with Radeon Graphics         , 16 cores, 5G,  Windows 11 , 64 bit Build 22621 (10.0.22621.3958)
Time: Mon Aug 26 12:32:56 2024 Hora oficial do Brasil elapsed time: 32.926086 seconds (0d 0h 0m 32s)

---------------  T H R E A D  ---------------

Current thread (0x0000025a9e3a7640):  JavaThread "C2 CompilerThread0" daemon [_thread_in_native, id=56748, stack(0x000000c445000000,0x000000c445100000) (1024K)]


Current CompileTask:
C2:32926 4751   !   4       java.net.URLClassLoader$1::run (81 bytes)

Stack: [0x000000c445000000,0x000000c445100000]
Native frames: (J=compiled Java code, j=interpreted, Vv=VM code, C=native code)
V  [jvm.dll+0x6e26e9]  (no source info available)
V  [jvm.dll+0x875753]  (no source info available)
V  [jvm.dll+0x877b7e]  (no source info available)
V  [jvm.dll+0x878253]  (no source info available)
V  [jvm.dll+0x27fc86]  (no source info available)
V  [jvm.dll+0xc3d0f]  (no source info available)
V  [jvm.dll+0xc3f6b]  (no source info available)
V  [jvm.dll+0x3bb442]  (no source info available)
V  [jvm.dll+0x1df4ac]  (no source info available)
V  [jvm.dll+0x24793c]  (no source info available)
V  [jvm.dll+0x246e9f]  (no source info available)
V  [jvm.dll+0x1c4e80]  (no source info available)
V  [jvm.dll+0x2568f3]  (no source info available)
V  [jvm.dll+0x254baa]  (no source info available)
V  [jvm.dll+0x3f57a6]  (no source info available)
V  [jvm.dll+0x81dc0b]  (no source info available)
V  [jvm.dll+0x6e0d85]  (no source info available)
C  [ucrtbase.dll+0x29333]  (no source info available)
C  [KERNEL32.DLL+0x1257d]  (no source info available)
C  [ntdll.dll+0x5af28]  (no source info available)


---------------  P R O C E S S  ---------------

Threads class SMR info:
_java_thread_list=0x0000025ab9330e80, length=27, elements={
0x0000025a80b5d830, 0x0000025a9e3854f0, 0x0000025a9e385f50, 0x0000025a9e38f2a0,
0x0000025a9e392a50, 0x0000025a9e394490, 0x0000025a9e393770, 0x0000025a9e3a7640,
0x0000025a9e3aaa50, 0x0000025a9e3923c0, 0x0000025a9e3930e0, 0x0000025a9e673ff0,
0x0000025a9e391010, 0x0000025a9e3916a0, 0x0000025a9e391d30, 0x0000025ab958e0a0,
0x0000025ab95877a0, 0x0000025ab95891e0, 0x0000025ab9589f00, 0x0000025ab958c660,
0x0000025ab958b940, 0x0000025ab958b2b0, 0x0000025ab9587110, 0x0000025aba29cb40,
0x0000025aba29ffc0, 0x0000025aba29e580, 0x0000025aba2a0650
}

Java Threads: ( => current thread )
  0x0000025a80b5d830 JavaThread "main"                              [_thread_blocked, id=13676, stack(0x000000c444200000,0x000000c444300000) (1024K)]
  0x0000025a9e3854f0 JavaThread "Reference Handler"          daemon [_thread_blocked, id=65648, stack(0x000000c444a00000,0x000000c444b00000) (1024K)]
  0x0000025a9e385f50 JavaThread "Finalizer"                  daemon [_thread_blocked, id=67980, stack(0x000000c444b00000,0x000000c444c00000) (1024K)]
  0x0000025a9e38f2a0 JavaThread "Signal Dispatcher"          daemon [_thread_blocked, id=57296, stack(0x000000c444c00000,0x000000c444d00000) (1024K)]
  0x0000025a9e392a50 JavaThread "Attach Listener"            daemon [_thread_blocked, id=65324, stack(0x000000c444d00000,0x000000c444e00000) (1024K)]
  0x0000025a9e394490 JavaThread "Service Thread"             daemon [_thread_blocked, id=50348, stack(0x000000c444e00000,0x000000c444f00000) (1024K)]
  0x0000025a9e393770 JavaThread "Monitor Deflation Thread"   daemon [_thread_blocked, id=24660, stack(0x000000c444f00000,0x000000c445000000) (1024K)]
=>0x0000025a9e3a7640 JavaThread "C2 CompilerThread0"         daemon [_thread_in_native, id=56748, stack(0x000000c445000000,0x000000c445100000) (1024K)]
  0x0000025a9e3aaa50 JavaThread "C1 CompilerThread0"         daemon [_thread_blocked, id=70256, stack(0x000000c445100000,0x000000c445200000) (1024K)]
  0x0000025a9e3923c0 JavaThread "Common-Cleaner"             daemon [_thread_blocked, id=67832, stack(0x000000c445300000,0x000000c445400000) (1024K)]
  0x0000025a9e3930e0 JavaThread "Notification Thread"        daemon [_thread_blocked, id=54336, stack(0x000000c445400000,0x000000c445500000) (1024K)]
  0x0000025a9e673ff0 JavaThread "C1 CompilerThread1"         daemon [_thread_blocked, id=70088, stack(0x000000c445500000,0x000000c445600000) (1024K)]
  0x0000025a9e391010 JavaThread "Daemon health stats"               [_thread_blocked, id=61916, stack(0x000000c445d00000,0x000000c445e00000) (1024K)]
  0x0000025a9e3916a0 JavaThread "Incoming local TCP Connector on port 49843"        [_thread_in_native, id=69936, stack(0x000000c445e00000,0x000000c445f00000) (1024K)]
  0x0000025a9e391d30 JavaThread "Daemon periodic checks"            [_thread_blocked, id=25644, stack(0x000000c445f00000,0x000000c446000000) (1024K)]
  0x0000025ab958e0a0 JavaThread "Daemon"                            [_thread_blocked, id=68272, stack(0x000000c445200000,0x000000c445300000) (1024K)]
  0x0000025ab95877a0 JavaThread "Daemon worker"                     [_thread_blocked, id=70420, stack(0x000000c446200000,0x000000c446300000) (1024K)]
  0x0000025ab95891e0 JavaThread "Cache worker for journal cache (C:\Users\Tassandro\.gradle\caches\journal-1)"        [_thread_blocked, id=18320, stack(0x000000c446600000,0x000000c446700000) (1024K)]
  0x0000025ab9589f00 JavaThread "File lock request listener"        [_thread_in_native, id=65976, stack(0x000000c446700000,0x000000c446800000) (1024K)]
  0x0000025ab958c660 JavaThread "Cache worker for file hash cache (C:\Users\Tassandro\.gradle\caches\8.8\fileHashes)"        [_thread_blocked, id=63328, stack(0x000000c445c00000,0x000000c445d00000) (1024K)]
  0x0000025ab958b940 JavaThread "File watcher server"        daemon [_thread_in_native, id=49728, stack(0x000000c447100000,0x000000c447200000) (1024K)]
  0x0000025ab958b2b0 JavaThread "File watcher consumer"      daemon [_thread_blocked, id=70008, stack(0x000000c447200000,0x000000c447300000) (1024K)]
  0x0000025ab9587110 JavaThread "Cache worker for file content cache (C:\Users\Tassandro\.gradle\caches\8.8\fileContent)"        [_thread_blocked, id=68328, stack(0x000000c447400000,0x000000c447500000) (1024K)]
  0x0000025aba29cb40 JavaThread "jar transforms"                    [_thread_blocked, id=34612, stack(0x000000c447700000,0x000000c447800000) (1024K)]
  0x0000025aba29ffc0 JavaThread "jar transforms Thread 2"           [_thread_blocked, id=53152, stack(0x000000c447800000,0x000000c447900000) (1024K)]
  0x0000025aba29e580 JavaThread "jar transforms Thread 3"           [_thread_blocked, id=70444, stack(0x000000c447a00000,0x000000c447b00000) (1024K)]
  0x0000025aba2a0650 JavaThread "VFS cleanup"                       [_thread_blocked, id=45524, stack(0x000000c446300000,0x000000c446400000) (1024K)]
Total: 27

Other Threads:
  0x0000025a9e368510 VMThread "VM Thread"                           [id=40968, stack(0x000000c444900000,0x000000c444a00000) (1024K)]
  0x0000025a9e4410a0 WatcherThread "VM Periodic Task Thread"        [id=63680, stack(0x000000c444800000,0x000000c444900000) (1024K)]
  0x0000025a82d31690 WorkerThread "GC Thread#0"                     [id=62804, stack(0x000000c444300000,0x000000c444400000) (1024K)]
  0x0000025ab8873a50 WorkerThread "GC Thread#1"                     [id=54156, stack(0x000000c445600000,0x000000c445700000) (1024K)]
  0x0000025ab8873e00 WorkerThread "GC Thread#2"                     [id=54608, stack(0x000000c445700000,0x000000c445800000) (1024K)]
  0x0000025ab88741b0 WorkerThread "GC Thread#3"                     [id=70452, stack(0x000000c445800000,0x000000c445900000) (1024K)]
  0x0000025ab8874560 WorkerThread "GC Thread#4"                     [id=67576, stack(0x000000c445900000,0x000000c445a00000) (1024K)]
  0x0000025ab87f8710 WorkerThread "GC Thread#5"                     [id=67272, stack(0x000000c445a00000,0x000000c445b00000) (1024K)]
  0x0000025abb18a010 WorkerThread "GC Thread#6"                     [id=3584, stack(0x000000c445b00000,0x000000c445c00000) (1024K)]
  0x0000025ab98ff4a0 WorkerThread "GC Thread#7"                     [id=59000, stack(0x000000c446800000,0x000000c446900000) (1024K)]
  0x0000025aba5abac0 WorkerThread "GC Thread#8"                     [id=66968, stack(0x000000c446900000,0x000000c446a00000) (1024K)]
  0x0000025aba5abe70 WorkerThread "GC Thread#9"                     [id=33172, stack(0x000000c446a00000,0x000000c446b00000) (1024K)]
  0x0000025aba5ac220 WorkerThread "GC Thread#10"                    [id=64064, stack(0x000000c446b00000,0x000000c446c00000) (1024K)]
  0x0000025aba5ac5d0 WorkerThread "GC Thread#11"                    [id=16016, stack(0x000000c446c00000,0x000000c446d00000) (1024K)]
  0x0000025aba5ac980 WorkerThread "GC Thread#12"                    [id=69460, stack(0x000000c446d00000,0x000000c446e00000) (1024K)]
  0x0000025a82d36590 ConcurrentGCThread "G1 Main Marker"            [id=53036, stack(0x000000c444400000,0x000000c444500000) (1024K)]
  0x0000025a82d37160 WorkerThread "G1 Conc#0"                       [id=61968, stack(0x000000c444500000,0x000000c444600000) (1024K)]
  0x0000025abb0fc850 WorkerThread "G1 Conc#1"                       [id=69768, stack(0x000000c446f00000,0x000000c447000000) (1024K)]
  0x0000025abb0fcc00 WorkerThread "G1 Conc#2"                       [id=18628, stack(0x000000c447000000,0x000000c447100000) (1024K)]
  0x0000025a9e2a9360 ConcurrentGCThread "G1 Refine#0"               [id=21472, stack(0x000000c444600000,0x000000c444700000) (1024K)]
  0x0000025a9e2abbb0 ConcurrentGCThread "G1 Service"                [id=69644, stack(0x000000c444700000,0x000000c444800000) (1024K)]
Total: 21

Threads with active compile tasks:
C2 CompilerThread0  33393 4751   !   4       java.net.URLClassLoader$1::run (81 bytes)
Total: 1

VM state: not at safepoint (normal execution)

VM Mutex/Monitor currently owned by a thread: None

OutOfMemory and StackOverflow Exception counts:
OutOfMemoryError java_heap_errors=1
LinkageErrors=152

Heap address: 0x00000000e0000000, size: 512 MB, Compressed Oops mode: 32-bit

CDS archive(s) mapped at: [0x0000025a9f000000-0x0000025a9fc60000-0x0000025a9fc60000), size 12976128, SharedBaseAddress: 0x0000025a9f000000, ArchiveRelocationMode: 1.
Compressed class space mapped at: 0x0000025aa0000000-0x0000025ab4000000, reserved size: 335544320
Narrow klass base: 0x0000025a9f000000, Narrow klass shift: 0, Narrow klass range: 0x15000000

GC Precious Log:
 CardTable entry size: 512
 Card Set container configuration: InlinePtr #cards 5 size 8 Array Of Cards #cards 12 size 40 Howl #buckets 4 coarsen threshold 1843 Howl Bitmap #cards 512 size 80 coarsen threshold 460 Card regions per heap region 1 cards per card region 2048
 CPUs: 16 total, 16 available
 Memory: 5989M
 Large Page Support: Disabled
 NUMA Support: Disabled
 Compressed Oops: Enabled (32-bit)
 Heap Region Size: 1M
 Heap Min Capacity: 256M
 Heap Initial Capacity: 256M
 Heap Max Capacity: 512M
 Pre-touch: Disabled
 Parallel Workers: 13
 Concurrent Workers: 3
 Concurrent Refinement Workers: 13
 Periodic GC: Disabled

Heap:
 garbage-first heap   total reserved 524288K, committed 262144K, used 81616K [0x00000000e0000000, 0x0000000100000000)
  region size 1024K, 53 young (54272K), 10 survivors (10240K)
 Metaspace       used 40631K, committed 42176K, reserved 393216K
  class space    used 5926K, committed 6656K, reserved 327680K

Heap Regions: E=young(eden), S=young(survivor), O=old, HS=humongous(starts), HC=humongous(continues), CS=collection set, F=free, TAMS=top-at-mark-start, PB=parsable bottom
|   0|0x00000000e0000000, 0x00000000e0100000, 0x00000000e0100000|100%|HS|  |TAMS 0x00000000e0000000| PB 0x00000000e0000000| Complete |  0
|   1|0x00000000e0100000, 0x00000000e0200000, 0x00000000e0200000|100%|HC|  |TAMS 0x00000000e0100000| PB 0x00000000e0100000| Complete |  0
|   2|0x00000000e0200000, 0x00000000e0300000, 0x00000000e0300000|100%|HC|  |TAMS 0x00000000e0200000| PB 0x00000000e0200000| Complete |  0
|   3|0x00000000e0300000, 0x00000000e0400000, 0x00000000e0400000|100%|HC|  |TAMS 0x00000000e0300000| PB 0x00000000e0300000| Complete |  0
|   4|0x00000000e0400000, 0x00000000e0500000, 0x00000000e0500000|100%| O|  |TAMS 0x00000000e0400000| PB 0x00000000e0400000| Untracked |  0
|   5|0x00000000e0500000, 0x00000000e0600000, 0x00000000e0600000|100%| O|  |TAMS 0x00000000e0500000| PB 0x00000000e0500000| Untracked |  0
|   6|0x00000000e0600000, 0x00000000e0700000, 0x00000000e0700000|100%| O|  |TAMS 0x00000000e0600000| PB 0x00000000e0600000| Untracked |  0
|   7|0x00000000e0700000, 0x00000000e0800000, 0x00000000e0800000|100%| O|  |TAMS 0x00000000e0700000| PB 0x00000000e0700000| Untracked |  0
|   8|0x00000000e0800000, 0x00000000e0900000, 0x00000000e0900000|100%| O|  |TAMS 0x00000000e0800000| PB 0x00000000e0800000| Untracked |  0
|   9|0x00000000e0900000, 0x00000000e0a00000, 0x00000000e0a00000|100%|HS|  |TAMS 0x00000000e0900000| PB 0x00000000e0900000| Complete |  0
|  10|0x00000000e0a00000, 0x00000000e0b00000, 0x00000000e0b00000|100%| O|  |TAMS 0x00000000e0a00000| PB 0x00000000e0a00000| Untracked |  0
|  11|0x00000000e0b00000, 0x00000000e0c00000, 0x00000000e0c00000|100%|HS|  |TAMS 0x00000000e0b00000| PB 0x00000000e0b00000| Complete |  0
|  12|0x00000000e0c00000, 0x00000000e0d00000, 0x00000000e0d00000|100%| O|  |TAMS 0x00000000e0c00000| PB 0x00000000e0c00000| Untracked |  0
|  13|0x00000000e0d00000, 0x00000000e0e00000, 0x00000000e0e00000|100%| O|  |TAMS 0x00000000e0d00000| PB 0x00000000e0d00000| Untracked |  0
|  14|0x00000000e0e00000, 0x00000000e0f00000, 0x00000000e0f00000|100%| O|  |TAMS 0x00000000e0e00000| PB 0x00000000e0e00000| Untracked |  0
|  15|0x00000000e0f00000, 0x00000000e1000000, 0x00000000e1000000|100%| O|  |TAMS 0x00000000e0f00000| PB 0x00000000e0f00000| Untracked |  0
|  16|0x00000000e1000000, 0x00000000e1100000, 0x00000000e1100000|100%| O|  |TAMS 0x00000000e1000000| PB 0x00000000e1000000| Untracked |  0
|  17|0x00000000e1100000, 0x00000000e1200000, 0x00000000e1200000|100%| O|  |TAMS 0x00000000e1100000| PB 0x00000000e1100000| Untracked |  0
|  18|0x00000000e1200000, 0x00000000e1300000, 0x00000000e1300000|100%| O|  |TAMS 0x00000000e1200000| PB 0x00000000e1200000| Untracked |  0
|  19|0x00000000e1300000, 0x00000000e1400000, 0x00000000e1400000|100%| O|  |TAMS 0x00000000e1300000| PB 0x00000000e1300000| Untracked |  0
|  20|0x00000000e1400000, 0x00000000e1500000, 0x00000000e1500000|100%| O|  |TAMS 0x00000000e1400000| PB 0x00000000e1400000| Untracked |  0
|  21|0x00000000e1500000, 0x00000000e1600000, 0x00000000e1600000|100%| O|  |TAMS 0x00000000e1500000| PB 0x00000000e1500000| Untracked |  0
|  22|0x00000000e1600000, 0x00000000e1700000, 0x00000000e1700000|100%| O|  |TAMS 0x00000000e1600000| PB 0x00000000e1600000| Untracked |  0
|  23|0x00000000e1700000, 0x00000000e1800000, 0x00000000e1800000|100%| O|Cm|TAMS 0x00000000e1700000| PB 0x00000000e1700000| Complete |  0
|  24|0x00000000e1800000, 0x00000000e18ea860, 0x00000000e1900000| 91%| O|  |TAMS 0x00000000e1800000| PB 0x00000000e1800000| Untracked |  0
|  25|0x00000000e1900000, 0x00000000e1a00000, 0x00000000e1a00000|100%|HS|  |TAMS 0x00000000e1900000| PB 0x00000000e1900000| Complete |  0
|  26|0x00000000e1a00000, 0x00000000e1b00000, 0x00000000e1b00000|100%|HS|  |TAMS 0x00000000e1a00000| PB 0x00000000e1a00000| Complete |  0
|  27|0x00000000e1b00000, 0x00000000e1c00000, 0x00000000e1c00000|100%|HS|  |TAMS 0x00000000e1b00000| PB 0x00000000e1b00000| Complete |  0
|  28|0x00000000e1c00000, 0x00000000e1d00000, 0x00000000e1d00000|100%|HC|  |TAMS 0x00000000e1c00000| PB 0x00000000e1c00000| Complete |  0
|  29|0x00000000e1d00000, 0x00000000e1d00000, 0x00000000e1e00000|  0%| F|  |TAMS 0x00000000e1d00000| PB 0x00000000e1d00000| Untracked |  0
|  30|0x00000000e1e00000, 0x00000000e1e00000, 0x00000000e1f00000|  0%| F|  |TAMS 0x00000000e1e00000| PB 0x00000000e1e00000| Untracked |  0
|  31|0x00000000e1f00000, 0x00000000e1f00000, 0x00000000e2000000|  0%| F|  |TAMS 0x00000000e1f00000| PB 0x00000000e1f00000| Untracked |  0
|  32|0x00000000e2000000, 0x00000000e2000000, 0x00000000e2100000|  0%| F|  |TAMS 0x00000000e2000000| PB 0x00000000e2000000| Untracked |  0
|  33|0x00000000e2100000, 0x00000000e2100000, 0x00000000e2200000|  0%| F|  |TAMS 0x00000000e2100000| PB 0x00000000e2100000| Untracked |  0
|  34|0x00000000e2200000, 0x00000000e2200000, 0x00000000e2300000|  0%| F|  |TAMS 0x00000000e2200000| PB 0x00000000e2200000| Untracked |  0
|  35|0x00000000e2300000, 0x00000000e2300000, 0x00000000e2400000|  0%| F|  |TAMS 0x00000000e2300000| PB 0x00000000e2300000| Untracked |  0
|  36|0x00000000e2400000, 0x00000000e2400000, 0x00000000e2500000|  0%| F|  |TAMS 0x00000000e2400000| PB 0x00000000e2400000| Untracked |  0
|  37|0x00000000e2500000, 0x00000000e2500000, 0x00000000e2600000|  0%| F|  |TAMS 0x00000000e2500000| PB 0x00000000e2500000| Untracked |  0
|  38|0x00000000e2600000, 0x00000000e2600000, 0x00000000e2700000|  0%| F|  |TAMS 0x00000000e2600000| PB 0x00000000e2600000| Untracked |  0
|  39|0x00000000e2700000, 0x00000000e2700000, 0x00000000e2800000|  0%| F|  |TAMS 0x00000000e2700000| PB 0x00000000e2700000| Untracked |  0
|  40|0x00000000e2800000, 0x00000000e2800000, 0x00000000e2900000|  0%| F|  |TAMS 0x00000000e2800000| PB 0x00000000e2800000| Untracked |  0
|  41|0x00000000e2900000, 0x00000000e2900000, 0x00000000e2a00000|  0%| F|  |TAMS 0x00000000e2900000| PB 0x00000000e2900000| Untracked |  0
|  42|0x00000000e2a00000, 0x00000000e2a00000, 0x00000000e2b00000|  0%| F|  |TAMS 0x00000000e2a00000| PB 0x00000000e2a00000| Untracked |  0
|  43|0x00000000e2b00000, 0x00000000e2b00000, 0x00000000e2c00000|  0%| F|  |TAMS 0x00000000e2b00000| PB 0x00000000e2b00000| Untracked |  0
|  44|0x00000000e2c00000, 0x00000000e2c00000, 0x00000000e2d00000|  0%| F|  |TAMS 0x00000000e2c00000| PB 0x00000000e2c00000| Untracked |  0
|  45|0x00000000e2d00000, 0x00000000e2d00000, 0x00000000e2e00000|  0%| F|  |TAMS 0x00000000e2d00000| PB 0x00000000e2d00000| Untracked |  0
|  46|0x00000000e2e00000, 0x00000000e2e00000, 0x00000000e2f00000|  0%| F|  |TAMS 0x00000000e2e00000| PB 0x00000000e2e00000| Untracked |  0
|  47|0x00000000e2f00000, 0x00000000e2f00000, 0x00000000e3000000|  0%| F|  |TAMS 0x00000000e2f00000| PB 0x00000000e2f00000| Untracked |  0
|  48|0x00000000e3000000, 0x00000000e3000000, 0x00000000e3100000|  0%| F|  |TAMS 0x00000000e3000000| PB 0x00000000e3000000| Untracked |  0
|  49|0x00000000e3100000, 0x00000000e3100000, 0x00000000e3200000|  0%| F|  |TAMS 0x00000000e3100000| PB 0x00000000e3100000| Untracked |  0
|  50|0x00000000e3200000, 0x00000000e3200000, 0x00000000e3300000|  0%| F|  |TAMS 0x00000000e3200000| PB 0x00000000e3200000| Untracked |  0
|  51|0x00000000e3300000, 0x00000000e3300000, 0x00000000e3400000|  0%| F|  |TAMS 0x00000000e3300000| PB 0x00000000e3300000| Untracked |  0
|  52|0x00000000e3400000, 0x00000000e3400000, 0x00000000e3500000|  0%| F|  |TAMS 0x00000000e3400000| PB 0x00000000e3400000| Untracked |  0
|  53|0x00000000e3500000, 0x00000000e3500000, 0x00000000e3600000|  0%| F|  |TAMS 0x00000000e3500000| PB 0x00000000e3500000| Untracked |  0
|  54|0x00000000e3600000, 0x00000000e3600000, 0x00000000e3700000|  0%| F|  |TAMS 0x00000000e3600000| PB 0x00000000e3600000| Untracked |  0
|  55|0x00000000e3700000, 0x00000000e3700000, 0x00000000e3800000|  0%| F|  |TAMS 0x00000000e3700000| PB 0x00000000e3700000| Untracked |  0
|  56|0x00000000e3800000, 0x00000000e3800000, 0x00000000e3900000|  0%| F|  |TAMS 0x00000000e3800000| PB 0x00000000e3800000| Untracked |  0
|  57|0x00000000e3900000, 0x00000000e3900000, 0x00000000e3a00000|  0%| F|  |TAMS 0x00000000e3900000| PB 0x00000000e3900000| Untracked |  0
|  58|0x00000000e3a00000, 0x00000000e3a00000, 0x00000000e3b00000|  0%| F|  |TAMS 0x00000000e3a00000| PB 0x00000000e3a00000| Untracked |  0
|  59|0x00000000e3b00000, 0x00000000e3b00000, 0x00000000e3c00000|  0%| F|  |TAMS 0x00000000e3b00000| PB 0x00000000e3b00000| Untracked |  0
|  60|0x00000000e3c00000, 0x00000000e3c00000, 0x00000000e3d00000|  0%| F|  |TAMS 0x00000000e3c00000| PB 0x00000000e3c00000| Untracked |  0
|  61|0x00000000e3d00000, 0x00000000e3d00000, 0x00000000e3e00000|  0%| F|  |TAMS 0x00000000e3d00000| PB 0x00000000e3d00000| Untracked |  0
|  62|0x00000000e3e00000, 0x00000000e3e00000, 0x00000000e3f00000|  0%| F|  |TAMS 0x00000000e3e00000| PB 0x00000000e3e00000| Untracked |  0
|  63|0x00000000e3f00000, 0x00000000e3f00000, 0x00000000e4000000|  0%| F|  |TAMS 0x00000000e3f00000| PB 0x00000000e3f00000| Untracked |  0
|  64|0x00000000e4000000, 0x00000000e4000000, 0x00000000e4100000|  0%| F|  |TAMS 0x00000000e4000000| PB 0x00000000e4000000| Untracked |  0
|  65|0x00000000e4100000, 0x00000000e4100000, 0x00000000e4200000|  0%| F|  |TAMS 0x00000000e4100000| PB 0x00000000e4100000| Untracked |  0
|  66|0x00000000e4200000, 0x00000000e4200000, 0x00000000e4300000|  0%| F|  |TAMS 0x00000000e4200000| PB 0x00000000e4200000| Untracked |  0
|  67|0x00000000e4300000, 0x00000000e4300000, 0x00000000e4400000|  0%| F|  |TAMS 0x00000000e4300000| PB 0x00000000e4300000| Untracked |  0
|  68|0x00000000e4400000, 0x00000000e4400000, 0x00000000e4500000|  0%| F|  |TAMS 0x00000000e4400000| PB 0x00000000e4400000| Untracked |  0
|  69|0x00000000e4500000, 0x00000000e4500000, 0x00000000e4600000|  0%| F|  |TAMS 0x00000000e4500000| PB 0x00000000e4500000| Untracked |  0
|  70|0x00000000e4600000, 0x00000000e4600000, 0x00000000e4700000|  0%| F|  |TAMS 0x00000000e4600000| PB 0x00000000e4600000| Untracked |  0
|  71|0x00000000e4700000, 0x00000000e4700000, 0x00000000e4800000|  0%| F|  |TAMS 0x00000000e4700000| PB 0x00000000e4700000| Untracked |  0
|  72|0x00000000e4800000, 0x00000000e4800000, 0x00000000e4900000|  0%| F|  |TAMS 0x00000000e4800000| PB 0x00000000e4800000| Untracked |  0
|  73|0x00000000e4900000, 0x00000000e4900000, 0x00000000e4a00000|  0%| F|  |TAMS 0x00000000e4900000| PB 0x00000000e4900000| Untracked |  0
|  74|0x00000000e4a00000, 0x00000000e4a00000, 0x00000000e4b00000|  0%| F|  |TAMS 0x00000000e4a00000| PB 0x00000000e4a00000| Untracked |  0
|  75|0x00000000e4b00000, 0x00000000e4b00000, 0x00000000e4c00000|  0%| F|  |TAMS 0x00000000e4b00000| PB 0x00000000e4b00000| Untracked |  0
|  76|0x00000000e4c00000, 0x00000000e4c00000, 0x00000000e4d00000|  0%| F|  |TAMS 0x00000000e4c00000| PB 0x00000000e4c00000| Untracked |  0
|  77|0x00000000e4d00000, 0x00000000e4d00000, 0x00000000e4e00000|  0%| F|  |TAMS 0x00000000e4d00000| PB 0x00000000e4d00000| Untracked |  0
|  78|0x00000000e4e00000, 0x00000000e4e00000, 0x00000000e4f00000|  0%| F|  |TAMS 0x00000000e4e00000| PB 0x00000000e4e00000| Untracked |  0
|  79|0x00000000e4f00000, 0x00000000e4f00000, 0x00000000e5000000|  0%| F|  |TAMS 0x00000000e4f00000| PB 0x00000000e4f00000| Untracked |  0
|  80|0x00000000e5000000, 0x00000000e5000000, 0x00000000e5100000|  0%| F|  |TAMS 0x00000000e5000000| PB 0x00000000e5000000| Untracked |  0
|  81|0x00000000e5100000, 0x00000000e5100000, 0x00000000e5200000|  0%| F|  |TAMS 0x00000000e5100000| PB 0x00000000e5100000| Untracked |  0
|  82|0x00000000e5200000, 0x00000000e5200000, 0x00000000e5300000|  0%| F|  |TAMS 0x00000000e5200000| PB 0x00000000e5200000| Untracked |  0
|  83|0x00000000e5300000, 0x00000000e5300000, 0x00000000e5400000|  0%| F|  |TAMS 0x00000000e5300000| PB 0x00000000e5300000| Untracked |  0
|  84|0x00000000e5400000, 0x00000000e5400000, 0x00000000e5500000|  0%| F|  |TAMS 0x00000000e5400000| PB 0x00000000e5400000| Untracked |  0
|  85|0x00000000e5500000, 0x00000000e5500000, 0x00000000e5600000|  0%| F|  |TAMS 0x00000000e5500000| PB 0x00000000e5500000| Untracked |  0
|  86|0x00000000e5600000, 0x00000000e5600000, 0x00000000e5700000|  0%| F|  |TAMS 0x00000000e5600000| PB 0x00000000e5600000| Untracked |  0
|  87|0x00000000e5700000, 0x00000000e5700000, 0x00000000e5800000|  0%| F|  |TAMS 0x00000000e5700000| PB 0x00000000e5700000| Untracked |  0
|  88|0x00000000e5800000, 0x00000000e5800000, 0x00000000e5900000|  0%| F|  |TAMS 0x00000000e5800000| PB 0x00000000e5800000| Untracked |  0
|  89|0x00000000e5900000, 0x00000000e5900000, 0x00000000e5a00000|  0%| F|  |TAMS 0x00000000e5900000| PB 0x00000000e5900000| Untracked |  0
|  90|0x00000000e5a00000, 0x00000000e5a00000, 0x00000000e5b00000|  0%| F|  |TAMS 0x00000000e5a00000| PB 0x00000000e5a00000| Untracked |  0
|  91|0x00000000e5b00000, 0x00000000e5b00000, 0x00000000e5c00000|  0%| F|  |TAMS 0x00000000e5b00000| PB 0x00000000e5b00000| Untracked |  0
|  92|0x00000000e5c00000, 0x00000000e5c00000, 0x00000000e5d00000|  0%| F|  |TAMS 0x00000000e5c00000| PB 0x00000000e5c00000| Untracked |  0
|  93|0x00000000e5d00000, 0x00000000e5d00000, 0x00000000e5e00000|  0%| F|  |TAMS 0x00000000e5d00000| PB 0x00000000e5d00000| Untracked |  0
|  94|0x00000000e5e00000, 0x00000000e5e00000, 0x00000000e5f00000|  0%| F|  |TAMS 0x00000000e5e00000| PB 0x00000000e5e00000| Untracked |  0
|  95|0x00000000e5f00000, 0x00000000e5f00000, 0x00000000e6000000|  0%| F|  |TAMS 0x00000000e5f00000| PB 0x00000000e5f00000| Untracked |  0
|  96|0x00000000e6000000, 0x00000000e6000000, 0x00000000e6100000|  0%| F|  |TAMS 0x00000000e6000000| PB 0x00000000e6000000| Untracked |  0
|  97|0x00000000e6100000, 0x00000000e6100000, 0x00000000e6200000|  0%| F|  |TAMS 0x00000000e6100000| PB 0x00000000e6100000| Untracked |  0
|  98|0x00000000e6200000, 0x00000000e6200000, 0x00000000e6300000|  0%| F|  |TAMS 0x00000000e6200000| PB 0x00000000e6200000| Untracked |  0
|  99|0x00000000e6300000, 0x00000000e6300000, 0x00000000e6400000|  0%| F|  |TAMS 0x00000000e6300000| PB 0x00000000e6300000| Untracked |  0
| 100|0x00000000e6400000, 0x00000000e6400000, 0x00000000e6500000|  0%| F|  |TAMS 0x00000000e6400000| PB 0x00000000e6400000| Untracked |  0
| 101|0x00000000e6500000, 0x00000000e6500000, 0x00000000e6600000|  0%| F|  |TAMS 0x00000000e6500000| PB 0x00000000e6500000| Untracked |  0
| 102|0x00000000e6600000, 0x00000000e6600000, 0x00000000e6700000|  0%| F|  |TAMS 0x00000000e6600000| PB 0x00000000e6600000| Untracked |  0
| 103|0x00000000e6700000, 0x00000000e6700000, 0x00000000e6800000|  0%| F|  |TAMS 0x00000000e6700000| PB 0x00000000e6700000| Untracked |  0
| 104|0x00000000e6800000, 0x00000000e6800000, 0x00000000e6900000|  0%| F|  |TAMS 0x00000000e6800000| PB 0x00000000e6800000| Untracked |  0
| 105|0x00000000e6900000, 0x00000000e6900000, 0x00000000e6a00000|  0%| F|  |TAMS 0x00000000e6900000| PB 0x00000000e6900000| Untracked |  0
| 106|0x00000000e6a00000, 0x00000000e6a00000, 0x00000000e6b00000|  0%| F|  |TAMS 0x00000000e6a00000| PB 0x00000000e6a00000| Untracked |  0
| 107|0x00000000e6b00000, 0x00000000e6b00000, 0x00000000e6c00000|  0%| F|  |TAMS 0x00000000e6b00000| PB 0x00000000e6b00000| Untracked |  0
| 108|0x00000000e6c00000, 0x00000000e6c00000, 0x00000000e6d00000|  0%| F|  |TAMS 0x00000000e6c00000| PB 0x00000000e6c00000| Untracked |  0
| 109|0x00000000e6d00000, 0x00000000e6d00000, 0x00000000e6e00000|  0%| F|  |TAMS 0x00000000e6d00000| PB 0x00000000e6d00000| Untracked |  0
| 110|0x00000000e6e00000, 0x00000000e6e00000, 0x00000000e6f00000|  0%| F|  |TAMS 0x00000000e6e00000| PB 0x00000000e6e00000| Untracked |  0
| 111|0x00000000e6f00000, 0x00000000e6f00000, 0x00000000e7000000|  0%| F|  |TAMS 0x00000000e6f00000| PB 0x00000000e6f00000| Untracked |  0
| 112|0x00000000e7000000, 0x00000000e7000000, 0x00000000e7100000|  0%| F|  |TAMS 0x00000000e7000000| PB 0x00000000e7000000| Untracked |  0
| 113|0x00000000e7100000, 0x00000000e7100000, 0x00000000e7200000|  0%| F|  |TAMS 0x00000000e7100000| PB 0x00000000e7100000| Untracked |  0
| 114|0x00000000e7200000, 0x00000000e7200000, 0x00000000e7300000|  0%| F|  |TAMS 0x00000000e7200000| PB 0x00000000e7200000| Untracked |  0
| 115|0x00000000e7300000, 0x00000000e7300000, 0x00000000e7400000|  0%| F|  |TAMS 0x00000000e7300000| PB 0x00000000e7300000| Untracked |  0
| 116|0x00000000e7400000, 0x00000000e7400000, 0x00000000e7500000|  0%| F|  |TAMS 0x00000000e7400000| PB 0x00000000e7400000| Untracked |  0
| 117|0x00000000e7500000, 0x00000000e7500000, 0x00000000e7600000|  0%| F|  |TAMS 0x00000000e7500000| PB 0x00000000e7500000| Untracked |  0
| 118|0x00000000e7600000, 0x00000000e7600000, 0x00000000e7700000|  0%| F|  |TAMS 0x00000000e7600000| PB 0x00000000e7600000| Untracked |  0
| 119|0x00000000e7700000, 0x00000000e7700000, 0x00000000e7800000|  0%| F|  |TAMS 0x00000000e7700000| PB 0x00000000e7700000| Untracked |  0
| 120|0x00000000e7800000, 0x00000000e7800000, 0x00000000e7900000|  0%| F|  |TAMS 0x00000000e7800000| PB 0x00000000e7800000| Untracked |  0
| 121|0x00000000e7900000, 0x00000000e7900000, 0x00000000e7a00000|  0%| F|  |TAMS 0x00000000e7900000| PB 0x00000000e7900000| Untracked |  0
| 122|0x00000000e7a00000, 0x00000000e7a00000, 0x00000000e7b00000|  0%| F|  |TAMS 0x00000000e7a00000| PB 0x00000000e7a00000| Untracked |  0
| 123|0x00000000e7b00000, 0x00000000e7b00000, 0x00000000e7c00000|  0%| F|  |TAMS 0x00000000e7b00000| PB 0x00000000e7b00000| Untracked |  0
| 124|0x00000000e7c00000, 0x00000000e7c00000, 0x00000000e7d00000|  0%| F|  |TAMS 0x00000000e7c00000| PB 0x00000000e7c00000| Untracked |  0
| 125|0x00000000e7d00000, 0x00000000e7d00000, 0x00000000e7e00000|  0%| F|  |TAMS 0x00000000e7d00000| PB 0x00000000e7d00000| Untracked |  0
| 126|0x00000000e7e00000, 0x00000000e7e00000, 0x00000000e7f00000|  0%| F|  |TAMS 0x00000000e7e00000| PB 0x00000000e7e00000| Untracked |  0
| 127|0x00000000e7f00000, 0x00000000e7f00000, 0x00000000e8000000|  0%| F|  |TAMS 0x00000000e7f00000| PB 0x00000000e7f00000| Untracked |  0
| 128|0x00000000e8000000, 0x00000000e8000000, 0x00000000e8100000|  0%| F|  |TAMS 0x00000000e8000000| PB 0x00000000e8000000| Untracked |  0
| 129|0x00000000e8100000, 0x00000000e8100000, 0x00000000e8200000|  0%| F|  |TAMS 0x00000000e8100000| PB 0x00000000e8100000| Untracked |  0
| 130|0x00000000e8200000, 0x00000000e8200000, 0x00000000e8300000|  0%| F|  |TAMS 0x00000000e8200000| PB 0x00000000e8200000| Untracked |  0
| 131|0x00000000e8300000, 0x00000000e8300000, 0x00000000e8400000|  0%| F|  |TAMS 0x00000000e8300000| PB 0x00000000e8300000| Untracked |  0
| 132|0x00000000e8400000, 0x00000000e8400000, 0x00000000e8500000|  0%| F|  |TAMS 0x00000000e8400000| PB 0x00000000e8400000| Untracked |  0
| 133|0x00000000e8500000, 0x00000000e8500000, 0x00000000e8600000|  0%| F|  |TAMS 0x00000000e8500000| PB 0x00000000e8500000| Untracked |  0
| 134|0x00000000e8600000, 0x00000000e8600000, 0x00000000e8700000|  0%| F|  |TAMS 0x00000000e8600000| PB 0x00000000e8600000| Untracked |  0
| 135|0x00000000e8700000, 0x00000000e8700000, 0x00000000e8800000|  0%| F|  |TAMS 0x00000000e8700000| PB 0x00000000e8700000| Untracked |  0
| 136|0x00000000e8800000, 0x00000000e8800000, 0x00000000e8900000|  0%| F|  |TAMS 0x00000000e8800000| PB 0x00000000e8800000| Untracked |  0
| 137|0x00000000e8900000, 0x00000000e8900000, 0x00000000e8a00000|  0%| F|  |TAMS 0x00000000e8900000| PB 0x00000000e8900000| Untracked |  0
| 138|0x00000000e8a00000, 0x00000000e8a00000, 0x00000000e8b00000|  0%| F|  |TAMS 0x00000000e8a00000| PB 0x00000000e8a00000| Untracked |  0
| 139|0x00000000e8b00000, 0x00000000e8b00000, 0x00000000e8c00000|  0%| F|  |TAMS 0x00000000e8b00000| PB 0x00000000e8b00000| Untracked |  0
| 140|0x00000000e8c00000, 0x00000000e8c00000, 0x00000000e8d00000|  0%| F|  |TAMS 0x00000000e8c00000| PB 0x00000000e8c00000| Untracked |  0
| 141|0x00000000e8d00000, 0x00000000e8d00000, 0x00000000e8e00000|  0%| F|  |TAMS 0x00000000e8d00000| PB 0x00000000e8d00000| Untracked |  0
| 142|0x00000000e8e00000, 0x00000000e8e00000, 0x00000000e8f00000|  0%| F|  |TAMS 0x00000000e8e00000| PB 0x00000000e8e00000| Untracked |  0
| 143|0x00000000e8f00000, 0x00000000e8f00000, 0x00000000e9000000|  0%| F|  |TAMS 0x00000000e8f00000| PB 0x00000000e8f00000| Untracked |  0
| 144|0x00000000e9000000, 0x00000000e9000000, 0x00000000e9100000|  0%| F|  |TAMS 0x00000000e9000000| PB 0x00000000e9000000| Untracked |  0
| 145|0x00000000e9100000, 0x00000000e9100000, 0x00000000e9200000|  0%| F|  |TAMS 0x00000000e9100000| PB 0x00000000e9100000| Untracked |  0
| 146|0x00000000e9200000, 0x00000000e9200000, 0x00000000e9300000|  0%| F|  |TAMS 0x00000000e9200000| PB 0x00000000e9200000| Untracked |  0
| 147|0x00000000e9300000, 0x00000000e9300000, 0x00000000e9400000|  0%| F|  |TAMS 0x00000000e9300000| PB 0x00000000e9300000| Untracked |  0
| 148|0x00000000e9400000, 0x00000000e9400000, 0x00000000e9500000|  0%| F|  |TAMS 0x00000000e9400000| PB 0x00000000e9400000| Untracked |  0
| 149|0x00000000e9500000, 0x00000000e9500000, 0x00000000e9600000|  0%| F|  |TAMS 0x00000000e9500000| PB 0x00000000e9500000| Untracked |  0
| 150|0x00000000e9600000, 0x00000000e9600000, 0x00000000e9700000|  0%| F|  |TAMS 0x00000000e9600000| PB 0x00000000e9600000| Untracked |  0
| 151|0x00000000e9700000, 0x00000000e9700000, 0x00000000e9800000|  0%| F|  |TAMS 0x00000000e9700000| PB 0x00000000e9700000| Untracked |  0
| 152|0x00000000e9800000, 0x00000000e9800000, 0x00000000e9900000|  0%| F|  |TAMS 0x00000000e9800000| PB 0x00000000e9800000| Untracked |  0
| 153|0x00000000e9900000, 0x00000000e9900000, 0x00000000e9a00000|  0%| F|  |TAMS 0x00000000e9900000| PB 0x00000000e9900000| Untracked |  0
| 154|0x00000000e9a00000, 0x00000000e9a00000, 0x00000000e9b00000|  0%| F|  |TAMS 0x00000000e9a00000| PB 0x00000000e9a00000| Untracked |  0
| 155|0x00000000e9b00000, 0x00000000e9b00000, 0x00000000e9c00000|  0%| F|  |TAMS 0x00000000e9b00000| PB 0x00000000e9b00000| Untracked |  0
| 156|0x00000000e9c00000, 0x00000000e9c00000, 0x00000000e9d00000|  0%| F|  |TAMS 0x00000000e9c00000| PB 0x00000000e9c00000| Untracked |  0
| 157|0x00000000e9d00000, 0x00000000e9d00000, 0x00000000e9e00000|  0%| F|  |TAMS 0x00000000e9d00000| PB 0x00000000e9d00000| Untracked |  0
| 158|0x00000000e9e00000, 0x00000000e9e00000, 0x00000000e9f00000|  0%| F|  |TAMS 0x00000000e9e00000| PB 0x00000000e9e00000| Untracked |  0
| 159|0x00000000e9f00000, 0x00000000e9f00000, 0x00000000ea000000|  0%| F|  |TAMS 0x00000000e9f00000| PB 0x00000000e9f00000| Untracked |  0
| 160|0x00000000ea000000, 0x00000000ea000000, 0x00000000ea100000|  0%| F|  |TAMS 0x00000000ea000000| PB 0x00000000ea000000| Untracked |  0
| 161|0x00000000ea100000, 0x00000000ea100000, 0x00000000ea200000|  0%| F|  |TAMS 0x00000000ea100000| PB 0x00000000ea100000| Untracked |  0
| 162|0x00000000ea200000, 0x00000000ea200000, 0x00000000ea300000|  0%| F|  |TAMS 0x00000000ea200000| PB 0x00000000ea200000| Untracked |  0
| 163|0x00000000ea300000, 0x00000000ea300000, 0x00000000ea400000|  0%| F|  |TAMS 0x00000000ea300000| PB 0x00000000ea300000| Untracked |  0
| 164|0x00000000ea400000, 0x00000000ea400000, 0x00000000ea500000|  0%| F|  |TAMS 0x00000000ea400000| PB 0x00000000ea400000| Untracked |  0
| 165|0x00000000ea500000, 0x00000000ea500000, 0x00000000ea600000|  0%| F|  |TAMS 0x00000000ea500000| PB 0x00000000ea500000| Untracked |  0
| 166|0x00000000ea600000, 0x00000000ea600000, 0x00000000ea700000|  0%| F|  |TAMS 0x00000000ea600000| PB 0x00000000ea600000| Untracked |  0
| 167|0x00000000ea700000, 0x00000000ea700000, 0x00000000ea800000|  0%| F|  |TAMS 0x00000000ea700000| PB 0x00000000ea700000| Untracked |  0
| 168|0x00000000ea800000, 0x00000000ea800000, 0x00000000ea900000|  0%| F|  |TAMS 0x00000000ea800000| PB 0x00000000ea800000| Untracked |  0
| 169|0x00000000ea900000, 0x00000000ea900000, 0x00000000eaa00000|  0%| F|  |TAMS 0x00000000ea900000| PB 0x00000000ea900000| Untracked |  0
| 170|0x00000000eaa00000, 0x00000000eaa00000, 0x00000000eab00000|  0%| F|  |TAMS 0x00000000eaa00000| PB 0x00000000eaa00000| Untracked |  0
| 171|0x00000000eab00000, 0x00000000eab00000, 0x00000000eac00000|  0%| F|  |TAMS 0x00000000eab00000| PB 0x00000000eab00000| Untracked |  0
| 172|0x00000000eac00000, 0x00000000eac00000, 0x00000000ead00000|  0%| F|  |TAMS 0x00000000eac00000| PB 0x00000000eac00000| Untracked |  0
| 173|0x00000000ead00000, 0x00000000ead00000, 0x00000000eae00000|  0%| F|  |TAMS 0x00000000ead00000| PB 0x00000000ead00000| Untracked |  0
| 174|0x00000000eae00000, 0x00000000eae00000, 0x00000000eaf00000|  0%| F|  |TAMS 0x00000000eae00000| PB 0x00000000eae00000| Untracked |  0
| 175|0x00000000eaf00000, 0x00000000eaf00000, 0x00000000eb000000|  0%| F|  |TAMS 0x00000000eaf00000| PB 0x00000000eaf00000| Untracked |  0
| 176|0x00000000eb000000, 0x00000000eb000000, 0x00000000eb100000|  0%| F|  |TAMS 0x00000000eb000000| PB 0x00000000eb000000| Untracked |  0
| 177|0x00000000eb100000, 0x00000000eb100000, 0x00000000eb200000|  0%| F|  |TAMS 0x00000000eb100000| PB 0x00000000eb100000| Untracked |  0
| 178|0x00000000eb200000, 0x00000000eb200000, 0x00000000eb300000|  0%| F|  |TAMS 0x00000000eb200000| PB 0x00000000eb200000| Untracked |  0
| 179|0x00000000eb300000, 0x00000000eb300000, 0x00000000eb400000|  0%| F|  |TAMS 0x00000000eb300000| PB 0x00000000eb300000| Untracked |  0
| 180|0x00000000eb400000, 0x00000000eb400000, 0x00000000eb500000|  0%| F|  |TAMS 0x00000000eb400000| PB 0x00000000eb400000| Untracked |  0
| 181|0x00000000eb500000, 0x00000000eb500000, 0x00000000eb600000|  0%| F|  |TAMS 0x00000000eb500000| PB 0x00000000eb500000| Untracked |  0
| 182|0x00000000eb600000, 0x00000000eb600000, 0x00000000eb700000|  0%| F|  |TAMS 0x00000000eb600000| PB 0x00000000eb600000| Untracked |  0
| 183|0x00000000eb700000, 0x00000000eb700000, 0x00000000eb800000|  0%| F|  |TAMS 0x00000000eb700000| PB 0x00000000eb700000| Untracked |  0
| 184|0x00000000eb800000, 0x00000000eb800000, 0x00000000eb900000|  0%| F|  |TAMS 0x00000000eb800000| PB 0x00000000eb800000| Untracked |  0
| 185|0x00000000eb900000, 0x00000000eb900000, 0x00000000eba00000|  0%| F|  |TAMS 0x00000000eb900000| PB 0x00000000eb900000| Untracked |  0
| 186|0x00000000eba00000, 0x00000000eba00000, 0x00000000ebb00000|  0%| F|  |TAMS 0x00000000eba00000| PB 0x00000000eba00000| Untracked |  0
| 187|0x00000000ebb00000, 0x00000000ebb00000, 0x00000000ebc00000|  0%| F|  |TAMS 0x00000000ebb00000| PB 0x00000000ebb00000| Untracked |  0
| 188|0x00000000ebc00000, 0x00000000ebc00000, 0x00000000ebd00000|  0%| F|  |TAMS 0x00000000ebc00000| PB 0x00000000ebc00000| Untracked |  0
| 189|0x00000000ebd00000, 0x00000000ebd00000, 0x00000000ebe00000|  0%| F|  |TAMS 0x00000000ebd00000| PB 0x00000000ebd00000| Untracked |  0
| 190|0x00000000ebe00000, 0x00000000ebe00000, 0x00000000ebf00000|  0%| F|  |TAMS 0x00000000ebe00000| PB 0x00000000ebe00000| Untracked |  0
| 191|0x00000000ebf00000, 0x00000000ebf00000, 0x00000000ec000000|  0%| F|  |TAMS 0x00000000ebf00000| PB 0x00000000ebf00000| Untracked |  0
| 192|0x00000000ec000000, 0x00000000ec000000, 0x00000000ec100000|  0%| F|  |TAMS 0x00000000ec000000| PB 0x00000000ec000000| Untracked |  0
| 193|0x00000000ec100000, 0x00000000ec100000, 0x00000000ec200000|  0%| F|  |TAMS 0x00000000ec100000| PB 0x00000000ec100000| Untracked |  0
| 194|0x00000000ec200000, 0x00000000ec200000, 0x00000000ec300000|  0%| F|  |TAMS 0x00000000ec200000| PB 0x00000000ec200000| Untracked |  0
| 195|0x00000000ec300000, 0x00000000ec300000, 0x00000000ec400000|  0%| F|  |TAMS 0x00000000ec300000| PB 0x00000000ec300000| Untracked |  0
| 196|0x00000000ec400000, 0x00000000ec400000, 0x00000000ec500000|  0%| F|  |TAMS 0x00000000ec400000| PB 0x00000000ec400000| Untracked |  0
| 197|0x00000000ec500000, 0x00000000ec500000, 0x00000000ec600000|  0%| F|  |TAMS 0x00000000ec500000| PB 0x00000000ec500000| Untracked |  0
| 198|0x00000000ec600000, 0x00000000ec600000, 0x00000000ec700000|  0%| F|  |TAMS 0x00000000ec600000| PB 0x00000000ec600000| Untracked |  0
| 199|0x00000000ec700000, 0x00000000ec700000, 0x00000000ec800000|  0%| F|  |TAMS 0x00000000ec700000| PB 0x00000000ec700000| Untracked |  0
| 200|0x00000000ec800000, 0x00000000ec800000, 0x00000000ec900000|  0%| F|  |TAMS 0x00000000ec800000| PB 0x00000000ec800000| Untracked |  0
| 201|0x00000000ec900000, 0x00000000ec900000, 0x00000000eca00000|  0%| F|  |TAMS 0x00000000ec900000| PB 0x00000000ec900000| Untracked |  0
| 202|0x00000000eca00000, 0x00000000eca00000, 0x00000000ecb00000|  0%| F|  |TAMS 0x00000000eca00000| PB 0x00000000eca00000| Untracked |  0
| 203|0x00000000ecb00000, 0x00000000ecbb8d68, 0x00000000ecc00000| 72%| E|  |TAMS 0x00000000ecb00000| PB 0x00000000ecb00000| Complete |  0
| 204|0x00000000ecc00000, 0x00000000ecd00000, 0x00000000ecd00000|100%| E|CS|TAMS 0x00000000ecc00000| PB 0x00000000ecc00000| Complete |  0
| 205|0x00000000ecd00000, 0x00000000ece00000, 0x00000000ece00000|100%| E|CS|TAMS 0x00000000ecd00000| PB 0x00000000ecd00000| Complete |  0
| 206|0x00000000ece00000, 0x00000000ecf00000, 0x00000000ecf00000|100%| E|CS|TAMS 0x00000000ece00000| PB 0x00000000ece00000| Complete |  0
| 207|0x00000000ecf00000, 0x00000000ed000000, 0x00000000ed000000|100%| E|CS|TAMS 0x00000000ecf00000| PB 0x00000000ecf00000| Complete |  0
| 208|0x00000000ed000000, 0x00000000ed100000, 0x00000000ed100000|100%| E|CS|TAMS 0x00000000ed000000| PB 0x00000000ed000000| Complete |  0
| 209|0x00000000ed100000, 0x00000000ed200000, 0x00000000ed200000|100%| E|CS|TAMS 0x00000000ed100000| PB 0x00000000ed100000| Complete |  0
| 210|0x00000000ed200000, 0x00000000ed300000, 0x00000000ed300000|100%| E|  |TAMS 0x00000000ed200000| PB 0x00000000ed200000| Complete |  0
| 211|0x00000000ed300000, 0x00000000ed400000, 0x00000000ed400000|100%| E|CS|TAMS 0x00000000ed300000| PB 0x00000000ed300000| Complete |  0
| 212|0x00000000ed400000, 0x00000000ed500000, 0x00000000ed500000|100%| E|CS|TAMS 0x00000000ed400000| PB 0x00000000ed400000| Complete |  0
| 213|0x00000000ed500000, 0x00000000ed600000, 0x00000000ed600000|100%| E|CS|TAMS 0x00000000ed500000| PB 0x00000000ed500000| Complete |  0
| 214|0x00000000ed600000, 0x00000000ed700000, 0x00000000ed700000|100%| E|CS|TAMS 0x00000000ed600000| PB 0x00000000ed600000| Complete |  0
| 215|0x00000000ed700000, 0x00000000ed800000, 0x00000000ed800000|100%| E|CS|TAMS 0x00000000ed700000| PB 0x00000000ed700000| Complete |  0
| 216|0x00000000ed800000, 0x00000000ed900000, 0x00000000ed900000|100%| E|CS|TAMS 0x00000000ed800000| PB 0x00000000ed800000| Complete |  0
| 217|0x00000000ed900000, 0x00000000eda00000, 0x00000000eda00000|100%| E|CS|TAMS 0x00000000ed900000| PB 0x00000000ed900000| Complete |  0
| 218|0x00000000eda00000, 0x00000000edb00000, 0x00000000edb00000|100%| E|CS|TAMS 0x00000000eda00000| PB 0x00000000eda00000| Complete |  0
| 219|0x00000000edb00000, 0x00000000edc00000, 0x00000000edc00000|100%| E|CS|TAMS 0x00000000edb00000| PB 0x00000000edb00000| Complete |  0
| 220|0x00000000edc00000, 0x00000000edd00000, 0x00000000edd00000|100%| E|CS|TAMS 0x00000000edc00000| PB 0x00000000edc00000| Complete |  0
| 221|0x00000000edd00000, 0x00000000ede00000, 0x00000000ede00000|100%| E|CS|TAMS 0x00000000edd00000| PB 0x00000000edd00000| Complete |  0
| 222|0x00000000ede00000, 0x00000000edf00000, 0x00000000edf00000|100%| E|CS|TAMS 0x00000000ede00000| PB 0x00000000ede00000| Complete |  0
| 223|0x00000000edf00000, 0x00000000ee000000, 0x00000000ee000000|100%| E|CS|TAMS 0x00000000edf00000| PB 0x00000000edf00000| Complete |  0
| 224|0x00000000ee000000, 0x00000000ee100000, 0x00000000ee100000|100%| E|CS|TAMS 0x00000000ee000000| PB 0x00000000ee000000| Complete |  0
| 225|0x00000000ee100000, 0x00000000ee200000, 0x00000000ee200000|100%| E|CS|TAMS 0x00000000ee100000| PB 0x00000000ee100000| Complete |  0
| 226|0x00000000ee200000, 0x00000000ee300000, 0x00000000ee300000|100%| E|CS|TAMS 0x00000000ee200000| PB 0x00000000ee200000| Complete |  0
| 227|0x00000000ee300000, 0x00000000ee400000, 0x00000000ee400000|100%| E|CS|TAMS 0x00000000ee300000| PB 0x00000000ee300000| Complete |  0
| 228|0x00000000ee400000, 0x00000000ee500000, 0x00000000ee500000|100%| E|CS|TAMS 0x00000000ee400000| PB 0x00000000ee400000| Complete |  0
| 229|0x00000000ee500000, 0x00000000ee600000, 0x00000000ee600000|100%| E|CS|TAMS 0x00000000ee500000| PB 0x00000000ee500000| Complete |  0
| 230|0x00000000ee600000, 0x00000000ee700000, 0x00000000ee700000|100%| E|CS|TAMS 0x00000000ee600000| PB 0x00000000ee600000| Complete |  0
| 231|0x00000000ee700000, 0x00000000ee800000, 0x00000000ee800000|100%| E|CS|TAMS 0x00000000ee700000| PB 0x00000000ee700000| Complete |  0
| 232|0x00000000ee800000, 0x00000000ee900000, 0x00000000ee900000|100%| E|CS|TAMS 0x00000000ee800000| PB 0x00000000ee800000| Complete |  0
| 233|0x00000000ee900000, 0x00000000ee9c9b40, 0x00000000eea00000| 78%| S|CS|TAMS 0x00000000ee900000| PB 0x00000000ee900000| Complete |  0
| 234|0x00000000eea00000, 0x00000000eeb00000, 0x00000000eeb00000|100%| S|CS|TAMS 0x00000000eea00000| PB 0x00000000eea00000| Complete |  0
| 235|0x00000000eeb00000, 0x00000000eec00000, 0x00000000eec00000|100%| S|CS|TAMS 0x00000000eeb00000| PB 0x00000000eeb00000| Complete |  0
| 236|0x00000000eec00000, 0x00000000eed00000, 0x00000000eed00000|100%| S|CS|TAMS 0x00000000eec00000| PB 0x00000000eec00000| Complete |  0
| 237|0x00000000eed00000, 0x00000000eee00000, 0x00000000eee00000|100%| S|CS|TAMS 0x00000000eed00000| PB 0x00000000eed00000| Complete |  0
| 238|0x00000000eee00000, 0x00000000eef00000, 0x00000000eef00000|100%| E|CS|TAMS 0x00000000eee00000| PB 0x00000000eee00000| Complete |  0
| 239|0x00000000eef00000, 0x00000000ef000000, 0x00000000ef000000|100%| E|CS|TAMS 0x00000000eef00000| PB 0x00000000eef00000| Complete |  0
| 240|0x00000000ef000000, 0x00000000ef100000, 0x00000000ef100000|100%| E|CS|TAMS 0x00000000ef000000| PB 0x00000000ef000000| Complete |  0
| 241|0x00000000ef100000, 0x00000000ef200000, 0x00000000ef200000|100%| E|CS|TAMS 0x00000000ef100000| PB 0x00000000ef100000| Complete |  0
| 242|0x00000000ef200000, 0x00000000ef300000, 0x00000000ef300000|100%| E|CS|TAMS 0x00000000ef200000| PB 0x00000000ef200000| Complete |  0
| 243|0x00000000ef300000, 0x00000000ef400000, 0x00000000ef400000|100%| E|CS|TAMS 0x00000000ef300000| PB 0x00000000ef300000| Complete |  0
| 244|0x00000000ef400000, 0x00000000ef500000, 0x00000000ef500000|100%| E|CS|TAMS 0x00000000ef400000| PB 0x00000000ef400000| Complete |  0
| 245|0x00000000ef500000, 0x00000000ef600000, 0x00000000ef600000|100%| E|CS|TAMS 0x00000000ef500000| PB 0x00000000ef500000| Complete |  0
| 246|0x00000000ef600000, 0x00000000ef700000, 0x00000000ef700000|100%| E|CS|TAMS 0x00000000ef600000| PB 0x00000000ef600000| Complete |  0
| 247|0x00000000ef700000, 0x00000000ef800000, 0x00000000ef800000|100%| E|CS|TAMS 0x00000000ef700000| PB 0x00000000ef700000| Complete |  0
| 248|0x00000000ef800000, 0x00000000ef900000, 0x00000000ef900000|100%| S|CS|TAMS 0x00000000ef800000| PB 0x00000000ef800000| Complete |  0
| 249|0x00000000ef900000, 0x00000000efa00000, 0x00000000efa00000|100%| S|CS|TAMS 0x00000000ef900000| PB 0x00000000ef900000| Complete |  0
| 250|0x00000000efa00000, 0x00000000efb00000, 0x00000000efb00000|100%| S|CS|TAMS 0x00000000efa00000| PB 0x00000000efa00000| Complete |  0
| 251|0x00000000efb00000, 0x00000000efc00000, 0x00000000efc00000|100%| S|CS|TAMS 0x00000000efb00000| PB 0x00000000efb00000| Complete |  0
| 252|0x00000000efc00000, 0x00000000efd00000, 0x00000000efd00000|100%| S|CS|TAMS 0x00000000efc00000| PB 0x00000000efc00000| Complete |  0
| 253|0x00000000efd00000, 0x00000000efe00000, 0x00000000efe00000|100%| E|CS|TAMS 0x00000000efd00000| PB 0x00000000efd00000| Complete |  0
| 254|0x00000000efe00000, 0x00000000eff00000, 0x00000000eff00000|100%| E|CS|TAMS 0x00000000efe00000| PB 0x00000000efe00000| Complete |  0
| 255|0x00000000eff00000, 0x00000000f0000000, 0x00000000f0000000|100%| E|CS|TAMS 0x00000000eff00000| PB 0x00000000eff00000| Complete |  0

Card table byte_map: [0x0000025a9aab0000,0x0000025a9abb0000] _byte_map_base: 0x0000025a9a3b0000

Marking Bits: (CMBitMap*) 0x0000025a82d31cb0
 Bits: [0x0000025a9abb0000, 0x0000025a9b3b0000)

Polling page: 0x0000025a82480000

Metaspace:

Usage:
  Non-class:     33.89 MB used.
      Class:      5.79 MB used.
       Both:     39.68 MB used.

Virtual space:
  Non-class space:       64.00 MB reserved,      34.69 MB ( 54%) committed,  1 nodes.
      Class space:      320.00 MB reserved,       6.50 MB (  2%) committed,  1 nodes.
             Both:      384.00 MB reserved,      41.19 MB ( 11%) committed. 

Chunk freelists:
   Non-Class:  12.98 MB
       Class:  9.41 MB
        Both:  22.38 MB

MaxMetaspaceSize: 384.00 MB
CompressedClassSpaceSize: 320.00 MB
Initial GC threshold: 21.00 MB
Current GC threshold: 59.94 MB
CDS: on
 - commit_granule_bytes: 65536.
 - commit_granule_words: 8192.
 - virtual_space_node_default_size: 8388608.
 - enlarge_chunks_in_place: 1.
 - use_allocation_guard: 0.


Internal statistics:

num_allocs_failed_limit: 14.
num_arena_births: 2504.
num_arena_deaths: 0.
num_vsnodes_births: 2.
num_vsnodes_deaths: 0.
num_space_committed: 659.
num_space_uncommitted: 0.
num_chunks_returned_to_freelist: 14.
num_chunks_taken_from_freelist: 4258.
num_chunk_merges: 6.
num_chunk_splits: 2801.
num_chunks_enlarged: 1759.
num_inconsistent_stats: 0.

CodeHeap 'non-profiled nmethods': size=119168Kb used=2158Kb max_used=2305Kb free=117009Kb
 bounds [0x0000025a92bb0000, 0x0000025a92e20000, 0x0000025a9a010000]
CodeHeap 'profiled nmethods': size=119104Kb used=9250Kb max_used=9329Kb free=109853Kb
 bounds [0x0000025a8b010000, 0x0000025a8b960000, 0x0000025a92460000]
CodeHeap 'non-nmethods': size=7488Kb used=2511Kb max_used=3192Kb free=4976Kb
 bounds [0x0000025a92460000, 0x0000025a927f0000, 0x0000025a92bb0000]
 total_blobs=5295 nmethods=4581 adapters=617
 compilation: enabled
              stopped_count=0, restarted_count=0
 full_count=0

Compilation events (20 events):
Event: 32.887 Thread 0x0000025a9e673ff0 4887  s    3       java.beans.MethodDescriptor::setMethod (41 bytes)
Event: 32.887 Thread 0x0000025a9e3aaa50 nmethod 4888 0x0000025a8b092d10 code [0x0000025a8b092f60, 0x0000025a8b093b28]
Event: 32.887 Thread 0x0000025a9e3aaa50 4889       3       sun.reflect.generics.parser.SignatureParser::parseMethodTypeSignature (41 bytes)
Event: 32.888 Thread 0x0000025a9e3aaa50 nmethod 4889 0x0000025a8b040990 code [0x0000025a8b040bc0, 0x0000025a8b0410e8]
Event: 32.888 Thread 0x0000025a9e3aaa50 4890       1       sun.reflect.generics.tree.TypeVariableSignature::getIdentifier (5 bytes)
Event: 32.888 Thread 0x0000025a9e3aaa50 nmethod 4890 0x0000025a92c36c10 code [0x0000025a92c36da0, 0x0000025a92c36e68]
Event: 32.888 Thread 0x0000025a9e3aaa50 4891       1       sun.reflect.generics.factory.CoreReflectionFactory::getScope (5 bytes)
Event: 32.888 Thread 0x0000025a9e3aaa50 nmethod 4891 0x0000025a92c36690 code [0x0000025a92c36820, 0x0000025a92c368e8]
Event: 32.889 Thread 0x0000025a9e673ff0 nmethod 4887 0x0000025a8b0d0190 code [0x0000025a8b0d0500, 0x0000025a8b0d1b98]
Event: 32.896 Thread 0x0000025a9e3aaa50 4897       3       java.beans.PropertyDescriptor::getPropertyType0 (22 bytes)
Event: 32.897 Thread 0x0000025a9e673ff0 4898       3       groovy.lang.MetaClassImpl::establishStaticMetaProperty (262 bytes)
Event: 32.897 Thread 0x0000025a9e3aaa50 nmethod 4897 0x0000025a8b1fcb10 code [0x0000025a8b1fccc0, 0x0000025a8b1fcfd8]
Event: 32.898 Thread 0x0000025a9e673ff0 nmethod 4898 0x0000025a8b022490 code [0x0000025a8b022760, 0x0000025a8b023e80]
Event: 32.901 Thread 0x0000025a9e3aaa50 4899  s!   3       java.beans.PropertyDescriptor::getPropertyType (33 bytes)
Event: 32.902 Thread 0x0000025a9e3aaa50 nmethod 4899 0x0000025a8b24c410 code [0x0000025a8b24c640, 0x0000025a8b24d000]
Event: 32.906 Thread 0x0000025a9e3aaa50 4900       3       org.gradle.internal.logging.events.OutputEvent::<init> (5 bytes)
Event: 32.907 Thread 0x0000025a9e3aaa50 nmethod 4900 0x0000025a8b0c6990 code [0x0000025a8b0c6b20, 0x0000025a8b0c6c88]
Event: 32.914 Thread 0x0000025a9e3aaa50 4902       3       java.lang.invoke.LambdaForm$MH/0x0000025aa0110400::invoke (64 bytes)
Event: 32.914 Thread 0x0000025a9e3aaa50 nmethod 4902 0x0000025a8b07d010 code [0x0000025a8b07d2c0, 0x0000025a8b07e138]
Event: 32.917 Thread 0x0000025a9e3aaa50 4903       2       java.net.URLClassLoader$1::run (5 bytes)

GC Heap History (14 events):
Event: 1.260 GC heap before
{Heap before GC invocations=0 (full 0):
 garbage-first heap   total reserved 524288K, committed 262144K, used 27648K [0x00000000e0000000, 0x0000000100000000)
  region size 1024K, 24 young (24576K), 0 survivors (0K)
 Metaspace       used 2241K, committed 2432K, reserved 393216K
  class space    used 248K, committed 384K, reserved 327680K
}
Event: 1.265 GC heap after
{Heap after GC invocations=1 (full 0):
 garbage-first heap   total reserved 524288K, committed 262144K, used 10753K [0x00000000e0000000, 0x0000000100000000)
  region size 1024K, 3 young (3072K), 3 survivors (3072K)
 Metaspace       used 2241K, committed 2432K, reserved 393216K
  class space    used 248K, committed 384K, reserved 327680K
}
Event: 6.232 GC heap before
{Heap before GC invocations=1 (full 0):
 garbage-first heap   total reserved 524288K, committed 262144K, used 41473K [0x00000000e0000000, 0x0000000100000000)
  region size 1024K, 33 young (33792K), 3 survivors (3072K)
 Metaspace       used 4208K, committed 4416K, reserved 393216K
  class space    used 519K, committed 640K, reserved 327680K
}
Event: 6.236 GC heap after
{Heap after GC invocations=2 (full 0):
 garbage-first heap   total reserved 524288K, committed 262144K, used 12359K [0x00000000e0000000, 0x0000000100000000)
  region size 1024K, 2 young (2048K), 2 survivors (2048K)
 Metaspace       used 4208K, committed 4416K, reserved 393216K
  class space    used 519K, committed 640K, reserved 327680K
}
Event: 28.796 GC heap before
{Heap before GC invocations=2 (full 0):
 garbage-first heap   total reserved 524288K, committed 262144K, used 118855K [0x00000000e0000000, 0x0000000100000000)
  region size 1024K, 104 young (106496K), 2 survivors (2048K)
 Metaspace       used 18995K, committed 19584K, reserved 393216K
  class space    used 2755K, committed 3008K, reserved 327680K
}
Event: 28.814 GC heap after
{Heap after GC invocations=3 (full 0):
 garbage-first heap   total reserved 524288K, committed 262144K, used 23858K [0x00000000e0000000, 0x0000000100000000)
  region size 1024K, 12 young (12288K), 12 survivors (12288K)
 Metaspace       used 18995K, committed 19584K, reserved 393216K
  class space    used 2755K, committed 3008K, reserved 327680K
}
Event: 29.172 GC heap before
{Heap before GC invocations=3 (full 0):
 garbage-first heap   total reserved 524288K, committed 262144K, used 39218K [0x00000000e0000000, 0x0000000100000000)
  region size 1024K, 28 young (28672K), 12 survivors (12288K)
 Metaspace       used 20825K, committed 21504K, reserved 393216K
  class space    used 3055K, committed 3328K, reserved 327680K
}
Event: 29.182 GC heap after
{Heap after GC invocations=4 (full 0):
 garbage-first heap   total reserved 524288K, committed 262144K, used 25295K [0x00000000e0000000, 0x0000000100000000)
  region size 1024K, 12 young (12288K), 12 survivors (12288K)
 Metaspace       used 20825K, committed 21504K, reserved 393216K
  class space    used 3055K, committed 3328K, reserved 327680K
}
Event: 31.838 GC heap before
{Heap before GC invocations=5 (full 0):
 garbage-first heap   total reserved 524288K, committed 262144K, used 136911K [0x00000000e0000000, 0x0000000100000000)
  region size 1024K, 123 young (125952K), 12 survivors (12288K)
 Metaspace       used 34921K, committed 36096K, reserved 393216K
  class space    used 5115K, committed 5696K, reserved 327680K
}
Event: 31.854 GC heap after
{Heap after GC invocations=6 (full 0):
 garbage-first heap   total reserved 524288K, committed 262144K, used 33787K [0x00000000e0000000, 0x0000000100000000)
  region size 1024K, 10 young (10240K), 10 survivors (10240K)
 Metaspace       used 34921K, committed 36096K, reserved 393216K
  class space    used 5115K, committed 5696K, reserved 327680K
}
Event: 31.952 GC heap before
{Heap before GC invocations=6 (full 0):
 garbage-first heap   total reserved 524288K, committed 262144K, used 40955K [0x00000000e0000000, 0x0000000100000000)
  region size 1024K, 18 young (18432K), 10 survivors (10240K)
 Metaspace       used 35169K, committed 36416K, reserved 393216K
  class space    used 5146K, committed 5760K, reserved 327680K
}
Event: 31.962 GC heap after
{Heap after GC invocations=7 (full 0):
 garbage-first heap   total reserved 524288K, committed 262144K, used 34357K [0x00000000e0000000, 0x0000000100000000)
  region size 1024K, 10 young (10240K), 10 survivors (10240K)
 Metaspace       used 35169K, committed 36416K, reserved 393216K
  class space    used 5146K, committed 5760K, reserved 327680K
}
Event: 32.017 GC heap before
{Heap before GC invocations=7 (full 0):
 garbage-first heap   total reserved 524288K, committed 262144K, used 36405K [0x00000000e0000000, 0x0000000100000000)
  region size 1024K, 13 young (13312K), 10 survivors (10240K)
 Metaspace       used 35422K, committed 36736K, reserved 393216K
  class space    used 5176K, committed 5824K, reserved 327680K
}
Event: 32.022 GC heap after
{Heap after GC invocations=8 (full 0):
 garbage-first heap   total reserved 524288K, committed 262144K, used 34512K [0x00000000e0000000, 0x0000000100000000)
  region size 1024K, 10 young (10240K), 10 survivors (10240K)
 Metaspace       used 35422K, committed 36736K, reserved 393216K
  class space    used 5176K, committed 5824K, reserved 327680K
}

Dll operation events (15 events):
Event: 0.037 Loaded shared library C:\Program Files\Java\jdk-22\bin\java.dll
Event: 0.083 Loaded shared library C:\Program Files\Java\jdk-22\bin\jsvml.dll
Event: 0.183 Loaded shared library C:\Program Files\Java\jdk-22\bin\zip.dll
Event: 0.193 Loaded shared library C:\Program Files\Java\jdk-22\bin\instrument.dll
Event: 0.202 Loaded shared library C:\Program Files\Java\jdk-22\bin\net.dll
Event: 0.210 Loaded shared library C:\Program Files\Java\jdk-22\bin\nio.dll
Event: 0.219 Loaded shared library C:\Program Files\Java\jdk-22\bin\zip.dll
Event: 0.862 Loaded shared library C:\Program Files\Java\jdk-22\bin\jimage.dll
Event: 1.040 Loaded shared library C:\Program Files\Java\jdk-22\bin\verify.dll
Event: 1.293 Loaded shared library C:\Users\Tassandro\.gradle\native\c067742578af261105cb4f569cf0c3c89f3d7b1fecec35dd04571415982c5e48\windows-amd64\native-platform.dll
Event: 1.317 Loaded shared library C:\Users\Tassandro\.gradle\native\100fb08df4bc3b14c8652ba06237920a3bd2aa13389f12d3474272988ae205f9\windows-amd64\native-platform-file-events.dll
Event: 24.073 Loaded shared library C:\Program Files\Java\jdk-22\bin\management.dll
Event: 24.082 Loaded shared library C:\Program Files\Java\jdk-22\bin\management_ext.dll
Event: 24.447 Loaded shared library C:\Program Files\Java\jdk-22\bin\extnet.dll
Event: 24.802 Loaded shared library C:\Program Files\Java\jdk-22\bin\sunmscapi.dll

Deoptimization events (20 events):
Event: 32.880 Thread 0x0000025ab95877a0 Uncommon trap: trap_request=0xffffffde fr.pc=0x0000025a92dfb294 relative=0x0000000000004194
Event: 32.880 Thread 0x0000025ab95877a0 Uncommon trap: reason=class_check action=maybe_recompile pc=0x0000025a92dfb294 method=jdk.internal.loader.URLClassPath.getResource(Ljava/lang/String;Z)Ljdk/internal/loader/Resource; @ 53 c2
Event: 32.880 Thread 0x0000025ab95877a0 DEOPT PACKING pc=0x0000025a92dfb294 sp=0x000000c4462f9360
Event: 32.880 Thread 0x0000025ab95877a0 DEOPT UNPACKING pc=0x0000025a924b46a2 sp=0x000000c4462f92b8 mode 2
Event: 32.886 Thread 0x0000025ab95877a0 Uncommon trap: trap_request=0xffffffc6 fr.pc=0x0000025a92dc6140 relative=0x00000000000008a0
Event: 32.886 Thread 0x0000025ab95877a0 Uncommon trap: reason=bimorphic_or_optimized_type_check action=maybe_recompile pc=0x0000025a92dc6140 method=java.util.regex.Pattern$Start.match(Ljava/util/regex/Matcher;ILjava/lang/CharSequence;)Z @ 44 c2
Event: 32.886 Thread 0x0000025ab95877a0 DEOPT PACKING pc=0x0000025a92dc6140 sp=0x000000c4462f85d0
Event: 32.886 Thread 0x0000025ab95877a0 DEOPT UNPACKING pc=0x0000025a924b46a2 sp=0x000000c4462f8520 mode 2
Event: 32.887 Thread 0x0000025ab95877a0 Uncommon trap: trap_request=0xffffffc6 fr.pc=0x0000025a92dc3c1c relative=0x000000000000069c
Event: 32.887 Thread 0x0000025ab95877a0 Uncommon trap: reason=bimorphic_or_optimized_type_check action=maybe_recompile pc=0x0000025a92dc3c1c method=java.util.regex.Pattern$Start.match(Ljava/util/regex/Matcher;ILjava/lang/CharSequence;)Z @ 44 c2
Event: 32.887 Thread 0x0000025ab95877a0 DEOPT PACKING pc=0x0000025a92dc3c1c sp=0x000000c4462f8570
Event: 32.887 Thread 0x0000025ab95877a0 DEOPT UNPACKING pc=0x0000025a924b46a2 sp=0x000000c4462f8530 mode 2
Event: 32.913 Thread 0x0000025ab95877a0 Uncommon trap: trap_request=0xffffffde fr.pc=0x0000025a92ccf870 relative=0x00000000000002b0
Event: 32.913 Thread 0x0000025ab95877a0 Uncommon trap: reason=class_check action=maybe_recompile pc=0x0000025a92ccf870 method=java.util.Collections$SetFromMap.remove(Ljava/lang/Object;)Z @ 5 c2
Event: 32.913 Thread 0x0000025ab95877a0 DEOPT PACKING pc=0x0000025a92ccf870 sp=0x000000c4462faa70
Event: 32.913 Thread 0x0000025ab95877a0 DEOPT UNPACKING pc=0x0000025a924b46a2 sp=0x000000c4462faa58 mode 2
Event: 32.914 Thread 0x0000025ab95877a0 Uncommon trap: trap_request=0xffffffde fr.pc=0x0000025a92ccf870 relative=0x00000000000002b0
Event: 32.914 Thread 0x0000025ab95877a0 Uncommon trap: reason=class_check action=maybe_recompile pc=0x0000025a92ccf870 method=java.util.Collections$SetFromMap.remove(Ljava/lang/Object;)Z @ 5 c2
Event: 32.914 Thread 0x0000025ab95877a0 DEOPT PACKING pc=0x0000025a92ccf870 sp=0x000000c4462fb680
Event: 32.914 Thread 0x0000025ab95877a0 DEOPT UNPACKING pc=0x0000025a924b46a2 sp=0x000000c4462fb668 mode 2

Classes loaded (20 events):
Event: 32.738 Loading class javax/net/ssl/SSLPeerUnverifiedException
Event: 32.738 Loading class javax/net/ssl/SSLPeerUnverifiedException done
Event: 32.738 Loading class java/security/cert/CertificateParsingException
Event: 32.738 Loading class java/security/cert/CertificateException
Event: 32.739 Loading class java/security/cert/CertificateException done
Event: 32.739 Loading class java/security/cert/CertificateParsingException done
Event: 32.807 Loading class sun/nio/cs/ISO_8859_1$Encoder
Event: 32.807 Loading class sun/nio/cs/ISO_8859_1$Encoder done
Event: 32.808 Loading class sun/nio/cs/Surrogate$Parser
Event: 32.808 Loading class sun/nio/cs/Surrogate$Parser done
Event: 32.808 Loading class sun/nio/cs/Surrogate
Event: 32.808 Loading class sun/nio/cs/Surrogate done
Event: 32.890 Loading class com/sun/beans/finder/MethodFinder
Event: 32.890 Loading class com/sun/beans/finder/AbstractFinder
Event: 32.891 Loading class com/sun/beans/finder/AbstractFinder done
Event: 32.891 Loading class com/sun/beans/finder/MethodFinder done
Event: 32.891 Loading class com/sun/beans/finder/MethodFinder$1
Event: 32.891 Loading class com/sun/beans/finder/MethodFinder$1 done
Event: 32.891 Loading class com/sun/beans/finder/FinderUtils
Event: 32.891 Loading class com/sun/beans/finder/FinderUtils done

Classes unloaded (0 events):
No events

Classes redefined (0 events):
No events

Internal exceptions (20 events):
Event: 31.980 Thread 0x0000025ab95877a0 Exception <a 'java/lang/ClassNotFoundException'{0x00000000eff7abc0}: org/gradle/initialization/DefaultProjectDescriptorCustomizer> (0x00000000eff7abc0) 
thrown [s\open\src\hotspot\share\classfile\systemDictionary.cpp, line 313]
Event: 32.456 Thread 0x0000025ab95877a0 Exception <a 'java/lang/NoSuchMethodError'{0x00000000ee6e16b0}: 'long java.lang.invoke.DirectMethodHandle$Holder.invokeStatic(java.lang.Object, long)'> (0x00000000ee6e16b0) 
thrown [s\open\src\hotspot\share\interpreter\linkResolver.cpp, line 774]
Event: 32.722 Thread 0x0000025ab95877a0 Exception <a 'java/lang/NoSuchMethodError'{0x00000000eda71170}: 'java.lang.Object java.lang.invoke.DirectMethodHandle$Holder.invokeVirtual(java.lang.Object, java.lang.Object, java.lang.Object, java.lang.Object, java.lang.Object, java.lang.Object, java.lang.Object, java.lang.Object, java.lang.Object, java.lang.Object, java.lang.Object, java.lang.Object, java.lang.Object, java.lang.Object, java.lang.Object, java.lang.Object, java.lang.Object)'> (0x00000000eda71170) 
thrown [s\open\src\hotspot\share\interpret
Event: 32.723 Thread 0x0000025ab95877a0 Exception <a 'java/lang/NoSuchMethodError'{0x00000000eda771b8}: 'java.lang.Object java.lang.invoke.DirectMethodHandle$Holder.invokeSpecial(java.lang.Object, java.lang.Object, java.lang.Object, java.lang.Object, java.lang.Object, java.lang.Object, java.lang.Object, java.lang.Object, java.lang.Object, java.lang.Object, java.lang.Object, java.lang.Object, java.lang.Object, java.lang.Object, java.lang.Object, java.lang.Object, java.lang.Object, java.lang.Object)'> (0x00000000eda771b8) 
thrown [s\open\src\hotsp
Event: 32.723 Thread 0x0000025ab95877a0 Exception <a 'java/lang/NoSuchMethodError'{0x00000000eda7c770}: 'java.lang.Object java.lang.invoke.DelegatingMethodHandle$Holder.reinvoke_L(java.lang.Object, java.lang.Object, java.lang.Object, java.lang.Object, java.lang.Object, java.lang.Object, java.lang.Object, java.lang.Object, java.lang.Object, java.lang.Object, java.lang.Object, java.lang.Object, java.lang.Object, java.lang.Object, java.lang.Object, java.lang.Object, java.lang.Object)'> (0x00000000eda7c770) 
thrown [s\open\src\hotspot\share\interpre
Event: 32.776 Thread 0x0000025ab95877a0 Exception <a 'java/lang/NoSuchMethodError'{0x00000000ed8aecf8}: 'void java.lang.invoke.DirectMethodHandle$Holder.invokeStatic(java.lang.Object, java.lang.Object, java.lang.Object, java.lang.Object, java.lang.Object, java.lang.Object)'> (0x00000000ed8aecf8) 
thrown [s\open\src\hotspot\share\interpreter\linkResolver.cpp, line 774]
Event: 32.812 Thread 0x0000025ab95877a0 Exception <a 'java/lang/NoSuchMethodError'{0x00000000ed74e108}: 'java.lang.Object java.lang.invoke.DirectMethodHandle$Holder.invokeSpecial(java.lang.Object, java.lang.Object, java.lang.Object, java.lang.Object, java.lang.Object, java.lang.Object, java.lang.Object, java.lang.Object, java.lang.Object, java.lang.Object, java.lang.Object, java.lang.Object, java.lang.Object, java.lang.Object, java.lang.Object, java.lang.Object, java.lang.Object, java.lang.Object, java.lang.Object, java.lang.Object, java.lang.Ob
Event: 32.812 Thread 0x0000025ab95877a0 Exception <a 'java/lang/NoSuchMethodError'{0x00000000ed754040}: 'java.lang.Object java.lang.invoke.DelegatingMethodHandle$Holder.reinvoke_L(java.lang.Object, java.lang.Object, java.lang.Object, java.lang.Object, java.lang.Object, java.lang.Object, java.lang.Object, java.lang.Object, java.lang.Object, java.lang.Object, java.lang.Object, java.lang.Object, java.lang.Object, java.lang.Object, java.lang.Object, java.lang.Object, java.lang.Object, java.lang.Object, java.lang.Object, java.lang.Object, java.lang.O
Event: 32.813 Thread 0x0000025ab95877a0 Exception <a 'java/lang/NoSuchMethodError'{0x00000000ed75f4d8}: 'java.lang.Object java.lang.invoke.Invokers$Holder.invoker(java.lang.Object, java.lang.Object, java.lang.Object, java.lang.Object, java.lang.Object, java.lang.Object, java.lang.Object, java.lang.Object, java.lang.Object, java.lang.Object, java.lang.Object, java.lang.Object, java.lang.Object, java.lang.Object, java.lang.Object, java.lang.Object, java.lang.Object, java.lang.Object, java.lang.Object, java.lang.Object, java.lang.Object, java.lang.
Event: 32.814 Thread 0x0000025ab95877a0 Exception <a 'java/lang/NoSuchMethodError'{0x00000000ed765960}: 'java.lang.Object java.lang.invoke.DelegatingMethodHandle$Holder.delegate(java.lang.Object, java.lang.Object, java.lang.Object, java.lang.Object, java.lang.Object, java.lang.Object, java.lang.Object, java.lang.Object, java.lang.Object, java.lang.Object, java.lang.Object, java.lang.Object, java.lang.Object, java.lang.Object, java.lang.Object, java.lang.Object, java.lang.Object, java.lang.Object, java.lang.Object, java.lang.Object, java.lang.Obj
Event: 32.872 Thread 0x0000025ab95877a0 Exception <a 'java/lang/ClassNotFoundException'{0x00000000ed4e2b10}: build_2c6vwn9pxqc85hmklbwkopc9gBeanInfo> (0x00000000ed4e2b10) 
thrown [s\open\src\hotspot\share\classfile\systemDictionary.cpp, line 313]
Event: 32.873 Thread 0x0000025ab95877a0 Exception <a 'java/lang/ClassNotFoundException'{0x00000000ed4ec2c8}: org/gradle/api/internal/project/ProjectScriptBeanInfo> (0x00000000ed4ec2c8) 
thrown [s\open\src\hotspot\share\classfile\systemDictionary.cpp, line 313]
Event: 32.873 Thread 0x0000025ab95877a0 Exception <a 'java/lang/ClassNotFoundException'{0x00000000ed4f5b60}: org/gradle/api/internal/project/ProjectScriptCustomizer> (0x00000000ed4f5b60) 
thrown [s\open\src\hotspot\share\classfile\systemDictionary.cpp, line 313]
Event: 32.875 Thread 0x0000025ab95877a0 Exception <a 'java/lang/ClassNotFoundException'{0x00000000ed30d378}: build_2c6vwn9pxqc85hmklbwkopc9gCustomizer> (0x00000000ed30d378) 
thrown [s\open\src\hotspot\share\classfile\systemDictionary.cpp, line 313]
Event: 32.885 Thread 0x0000025ab95877a0 Exception <a 'java/lang/ClassNotFoundException'{0x00000000ed37bb10}: groovy/lang/Closure$1BeanInfo> (0x00000000ed37bb10) 
thrown [s\open\src\hotspot\share\classfile\systemDictionary.cpp, line 313]
Event: 32.885 Thread 0x0000025ab95877a0 Exception <a 'java/lang/ClassNotFoundException'{0x00000000ed38a7c0}: groovy/lang/ClosureBeanInfo> (0x00000000ed38a7c0) 
thrown [s\open\src\hotspot\share\classfile\systemDictionary.cpp, line 313]
Event: 32.886 Thread 0x0000025ab95877a0 Exception <a 'java/lang/ClassNotFoundException'{0x00000000ed398810}: groovy/lang/ClosureCustomizer> (0x00000000ed398810) 
thrown [s\open\src\hotspot\share\classfile\systemDictionary.cpp, line 313]
Event: 32.889 Thread 0x0000025ab95877a0 Exception <a 'java/lang/ClassNotFoundException'{0x00000000ed3c9ec8}: groovy/lang/Closure$1Customizer> (0x00000000ed3c9ec8) 
thrown [s\open\src\hotspot\share\classfile\systemDictionary.cpp, line 313]
Event: 32.906 Thread 0x0000025ab95877a0 Exception <a 'java/lang/OutOfMemoryError'{0x00000000ed27cdd0}> (0x00000000ed27cdd0) 
thrown [s\open\src\hotspot\share\prims\jni.cpp, line 539]
Event: 32.911 Thread 0x0000025ab95877a0 Exception <a 'java/lang/NoSuchMethodError'{0x00000000ed2d6e20}: 'void java.lang.invoke.DirectMethodHandle$Holder.invokeInterface(java.lang.Object, java.lang.Object, java.lang.Object, java.lang.Object)'> (0x00000000ed2d6e20) 
thrown [s\open\src\hotspot\share\interpreter\linkResolver.cpp, line 774]

ZGC Phase Switch (0 events):
No events

VM Operations (20 events):
Event: 31.520 Executing VM operation: ICBufferFull
Event: 31.520 Executing VM operation: ICBufferFull done
Event: 31.838 Executing VM operation: CollectForMetadataAllocation (Metadata GC Threshold)
Event: 31.854 Executing VM operation: CollectForMetadataAllocation (Metadata GC Threshold) done
Event: 31.952 Executing VM operation: CollectForMetadataAllocation (Metadata GC Threshold)
Event: 31.962 Executing VM operation: CollectForMetadataAllocation (Metadata GC Threshold) done
Event: 31.962 Executing VM operation: CollectForMetadataAllocation (Metadata GC Threshold)
Event: 31.963 Executing VM operation: CollectForMetadataAllocation (Metadata GC Threshold) done
Event: 32.017 Executing VM operation: CollectForMetadataAllocation (Metadata GC Threshold)
Event: 32.022 Executing VM operation: CollectForMetadataAllocation (Metadata GC Threshold) done
Event: 32.035 Executing VM operation: G1PauseRemark
Event: 32.042 Executing VM operation: G1PauseRemark done
Event: 32.050 Executing VM operation: G1PauseCleanup
Event: 32.050 Executing VM operation: G1PauseCleanup done
Event: 32.229 Executing VM operation: HandshakeAllThreads (Deoptimize)
Event: 32.229 Executing VM operation: HandshakeAllThreads (Deoptimize) done
Event: 32.479 Executing VM operation: HandshakeAllThreads (Deoptimize)
Event: 32.479 Executing VM operation: HandshakeAllThreads (Deoptimize) done
Event: 32.908 Executing VM operation: HandshakeAllThreads (Deoptimize)
Event: 32.908 Executing VM operation: HandshakeAllThreads (Deoptimize) done

Memory protections (0 events):
No events

Nmethod flushes (20 events):
Event: 32.041 Thread 0x0000025a9e368510 flushing  nmethod 0x0000025a8b5a6710
Event: 32.041 Thread 0x0000025a9e368510 flushing osr nmethod 0x0000025a92bf4a90
Event: 32.041 Thread 0x0000025a9e368510 flushing  nmethod 0x0000025a92bf9490
Event: 32.041 Thread 0x0000025a9e368510 flushing  nmethod 0x0000025a8b077510
Event: 32.041 Thread 0x0000025a9e368510 flushing  nmethod 0x0000025a8b078810
Event: 32.041 Thread 0x0000025a9e368510 flushing  nmethod 0x0000025a8b07d010
Event: 32.041 Thread 0x0000025a9e368510 flushing  nmethod 0x0000025a8b07d610
Event: 32.041 Thread 0x0000025a9e368510 flushing  nmethod 0x0000025a8b07eb10
Event: 32.041 Thread 0x0000025a9e368510 flushing  nmethod 0x0000025a8b07f990
Event: 32.041 Thread 0x0000025a9e368510 flushing  nmethod 0x0000025a8b10be90
Event: 32.041 Thread 0x0000025a9e368510 flushing  nmethod 0x0000025a8b10d490
Event: 32.041 Thread 0x0000025a9e368510 flushing  nmethod 0x0000025a8b117c90
Event: 32.041 Thread 0x0000025a9e368510 flushing  nmethod 0x0000025a8b198390
Event: 32.041 Thread 0x0000025a9e368510 flushing  nmethod 0x0000025a8b244a10
Event: 32.041 Thread 0x0000025a9e368510 flushing  nmethod 0x0000025a8b247310
Event: 32.041 Thread 0x0000025a9e368510 flushing  nmethod 0x0000025a8b249a10
Event: 32.041 Thread 0x0000025a9e368510 flushing  nmethod 0x0000025a8b298210
Event: 32.041 Thread 0x0000025a9e368510 flushing  nmethod 0x0000025a8b298990
Event: 32.041 Thread 0x0000025a9e368510 flushing  nmethod 0x0000025a8b3a1110
Event: 32.041 Thread 0x0000025a9e368510 flushing  nmethod 0x0000025a8b4cba10

Events (20 events):
Event: 24.937 Thread 0x0000025ab958e0a0 Thread added: 0x0000025ab95877a0
Event: 24.953 Thread 0x0000025ab95877a0 Thread added: 0x0000025ab95884c0
Event: 24.959 Thread 0x0000025ab95877a0 Thread added: 0x0000025ab958d380
Event: 24.963 Thread 0x0000025ab95877a0 Thread added: 0x0000025ab9588b50
Event: 25.711 Thread 0x0000025ab95877a0 Thread added: 0x0000025ab95891e0
Event: 25.728 Thread 0x0000025ab95877a0 Thread added: 0x0000025ab9589f00
Event: 26.273 Thread 0x0000025ab91c4ff0 Thread exited: 0x0000025ab91c4ff0
Event: 26.315 Thread 0x0000025ab95877a0 Thread added: 0x0000025ab958c660
Event: 27.914 Thread 0x0000025ab94503b0 Thread exited: 0x0000025ab94503b0
Event: 29.062 Thread 0x0000025ab95877a0 Thread added: 0x0000025ab958ac20
Event: 29.466 Thread 0x0000025ab95877a0 Thread added: 0x0000025ab958b940
Event: 29.474 Thread 0x0000025ab95877a0 Thread added: 0x0000025ab958b2b0
Event: 29.813 Thread 0x0000025ab95877a0 Thread added: 0x0000025ab958da10
Event: 29.881 Thread 0x0000025ab95877a0 Thread added: 0x0000025ab9587110
Event: 30.095 Thread 0x0000025ab95877a0 Thread added: 0x0000025ab958e730
Event: 30.338 Thread 0x0000025ab95877a0 Thread added: 0x0000025aba29f2a0
Event: 31.631 Thread 0x0000025ab95877a0 Thread added: 0x0000025aba29cb40
Event: 31.721 Thread 0x0000025ab95877a0 Thread added: 0x0000025aba29ffc0
Event: 32.801 Thread 0x0000025ab95877a0 Thread added: 0x0000025aba29d1d0
Event: 32.859 Thread 0x0000025ab95877a0 Thread added: 0x0000025aba29e580


Dynamic libraries:
0x00007ff7d7b40000 - 0x00007ff7d7b50000 	C:\Program Files\Java\jdk-22\bin\java.exe
0x00007ff8083d0000 - 0x00007ff8085e7000 	C:\WINDOWS\SYSTEM32\ntdll.dll
0x00007fffdc5d0000 - 0x00007fffdc5ea000 	C:\Program Files\Avast Software\Avast\aswhook.dll
0x00007ff807080000 - 0x00007ff807144000 	C:\WINDOWS\System32\KERNEL32.DLL
0x00007ff805c00000 - 0x00007ff805fad000 	C:\WINDOWS\System32\KERNELBASE.dll
0x00007ff805fe0000 - 0x00007ff8060f1000 	C:\WINDOWS\System32\ucrtbase.dll
0x00007fff7fb30000 - 0x00007fff7fb47000 	C:\Program Files\Java\jdk-22\bin\jli.dll
0x00007ff806200000 - 0x00007ff8063ae000 	C:\WINDOWS\System32\USER32.dll
0x00007ff805ab0000 - 0x00007ff805ad6000 	C:\WINDOWS\System32\win32u.dll
0x00007ff807750000 - 0x00007ff807779000 	C:\WINDOWS\System32\GDI32.dll
0x00007ff805ae0000 - 0x00007ff805bf9000 	C:\WINDOWS\System32\gdi32full.dll
0x00007ff805860000 - 0x00007ff8058fa000 	C:\WINDOWS\System32\msvcp_win.dll
0x00007fffc5930000 - 0x00007fffc594b000 	C:\Program Files\Java\jdk-22\bin\VCRUNTIME140.dll
0x00007fffdf910000 - 0x00007fffdfba3000 	C:\WINDOWS\WinSxS\amd64_microsoft.windows.common-controls_6595b64144ccf1df_6.0.22621.3672_none_2713b9d173822955\COMCTL32.dll
0x00007ff806480000 - 0x00007ff806527000 	C:\WINDOWS\System32\msvcrt.dll
0x00007ff8063b0000 - 0x00007ff8063e1000 	C:\WINDOWS\System32\IMM32.DLL
0x00007fff7d600000 - 0x00007fff7d71a000 	C:\Program Files\Topaz OFD\Warsaw\wslbscr64.dll
0x00007ff806530000 - 0x00007ff8065e2000 	C:\WINDOWS\System32\ADVAPI32.dll
0x00007ff807150000 - 0x00007ff8071f9000 	C:\WINDOWS\System32\sechost.dll
0x00007ff805fb0000 - 0x00007ff805fd8000 	C:\WINDOWS\System32\bcrypt.dll
0x00007ff8068f0000 - 0x00007ff806a04000 	C:\WINDOWS\System32\RPCRT4.dll
0x00007ff807790000 - 0x00007ff807ff8000 	C:\WINDOWS\System32\SHELL32.dll
0x00007ff804710000 - 0x00007ff804744000 	C:\WINDOWS\SYSTEM32\ntmarta.dll
0x00007fff7b630000 - 0x00007fff7b72a000 	C:\Program Files\Topaz OFD\Warsaw\wslbscrwh64.dll
0x00007fffd2700000 - 0x00007fffd270c000 	C:\Program Files\Java\jdk-22\bin\vcruntime140_1.dll
0x00007fff7d130000 - 0x00007fff7d1be000 	C:\Program Files\Java\jdk-22\bin\msvcp140.dll
0x00007fff4eb80000 - 0x00007fff4f8c9000 	C:\Program Files\Java\jdk-22\bin\server\jvm.dll
0x00007ff806a20000 - 0x00007ff806a91000 	C:\WINDOWS\System32\WS2_32.dll
0x00007ff8055b0000 - 0x00007ff8055fd000 	C:\WINDOWS\SYSTEM32\POWRPROF.dll
0x00007fffffd10000 - 0x00007fffffd44000 	C:\WINDOWS\SYSTEM32\WINMM.dll
0x00007ffffbb40000 - 0x00007ffffbb4a000 	C:\WINDOWS\SYSTEM32\VERSION.dll
0x00007ff8054e0000 - 0x00007ff8054f3000 	C:\WINDOWS\SYSTEM32\UMPDC.dll
0x00007ff8046f0000 - 0x00007ff804708000 	C:\WINDOWS\SYSTEM32\kernel.appcore.dll
0x00007fffcf7b0000 - 0x00007fffcf7ba000 	C:\Program Files\Java\jdk-22\bin\jimage.dll
0x00007ff803250000 - 0x00007ff803482000 	C:\WINDOWS\SYSTEM32\DBGHELP.DLL
0x00007ff806cf0000 - 0x00007ff80707d000 	C:\WINDOWS\System32\combase.dll
0x00007ff806c10000 - 0x00007ff806ce7000 	C:\WINDOWS\System32\OLEAUT32.dll
0x00007ffffb740000 - 0x00007ffffb772000 	C:\WINDOWS\SYSTEM32\dbgcore.DLL
0x00007ff805970000 - 0x00007ff8059eb000 	C:\WINDOWS\System32\bcryptPrimitives.dll
0x00007fffce3e0000 - 0x00007fffce3ef000 	C:\Program Files\Java\jdk-22\bin\instrument.dll
0x00007fffad4a0000 - 0x00007fffad4be000 	C:\Program Files\Java\jdk-22\bin\java.dll
0x0000025a82490000 - 0x0000025a82635000 	C:\WINDOWS\System32\ole32.dll
0x00007ff8035f0000 - 0x00007ff803eee000 	C:\WINDOWS\SYSTEM32\windows.storage.dll
0x00007ff8034b0000 - 0x00007ff8035ef000 	C:\WINDOWS\SYSTEM32\wintypes.dll
0x0000025a9e8e0000 - 0x0000025a9e9d9000 	C:\WINDOWS\System32\SHCORE.dll
0x00007ff807250000 - 0x00007ff8072ae000 	C:\WINDOWS\System32\shlwapi.dll
0x00007ff805620000 - 0x00007ff805641000 	C:\WINDOWS\SYSTEM32\profapi.dll
0x00007fff79330000 - 0x00007fff79407000 	C:\Program Files\Java\jdk-22\bin\jsvml.dll
0x00007fffab020000 - 0x00007fffab037000 	C:\Program Files\Java\jdk-22\bin\zip.dll
0x00007fffcef10000 - 0x00007fffcef20000 	C:\Program Files\Java\jdk-22\bin\net.dll
0x00007ff804b60000 - 0x00007ff804bc9000 	C:\WINDOWS\system32\mswsock.dll
0x00007fffab130000 - 0x00007fffab146000 	C:\Program Files\Java\jdk-22\bin\nio.dll
0x00007fffce910000 - 0x00007fffce920000 	C:\Program Files\Java\jdk-22\bin\verify.dll
0x00007fff8dae0000 - 0x00007fff8db07000 	C:\Users\Tassandro\.gradle\native\c067742578af261105cb4f569cf0c3c89f3d7b1fecec35dd04571415982c5e48\windows-amd64\native-platform.dll
0x00007fff600d0000 - 0x00007fff60214000 	C:\Users\Tassandro\.gradle\native\100fb08df4bc3b14c8652ba06237920a3bd2aa13389f12d3474272988ae205f9\windows-amd64\native-platform-file-events.dll
0x00007fffbc1f0000 - 0x00007fffbc1fa000 	C:\Program Files\Java\jdk-22\bin\management.dll
0x00007fffbba00000 - 0x00007fffbba0b000 	C:\Program Files\Java\jdk-22\bin\management_ext.dll
0x00007ff8068e0000 - 0x00007ff8068e8000 	C:\WINDOWS\System32\PSAPI.DLL
0x00007ff804e00000 - 0x00007ff804e1b000 	C:\WINDOWS\SYSTEM32\CRYPTSP.dll
0x00007ff804650000 - 0x00007ff804685000 	C:\WINDOWS\system32\rsaenh.dll
0x00007ff804c70000 - 0x00007ff804c98000 	C:\WINDOWS\SYSTEM32\USERENV.dll
0x00007ff804df0000 - 0x00007ff804dfc000 	C:\WINDOWS\SYSTEM32\CRYPTBASE.dll
0x00007ff804190000 - 0x00007ff8041bd000 	C:\WINDOWS\SYSTEM32\IPHLPAPI.DLL
0x00007ff806a10000 - 0x00007ff806a19000 	C:\WINDOWS\System32\NSI.dll
0x00007fffce2e0000 - 0x00007fffce2e9000 	C:\Program Files\Java\jdk-22\bin\extnet.dll
0x00007fffce3d0000 - 0x00007fffce3de000 	C:\Program Files\Java\jdk-22\bin\sunmscapi.dll
0x00007ff8056f0000 - 0x00007ff805857000 	C:\WINDOWS\System32\CRYPT32.dll
0x00007ff804f90000 - 0x00007ff804fbe000 	C:\WINDOWS\SYSTEM32\ncrypt.dll
0x00007ff804f50000 - 0x00007ff804f87000 	C:\WINDOWS\SYSTEM32\NTASN1.dll
0x00007ffff7f80000 - 0x00007ffff7f88000 	C:\WINDOWS\system32\wshunix.dll

dbghelp: loaded successfully - version: 4.0.5 - missing functions: none
symbol engine: initialized successfully - sym options: 0x614 - pdb path: .;C:\Program Files\Java\jdk-22\bin;C:\WINDOWS\SYSTEM32;C:\Program Files\Avast Software\Avast;C:\WINDOWS\WinSxS\amd64_microsoft.windows.common-controls_6595b64144ccf1df_6.0.22621.3672_none_2713b9d173822955;C:\Program Files\Topaz OFD\Warsaw;C:\Program Files\Java\jdk-22\bin\server;C:\Users\Tassandro\.gradle\native\c067742578af261105cb4f569cf0c3c89f3d7b1fecec35dd04571415982c5e48\windows-amd64;C:\Users\Tassandro\.gradle\native\100fb08df4bc3b14c8652ba06237920a3bd2aa13389f12d3474272988ae205f9\windows-amd64

VM Arguments:
jvm_args: --add-opens=java.base/java.util=ALL-UNNAMED --add-opens=java.base/java.lang=ALL-UNNAMED --add-opens=java.base/java.lang.invoke=ALL-UNNAMED --add-opens=java.prefs/java.util.prefs=ALL-UNNAMED --add-opens=java.base/java.nio.charset=ALL-UNNAMED --add-opens=java.base/java.net=ALL-UNNAMED --add-opens=java.base/java.util.concurrent.atomic=ALL-UNNAMED -XX:MaxMetaspaceSize=384m -XX:+HeapDumpOnOutOfMemoryError -Xms256m -Xmx512m -Dfile.encoding=UTF-8 -Duser.country=BR -Duser.language=pt -Duser.variant -javaagent:C:\Users\Tassandro\.gradle\wrapper\dists\gradle-8.8-bin\dl7vupf4psengwqhwktix4v1\gradle-8.8\lib\agents\gradle-instrumentation-agent-8.8.jar 
java_command: org.gradle.launcher.daemon.bootstrap.GradleDaemon 8.8
java_class_path (initial): C:\Users\Tassandro\.gradle\wrapper\dists\gradle-8.8-bin\dl7vupf4psengwqhwktix4v1\gradle-8.8\lib\gradle-launcher-8.8.jar
Launcher Type: SUN_STANDARD

[Global flags]
     intx CICompilerCount                          = 12                                        {product} {ergonomic}
   size_t CompressedClassSpaceSize                 = 335544320                                 {product} {ergonomic}
     uint ConcGCThreads                            = 3                                         {product} {ergonomic}
     uint G1ConcRefinementThreads                  = 13                                        {product} {ergonomic}
   size_t G1HeapRegionSize                         = 1048576                                   {product} {ergonomic}
     bool HeapDumpOnOutOfMemoryError               = true                                   {manageable} {command line}
   size_t InitialHeapSize                          = 268435456                                 {product} {command line}
   size_t MarkStackSize                            = 4194304                                   {product} {ergonomic}
   size_t MaxHeapSize                              = 536870912                                 {product} {command line}
   size_t MaxMetaspaceSize                         = 402653184                                 {product} {command line}
   size_t MaxNewSize                               = 321912832                                 {product} {ergonomic}
   size_t MinHeapDeltaBytes                        = 1048576                                   {product} {ergonomic}
   size_t MinHeapSize                              = 268435456                                 {product} {command line}
    uintx NonNMethodCodeHeapSize                   = 7602480                                {pd product} {ergonomic}
    uintx NonProfiledCodeHeapSize                  = 122027880                              {pd product} {ergonomic}
    uintx ProfiledCodeHeapSize                     = 122027880                              {pd product} {ergonomic}
    uintx ReservedCodeCacheSize                    = 251658240                              {pd product} {ergonomic}
     bool SegmentedCodeCache                       = true                                      {product} {ergonomic}
   size_t SoftMaxHeapSize                          = 536870912                              {manageable} {ergonomic}
     bool UseCompressedOops                        = true                           {product lp64_product} {ergonomic}
     bool UseG1GC                                  = true                                      {product} {ergonomic}
     bool UseLargePagesIndividualAllocation        = false                                  {pd product} {ergonomic}

Logging:
Log output configuration:
 #0: stdout all=warning uptime,level,tags foldmultilines=false
 #1: stderr all=off uptime,level,tags foldmultilines=false

Environment Variables:
JAVA_HOME=C:\Program Files\Java\jdk-22
CLASSPATH=C:\Users\Tassandro\literar.io\api\\gradle\wrapper\gradle-wrapper.jar
PATH=C:\Users\Tassandro\Desktop\Gradle\gradle-8.10-bin\gradle-8.10\bin
USERNAME=Tassandro
LANG=en_US.UTF-8
OS=Windows_NT
PROCESSOR_IDENTIFIER=AMD64 Family 23 Model 104 Stepping 1, AuthenticAMD
TMP=C:\Users\TASSAN~1\AppData\Local\Temp
TEMP=C:\Users\TASSAN~1\AppData\Local\Temp




Periodic native trim disabled

---------------  S Y S T E M  ---------------

OS:
 Windows 11 , 64 bit Build 22621 (10.0.22621.3958)
OS uptime: 2 days 14:38 hours
Hyper-V role detected

CPU: total 16 (initial active 16) (16 cores per cpu, 2 threads per core) family 23 model 104 stepping 1 microcode 0x0, cx8, cmov, fxsr, ht, mmx, 3dnowpref, sse, sse2, sse3, ssse3, sse4a, sse4.1, sse4.2, popcnt, lzcnt, tsc, tscinvbit, avx, avx2, aes, clmul, bmi1, bmi2, adx, sha, fma, vzeroupper, clflush, clflushopt, hv, rdtscp, rdpid, f16c
Processor Information for all 16 processors :
  Max Mhz: 1801, Current Mhz: 1801, Mhz Limit: 1801

Memory: 4k page, system-wide physical 5989M (68M free)
TotalPageFile size 24421M (AvailPageFile size 11M)
current process WorkingSet (physical memory assigned to process): 294M, peak: 294M
current process commit charge ("private bytes"): 466M, peak: 469M

vm_info: Java HotSpot(TM) 64-Bit Server VM (22.0.2+9-70) for windows-amd64 JRE (22.0.2+9-70), built on 2024-06-04T16:52:23Z by "mach5one" with MS VC++ 17.6 (VS2022)

END.
