#
# There is insufficient memory for the Java Runtime Environment to continue.
# Native memory allocation (mmap) failed to map 98566144 bytes. Error detail: G1 virtual space
# Possible reasons:
#   The system is out of physical RAM or swap space
#   This process is running with CompressedOops enabled, and the Java Heap may be blocking the growth of the native heap
# Possible solutions:
#   Reduce memory load on the system
#   Increase physical memory or swap space
#   Check if swap backing store is full
#   Decrease Java heap size (-Xmx/-Xms)
#   Decrease number of Java threads
#   Decrease Java thread stack sizes (-Xss)
#   Set larger code cache with -XX:ReservedCodeCacheSize=
#   JVM is running with Unscaled Compressed Oops mode in which the Java heap is
#     placed in the first 4GB address space. The Java Heap base address is the
#     maximum limit for the native heap growth. Please use -XX:HeapBaseMinAddress
#     to set the Java Heap base and to place the Java Heap above 4GB virtual address.
# This output file may be truncated or incomplete.
#
#  Out of Memory Error (os_windows.cpp:3631), pid=64740, tid=14252
#
# JRE version:  (22.0.2+9) (build )
# Java VM: Java HotSpot(TM) 64-Bit Server VM (22.0.2+9-70, mixed mode, sharing, tiered, compressed oops, compressed class ptrs, g1 gc, windows-amd64)
# No core dump will be written. Minidumps are not enabled by default on client versions of Windows
#

---------------  S U M M A R Y ------------

Command Line: -Dorg.gradle.internal.worker.tmpdir=C:\Users\Tassandro\literar.io\api\build\tmp\test\work -Xmx512m -Dfile.encoding=UTF-8 -Duser.country=BR -Duser.language=pt -Duser.variant -ea worker.org.gradle.process.internal.worker.GradleWorkerMain 'Gradle Test Executor 3'

Host: AMD Ryzen 7 5700U with Radeon Graphics         , 16 cores, 5G,  Windows 11 , 64 bit Build 22621 (10.0.22621.3958)
Time: Mon Aug 26 13:04:29 2024 Hora oficial do Brasil elapsed time: 0.023396 seconds (0d 0h 0m 0s)

---------------  T H R E A D  ---------------

Current thread (0x000001a0ad1573b0):  JavaThread "Unknown thread" [_thread_in_vm, id=14252, stack(0x00000023a4100000,0x00000023a4200000) (1024K)]

Stack: [0x00000023a4100000,0x00000023a4200000]
Native frames: (J=compiled Java code, j=interpreted, Vv=VM code, C=native code)
V  [jvm.dll+0x6e26e9]  (no source info available)
V  [jvm.dll+0x875753]  (no source info available)
V  [jvm.dll+0x877b7e]  (no source info available)
V  [jvm.dll+0x878253]  (no source info available)
V  [jvm.dll+0x27fc86]  (no source info available)
V  [jvm.dll+0x6ded85]  (no source info available)
V  [jvm.dll+0x6d388a]  (no source info available)
V  [jvm.dll+0x358b8a]  (no source info available)
V  [jvm.dll+0x3610b6]  (no source info available)
V  [jvm.dll+0x3b419e]  (no source info available)
V  [jvm.dll+0x3b4448]  (no source info available)
V  [jvm.dll+0x32c5ec]  (no source info available)
V  [jvm.dll+0x32d258]  (no source info available)
V  [jvm.dll+0x83d5ac]  (no source info available)
V  [jvm.dll+0x3c10d1]  (no source info available)
V  [jvm.dll+0x8264cc]  (no source info available)
V  [jvm.dll+0x45bd5e]  (no source info available)
V  [jvm.dll+0x45dbe1]  (no source info available)
C  [jli.dll+0x52a3]  (no source info available)
C  [ucrtbase.dll+0x29333]  (no source info available)
C  [KERNEL32.DLL+0x1257d]  (no source info available)
C  [ntdll.dll+0x5af28]  (no source info available)


---------------  P R O C E S S  ---------------

Threads class SMR info:
_java_thread_list=0x00007fff4f76c1c8, length=0, elements={
}

Java Threads: ( => current thread )
Total: 0

Other Threads:
  0x000001a0af4267d0 WorkerThread "GC Thread#0"                     [id=30564, stack(0x00000023a4200000,0x00000023a4300000) (1024K)]
  0x000001a0af42b6d0 ConcurrentGCThread "G1 Main Marker"            [id=72444, stack(0x00000023a4300000,0x00000023a4400000) (1024K)]
  0x000001a0af42f1f0 WorkerThread "G1 Conc#0"                       [id=72380, stack(0x00000023a4400000,0x00000023a4500000) (1024K)]

[error occurred during error reporting (printing all threads), id 0xc0000005, EXCEPTION_ACCESS_VIOLATION (0xc0000005) at pc=0x00007fff4eebf517]
VM state: not at safepoint (not fully initialized)

VM Mutex/Monitor currently owned by a thread:  ([mutex/lock_event])
[0x00007fff4f7ecc80] Heap_lock - owner thread: 0x000001a0ad1573b0

Heap address: 0x00000000e0000000, size: 512 MB, Compressed Oops mode: 32-bit

CDS archive(s) mapped at: [0x0000000000000000-0x0000000000000000-0x0000000000000000), size 0, SharedBaseAddress: 0x0000000800000000, ArchiveRelocationMode: 1.
Narrow klass base: 0x0000000000000000, Narrow klass shift: 0, Narrow klass range: 0x0

GC Precious Log:
 CardTable entry size: 512
 Card Set container configuration: InlinePtr #cards 5 size 8 Array Of Cards #cards 12 size 40 Howl #buckets 4 coarsen threshold 1843 Howl Bitmap #cards 512 size 80 coarsen threshold 460 Card regions per heap region 1 cards per card region 2048

Heap:
 garbage-first heap   total reserved 524288K, committed 0K, used 0K [0x00000000e0000000, 0x0000000100000000)
  region size 1024K, 0 young (0K), 0 survivors (0K)

[error occurred during error reporting (printing heap information), id 0xc0000005, EXCEPTION_ACCESS_VIOLATION (0xc0000005) at pc=0x00007fff4f2be869]
GC Heap History (0 events):
No events

Dll operation events (1 events):
Event: 0.014 Loaded shared library C:\Program Files\Java\jdk-22\bin\java.dll

Deoptimization events (0 events):
No events

Classes loaded (0 events):
No events

Classes unloaded (0 events):
No events

Classes redefined (0 events):
No events

Internal exceptions (0 events):
No events

ZGC Phase Switch (0 events):
No events

VM Operations (0 events):
No events

Memory protections (0 events):
No events

Nmethod flushes (0 events):
No events

Events (0 events):
No events


Dynamic libraries:
0x00007ff7d7b40000 - 0x00007ff7d7b50000 	C:\Program Files\Java\jdk-22\bin\java.exe
0x00007ff8083d0000 - 0x00007ff8085e7000 	C:\WINDOWS\SYSTEM32\ntdll.dll
0x00007fffdc5d0000 - 0x00007fffdc5ea000 	C:\Program Files\Avast Software\Avast\aswhook.dll
0x00007ff807080000 - 0x00007ff807144000 	C:\WINDOWS\System32\KERNEL32.DLL
0x00007ff805c00000 - 0x00007ff805fad000 	C:\WINDOWS\System32\KERNELBASE.dll
0x00007ff805fe0000 - 0x00007ff8060f1000 	C:\WINDOWS\System32\ucrtbase.dll
0x00007fff7fb30000 - 0x00007fff7fb47000 	C:\Program Files\Java\jdk-22\bin\jli.dll
0x00007ff806200000 - 0x00007ff8063ae000 	C:\WINDOWS\System32\USER32.dll
0x00007ff805ab0000 - 0x00007ff805ad6000 	C:\WINDOWS\System32\win32u.dll
0x00007ff807750000 - 0x00007ff807779000 	C:\WINDOWS\System32\GDI32.dll
0x00007ff805ae0000 - 0x00007ff805bf9000 	C:\WINDOWS\System32\gdi32full.dll
0x00007ff805860000 - 0x00007ff8058fa000 	C:\WINDOWS\System32\msvcp_win.dll
0x00007fffc5930000 - 0x00007fffc594b000 	C:\Program Files\Java\jdk-22\bin\VCRUNTIME140.dll
0x00007fffdf910000 - 0x00007fffdfba3000 	C:\WINDOWS\WinSxS\amd64_microsoft.windows.common-controls_6595b64144ccf1df_6.0.22621.3672_none_2713b9d173822955\COMCTL32.dll
0x00007ff806480000 - 0x00007ff806527000 	C:\WINDOWS\System32\msvcrt.dll
0x00007ff8063b0000 - 0x00007ff8063e1000 	C:\WINDOWS\System32\IMM32.DLL
0x00007fff7d600000 - 0x00007fff7d71a000 	C:\Program Files\Topaz OFD\Warsaw\wslbscr64.dll
0x00007ff806530000 - 0x00007ff8065e2000 	C:\WINDOWS\System32\ADVAPI32.dll
0x00007ff807150000 - 0x00007ff8071f9000 	C:\WINDOWS\System32\sechost.dll
0x00007ff805fb0000 - 0x00007ff805fd8000 	C:\WINDOWS\System32\bcrypt.dll
0x00007ff8068f0000 - 0x00007ff806a04000 	C:\WINDOWS\System32\RPCRT4.dll
0x00007ff807790000 - 0x00007ff807ff8000 	C:\WINDOWS\System32\SHELL32.dll
0x00007ff804710000 - 0x00007ff804744000 	C:\WINDOWS\SYSTEM32\ntmarta.dll
0x00007fff7b630000 - 0x00007fff7b72a000 	C:\Program Files\Topaz OFD\Warsaw\wslbscrwh64.dll
0x00007fffd2700000 - 0x00007fffd270c000 	C:\Program Files\Java\jdk-22\bin\vcruntime140_1.dll
0x00007fff7d130000 - 0x00007fff7d1be000 	C:\Program Files\Java\jdk-22\bin\msvcp140.dll
0x00007fff4eb80000 - 0x00007fff4f8c9000 	C:\Program Files\Java\jdk-22\bin\server\jvm.dll
0x00007ff806a20000 - 0x00007ff806a91000 	C:\WINDOWS\System32\WS2_32.dll
0x00007ff8055b0000 - 0x00007ff8055fd000 	C:\WINDOWS\SYSTEM32\POWRPROF.dll
0x00007fffffd10000 - 0x00007fffffd44000 	C:\WINDOWS\SYSTEM32\WINMM.dll
0x00007ffffbb40000 - 0x00007ffffbb4a000 	C:\WINDOWS\SYSTEM32\VERSION.dll
0x00007ff8054e0000 - 0x00007ff8054f3000 	C:\WINDOWS\SYSTEM32\UMPDC.dll
0x00007ff8046f0000 - 0x00007ff804708000 	C:\WINDOWS\SYSTEM32\kernel.appcore.dll
0x00007fffcf7b0000 - 0x00007fffcf7ba000 	C:\Program Files\Java\jdk-22\bin\jimage.dll
0x00007ff803250000 - 0x00007ff803482000 	C:\WINDOWS\SYSTEM32\DBGHELP.DLL
0x00007ff806cf0000 - 0x00007ff80707d000 	C:\WINDOWS\System32\combase.dll
0x00007ff806c10000 - 0x00007ff806ce7000 	C:\WINDOWS\System32\OLEAUT32.dll
0x00007ffffb740000 - 0x00007ffffb772000 	C:\WINDOWS\SYSTEM32\dbgcore.DLL
0x00007ff805970000 - 0x00007ff8059eb000 	C:\WINDOWS\System32\bcryptPrimitives.dll
0x00007fffad4a0000 - 0x00007fffad4be000 	C:\Program Files\Java\jdk-22\bin\java.dll
0x000001a0aeb70000 - 0x000001a0aed15000 	C:\WINDOWS\System32\ole32.dll

dbghelp: loaded successfully - version: 4.0.5 - missing functions: none
symbol engine: initialized successfully - sym options: 0x614 - pdb path: .;C:\Program Files\Java\jdk-22\bin;C:\WINDOWS\SYSTEM32;C:\Program Files\Avast Software\Avast;C:\WINDOWS\WinSxS\amd64_microsoft.windows.common-controls_6595b64144ccf1df_6.0.22621.3672_none_2713b9d173822955;C:\Program Files\Topaz OFD\Warsaw;C:\Program Files\Java\jdk-22\bin\server

VM Arguments:
jvm_args: -Dorg.gradle.internal.worker.tmpdir=C:\Users\Tassandro\literar.io\api\build\tmp\test\work -Xmx512m -Dfile.encoding=UTF-8 -Duser.country=BR -Duser.language=pt -Duser.variant -ea 
java_command: worker.org.gradle.process.internal.worker.GradleWorkerMain 'Gradle Test Executor 3'
java_class_path (initial): C:\\Users\\Tassandro\\.gradle\\caches\\8.10\\workerMain\\gradle-worker.jar;C:\\Users\\Tassandro\\literar.io\\api\\build\\classes\\java\\test;C:\\Users\\Tassandro\\literar.io\\api\\build\\classes\\java\\main;C:\\Users\\Tassandro\\literar.io\\api\\build\\resources\\main;C:\\Users\\Tassandro\\.gradle\\caches\\modules-2\\files-2.1\\org.springframework.boot\\spring-boot-starter-data-jpa\\3.3.3\\7eeb176d6130f7aa83405fe2985fe7cadc11ebc5\\spring-boot-starter-data-jpa-3.3.3.jar;C:\\Users\\Tassandro\\.gradle\\caches\\modules-2\\files-2.1\\org.springframework.boot\\spring-boot-starter-validation\\3.3.3\\9a585e4c45168f6c37812ab47df3abf869c9c289\\spring-boot-starter-validation-3.3.3.jar;C:\\Users\\Tassandro\\.gradle\\caches\\modules-2\\files-2.1\\org.springframework.boot\\spring-boot-starter-data-rest\\3.3.3\\c64bfd2f13a9cafcf987b1796be86f2731f96abe\\spring-boot-starter-data-rest-3.3.3.jar;C:\\Users\\Tassandro\\.gradle\\caches\\modules-2\\files-2.1\\org.springframework.boot\\spring-boot-starter-web\\3.3.3\\f19325fefd33dc920c0f68547a798ed731a8c70c\\spring-boot-starter-web-3.3.3.jar;C:\\Users\\Tassandro\\.gradle\\caches\\modules-2\\files-2.1\\org.projectlombok\\lombok\\1.18.24\\13a394eed5c4f9efb2a6d956e2086f1d81e857d9\\lombok-1.18.24.jar;C:\\Users\\Tassandro\\.gradle\\caches\\modules-2\\files-2.1\\io.github.cdimascio\\java-dotenv\\5.2.2\\f77d54ff193ed4b07415ab8d7b3d0550716aa8c\\java-dotenv-5.2.2.jar;C:\\Users\\Tassandro\\.gradle\\caches\\modules-2\\files-2.1\\org.postgresql\\postgresql\\42.7.3\\24f3e9f7231428cd20eb4dde00dd3fce44e05464\\postgresql-42.7.3.jar;C:\\Users\\Tassandro\\.gradle\\caches\\modules-2\\files-2.1\\org.springframework.boot\\spring-boot-starter-test\\3.3.3\\6774cadaa893fce1f18ff5e528e17f75d32f6670\\spring-boot-starter-test-3.3.3.jar;C:\\Users\\Tassandro\\.gradle\\caches\\modules-2\\files-2.1\\org.junit.jupiter\\junit-jupiter\\5.10.3\\6686d8fbf251f9bf8ecba413cab57b9e00f9134d\\junit-jupiter-5.10.3.jar;C:\\Users\\Tassandro\\.gradle\\caches\\modules-2\\files-2.1\\org.junit.jupiter\\junit-jupiter-engine\\5.10.3\\48c14e866bb1a87ca35d24ff068463bb202ada24\\junit-jupiter-engine-5.10.3.jar;C:\\Users\\Tassandro\\.gradle\\caches\\modules-2\\files-2.1\\org.junit.platform\\junit-platform-engine\\1.10.3\\365a320c3cfd47f3346625e541e424e35dc75c42\\junit-platform-engine-1.10.3.jar;C:\\Users\\Tassandro\\.gradle\\caches\\modules-2\\files-2.1\\org.mockito\\mockito-junit-jupiter\\5.11.0\\8e658dd339f40305ed4293db25545b5df98b171b\\mockito-junit-jupiter-5.11.0.jar;C:\\Users\\Tassandro\\.gradle\\caches\\modules-2\\files-2.1\\org.junit.jupiter\\junit-jupiter-params\\5.10.3\\4852f4e4af9074d9214213b199751f99efeab8b9\\junit-jupiter-params-5.10.3.jar;C:\\Users\\Tassandro\\.gradle\\caches\\modules-2\\files-2.1\\org.junit.jupiter\\junit-jupiter-api\\5.10.3\\a22aa91d1d6c69b2020a9aeb6d095ea81132bfa5\\junit-jupiter-api-5.10.3.jar;C:\\Users\\Tassandro\\.gradle\\caches\\modules-2\\files-2.1\\org.junit.platform\\junit-platform-commons\\1.10.3\\a353d42a2f13343a7cb80c5228ae66ff64495481\\junit-platform-commons-1.10.3.jar;C:\\Users\\Tassandro\\.gradle\\caches\\modules-2\\files-2.1\\org.junit.platform\\junit-platform-launcher\\1.10.3\\2e07e6389624f3e93fb2e87aec2fdc30cc84b069\\junit-platform-launcher-1.10.3.jar;C:\\Users\\Tassandro\\.gradle\\caches\\modules-2\\files-2.1\\org.springframework.boot\\spring-boot-starter-aop\\3.3.3\\f64c22484c1ab36ae70abc752509ec4c7b1abcfc\\spring-boot-starter-aop-3.3.3.jar;C:\\Users\\Tassandro\\.gradle\\caches\\modules-2\\files-2.1\\org.springframework.boot\\spring-boot-starter-jdbc\\3.3.3\\c97a56c12c79d1ce419a306ddee4ccb89b7d3728\\spring-boot-starter-jdbc-3.3.3.jar;C:\\Users\\Tassandro\\.gradle\\caches\\modules-2\\files-2.1\\org.hibernate.orm\\hibernate-core\\6.5.2.Final\\e9e0cc47f6cd2b2553968aee66bd9e55e7485221\\hibernate-core-6.5.2.Final.jar;C:\\Users\\Tassandro\\.gradle\\caches\\modules-2\\files-2.1\\org.springframework.data\\spring-data-jpa\\3.3.3\\9b89dbd19eee24c4dc4df12564efc603c614aa91\\spring-data-jpa-3.3.3.jar;C:\\Users\\Tassandro\\.gradle\\caches\\modules-2\\files-2.1\\org.springframework\\spring-aspects\\6.1.12\\b72435b5813755a894531e2cf1565eff1b313574\\spring-aspects-6.1.12.jar;C:\\Users\\Tassandro\\.gradle\\caches\\modules-2\\files-2.1\\org.springframework.boot\\spring-boot-starter-json\\3.3.3\\3dde3b6089f772a77763020cc97a219307a8f39f\\spring-boot-starter-json-3.3.3.jar;C:\\Users\\Tassandro\\.gradle\\caches\\modules-2\\files-2.1\\org.springframework.boot\\spring-boot-starter\\3.3.3\\174d6cb1c59036a01756d6bf4d8945325f94155f\\spring-boot-starter-3.3.3.jar;C:\\Users\\Tassandro\\.gradle\\caches\\modules-2\\files-2.1\\org.springframework.boot\\spring-boot-starter-tomcat\\3.3.3\\8ca660b0ecba2f0ff8ce27603fe89953dc4ec18d\\spring-boot-starter-tomcat-3.3.3.jar;C:\\Users\\Tassandro\\.gradle\\caches\\modules-2\\files-2.1\\org.apache.tomcat.embed\\tomcat-embed-el\\10.1.28\\3220f687c5ffc8650559f08ecac5b149838627b3\\tomcat-embed-el-10.1.28.jar;C:\\Users\\Tassandro\\.gradle\\caches\\modules-2\\files-2.1\\org.hibernate.validator\\hibernate-validator\\8.0.1.Final\\e49e116b3d3928060599b176b3538bb848718e95\\hibernate-validator-8.0.1.Final.jar;C:\\Users\\Tassandro\\.gradle\\caches\\modules-2\\files-2.1\\org.springframework.data\\spring-data-rest-webmvc\\4.3.3\\2f0635af1c57c8e64a87e76ceb9be37dabe6b65\\spring-data-rest-webmvc-4.3.3.jar;C:\\Users\\Tassandro\\.gradle\\caches\\modules-2\\files-2.1\\org.springframework\\spring-webmvc\\6.1.12\\86bb0c203d68adb4b2675765f5a372f4c5254b2d\\spring-webmvc-6.1.12.jar;C:\\Users\\Tassandro\\.gradle\\caches\\modules-2\\files-2.1\\org.springframework.data\\spring-data-rest-core\\4.3.3\\71b37a7030f3e565609d8cdbc3f577b86b8f6423\\spring-data-rest-core-4.3.3.jar;C:\\Users\\Tassandro\\.gradle\\caches\\modules-2\\files-2.1\\org.springframework.hateoas\\spring-hateoas\\2.3.2\\feb5b5602ea6a869c7d3f937c7dd3b3c07056bc5\\spring-hateoas-2.3.2.jar;C:\\Users\\Tassandro\\.gradle\\caches\\modules-2\\files-2.1\\org.springframework\\spring-web\\6.1.12\\b60e69b3ec87f8e001537a0fa7e3e2732dfafa7e\\spring-web-6.1.12.jar;C:\\Users\\Tassandro\\.gradle\\caches\\modules-2\\files-2.1\\org.jetbrains.kotlin\\kotlin-stdlib\\1.9.25\\f700a2f2b8f0d6d0fde48f56d894dc722fb029d7\\kotlin-stdlib-1.9.25.jar;C:\\Users\\Tassandro\\.gradle\\caches\\modules-2\\files-2.1\\org.checkerframework\\checker-qual\\3.42.0\\638ec33f363a94d41a4f03c3e7d3dcfba64e402d\\checker-qual-3.42.0.jar;C:\\Users\\Tassandro\\.gradle\\caches\\modules-2\\files-2.1\\org.springframework.boot\\spring-boot-test-autoconfigure\\3.3.3\\ebce486202d965dc984ff8013a8f87fdb9b6fe46\\spring-boot-test-autoconfigure-3.3.3.jar;C:\\Users\\Tassandro\\.gradle\\caches\\modules-2\\files-2.1\\org.springframework.boot\\spring-boot-test\\3.3.3\\42a314ffe171b6fb3932a86a884ef721467dc704\\spring-boot-test-3.3.3.jar;C:\\Users\\Tassandro\\.gradle\\caches\\modules-2\\files-2.1\\com.jayway.jsonpath\\json-path\\2.9.0\\37fe2217f577b0b68b18e62c4d17a8858ecf9b69\\json-path-2.9.0.jar;C:\\Users\\Tassandro\\.gradle\\caches\\modules-2\\files-2.1\\org.glassfish.jaxb\\jaxb-runtime\\4.0.5\\ca84c2a7169b5293e232b9d00d1e4e36d4c3914a\\jaxb-runtime-4.0.5.jar;C:\\Users\\Tassandro\\.gradle\\caches\\modules-2\\files-2.1\\org.glassfish.jaxb\\jaxb-core\\4.0.5\\7b4b11ea5542eea4ad55e1080b23be436795b3\\jaxb-core-4.0.5.jar;C:\\Users\\Tassandro\\.gradle\\caches\\modules-2\\files-2.1\\jakarta.xml.bind\\jakarta.xml.bind-api\\4.0.2\\6cd5a999b834b63238005b7144136379dc36cad2\\jakarta.xml.bind-api-4.0.2.jar;C:\\Users\\Tassandro\\.gradle\\caches\\modules-2\\files-2.1\\net.minidev\\json-smart\\2.5.1\\4c11d2808d009132dfbbf947ebf37de6bf266c8e\\json-smart-2.5.1.jar;C:\\Users\\Tassandro\\.gradle\\caches\\modules-2\\files-2.1\\org.assertj\\assertj-core\\3.25.3\\792b270e73aa1cfc28fa135be0b95e69ea451432\\assertj-core-3.25.3.jar;C:\\Users\\Tassandro\\.gradle\\caches\\modules-2\\files-2.1\\org.awaitility\\awaitility\\4.2.2\\7336242073ebf83fe034e42b46a403c5501b63c9\\awaitility-4.2.2.jar;C:\\Users\\Tassandro\\.gradle\\caches\\modules-2\\files-2.1\\org.hamcrest\\hamcrest\\2.2\\1820c0968dba3a11a1b30669bb1f01978a91dedc\\hamcrest-2.2.jar;C:\\Users\\Tassandro\\.gradle\\caches\\modules-2\\files-2.1\\org.mockito\\mockito-core\\5.11.0\\e4069fa4f4ff2c94322cfec5f2e45341c6c70aff\\mockito-core-5.11.0.jar;C:\\Users\\Tassandro\\.gradle\\caches\\modules-2\\files-2.1\\org.skyscreamer\\jsonassert\\1.5.3\\aaa43e0823d2a0e106e8754d6a9c4ab24e05e9bc\\jsonassert-1.5.3.jar;C:\\Users\\Tassandro\\.gradle\\caches\\modules-2\\files-2.1\\org.springframework\\spring-test\\6.1.12\\ea59acc56a32e6a46f66c06e5d4c2b8e8c6a2869\\spring-test-6.1.12.jar;C:\\Users\\Tassandro\\.gradle\\caches\\modules-2\\files-2.1\\org.springframework.boot\\spring-boot-autoconfigure\\3.3.3\\4445f0bbf838c1e3aeb5a83bf2367fbd1013237f\\spring-boot-autoconfigure-3.3.3.jar;C:\\Users\\Tassandro\\.gradle\\caches\\modules-2\\files-2.1\\org.springframework.boot\\spring-boot\\3.3.3\\f34dba93611823e521800a47043267715184911b\\spring-boot-3.3.3.jar;C:\\Users\\Tassandro\\.gradle\\caches\\modules-2\\files-2.1\\org.springframework.plugin\\spring-plugin-core\\3.0.0\\d56aa02dd7272dca30aa598dc8b72e823227046a\\spring-plugin-core-3.0.0.jar;C:\\Users\\Tassandro\\.gradle\\caches\\modules-2\\files-2.1\\org.springframework\\spring-context\\6.1.12\\e69d476d1334935529a61f403749c6b8593e3272\\spring-context-6.1.12.jar;C:\\Users\\Tassandro\\.gradle\\caches\\modules-2\\files-2.1\\org.springframework\\spring-aop\\6.1.12\\5fce5ff02455fad179fc0ea05435dfb79bbeaa66\\spring-aop-6.1.12.jar;C:\\Users\\Tassandro\\.gradle\\caches\\modules-2\\files-2.1\\org.springframework\\spring-orm\\6.1.12\\9df98d9ebdfcf5359dbda945de515d8af2cabe89\\spring-orm-6.1.12.jar;C:\\Users\\Tassandro\\.gradle\\caches\\modules-2\\files-2.1\\org.springframework\\spring-jdbc\\6.1.12\\feb177a07e109f633c3fb1892d22a2867d0b2284\\spring-jdbc-6.1.12.jar;C:\\Users\\Tassandro\\.gradle\\caches\\modules-2\\files-2.1\\org.springframework.data\\spring-data-commons\\3.3.3\\89ab77494e1e56b058001354265e381a0a2868e6\\spring-data-commons-3.3.3.jar;C:\\Users\\Tassandro\\.gradle\\caches\\modules-2\\files-2.1\\org.springframework\\spring-tx\\6.1.12\\c47885e494845584e08407b611031ea2bcef0ef7\\spring-tx-6.1.12.jar;C:\\Users\\Tassandro\\.gradle\\caches\\modules-2\\files-2.1\\org.springframework\\spring-beans\\6.1.12\\f0344fa934f114a15f02c2b1a199189ec12b7eb5\\spring-beans-6.1.12.jar;C:\\Users\\Tassandro\\.gradle\\caches\\modules-2\\files-2.1\\org.springframework\\spring-expression\\6.1.12\\644bbc2e65eb40feb7284b8570d7a7eb8b1fe8df\\spring-expression-6.1.12.jar;C:\\Users\\Tassandro\\.gradle\\caches\\modules-2\\files-2.1\\org.springframework\\spring-core\\6.1.12\\5f4162fb645c4f72b57b21d721fce9f26edb9bb9\\spring-core-6.1.12.jar;C:\\Users\\Tassandro\\.gradle\\caches\\modules-2\\files-2.1\\org.xmlunit\\xmlunit-core\\2.9.1\\e5833662d9a1279a37da3ef6f62a1da29fcd68c4\\xmlunit-core-2.9.1.jar;C:\\Users\\Tassandro\\.gradle\\caches\\modules-2\\files-2.1\\org.aspectj\\aspectjweaver\\1.9.22.1\\bca243d0af0db4758fbae45c5f4995cb5dabb612\\aspectjweaver-1.9.22.1.jar;C:\\Users\\Tassandro\\.gradle\\caches\\modules-2\\files-2.1\\com.zaxxer\\HikariCP\\5.1.0\\8c96e36c14461fc436bb02b264b96ef3ca5dca8c\\HikariCP-5.1.0.jar;C:\\Users\\Tassandro\\.gradle\\caches\\modules-2\\files-2.1\\jakarta.persistence\\jakarta.persistence-api\\3.1.0\\66901fa1c373c6aff65c13791cc11da72060a8d6\\jakarta.persistence-api-3.1.0.jar;C:\\Users\\Tassandro\\.gradle\\caches\\modules-2\\files-2.1\\jakarta.transaction\\jakarta.transaction-api\\2.0.1\\51a520e3fae406abb84e2e1148e6746ce3f80a1a\\jakarta.transaction-api-2.0.1.jar;C:\\Users\\Tassandro\\.gradle\\caches\\modules-2\\files-2.1\\org.jboss.logging\\jboss-logging\\3.5.3.Final\\c88fc1d8a96d4c3491f55d4317458ccad53ca663\\jboss-logging-3.5.3.Final.jar;C:\\Users\\Tassandro\\.gradle\\caches\\modules-2\\files-2.1\\org.hibernate.common\\hibernate-commons-annotations\\6.0.6.Final\\77a5f94b56d49508e0ee334751db5b78e5ccd50c\\hibernate-commons-annotations-6.0.6.Final.jar;C:\\Users\\Tassandro\\.gradle\\caches\\modules-2\\files-2.1\\io.smallrye\\jandex\\3.1.2\\a6c1c89925c7df06242b03dddb353116ceb9584c\\jandex-3.1.2.jar;C:\\Users\\Tassandro\\.gradle\\caches\\modules-2\\files-2.1\\com.fasterxml\\classmate\\1.7.0\\e98374da1f2143ac8e6e0a95036994bb19137a3\\classmate-1.7.0.jar;C:\\Users\\Tassandro\\.gradle\\caches\\modules-2\\files-2.1\\net.bytebuddy\\byte-buddy\\1.14.19\\4c0c637b8f47dc08f89240e6f59900011752c97b\\byte-buddy-1.14.19.jar;C:\\Users\\Tassandro\\.gradle\\caches\\modules-2\\files-2.1\\jakarta.inject\\jakarta.inject-api\\2.0.1\\4c28afe1991a941d7702fe1362c365f0a8641d1e\\jakarta.inject-api-2.0.1.jar;C:\\Users\\Tassandro\\.gradle\\caches\\modules-2\\files-2.1\\org.antlr\\antlr4-runtime\\4.13.0\\5a02e48521624faaf5ff4d99afc88b01686af655\\antlr4-runtime-4.13.0.jar;C:\\Users\\Tassandro\\.gradle\\caches\\modules-2\\files-2.1\\jakarta.annotation\\jakarta.annotation-api\\2.1.1\\48b9bda22b091b1f48b13af03fe36db3be6e1ae3\\jakarta.annotation-api-2.1.1.jar;C:\\Users\\Tassandro\\.gradle\\caches\\modules-2\\files-2.1\\org.springframework.boot\\spring-boot-starter-logging\\3.3.3\\43d07b2e6bbb628c7fc5df103d35ee2eb091522\\spring-boot-starter-logging-3.3.3.jar;C:\\Users\\Tassandro\\.gradle\\caches\\modules-2\\files-2.1\\ch.qos.logback\\logback-classic\\1.5.7\\ad4ff8ca015737ade8e8a9de07de565c423e5b7a\\logback-classic-1.5.7.jar;C:\\Users\\Tassandro\\.gradle\\caches\\modules-2\\files-2.1\\org.apache.logging.log4j\\log4j-to-slf4j\\2.23.1\\425ad1eb8a39904d2830e907a324e956fb456520\\log4j-to-slf4j-2.23.1.jar;C:\\Users\\Tassandro\\.gradle\\caches\\modules-2\\files-2.1\\org.slf4j\\jul-to-slf4j\\2.0.16\\6d57da3e961daac65bcca0dd3def6cd11e48a24a\\jul-to-slf4j-2.0.16.jar;C:\\Users\\Tassandro\\.gradle\\caches\\modules-2\\files-2.1\\org.slf4j\\slf4j-api\\2.0.16\\172931663a09a1fa515567af5fbef00897d3c04\\slf4j-api-2.0.16.jar;C:\\Users\\Tassandro\\.gradle\\caches\\modules-2\\files-2.1\\org.yaml\\snakeyaml\\2.2\\3af797a25458550a16bf89acc8e4ab2b7f2bfce0\\snakeyaml-2.2.jar;C:\\Users\\Tassandro\\.gradle\\caches\\modules-2\\files-2.1\\jakarta.validation\\jakarta.validation-api\\3.0.2\\92b6631659ba35ca09e44874d3eb936edfeee532\\jakarta.validation-api-3.0.2.jar;C:\\Users\\Tassandro\\.gradle\\caches\\modules-2\\files-2.1\\com.fasterxml.jackson.datatype\\jackson-datatype-jsr310\\2.17.2\\267b85e9ba2892a37be6d80aa9ca1438a0d8c210\\jackson-datatype-jsr310-2.17.2.jar;C:\\Users\\Tassandro\\.gradle\\caches\\modules-2\\files-2.1\\com.fasterxml.jackson.module\\jackson-module-parameter-names\\2.17.2\\d27b9f95ccce98984c1ba58d61c5a9c072b1ad95\\jackson-module-parameter-names-2.17.2.jar;C:\\Users\\Tassandro\\.gradle\\caches\\modules-2\\files-2.1\\com.fasterxml.jackson.core\\jackson-annotations\\2.17.2\\147b7b9412ffff24339f8aba080b292448e08698\\jackson-annotations-2.17.2.jar;C:\\Users\\Tassandro\\.gradle\\caches\\modules-2\\files-2.1\\com.fasterxml.jackson.core\\jackson-core\\2.17.2\\969a35cb35c86512acbadcdbbbfb044c877db814\\jackson-core-2.17.2.jar;C:\\Users\\Tassandro\\.gradle\\caches\\modules-2\\files-2.1\\com.fasterxml.jackson.datatype\\jackson-datatype-jdk8\\2.17.2\\efd3dd0e1d0db8bc72abbe71c15e697bb83b4b45\\jackson-datatype-jdk8-2.17.2.jar;C:\\Users\\Tassandro\\.gradle\\caches\\modules-2\\files-2.1\\com.fasterxml.jackson.core\\jackson-databind\\2.17.2\\e6deb029e5901e027c129341fac39e515066b68c\\jackson-databind-2.17.2.jar;C:\\Users\\Tassandro\\.gradle\\caches\\modules-2\\files-2.1\\org.apache.tomcat.embed\\tomcat-embed-websocket\\10.1.28\\1a5ee88106795215e8a7b6cfea46e57cdfc96430\\tomcat-embed-websocket-10.1.28.jar;C:\\Users\\Tassandro\\.gradle\\caches\\modules-2\\files-2.1\\org.apache.tomcat.embed\\tomcat-embed-core\\10.1.28\\624f53789b7ba96bc3c8e871fb5eed4cab5a7c89\\tomcat-embed-core-10.1.28.jar;C:\\Users\\Tassandro\\.gradle\\caches\\modules-2\\files-2.1\\io.micrometer\\micrometer-observation\\1.13.3\\99840eb14ecf95d349f39123c867c2ca33808d\\micrometer-observation-1.13.3.jar;C:\\Users\\Tassandro\\.gradle\\caches\\modules-2\\files-2.1\\org.jetbrains\\annotations\\13.0\\919f0dfe192fb4e063e7dacadee7f8bb9a2672a9\\annotations-13.0.jar;C:\\Users\\Tassandro\\.gradle\\caches\\modules-2\\files-2.1\\org.eclipse.angus\\angus-activation\\2.0.2\\41f1e0ddd157c856926ed149ab837d110955a9fc\\angus-activation-2.0.2.jar;C:\\Users\\Tassandro\\.gradle\\caches\\modules-2\\files-2.1\\jakarta.activation\\jakarta.activation-api\\2.1.3\\fa165bd70cda600368eee31555222776a46b881f\\jakarta.activation-api-2.1.3.jar;C:\\Users\\Tassandro\\.gradle\\caches\\modules-2\\files-2.1\\net.minidev\\accessors-smart\\2.5.1\\19b820261eb2e7de7d5bde11d1c06e4501dd7e5f\\accessors-smart-2.5.1.jar;C:\\Users\\Tassandro\\.gradle\\caches\\modules-2\\files-2.1\\net.bytebuddy\\byte-buddy-agent\\1.14.19\\154da3a65b4f4a909d3e5bdec55d1b2b4cbb6ce1\\byte-buddy-agent-1.14.19.jar;C:\\Users\\Tassandro\\.gradle\\caches\\modules-2\\files-2.1\\org.objenesis\\objenesis\\3.3\\1049c09f1de4331e8193e579448d0916d75b7631\\objenesis-3.3.jar;C:\\Users\\Tassandro\\.gradle\\caches\\modules-2\\files-2.1\\com.vaadin.external.google\\android-json\\0.0.20131108.vaadin1\\fa26d351fe62a6a17f5cda1287c1c6110dec413f\\android-json-0.0.20131108.vaadin1.jar;C:\\Users\\Tassandro\\.gradle\\caches\\modules-2\\files-2.1\\org.springframework\\spring-jcl\\6.1.12\\f46d6016fd1dd3801a0e6fcd64789ac468254944\\spring-jcl-6.1.12.jar;C:\\Users\\Tassandro\\.gradle\\caches\\modules-2\\files-2.1\\org.opentest4j\\opentest4j\\1.3.0\\152ea56b3a72f655d4fd677fc0ef2596c3dd5e6e\\opentest4j-1.3.0.jar;C:\\Users\\Tassandro\\.gradle\\caches\\modules-2\\files-2.1\\io.micrometer\\micrometer-commons\\1.13.3\\47b6b093cd6ba80c9da8d973ea79c7ef69a878d5\\micrometer-commons-1.13.3.jar;C:\\Users\\Tassandro\\.gradle\\caches\\modules-2\\files-2.1\\org.atteo\\evo-inflector\\1.3\\4cf8b5f363c60e63f8b7688ac053590460f2768e\\evo-inflector-1.3.jar;C:\\Users\\Tassandro\\.gradle\\caches\\modules-2\\files-2.1\\org.ow2.asm\\asm\\9.6\\aa205cf0a06dbd8e04ece91c0b37c3f5d567546a\\asm-9.6.jar;C:\\Users\\Tassandro\\.gradle\\caches\\modules-2\\files-2.1\\org.glassfish.jaxb\\txw2\\4.0.5\\f36a4ef12120a9bb06d766d6a0e54b144fd7ed98\\txw2-4.0.5.jar;C:\\Users\\Tassandro\\.gradle\\caches\\modules-2\\files-2.1\\com.sun.istack\\istack-commons-runtime\\4.1.2\\18ec117c85f3ba0ac65409136afa8e42bc74e739\\istack-commons-runtime-4.1.2.jar;C:\\Users\\Tassandro\\.gradle\\caches\\modules-2\\files-2.1\\ch.qos.logback\\logback-core\\1.5.7\\ba0d0cbac3f21abd28faed3b4931d5b49cc5887e\\logback-core-1.5.7.jar;C:\\Users\\Tassandro\\.gradle\\caches\\modules-2\\files-2.1\\org.apache.logging.log4j\\log4j-api\\2.23.1\\9c15c29c526d9c6783049c0a77722693c66706e1\\log4j-api-2.23.1.jar
Launcher Type: SUN_STANDARD

[Global flags]
     intx CICompilerCount                          = 12                                        {product} {ergonomic}
     uint ConcGCThreads                            = 3                                         {product} {ergonomic}
     uint G1ConcRefinementThreads                  = 13                                        {product} {ergonomic}
   size_t G1HeapRegionSize                         = 1048576                                   {product} {ergonomic}
   size_t InitialHeapSize                          = 98566144                                  {product} {ergonomic}
   size_t MarkStackSize                            = 4194304                                   {product} {ergonomic}
   size_t MaxHeapSize                              = 536870912                                 {product} {command line}
   size_t MinHeapDeltaBytes                        = 1048576                                   {product} {ergonomic}
   size_t MinHeapSize                              = 8388608                                   {product} {ergonomic}
    uintx NonNMethodCodeHeapSize                   = 7602480                                {pd product} {ergonomic}
    uintx NonProfiledCodeHeapSize                  = 122027880                              {pd product} {ergonomic}
    uintx ProfiledCodeHeapSize                     = 122027880                              {pd product} {ergonomic}
    uintx ReservedCodeCacheSize                    = 251658240                              {pd product} {ergonomic}
     bool SegmentedCodeCache                       = true                                      {product} {ergonomic}
   size_t SoftMaxHeapSize                          = 536870912                              {manageable} {ergonomic}
     bool UseCompressedOops                        = true                           {product lp64_product} {ergonomic}
     bool UseG1GC                                  = true                                      {product} {ergonomic}
     bool UseLargePagesIndividualAllocation        = false                                  {pd product} {ergonomic}

Logging:
Log output configuration:
 #0: stdout all=warning uptime,level,tags foldmultilines=false
 #1: stderr all=off uptime,level,tags foldmultilines=false

Environment Variables:
JAVA_HOME=C:\Program Files\Java\jdk-22
CLASSPATH=C:\Users\Tassandro\Desktop\Gradle\gradle-8.10-bin\gradle-8.10\lib\gradle-gradle-cli-main-8.10.jar
PATH=C:\Users\Tassandro\Desktop\Gradle\gradle-8.10-bin\gradle-8.10\bin
USERNAME=Tassandro
LANG=en_US.UTF-8
OS=Windows_NT
PROCESSOR_IDENTIFIER=AMD64 Family 23 Model 104 Stepping 1, AuthenticAMD
TMP=C:\Users\TASSAN~1\AppData\Local\Temp
TEMP=C:\Users\TASSAN~1\AppData\Local\Temp




Periodic native trim disabled

---------------  S Y S T E M  ---------------

OS:
 Windows 11 , 64 bit Build 22621 (10.0.22621.3958)
OS uptime: 2 days 15:10 hours
Hyper-V role detected

CPU: total 16 (initial active 16) (16 cores per cpu, 2 threads per core) family 23 model 104 stepping 1 microcode 0x0, cx8, cmov, fxsr, ht, mmx, 3dnowpref, sse, sse2, sse3, ssse3, sse4a, sse4.1, sse4.2, popcnt, lzcnt, tsc, tscinvbit, avx, avx2, aes, clmul, bmi1, bmi2, adx, sha, fma, vzeroupper, clflush, clflushopt, hv, rdtscp, rdpid, f16c
Processor Information for all 16 processors :
  Max Mhz: 1801, Current Mhz: 1801, Mhz Limit: 1801

Memory: 4k page, system-wide physical 5989M (365M free)
TotalPageFile size 24421M (AvailPageFile size 97M)
current process WorkingSet (physical memory assigned to process): 15M, peak: 15M
current process commit charge ("private bytes"): 72M, peak: 165M

vm_info: Java HotSpot(TM) 64-Bit Server VM (22.0.2+9-70) for windows-amd64 JRE (22.0.2+9-70), built on 2024-06-04T16:52:23Z by "mach5one" with MS VC++ 17.6 (VS2022)

END.
